[ 2015-12-24T10:23:57+08:00 ] ::1 /passon/admin
INFO: [ app_init ] --START--
INFO: Run Behavior\BuildLiteBehavior [ RunTime:0.000000s ]
INFO: [ app_init ] --END-- [ RunTime:0.002000s ]
INFO: [ app_begin ] --START--
INFO: Run Behavior\ReadHtmlCacheBehavior [ RunTime:0.001000s ]
INFO: [ app_begin ] --END-- [ RunTime:0.001000s ]
INFO: [ view_parse ] --START--
INFO: [ template_filter ] --START--
INFO: Run Behavior\ContentReplaceBehavior [ RunTime:0.000000s ]
INFO: [ template_filter ] --END-- [ RunTime:0.001000s ]
NOTIC: [8] Use of undefined constant books - assumed 'books' D:\xampp\htdocs\passon\Application\Runtime\Cache\Admin\b595b808c2ebeeeb0478ffc30bb4e87a.php 第 8 行.
NOTIC: [8] Use of undefined constant users - assumed 'users' D:\xampp\htdocs\passon\Application\Runtime\Cache\Admin\b595b808c2ebeeeb0478ffc30bb4e87a.php 第 9 行.
INFO: Run Behavior\ParseTemplateBehavior [ RunTime:0.039002s ]
INFO: [ view_parse ] --END-- [ RunTime:0.039002s ]
INFO: [ view_filter ] --START--
INFO: Run Behavior\WriteHtmlCacheBehavior [ RunTime:0.000000s ]
INFO: [ view_filter ] --END-- [ RunTime:0.000000s ]
INFO: [ app_end ] --START--
INFO: Run Behavior\ShowPageTraceBehavior [ RunTime:0.002000s ]
INFO: [ app_end ] --END-- [ RunTime:0.002000s ]

[ 2015-12-24T10:24:00+08:00 ] ::1 /passon/index.php/Admin/Index/books.html
INFO: [ app_init ] --START--
INFO: Run Behavior\BuildLiteBehavior [ RunTime:0.000000s ]
INFO: [ app_init ] --END-- [ RunTime:0.001000s ]
INFO: [ app_begin ] --START--
INFO: Run Behavior\ReadHtmlCacheBehavior [ RunTime:0.001000s ]
INFO: [ app_begin ] --END-- [ RunTime:0.001000s ]
SQL: SHOW COLUMNS FROM `wind87_book` [ RunTime:0.0050s ]
SQL: SHOW COLUMNS FROM `wind87_booklog` [ RunTime:0.0030s ]
SQL: SHOW COLUMNS FROM `wind87_bookinfo` [ RunTime:0.0050s ]
SQL: SELECT * FROM `wind87_book` ORDER BY book_id asc  [ RunTime:0.0010s ]
SQL: SELECT * FROM `wind87_booklog` WHERE `book_id` = 1 ORDER BY log_id asc  [ RunTime:0.0250s ]
SQL: SELECT * FROM `wind87_bookinfo` WHERE `isbn` = '9787111380931' LIMIT 1   [ RunTime:0.0000s ]
SQL: SELECT * FROM `wind87_booklog` WHERE `book_id` = 2 ORDER BY log_id asc  [ RunTime:0.0010s ]
SQL: SELECT * FROM `wind87_bookinfo` WHERE `isbn` = '9787111380931' LIMIT 1   [ RunTime:0.0000s ]
SQL: SELECT * FROM `wind87_booklog` WHERE `book_id` = 3 ORDER BY log_id asc  [ RunTime:0.0000s ]
SQL: SELECT * FROM `wind87_bookinfo` WHERE `isbn` = '9787111380931' LIMIT 1   [ RunTime:0.0000s ]
SQL: SELECT * FROM `wind87_booklog` WHERE `book_id` = 4 ORDER BY log_id asc  [ RunTime:0.0000s ]
SQL: SELECT * FROM `wind87_bookinfo` WHERE `isbn` = '9787111380931' LIMIT 1   [ RunTime:0.0000s ]
SQL: SELECT * FROM `wind87_booklog` WHERE `book_id` = 5 ORDER BY log_id asc  [ RunTime:0.0000s ]
SQL: SELECT * FROM `wind87_bookinfo` WHERE `isbn` = '9787111380931' LIMIT 1   [ RunTime:0.0010s ]
SQL: SELECT * FROM `wind87_booklog` WHERE `book_id` = 6 ORDER BY log_id asc  [ RunTime:0.0000s ]
SQL: SELECT * FROM `wind87_bookinfo` WHERE `isbn` = '9787111380931' LIMIT 1   [ RunTime:0.0010s ]
SQL: SELECT * FROM `wind87_booklog` WHERE `book_id` = 7 ORDER BY log_id asc  [ RunTime:0.0010s ]
SQL: SELECT * FROM `wind87_bookinfo` WHERE `isbn` = '9787111380931' LIMIT 1   [ RunTime:0.0010s ]
SQL: SELECT * FROM `wind87_booklog` WHERE `book_id` = 8 ORDER BY log_id asc  [ RunTime:0.0010s ]
SQL: SELECT * FROM `wind87_bookinfo` WHERE `isbn` = '' LIMIT 1   [ RunTime:0.0010s ]
SQL: SELECT * FROM `wind87_booklog` WHERE `book_id` = 9 ORDER BY log_id asc  [ RunTime:0.0010s ]
SQL: SELECT * FROM `wind87_bookinfo` WHERE `isbn` = '9787111380931' LIMIT 1   [ RunTime:0.0010s ]
SQL: SELECT * FROM `wind87_booklog` WHERE `book_id` = 10 ORDER BY log_id asc  [ RunTime:0.0010s ]
SQL: SELECT * FROM `wind87_bookinfo` WHERE `isbn` = '9787111380931' LIMIT 1   [ RunTime:0.0000s ]
SQL: SELECT * FROM `wind87_booklog` WHERE `book_id` = 11 ORDER BY log_id asc  [ RunTime:0.0020s ]
SQL: SELECT * FROM `wind87_bookinfo` WHERE `isbn` = '9787111380931' LIMIT 1   [ RunTime:0.0010s ]
SQL: SELECT * FROM `wind87_booklog` WHERE `book_id` = 12 ORDER BY log_id asc  [ RunTime:0.0010s ]
SQL: SELECT * FROM `wind87_bookinfo` WHERE `isbn` = '9787111380931' LIMIT 1   [ RunTime:0.0010s ]
SQL: SELECT * FROM `wind87_booklog` WHERE `book_id` = 13 ORDER BY log_id asc  [ RunTime:0.0010s ]
SQL: SELECT * FROM `wind87_bookinfo` WHERE `isbn` = '9787111380931' LIMIT 1   [ RunTime:0.0000s ]
SQL: SELECT * FROM `wind87_booklog` WHERE `book_id` = 14 ORDER BY log_id asc  [ RunTime:0.0000s ]
SQL: SELECT * FROM `wind87_bookinfo` WHERE `isbn` = '9787111380931' LIMIT 1   [ RunTime:0.0000s ]
SQL: SELECT * FROM `wind87_booklog` WHERE `book_id` = 15 ORDER BY log_id asc  [ RunTime:0.0010s ]
SQL: SELECT * FROM `wind87_bookinfo` WHERE `isbn` = '9787115281609' LIMIT 1   [ RunTime:0.0010s ]
SQL: SELECT * FROM `wind87_booklog` WHERE `book_id` = 16 ORDER BY log_id asc  [ RunTime:0.0000s ]
SQL: SELECT * FROM `wind87_bookinfo` WHERE `isbn` = '9787111380931' LIMIT 1   [ RunTime:0.0000s ]
SQL: SELECT * FROM `wind87_booklog` WHERE `book_id` = 17 ORDER BY log_id asc  [ RunTime:0.0000s ]
SQL: SELECT * FROM `wind87_bookinfo` WHERE `isbn` = '9787213049422' LIMIT 1   [ RunTime:0.0010s ]
SQL: SELECT * FROM `wind87_booklog` WHERE `book_id` = 18 ORDER BY log_id asc  [ RunTime:0.0000s ]
SQL: SELECT * FROM `wind87_bookinfo` WHERE `isbn` = '9787213049422' LIMIT 1   [ RunTime:0.0010s ]
SQL: SELECT * FROM `wind87_booklog` WHERE `book_id` = 19 ORDER BY log_id asc  [ RunTime:0.0010s ]
SQL: SELECT * FROM `wind87_bookinfo` WHERE `isbn` = '9787111341550' LIMIT 1   [ RunTime:0.0000s ]
SQL: SELECT * FROM `wind87_booklog` WHERE `book_id` = 20 ORDER BY log_id asc  [ RunTime:0.0000s ]
SQL: SELECT * FROM `wind87_bookinfo` WHERE `isbn` = '9787213049422' LIMIT 1   [ RunTime:0.0000s ]
SQL: SELECT * FROM `wind87_booklog` WHERE `book_id` = 21 ORDER BY log_id asc  [ RunTime:0.0000s ]
SQL: SELECT * FROM `wind87_bookinfo` WHERE `isbn` = '9787115281609' LIMIT 1   [ RunTime:0.0000s ]
SQL: SELECT * FROM `wind87_booklog` WHERE `book_id` = 22 ORDER BY log_id asc  [ RunTime:0.0020s ]
SQL: SELECT * FROM `wind87_bookinfo` WHERE `isbn` = '9787508636245' LIMIT 1   [ RunTime:0.0000s ]
SQL: SELECT * FROM `wind87_booklog` WHERE `book_id` = 23 ORDER BY log_id asc  [ RunTime:0.0000s ]
SQL: SELECT * FROM `wind87_bookinfo` WHERE `isbn` = '9787115263636' LIMIT 1   [ RunTime:0.0000s ]
SQL: SELECT * FROM `wind87_booklog` WHERE `book_id` = 24 ORDER BY log_id asc  [ RunTime:0.0000s ]
SQL: SELECT * FROM `wind87_bookinfo` WHERE `isbn` = '9787508623610' LIMIT 1   [ RunTime:0.0000s ]
SQL: SELECT * FROM `wind87_booklog` WHERE `book_id` = 25 ORDER BY log_id asc  [ RunTime:0.0010s ]
SQL: SELECT * FROM `wind87_bookinfo` WHERE `isbn` = '9787111380931' LIMIT 1   [ RunTime:0.0000s ]
SQL: SELECT * FROM `wind87_booklog` WHERE `book_id` = 26 ORDER BY log_id asc  [ RunTime:0.0000s ]
SQL: SELECT * FROM `wind87_bookinfo` WHERE `isbn` = '9787111380931' LIMIT 1   [ RunTime:0.0010s ]
SQL: SELECT * FROM `wind87_booklog` WHERE `book_id` = 27 ORDER BY log_id asc  [ RunTime:0.0010s ]
SQL: SELECT * FROM `wind87_bookinfo` WHERE `isbn` = '9787111380931' LIMIT 1   [ RunTime:0.0000s ]
SQL: SELECT * FROM `wind87_booklog` WHERE `book_id` = 28 ORDER BY log_id asc  [ RunTime:0.0020s ]
SQL: SELECT * FROM `wind87_bookinfo` WHERE `isbn` = '9787115334589' LIMIT 1   [ RunTime:0.0000s ]
SQL: SELECT * FROM `wind87_booklog` WHERE `book_id` = 29 ORDER BY log_id asc  [ RunTime:0.0000s ]
SQL: SELECT * FROM `wind87_bookinfo` WHERE `isbn` = '9787111380931' LIMIT 1   [ RunTime:0.0000s ]
SQL: SELECT * FROM `wind87_booklog` WHERE `book_id` = 30 ORDER BY log_id asc  [ RunTime:0.0000s ]
SQL: SELECT * FROM `wind87_bookinfo` WHERE `isbn` = '9787115334589' LIMIT 1   [ RunTime:0.0000s ]
SQL: SELECT * FROM `wind87_booklog` WHERE `book_id` = 31 ORDER BY log_id asc  [ RunTime:0.0000s ]
SQL: SELECT * FROM `wind87_bookinfo` WHERE `isbn` = '9787115281609' LIMIT 1   [ RunTime:0.0000s ]
SQL: SELECT * FROM `wind87_booklog` WHERE `book_id` = 32 ORDER BY log_id asc  [ RunTime:0.0000s ]
SQL: SELECT * FROM `wind87_bookinfo` WHERE `isbn` = '9787115281609' LIMIT 1   [ RunTime:0.0020s ]
SQL: SELECT * FROM `wind87_booklog` WHERE `book_id` = 33 ORDER BY log_id asc  [ RunTime:0.0010s ]
SQL: SELECT * FROM `wind87_bookinfo` WHERE `isbn` = '9787115334589' LIMIT 1   [ RunTime:0.0000s ]
INFO: [ view_parse ] --START--
INFO: [ template_filter ] --START--
INFO: Run Behavior\ContentReplaceBehavior [ RunTime:0.000000s ]
INFO: [ template_filter ] --END-- [ RunTime:0.000000s ]
NOTIC: [8] Use of undefined constant index - assumed 'index' D:\xampp\htdocs\passon\Application\Runtime\Cache\Admin\a30d855747a5d9f3d56dd76e7226e8bb.php 第 10 行.
NOTIC: [8] Use of undefined constant books - assumed 'books' D:\xampp\htdocs\passon\Application\Runtime\Cache\Admin\a30d855747a5d9f3d56dd76e7226e8bb.php 第 11 行.
NOTIC: [8] Use of undefined constant users - assumed 'users' D:\xampp\htdocs\passon\Application\Runtime\Cache\Admin\a30d855747a5d9f3d56dd76e7226e8bb.php 第 12 行.
NOTIC: [8] Use of undefined constant deleteBook - assumed 'deleteBook' D:\xampp\htdocs\passon\Application\Runtime\Cache\Admin\a30d855747a5d9f3d56dd76e7226e8bb.php 第 23 行.
NOTIC: [8] Use of undefined constant deleteBook - assumed 'deleteBook' D:\xampp\htdocs\passon\Application\Runtime\Cache\Admin\a30d855747a5d9f3d56dd76e7226e8bb.php 第 23 行.
NOTIC: [8] Use of undefined constant deleteBook - assumed 'deleteBook' D:\xampp\htdocs\passon\Application\Runtime\Cache\Admin\a30d855747a5d9f3d56dd76e7226e8bb.php 第 23 行.
NOTIC: [8] Use of undefined constant deleteBook - assumed 'deleteBook' D:\xampp\htdocs\passon\Application\Runtime\Cache\Admin\a30d855747a5d9f3d56dd76e7226e8bb.php 第 23 行.
NOTIC: [8] Use of undefined constant deleteBook - assumed 'deleteBook' D:\xampp\htdocs\passon\Application\Runtime\Cache\Admin\a30d855747a5d9f3d56dd76e7226e8bb.php 第 23 行.
NOTIC: [8] Use of undefined constant deleteBook - assumed 'deleteBook' D:\xampp\htdocs\passon\Application\Runtime\Cache\Admin\a30d855747a5d9f3d56dd76e7226e8bb.php 第 23 行.
NOTIC: [8] Use of undefined constant deleteBook - assumed 'deleteBook' D:\xampp\htdocs\passon\Application\Runtime\Cache\Admin\a30d855747a5d9f3d56dd76e7226e8bb.php 第 23 行.
NOTIC: [8] Use of undefined constant deleteBook - assumed 'deleteBook' D:\xampp\htdocs\passon\Application\Runtime\Cache\Admin\a30d855747a5d9f3d56dd76e7226e8bb.php 第 23 行.
NOTIC: [8] Use of undefined constant deleteBook - assumed 'deleteBook' D:\xampp\htdocs\passon\Application\Runtime\Cache\Admin\a30d855747a5d9f3d56dd76e7226e8bb.php 第 23 行.
NOTIC: [8] Use of undefined constant deleteBook - assumed 'deleteBook' D:\xampp\htdocs\passon\Application\Runtime\Cache\Admin\a30d855747a5d9f3d56dd76e7226e8bb.php 第 23 行.
NOTIC: [8] Use of undefined constant deleteBook - assumed 'deleteBook' D:\xampp\htdocs\passon\Application\Runtime\Cache\Admin\a30d855747a5d9f3d56dd76e7226e8bb.php 第 23 行.
NOTIC: [8] Use of undefined constant deleteBook - assumed 'deleteBook' D:\xampp\htdocs\passon\Application\Runtime\Cache\Admin\a30d855747a5d9f3d56dd76e7226e8bb.php 第 23 行.
NOTIC: [8] Use of undefined constant deleteBook - assumed 'deleteBook' D:\xampp\htdocs\passon\Application\Runtime\Cache\Admin\a30d855747a5d9f3d56dd76e7226e8bb.php 第 23 行.
NOTIC: [8] Use of undefined constant deleteBook - assumed 'deleteBook' D:\xampp\htdocs\passon\Application\Runtime\Cache\Admin\a30d855747a5d9f3d56dd76e7226e8bb.php 第 23 行.
NOTIC: [8] Use of undefined constant deleteBook - assumed 'deleteBook' D:\xampp\htdocs\passon\Application\Runtime\Cache\Admin\a30d855747a5d9f3d56dd76e7226e8bb.php 第 23 行.
NOTIC: [8] Use of undefined constant deleteBook - assumed 'deleteBook' D:\xampp\htdocs\passon\Application\Runtime\Cache\Admin\a30d855747a5d9f3d56dd76e7226e8bb.php 第 23 行.
NOTIC: [8] Use of undefined constant deleteBook - assumed 'deleteBook' D:\xampp\htdocs\passon\Application\Runtime\Cache\Admin\a30d855747a5d9f3d56dd76e7226e8bb.php 第 23 行.
NOTIC: [8] Use of undefined constant deleteBook - assumed 'deleteBook' D:\xampp\htdocs\passon\Application\Runtime\Cache\Admin\a30d855747a5d9f3d56dd76e7226e8bb.php 第 23 行.
NOTIC: [8] Use of undefined constant deleteBook - assumed 'deleteBook' D:\xampp\htdocs\passon\Application\Runtime\Cache\Admin\a30d855747a5d9f3d56dd76e7226e8bb.php 第 23 行.
NOTIC: [8] Use of undefined constant deleteBook - assumed 'deleteBook' D:\xampp\htdocs\passon\Application\Runtime\Cache\Admin\a30d855747a5d9f3d56dd76e7226e8bb.php 第 23 行.
NOTIC: [8] Use of undefined constant deleteBook - assumed 'deleteBook' D:\xampp\htdocs\passon\Application\Runtime\Cache\Admin\a30d855747a5d9f3d56dd76e7226e8bb.php 第 23 行.
NOTIC: [8] Use of undefined constant deleteBook - assumed 'deleteBook' D:\xampp\htdocs\passon\Application\Runtime\Cache\Admin\a30d855747a5d9f3d56dd76e7226e8bb.php 第 23 行.
NOTIC: [8] Use of undefined constant deleteBook - assumed 'deleteBook' D:\xampp\htdocs\passon\Application\Runtime\Cache\Admin\a30d855747a5d9f3d56dd76e7226e8bb.php 第 23 行.
NOTIC: [8] Use of undefined constant deleteBook - assumed 'deleteBook' D:\xampp\htdocs\passon\Application\Runtime\Cache\Admin\a30d855747a5d9f3d56dd76e7226e8bb.php 第 23 行.
NOTIC: [8] Use of undefined constant deleteBook - assumed 'deleteBook' D:\xampp\htdocs\passon\Application\Runtime\Cache\Admin\a30d855747a5d9f3d56dd76e7226e8bb.php 第 23 行.
NOTIC: [8] Use of undefined constant deleteBook - assumed 'deleteBook' D:\xampp\htdocs\passon\Application\Runtime\Cache\Admin\a30d855747a5d9f3d56dd76e7226e8bb.php 第 23 行.
NOTIC: [8] Use of undefined constant deleteBook - assumed 'deleteBook' D:\xampp\htdocs\passon\Application\Runtime\Cache\Admin\a30d855747a5d9f3d56dd76e7226e8bb.php 第 23 行.
NOTIC: [8] Use of undefined constant deleteBook - assumed 'deleteBook' D:\xampp\htdocs\passon\Application\Runtime\Cache\Admin\a30d855747a5d9f3d56dd76e7226e8bb.php 第 23 行.
NOTIC: [8] Use of undefined constant deleteBook - assumed 'deleteBook' D:\xampp\htdocs\passon\Application\Runtime\Cache\Admin\a30d855747a5d9f3d56dd76e7226e8bb.php 第 23 行.
NOTIC: [8] Use of undefined constant deleteBook - assumed 'deleteBook' D:\xampp\htdocs\passon\Application\Runtime\Cache\Admin\a30d855747a5d9f3d56dd76e7226e8bb.php 第 23 行.
NOTIC: [8] Use of undefined constant deleteBook - assumed 'deleteBook' D:\xampp\htdocs\passon\Application\Runtime\Cache\Admin\a30d855747a5d9f3d56dd76e7226e8bb.php 第 23 行.
NOTIC: [8] Use of undefined constant deleteBook - assumed 'deleteBook' D:\xampp\htdocs\passon\Application\Runtime\Cache\Admin\a30d855747a5d9f3d56dd76e7226e8bb.php 第 23 行.
NOTIC: [8] Use of undefined constant deleteBook - assumed 'deleteBook' D:\xampp\htdocs\passon\Application\Runtime\Cache\Admin\a30d855747a5d9f3d56dd76e7226e8bb.php 第 23 行.
INFO: Run Behavior\ParseTemplateBehavior [ RunTime:0.012000s ]
INFO: [ view_parse ] --END-- [ RunTime:0.012000s ]
INFO: [ view_filter ] --START--
INFO: Run Behavior\WriteHtmlCacheBehavior [ RunTime:0.001000s ]
INFO: [ view_filter ] --END-- [ RunTime:0.001000s ]
INFO: [ app_end ] --START--
INFO: Run Behavior\ShowPageTraceBehavior [ RunTime:0.003001s ]
INFO: [ app_end ] --END-- [ RunTime:0.003001s ]

[ 2015-12-24T10:25:26+08:00 ] ::1 /passon/index.php/Admin/Index/books.html
INFO: [ app_init ] --START--
INFO: Run Behavior\BuildLiteBehavior [ RunTime:0.000000s ]
INFO: [ app_init ] --END-- [ RunTime:0.000000s ]
INFO: [ app_begin ] --START--
INFO: Run Behavior\ReadHtmlCacheBehavior [ RunTime:0.000000s ]
INFO: [ app_begin ] --END-- [ RunTime:0.000000s ]
SQL: SHOW COLUMNS FROM `wind87_book` [ RunTime:0.0170s ]
SQL: SHOW COLUMNS FROM `wind87_booklog` [ RunTime:0.0080s ]
SQL: SHOW COLUMNS FROM `wind87_bookinfo` [ RunTime:0.0120s ]
SQL: SELECT * FROM `wind87_book` ORDER BY book_id asc  [ RunTime:0.0010s ]
SQL: SELECT * FROM `wind87_booklog` WHERE `book_id` = 1 ORDER BY log_id asc  [ RunTime:0.0000s ]
SQL: SELECT * FROM `wind87_bookinfo` WHERE `isbn` = '9787111380931' LIMIT 1   [ RunTime:0.0010s ]
SQL: SELECT * FROM `wind87_booklog` WHERE `book_id` = 2 ORDER BY log_id asc  [ RunTime:0.0010s ]
SQL: SELECT * FROM `wind87_bookinfo` WHERE `isbn` = '9787111380931' LIMIT 1   [ RunTime:0.0000s ]
SQL: SELECT * FROM `wind87_booklog` WHERE `book_id` = 3 ORDER BY log_id asc  [ RunTime:0.0010s ]
SQL: SELECT * FROM `wind87_bookinfo` WHERE `isbn` = '9787111380931' LIMIT 1   [ RunTime:0.0000s ]
SQL: SELECT * FROM `wind87_booklog` WHERE `book_id` = 4 ORDER BY log_id asc  [ RunTime:0.0010s ]
SQL: SELECT * FROM `wind87_bookinfo` WHERE `isbn` = '9787111380931' LIMIT 1   [ RunTime:0.0010s ]
SQL: SELECT * FROM `wind87_booklog` WHERE `book_id` = 5 ORDER BY log_id asc  [ RunTime:0.0000s ]
SQL: SELECT * FROM `wind87_bookinfo` WHERE `isbn` = '9787111380931' LIMIT 1   [ RunTime:0.0010s ]
SQL: SELECT * FROM `wind87_booklog` WHERE `book_id` = 6 ORDER BY log_id asc  [ RunTime:0.0000s ]
SQL: SELECT * FROM `wind87_bookinfo` WHERE `isbn` = '9787111380931' LIMIT 1   [ RunTime:0.0010s ]
SQL: SELECT * FROM `wind87_booklog` WHERE `book_id` = 7 ORDER BY log_id asc  [ RunTime:0.0010s ]
SQL: SELECT * FROM `wind87_bookinfo` WHERE `isbn` = '9787111380931' LIMIT 1   [ RunTime:0.0020s ]
SQL: SELECT * FROM `wind87_booklog` WHERE `book_id` = 8 ORDER BY log_id asc  [ RunTime:0.0000s ]
SQL: SELECT * FROM `wind87_bookinfo` WHERE `isbn` = '' LIMIT 1   [ RunTime:0.0000s ]
SQL: SELECT * FROM `wind87_booklog` WHERE `book_id` = 9 ORDER BY log_id asc  [ RunTime:0.0000s ]
SQL: SELECT * FROM `wind87_bookinfo` WHERE `isbn` = '9787111380931' LIMIT 1   [ RunTime:0.0010s ]
SQL: SELECT * FROM `wind87_booklog` WHERE `book_id` = 10 ORDER BY log_id asc  [ RunTime:0.0000s ]
SQL: SELECT * FROM `wind87_bookinfo` WHERE `isbn` = '9787111380931' LIMIT 1   [ RunTime:0.0000s ]
SQL: SELECT * FROM `wind87_booklog` WHERE `book_id` = 11 ORDER BY log_id asc  [ RunTime:0.0000s ]
SQL: SELECT * FROM `wind87_bookinfo` WHERE `isbn` = '9787111380931' LIMIT 1   [ RunTime:0.0000s ]
SQL: SELECT * FROM `wind87_booklog` WHERE `book_id` = 12 ORDER BY log_id asc  [ RunTime:0.0010s ]
SQL: SELECT * FROM `wind87_bookinfo` WHERE `isbn` = '9787111380931' LIMIT 1   [ RunTime:0.0000s ]
SQL: SELECT * FROM `wind87_booklog` WHERE `book_id` = 13 ORDER BY log_id asc  [ RunTime:0.0010s ]
SQL: SELECT * FROM `wind87_bookinfo` WHERE `isbn` = '9787111380931' LIMIT 1   [ RunTime:0.0000s ]
SQL: SELECT * FROM `wind87_booklog` WHERE `book_id` = 14 ORDER BY log_id asc  [ RunTime:0.0000s ]
SQL: SELECT * FROM `wind87_bookinfo` WHERE `isbn` = '9787111380931' LIMIT 1   [ RunTime:0.0000s ]
SQL: SELECT * FROM `wind87_booklog` WHERE `book_id` = 15 ORDER BY log_id asc  [ RunTime:0.0010s ]
SQL: SELECT * FROM `wind87_bookinfo` WHERE `isbn` = '9787115281609' LIMIT 1   [ RunTime:0.0000s ]
SQL: SELECT * FROM `wind87_booklog` WHERE `book_id` = 16 ORDER BY log_id asc  [ RunTime:0.0010s ]
SQL: SELECT * FROM `wind87_bookinfo` WHERE `isbn` = '9787111380931' LIMIT 1   [ RunTime:0.0010s ]
SQL: SELECT * FROM `wind87_booklog` WHERE `book_id` = 17 ORDER BY log_id asc  [ RunTime:0.0030s ]
SQL: SELECT * FROM `wind87_bookinfo` WHERE `isbn` = '9787213049422' LIMIT 1   [ RunTime:0.0000s ]
SQL: SELECT * FROM `wind87_booklog` WHERE `book_id` = 18 ORDER BY log_id asc  [ RunTime:0.0000s ]
SQL: SELECT * FROM `wind87_bookinfo` WHERE `isbn` = '9787213049422' LIMIT 1   [ RunTime:0.0010s ]
SQL: SELECT * FROM `wind87_booklog` WHERE `book_id` = 19 ORDER BY log_id asc  [ RunTime:0.0000s ]
SQL: SELECT * FROM `wind87_bookinfo` WHERE `isbn` = '9787111341550' LIMIT 1   [ RunTime:0.0000s ]
SQL: SELECT * FROM `wind87_booklog` WHERE `book_id` = 20 ORDER BY log_id asc  [ RunTime:0.0010s ]
SQL: SELECT * FROM `wind87_bookinfo` WHERE `isbn` = '9787213049422' LIMIT 1   [ RunTime:0.0000s ]
SQL: SELECT * FROM `wind87_booklog` WHERE `book_id` = 21 ORDER BY log_id asc  [ RunTime:0.0000s ]
SQL: SELECT * FROM `wind87_bookinfo` WHERE `isbn` = '9787115281609' LIMIT 1   [ RunTime:0.0000s ]
SQL: SELECT * FROM `wind87_booklog` WHERE `book_id` = 22 ORDER BY log_id asc  [ RunTime:0.0010s ]
SQL: SELECT * FROM `wind87_bookinfo` WHERE `isbn` = '9787508636245' LIMIT 1   [ RunTime:0.0010s ]
SQL: SELECT * FROM `wind87_booklog` WHERE `book_id` = 23 ORDER BY log_id asc  [ RunTime:0.0010s ]
SQL: SELECT * FROM `wind87_bookinfo` WHERE `isbn` = '9787115263636' LIMIT 1   [ RunTime:0.0010s ]
SQL: SELECT * FROM `wind87_booklog` WHERE `book_id` = 24 ORDER BY log_id asc  [ RunTime:0.0010s ]
SQL: SELECT * FROM `wind87_bookinfo` WHERE `isbn` = '9787508623610' LIMIT 1   [ RunTime:0.0000s ]
SQL: SELECT * FROM `wind87_booklog` WHERE `book_id` = 25 ORDER BY log_id asc  [ RunTime:0.0000s ]
SQL: SELECT * FROM `wind87_bookinfo` WHERE `isbn` = '9787111380931' LIMIT 1   [ RunTime:0.0010s ]
SQL: SELECT * FROM `wind87_booklog` WHERE `book_id` = 26 ORDER BY log_id asc  [ RunTime:0.0000s ]
SQL: SELECT * FROM `wind87_bookinfo` WHERE `isbn` = '9787111380931' LIMIT 1   [ RunTime:0.0000s ]
SQL: SELECT * FROM `wind87_booklog` WHERE `book_id` = 27 ORDER BY log_id asc  [ RunTime:0.0010s ]
SQL: SELECT * FROM `wind87_bookinfo` WHERE `isbn` = '9787111380931' LIMIT 1   [ RunTime:0.0010s ]
SQL: SELECT * FROM `wind87_booklog` WHERE `book_id` = 28 ORDER BY log_id asc  [ RunTime:0.0000s ]
SQL: SELECT * FROM `wind87_bookinfo` WHERE `isbn` = '9787115334589' LIMIT 1   [ RunTime:0.0010s ]
SQL: SELECT * FROM `wind87_booklog` WHERE `book_id` = 29 ORDER BY log_id asc  [ RunTime:0.0010s ]
SQL: SELECT * FROM `wind87_bookinfo` WHERE `isbn` = '9787111380931' LIMIT 1   [ RunTime:0.0000s ]
SQL: SELECT * FROM `wind87_booklog` WHERE `book_id` = 30 ORDER BY log_id asc  [ RunTime:0.0000s ]
SQL: SELECT * FROM `wind87_bookinfo` WHERE `isbn` = '9787115334589' LIMIT 1   [ RunTime:0.0010s ]
SQL: SELECT * FROM `wind87_booklog` WHERE `book_id` = 31 ORDER BY log_id asc  [ RunTime:0.0000s ]
SQL: SELECT * FROM `wind87_bookinfo` WHERE `isbn` = '9787115281609' LIMIT 1   [ RunTime:0.0010s ]
SQL: SELECT * FROM `wind87_booklog` WHERE `book_id` = 32 ORDER BY log_id asc  [ RunTime:0.0000s ]
SQL: SELECT * FROM `wind87_bookinfo` WHERE `isbn` = '9787115281609' LIMIT 1   [ RunTime:0.0000s ]
SQL: SELECT * FROM `wind87_booklog` WHERE `book_id` = 33 ORDER BY log_id asc  [ RunTime:0.0010s ]
SQL: SELECT * FROM `wind87_bookinfo` WHERE `isbn` = '9787115334589' LIMIT 1   [ RunTime:0.0000s ]
INFO: [ view_parse ] --START--
INFO: [ template_filter ] --START--
INFO: Run Behavior\ContentReplaceBehavior [ RunTime:0.000000s ]
INFO: [ template_filter ] --END-- [ RunTime:0.000000s ]
NOTIC: [8] Use of undefined constant index - assumed 'index' D:\xampp\htdocs\passon\Application\Runtime\Cache\Admin\a30d855747a5d9f3d56dd76e7226e8bb.php 第 10 行.
NOTIC: [8] Use of undefined constant books - assumed 'books' D:\xampp\htdocs\passon\Application\Runtime\Cache\Admin\a30d855747a5d9f3d56dd76e7226e8bb.php 第 11 行.
NOTIC: [8] Use of undefined constant users - assumed 'users' D:\xampp\htdocs\passon\Application\Runtime\Cache\Admin\a30d855747a5d9f3d56dd76e7226e8bb.php 第 12 行.
NOTIC: [8] Use of undefined constant deleteBook - assumed 'deleteBook' D:\xampp\htdocs\passon\Application\Runtime\Cache\Admin\a30d855747a5d9f3d56dd76e7226e8bb.php 第 23 行.
NOTIC: [8] Use of undefined constant deleteBook - assumed 'deleteBook' D:\xampp\htdocs\passon\Application\Runtime\Cache\Admin\a30d855747a5d9f3d56dd76e7226e8bb.php 第 23 行.
NOTIC: [8] Use of undefined constant deleteBook - assumed 'deleteBook' D:\xampp\htdocs\passon\Application\Runtime\Cache\Admin\a30d855747a5d9f3d56dd76e7226e8bb.php 第 23 行.
NOTIC: [8] Use of undefined constant deleteBook - assumed 'deleteBook' D:\xampp\htdocs\passon\Application\Runtime\Cache\Admin\a30d855747a5d9f3d56dd76e7226e8bb.php 第 23 行.
NOTIC: [8] Use of undefined constant deleteBook - assumed 'deleteBook' D:\xampp\htdocs\passon\Application\Runtime\Cache\Admin\a30d855747a5d9f3d56dd76e7226e8bb.php 第 23 行.
NOTIC: [8] Use of undefined constant deleteBook - assumed 'deleteBook' D:\xampp\htdocs\passon\Application\Runtime\Cache\Admin\a30d855747a5d9f3d56dd76e7226e8bb.php 第 23 行.
NOTIC: [8] Use of undefined constant deleteBook - assumed 'deleteBook' D:\xampp\htdocs\passon\Application\Runtime\Cache\Admin\a30d855747a5d9f3d56dd76e7226e8bb.php 第 23 行.
NOTIC: [8] Use of undefined constant deleteBook - assumed 'deleteBook' D:\xampp\htdocs\passon\Application\Runtime\Cache\Admin\a30d855747a5d9f3d56dd76e7226e8bb.php 第 23 行.
NOTIC: [8] Use of undefined constant deleteBook - assumed 'deleteBook' D:\xampp\htdocs\passon\Application\Runtime\Cache\Admin\a30d855747a5d9f3d56dd76e7226e8bb.php 第 23 行.
NOTIC: [8] Use of undefined constant deleteBook - assumed 'deleteBook' D:\xampp\htdocs\passon\Application\Runtime\Cache\Admin\a30d855747a5d9f3d56dd76e7226e8bb.php 第 23 行.
NOTIC: [8] Use of undefined constant deleteBook - assumed 'deleteBook' D:\xampp\htdocs\passon\Application\Runtime\Cache\Admin\a30d855747a5d9f3d56dd76e7226e8bb.php 第 23 行.
NOTIC: [8] Use of undefined constant deleteBook - assumed 'deleteBook' D:\xampp\htdocs\passon\Application\Runtime\Cache\Admin\a30d855747a5d9f3d56dd76e7226e8bb.php 第 23 行.
NOTIC: [8] Use of undefined constant deleteBook - assumed 'deleteBook' D:\xampp\htdocs\passon\Application\Runtime\Cache\Admin\a30d855747a5d9f3d56dd76e7226e8bb.php 第 23 行.
NOTIC: [8] Use of undefined constant deleteBook - assumed 'deleteBook' D:\xampp\htdocs\passon\Application\Runtime\Cache\Admin\a30d855747a5d9f3d56dd76e7226e8bb.php 第 23 行.
NOTIC: [8] Use of undefined constant deleteBook - assumed 'deleteBook' D:\xampp\htdocs\passon\Application\Runtime\Cache\Admin\a30d855747a5d9f3d56dd76e7226e8bb.php 第 23 行.
NOTIC: [8] Use of undefined constant deleteBook - assumed 'deleteBook' D:\xampp\htdocs\passon\Application\Runtime\Cache\Admin\a30d855747a5d9f3d56dd76e7226e8bb.php 第 23 行.
NOTIC: [8] Use of undefined constant deleteBook - assumed 'deleteBook' D:\xampp\htdocs\passon\Application\Runtime\Cache\Admin\a30d855747a5d9f3d56dd76e7226e8bb.php 第 23 行.
NOTIC: [8] Use of undefined constant deleteBook - assumed 'deleteBook' D:\xampp\htdocs\passon\Application\Runtime\Cache\Admin\a30d855747a5d9f3d56dd76e7226e8bb.php 第 23 行.
NOTIC: [8] Use of undefined constant deleteBook - assumed 'deleteBook' D:\xampp\htdocs\passon\Application\Runtime\Cache\Admin\a30d855747a5d9f3d56dd76e7226e8bb.php 第 23 行.
NOTIC: [8] Use of undefined constant deleteBook - assumed 'deleteBook' D:\xampp\htdocs\passon\Application\Runtime\Cache\Admin\a30d855747a5d9f3d56dd76e7226e8bb.php 第 23 行.
NOTIC: [8] Use of undefined constant deleteBook - assumed 'deleteBook' D:\xampp\htdocs\passon\Application\Runtime\Cache\Admin\a30d855747a5d9f3d56dd76e7226e8bb.php 第 23 行.
NOTIC: [8] Use of undefined constant deleteBook - assumed 'deleteBook' D:\xampp\htdocs\passon\Application\Runtime\Cache\Admin\a30d855747a5d9f3d56dd76e7226e8bb.php 第 23 行.
NOTIC: [8] Use of undefined constant deleteBook - assumed 'deleteBook' D:\xampp\htdocs\passon\Application\Runtime\Cache\Admin\a30d855747a5d9f3d56dd76e7226e8bb.php 第 23 行.
NOTIC: [8] Use of undefined constant deleteBook - assumed 'deleteBook' D:\xampp\htdocs\passon\Application\Runtime\Cache\Admin\a30d855747a5d9f3d56dd76e7226e8bb.php 第 23 行.
NOTIC: [8] Use of undefined constant deleteBook - assumed 'deleteBook' D:\xampp\htdocs\passon\Application\Runtime\Cache\Admin\a30d855747a5d9f3d56dd76e7226e8bb.php 第 23 行.
NOTIC: [8] Use of undefined constant deleteBook - assumed 'deleteBook' D:\xampp\htdocs\passon\Application\Runtime\Cache\Admin\a30d855747a5d9f3d56dd76e7226e8bb.php 第 23 行.
NOTIC: [8] Use of undefined constant deleteBook - assumed 'deleteBook' D:\xampp\htdocs\passon\Application\Runtime\Cache\Admin\a30d855747a5d9f3d56dd76e7226e8bb.php 第 23 行.
NOTIC: [8] Use of undefined constant deleteBook - assumed 'deleteBook' D:\xampp\htdocs\passon\Application\Runtime\Cache\Admin\a30d855747a5d9f3d56dd76e7226e8bb.php 第 23 行.
NOTIC: [8] Use of undefined constant deleteBook - assumed 'deleteBook' D:\xampp\htdocs\passon\Application\Runtime\Cache\Admin\a30d855747a5d9f3d56dd76e7226e8bb.php 第 23 行.
NOTIC: [8] Use of undefined constant deleteBook - assumed 'deleteBook' D:\xampp\htdocs\passon\Application\Runtime\Cache\Admin\a30d855747a5d9f3d56dd76e7226e8bb.php 第 23 行.
NOTIC: [8] Use of undefined constant deleteBook - assumed 'deleteBook' D:\xampp\htdocs\passon\Application\Runtime\Cache\Admin\a30d855747a5d9f3d56dd76e7226e8bb.php 第 23 行.
NOTIC: [8] Use of undefined constant deleteBook - assumed 'deleteBook' D:\xampp\htdocs\passon\Application\Runtime\Cache\Admin\a30d855747a5d9f3d56dd76e7226e8bb.php 第 23 行.
NOTIC: [8] Use of undefined constant deleteBook - assumed 'deleteBook' D:\xampp\htdocs\passon\Application\Runtime\Cache\Admin\a30d855747a5d9f3d56dd76e7226e8bb.php 第 23 行.
INFO: Run Behavior\ParseTemplateBehavior [ RunTime:0.014001s ]
INFO: [ view_parse ] --END-- [ RunTime:0.014001s ]
INFO: [ view_filter ] --START--
INFO: Run Behavior\WriteHtmlCacheBehavior [ RunTime:0.005001s ]
INFO: [ view_filter ] --END-- [ RunTime:0.006001s ]
INFO: [ app_end ] --START--
INFO: Run Behavior\ShowPageTraceBehavior [ RunTime:0.001000s ]
INFO: [ app_end ] --END-- [ RunTime:0.001000s ]

