[ 2015-12-17T17:44:29+08:00 ] ::1 /passon/index.php/Home/Index/bookorder.html
INFO: [ app_init ] --START--
INFO: Run Behavior\BuildLiteBehavior [ RunTime:0.000000s ]
INFO: [ app_init ] --END-- [ RunTime:0.000000s ]
INFO: [ app_begin ] --START--
INFO: Run Behavior\ReadHtmlCacheBehavior [ RunTime:0.001001s ]
INFO: [ app_begin ] --END-- [ RunTime:0.001001s ]
SQL: SHOW COLUMNS FROM `wind87_book` [ RunTime:0.0050s ]
SQL: SHOW COLUMNS FROM `wind87_booksusers` [ RunTime:0.0060s ]
SQL: SELECT * FROM `wind87_booksusers` WHERE `username` = 'huran' LIMIT 1   [ RunTime:0.0010s ]
SQL: SELECT COUNT(*) AS tp_count FROM `wind87_book` WHERE `keeper_name` = 'huran' AND `status` = 4 LIMIT 1   [ RunTime:0.0000s ]
SQL: SELECT * FROM `wind87_book` WHERE `keeper_name` = 'huran' AND `status` = 4 ORDER BY book_id desc LIMIT 0,2   [ RunTime:0.0000s ]
SQL: SHOW COLUMNS FROM `wind87_bookinfo` [ RunTime:0.0040s ]
INFO: [ view_parse ] --START--
INFO: [ template_filter ] --START--
INFO: Run Behavior\ContentReplaceBehavior [ RunTime:0.000000s ]
INFO: [ template_filter ] --END-- [ RunTime:0.000000s ]
NOTIC: [8] Use of undefined constant index - assumed 'index' D:\xampp\htdocs\passon\Application\Runtime\Cache\Home\58d3738f1086d91bf3a03ef692fb6e34.php 第 15 行.
NOTIC: [8] Use of undefined constant squre - assumed 'squre' D:\xampp\htdocs\passon\Application\Runtime\Cache\Home\58d3738f1086d91bf3a03ef692fb6e34.php 第 16 行.
NOTIC: [8] Use of undefined constant share - assumed 'share' D:\xampp\htdocs\passon\Application\Runtime\Cache\Home\58d3738f1086d91bf3a03ef692fb6e34.php 第 17 行.
NOTIC: [8] Use of undefined constant search - assumed 'search' D:\xampp\htdocs\passon\Application\Runtime\Cache\Home\58d3738f1086d91bf3a03ef692fb6e34.php 第 20 行.
NOTIC: [8] Use of undefined constant register - assumed 'register' D:\xampp\htdocs\passon\Application\Runtime\Cache\Home\58d3738f1086d91bf3a03ef692fb6e34.php 第 41 行.
NOTIC: [8] Use of undefined constant login - assumed 'login' D:\xampp\htdocs\passon\Application\Runtime\Cache\Home\58d3738f1086d91bf3a03ef692fb6e34.php 第 42 行.
NOTIC: [8] Use of undefined constant person - assumed 'person' D:\xampp\htdocs\passon\Application\Runtime\Cache\Home\58d3738f1086d91bf3a03ef692fb6e34.php 第 45 行.
NOTIC: [8] Use of undefined constant contribute - assumed 'contribute' D:\xampp\htdocs\passon\Application\Runtime\Cache\Home\58d3738f1086d91bf3a03ef692fb6e34.php 第 66 行.
NOTIC: [8] Use of undefined constant message - assumed 'message' D:\xampp\htdocs\passon\Application\Runtime\Cache\Home\58d3738f1086d91bf3a03ef692fb6e34.php 第 74 行.
NOTIC: [8] Use of undefined constant personshare - assumed 'personshare' D:\xampp\htdocs\passon\Application\Runtime\Cache\Home\58d3738f1086d91bf3a03ef692fb6e34.php 第 75 行.
NOTIC: [8] Undefined index: phone D:\xampp\htdocs\passon\Application\Runtime\Cache\Home\58d3738f1086d91bf3a03ef692fb6e34.php 第 105 行.
NOTIC: [8] Undefined index: email D:\xampp\htdocs\passon\Application\Runtime\Cache\Home\58d3738f1086d91bf3a03ef692fb6e34.php 第 106 行.
NOTIC: [8] Undefined index: addr D:\xampp\htdocs\passon\Application\Runtime\Cache\Home\58d3738f1086d91bf3a03ef692fb6e34.php 第 107 行.
NOTIC: [8] Use of undefined constant usmessage - assumed 'usmessage' D:\xampp\htdocs\passon\Application\Runtime\Cache\Home\58d3738f1086d91bf3a03ef692fb6e34.php 第 110 行.
NOTIC: [8] Use of undefined constant usemessage - assumed 'usemessage' D:\xampp\htdocs\passon\Application\Runtime\Cache\Home\58d3738f1086d91bf3a03ef692fb6e34.php 第 120 行.
NOTIC: [8] Use of undefined constant personshare - assumed 'personshare' D:\xampp\htdocs\passon\Application\Runtime\Cache\Home\58d3738f1086d91bf3a03ef692fb6e34.php 第 151 行.
NOTIC: [8] Undefined variable: mybooks D:\xampp\htdocs\passon\Application\Runtime\Cache\Home\58d3738f1086d91bf3a03ef692fb6e34.php 第 158 行.
NOTIC: [8] Use of undefined constant mykeeps - assumed 'mykeeps' D:\xampp\htdocs\passon\Application\Runtime\Cache\Home\58d3738f1086d91bf3a03ef692fb6e34.php 第 173 行.
NOTIC: [8] Use of undefined constant bookorder - assumed 'bookorder' D:\xampp\htdocs\passon\Application\Runtime\Cache\Home\58d3738f1086d91bf3a03ef692fb6e34.php 第 174 行.
NOTIC: [8] Undefined variable: item D:\xampp\htdocs\passon\Application\Runtime\Cache\Home\58d3738f1086d91bf3a03ef692fb6e34.php 第 208 行.
NOTIC: [8] Use of undefined constant bookInfo - assumed 'bookInfo' D:\xampp\htdocs\passon\Application\Runtime\Cache\Home\58d3738f1086d91bf3a03ef692fb6e34.php 第 212 行.
NOTIC: [8] Undefined variable: item D:\xampp\htdocs\passon\Application\Runtime\Cache\Home\58d3738f1086d91bf3a03ef692fb6e34.php 第 212 行.
INFO: Run Behavior\ParseTemplateBehavior [ RunTime:0.016001s ]
INFO: [ view_parse ] --END-- [ RunTime:0.016001s ]
INFO: [ view_filter ] --START--
INFO: Run Behavior\WriteHtmlCacheBehavior [ RunTime:0.001000s ]
INFO: [ view_filter ] --END-- [ RunTime:0.001000s ]
INFO: [ app_end ] --START--
INFO: Run Behavior\ShowPageTraceBehavior [ RunTime:0.001000s ]
INFO: [ app_end ] --END-- [ RunTime:0.001000s ]

[ 2015-12-17T17:44:30+08:00 ] ::1 /passon/index.php/Home/Index/mykeeps.html
INFO: [ app_init ] --START--
INFO: Run Behavior\BuildLiteBehavior [ RunTime:0.000000s ]
INFO: [ app_init ] --END-- [ RunTime:0.000000s ]
INFO: [ app_begin ] --START--
INFO: Run Behavior\ReadHtmlCacheBehavior [ RunTime:0.001000s ]
INFO: [ app_begin ] --END-- [ RunTime:0.001000s ]
SQL: SHOW COLUMNS FROM `wind87_book` [ RunTime:0.0060s ]
SQL: SHOW COLUMNS FROM `wind87_booksusers` [ RunTime:0.0060s ]
SQL: SELECT * FROM `wind87_booksusers` WHERE `username` = 'huran' LIMIT 1   [ RunTime:0.0000s ]
SQL: SELECT COUNT(*) AS tp_count FROM `wind87_book` WHERE `keeper_name` = 'huran' AND `status` = 2 LIMIT 1   [ RunTime:0.0010s ]
SQL: SELECT * FROM `wind87_book` WHERE `keeper_name` = 'huran' AND `status` = 2 ORDER BY book_id desc LIMIT 0,2   [ RunTime:0.0000s ]
SQL: SHOW COLUMNS FROM `wind87_bookinfo` [ RunTime:0.0040s ]
SQL: SELECT * FROM `wind87_bookinfo` WHERE `isbn` = '9787213049422' LIMIT 1   [ RunTime:0.0010s ]
INFO: [ view_parse ] --START--
INFO: [ template_filter ] --START--
INFO: Run Behavior\ContentReplaceBehavior [ RunTime:0.000000s ]
INFO: [ template_filter ] --END-- [ RunTime:0.000000s ]
NOTIC: [8] Use of undefined constant index - assumed 'index' D:\xampp\htdocs\passon\Application\Runtime\Cache\Home\5d72e4b9bbaf9601857e2a402f636c9e.php 第 15 行.
NOTIC: [8] Use of undefined constant squre - assumed 'squre' D:\xampp\htdocs\passon\Application\Runtime\Cache\Home\5d72e4b9bbaf9601857e2a402f636c9e.php 第 16 行.
NOTIC: [8] Use of undefined constant share - assumed 'share' D:\xampp\htdocs\passon\Application\Runtime\Cache\Home\5d72e4b9bbaf9601857e2a402f636c9e.php 第 17 行.
NOTIC: [8] Use of undefined constant search - assumed 'search' D:\xampp\htdocs\passon\Application\Runtime\Cache\Home\5d72e4b9bbaf9601857e2a402f636c9e.php 第 20 行.
NOTIC: [8] Use of undefined constant register - assumed 'register' D:\xampp\htdocs\passon\Application\Runtime\Cache\Home\5d72e4b9bbaf9601857e2a402f636c9e.php 第 41 行.
NOTIC: [8] Use of undefined constant login - assumed 'login' D:\xampp\htdocs\passon\Application\Runtime\Cache\Home\5d72e4b9bbaf9601857e2a402f636c9e.php 第 42 行.
NOTIC: [8] Use of undefined constant person - assumed 'person' D:\xampp\htdocs\passon\Application\Runtime\Cache\Home\5d72e4b9bbaf9601857e2a402f636c9e.php 第 45 行.
NOTIC: [8] Use of undefined constant contribute - assumed 'contribute' D:\xampp\htdocs\passon\Application\Runtime\Cache\Home\5d72e4b9bbaf9601857e2a402f636c9e.php 第 66 行.
NOTIC: [8] Use of undefined constant message - assumed 'message' D:\xampp\htdocs\passon\Application\Runtime\Cache\Home\5d72e4b9bbaf9601857e2a402f636c9e.php 第 74 行.
NOTIC: [8] Undefined index: phone D:\xampp\htdocs\passon\Application\Runtime\Cache\Home\5d72e4b9bbaf9601857e2a402f636c9e.php 第 105 行.
NOTIC: [8] Undefined index: email D:\xampp\htdocs\passon\Application\Runtime\Cache\Home\5d72e4b9bbaf9601857e2a402f636c9e.php 第 106 行.
NOTIC: [8] Undefined index: addr D:\xampp\htdocs\passon\Application\Runtime\Cache\Home\5d72e4b9bbaf9601857e2a402f636c9e.php 第 107 行.
NOTIC: [8] Use of undefined constant usmessage - assumed 'usmessage' D:\xampp\htdocs\passon\Application\Runtime\Cache\Home\5d72e4b9bbaf9601857e2a402f636c9e.php 第 110 行.
NOTIC: [8] Use of undefined constant usemessage - assumed 'usemessage' D:\xampp\htdocs\passon\Application\Runtime\Cache\Home\5d72e4b9bbaf9601857e2a402f636c9e.php 第 120 行.
NOTIC: [8] Use of undefined constant personshare - assumed 'personshare' D:\xampp\htdocs\passon\Application\Runtime\Cache\Home\5d72e4b9bbaf9601857e2a402f636c9e.php 第 151 行.
NOTIC: [8] Undefined variable: mybooks D:\xampp\htdocs\passon\Application\Runtime\Cache\Home\5d72e4b9bbaf9601857e2a402f636c9e.php 第 158 行.
NOTIC: [8] Use of undefined constant mykeeps - assumed 'mykeeps' D:\xampp\htdocs\passon\Application\Runtime\Cache\Home\5d72e4b9bbaf9601857e2a402f636c9e.php 第 178 行.
NOTIC: [8] Use of undefined constant bookorder - assumed 'bookorder' D:\xampp\htdocs\passon\Application\Runtime\Cache\Home\5d72e4b9bbaf9601857e2a402f636c9e.php 第 179 行.
NOTIC: [8] Use of undefined constant bookInfo - assumed 'bookInfo' D:\xampp\htdocs\passon\Application\Runtime\Cache\Home\5d72e4b9bbaf9601857e2a402f636c9e.php 第 185 行.
NOTIC: [8] Use of undefined constant bookInfo - assumed 'bookInfo' D:\xampp\htdocs\passon\Application\Runtime\Cache\Home\5d72e4b9bbaf9601857e2a402f636c9e.php 第 191 行.
NOTIC: [8] Use of undefined constant bookInfo - assumed 'bookInfo' D:\xampp\htdocs\passon\Application\Runtime\Cache\Home\5d72e4b9bbaf9601857e2a402f636c9e.php 第 206 行.
INFO: Run Behavior\ParseTemplateBehavior [ RunTime:0.016001s ]
INFO: [ view_parse ] --END-- [ RunTime:0.016001s ]
INFO: [ view_filter ] --START--
INFO: Run Behavior\WriteHtmlCacheBehavior [ RunTime:0.000000s ]
INFO: [ view_filter ] --END-- [ RunTime:0.001000s ]
INFO: [ app_end ] --START--
INFO: Run Behavior\ShowPageTraceBehavior [ RunTime:0.001000s ]
INFO: [ app_end ] --END-- [ RunTime:0.001000s ]

[ 2015-12-17T17:44:31+08:00 ] ::1 /passon/index.php/Home/Index/bookorder.html
INFO: [ app_init ] --START--
INFO: Run Behavior\BuildLiteBehavior [ RunTime:0.000000s ]
INFO: [ app_init ] --END-- [ RunTime:0.000000s ]
INFO: [ app_begin ] --START--
INFO: Run Behavior\ReadHtmlCacheBehavior [ RunTime:0.001000s ]
INFO: [ app_begin ] --END-- [ RunTime:0.001000s ]
SQL: SHOW COLUMNS FROM `wind87_book` [ RunTime:0.0040s ]
SQL: SHOW COLUMNS FROM `wind87_booksusers` [ RunTime:0.0050s ]
SQL: SELECT * FROM `wind87_booksusers` WHERE `username` = 'huran' LIMIT 1   [ RunTime:0.0000s ]
SQL: SELECT COUNT(*) AS tp_count FROM `wind87_book` WHERE `keeper_name` = 'huran' AND `status` = 4 LIMIT 1   [ RunTime:0.0000s ]
SQL: SELECT * FROM `wind87_book` WHERE `keeper_name` = 'huran' AND `status` = 4 ORDER BY book_id desc LIMIT 0,2   [ RunTime:0.0000s ]
SQL: SHOW COLUMNS FROM `wind87_bookinfo` [ RunTime:0.0040s ]
INFO: [ view_parse ] --START--
INFO: [ template_filter ] --START--
INFO: Run Behavior\ContentReplaceBehavior [ RunTime:0.000000s ]
INFO: [ template_filter ] --END-- [ RunTime:0.000000s ]
NOTIC: [8] Use of undefined constant index - assumed 'index' D:\xampp\htdocs\passon\Application\Runtime\Cache\Home\58d3738f1086d91bf3a03ef692fb6e34.php 第 15 行.
NOTIC: [8] Use of undefined constant squre - assumed 'squre' D:\xampp\htdocs\passon\Application\Runtime\Cache\Home\58d3738f1086d91bf3a03ef692fb6e34.php 第 16 行.
NOTIC: [8] Use of undefined constant share - assumed 'share' D:\xampp\htdocs\passon\Application\Runtime\Cache\Home\58d3738f1086d91bf3a03ef692fb6e34.php 第 17 行.
NOTIC: [8] Use of undefined constant search - assumed 'search' D:\xampp\htdocs\passon\Application\Runtime\Cache\Home\58d3738f1086d91bf3a03ef692fb6e34.php 第 20 行.
NOTIC: [8] Use of undefined constant register - assumed 'register' D:\xampp\htdocs\passon\Application\Runtime\Cache\Home\58d3738f1086d91bf3a03ef692fb6e34.php 第 41 行.
NOTIC: [8] Use of undefined constant login - assumed 'login' D:\xampp\htdocs\passon\Application\Runtime\Cache\Home\58d3738f1086d91bf3a03ef692fb6e34.php 第 42 行.
NOTIC: [8] Use of undefined constant person - assumed 'person' D:\xampp\htdocs\passon\Application\Runtime\Cache\Home\58d3738f1086d91bf3a03ef692fb6e34.php 第 45 行.
NOTIC: [8] Use of undefined constant contribute - assumed 'contribute' D:\xampp\htdocs\passon\Application\Runtime\Cache\Home\58d3738f1086d91bf3a03ef692fb6e34.php 第 66 行.
NOTIC: [8] Use of undefined constant message - assumed 'message' D:\xampp\htdocs\passon\Application\Runtime\Cache\Home\58d3738f1086d91bf3a03ef692fb6e34.php 第 74 行.
NOTIC: [8] Use of undefined constant personshare - assumed 'personshare' D:\xampp\htdocs\passon\Application\Runtime\Cache\Home\58d3738f1086d91bf3a03ef692fb6e34.php 第 75 行.
NOTIC: [8] Undefined index: phone D:\xampp\htdocs\passon\Application\Runtime\Cache\Home\58d3738f1086d91bf3a03ef692fb6e34.php 第 105 行.
NOTIC: [8] Undefined index: email D:\xampp\htdocs\passon\Application\Runtime\Cache\Home\58d3738f1086d91bf3a03ef692fb6e34.php 第 106 行.
NOTIC: [8] Undefined index: addr D:\xampp\htdocs\passon\Application\Runtime\Cache\Home\58d3738f1086d91bf3a03ef692fb6e34.php 第 107 行.
NOTIC: [8] Use of undefined constant usmessage - assumed 'usmessage' D:\xampp\htdocs\passon\Application\Runtime\Cache\Home\58d3738f1086d91bf3a03ef692fb6e34.php 第 110 行.
NOTIC: [8] Use of undefined constant usemessage - assumed 'usemessage' D:\xampp\htdocs\passon\Application\Runtime\Cache\Home\58d3738f1086d91bf3a03ef692fb6e34.php 第 120 行.
NOTIC: [8] Use of undefined constant personshare - assumed 'personshare' D:\xampp\htdocs\passon\Application\Runtime\Cache\Home\58d3738f1086d91bf3a03ef692fb6e34.php 第 151 行.
NOTIC: [8] Undefined variable: mybooks D:\xampp\htdocs\passon\Application\Runtime\Cache\Home\58d3738f1086d91bf3a03ef692fb6e34.php 第 158 行.
NOTIC: [8] Use of undefined constant mykeeps - assumed 'mykeeps' D:\xampp\htdocs\passon\Application\Runtime\Cache\Home\58d3738f1086d91bf3a03ef692fb6e34.php 第 173 行.
NOTIC: [8] Use of undefined constant bookorder - assumed 'bookorder' D:\xampp\htdocs\passon\Application\Runtime\Cache\Home\58d3738f1086d91bf3a03ef692fb6e34.php 第 174 行.
NOTIC: [8] Undefined variable: item D:\xampp\htdocs\passon\Application\Runtime\Cache\Home\58d3738f1086d91bf3a03ef692fb6e34.php 第 208 行.
NOTIC: [8] Use of undefined constant bookInfo - assumed 'bookInfo' D:\xampp\htdocs\passon\Application\Runtime\Cache\Home\58d3738f1086d91bf3a03ef692fb6e34.php 第 212 行.
NOTIC: [8] Undefined variable: item D:\xampp\htdocs\passon\Application\Runtime\Cache\Home\58d3738f1086d91bf3a03ef692fb6e34.php 第 212 行.
INFO: Run Behavior\ParseTemplateBehavior [ RunTime:0.018001s ]
INFO: [ view_parse ] --END-- [ RunTime:0.018001s ]
INFO: [ view_filter ] --START--
INFO: Run Behavior\WriteHtmlCacheBehavior [ RunTime:0.001000s ]
INFO: [ view_filter ] --END-- [ RunTime:0.001000s ]
INFO: [ app_end ] --START--
INFO: Run Behavior\ShowPageTraceBehavior [ RunTime:0.002000s ]
INFO: [ app_end ] --END-- [ RunTime:0.002000s ]

[ 2015-12-17T17:44:32+08:00 ] ::1 /passon/index.php/Home/Index/mykeeps.html
INFO: [ app_init ] --START--
INFO: Run Behavior\BuildLiteBehavior [ RunTime:0.000000s ]
INFO: [ app_init ] --END-- [ RunTime:0.000000s ]
INFO: [ app_begin ] --START--
INFO: Run Behavior\ReadHtmlCacheBehavior [ RunTime:0.001000s ]
INFO: [ app_begin ] --END-- [ RunTime:0.001000s ]
SQL: SHOW COLUMNS FROM `wind87_book` [ RunTime:0.0050s ]
SQL: SHOW COLUMNS FROM `wind87_booksusers` [ RunTime:0.0040s ]
SQL: SELECT * FROM `wind87_booksusers` WHERE `username` = 'huran' LIMIT 1   [ RunTime:0.0010s ]
SQL: SELECT COUNT(*) AS tp_count FROM `wind87_book` WHERE `keeper_name` = 'huran' AND `status` = 2 LIMIT 1   [ RunTime:0.0010s ]
SQL: SELECT * FROM `wind87_book` WHERE `keeper_name` = 'huran' AND `status` = 2 ORDER BY book_id desc LIMIT 0,2   [ RunTime:0.0000s ]
SQL: SHOW COLUMNS FROM `wind87_bookinfo` [ RunTime:0.0080s ]
SQL: SELECT * FROM `wind87_bookinfo` WHERE `isbn` = '9787213049422' LIMIT 1   [ RunTime:0.0010s ]
INFO: [ view_parse ] --START--
INFO: [ template_filter ] --START--
INFO: Run Behavior\ContentReplaceBehavior [ RunTime:0.000000s ]
INFO: [ template_filter ] --END-- [ RunTime:0.000000s ]
NOTIC: [8] Use of undefined constant index - assumed 'index' D:\xampp\htdocs\passon\Application\Runtime\Cache\Home\5d72e4b9bbaf9601857e2a402f636c9e.php 第 15 行.
NOTIC: [8] Use of undefined constant squre - assumed 'squre' D:\xampp\htdocs\passon\Application\Runtime\Cache\Home\5d72e4b9bbaf9601857e2a402f636c9e.php 第 16 行.
NOTIC: [8] Use of undefined constant share - assumed 'share' D:\xampp\htdocs\passon\Application\Runtime\Cache\Home\5d72e4b9bbaf9601857e2a402f636c9e.php 第 17 行.
NOTIC: [8] Use of undefined constant search - assumed 'search' D:\xampp\htdocs\passon\Application\Runtime\Cache\Home\5d72e4b9bbaf9601857e2a402f636c9e.php 第 20 行.
NOTIC: [8] Use of undefined constant register - assumed 'register' D:\xampp\htdocs\passon\Application\Runtime\Cache\Home\5d72e4b9bbaf9601857e2a402f636c9e.php 第 41 行.
NOTIC: [8] Use of undefined constant login - assumed 'login' D:\xampp\htdocs\passon\Application\Runtime\Cache\Home\5d72e4b9bbaf9601857e2a402f636c9e.php 第 42 行.
NOTIC: [8] Use of undefined constant person - assumed 'person' D:\xampp\htdocs\passon\Application\Runtime\Cache\Home\5d72e4b9bbaf9601857e2a402f636c9e.php 第 45 行.
NOTIC: [8] Use of undefined constant contribute - assumed 'contribute' D:\xampp\htdocs\passon\Application\Runtime\Cache\Home\5d72e4b9bbaf9601857e2a402f636c9e.php 第 66 行.
NOTIC: [8] Use of undefined constant message - assumed 'message' D:\xampp\htdocs\passon\Application\Runtime\Cache\Home\5d72e4b9bbaf9601857e2a402f636c9e.php 第 74 行.
NOTIC: [8] Undefined index: phone D:\xampp\htdocs\passon\Application\Runtime\Cache\Home\5d72e4b9bbaf9601857e2a402f636c9e.php 第 105 行.
NOTIC: [8] Undefined index: email D:\xampp\htdocs\passon\Application\Runtime\Cache\Home\5d72e4b9bbaf9601857e2a402f636c9e.php 第 106 行.
NOTIC: [8] Undefined index: addr D:\xampp\htdocs\passon\Application\Runtime\Cache\Home\5d72e4b9bbaf9601857e2a402f636c9e.php 第 107 行.
NOTIC: [8] Use of undefined constant usmessage - assumed 'usmessage' D:\xampp\htdocs\passon\Application\Runtime\Cache\Home\5d72e4b9bbaf9601857e2a402f636c9e.php 第 110 行.
NOTIC: [8] Use of undefined constant usemessage - assumed 'usemessage' D:\xampp\htdocs\passon\Application\Runtime\Cache\Home\5d72e4b9bbaf9601857e2a402f636c9e.php 第 120 行.
NOTIC: [8] Use of undefined constant personshare - assumed 'personshare' D:\xampp\htdocs\passon\Application\Runtime\Cache\Home\5d72e4b9bbaf9601857e2a402f636c9e.php 第 151 行.
NOTIC: [8] Undefined variable: mybooks D:\xampp\htdocs\passon\Application\Runtime\Cache\Home\5d72e4b9bbaf9601857e2a402f636c9e.php 第 158 行.
NOTIC: [8] Use of undefined constant mykeeps - assumed 'mykeeps' D:\xampp\htdocs\passon\Application\Runtime\Cache\Home\5d72e4b9bbaf9601857e2a402f636c9e.php 第 178 行.
NOTIC: [8] Use of undefined constant bookorder - assumed 'bookorder' D:\xampp\htdocs\passon\Application\Runtime\Cache\Home\5d72e4b9bbaf9601857e2a402f636c9e.php 第 179 行.
NOTIC: [8] Use of undefined constant bookInfo - assumed 'bookInfo' D:\xampp\htdocs\passon\Application\Runtime\Cache\Home\5d72e4b9bbaf9601857e2a402f636c9e.php 第 185 行.
NOTIC: [8] Use of undefined constant bookInfo - assumed 'bookInfo' D:\xampp\htdocs\passon\Application\Runtime\Cache\Home\5d72e4b9bbaf9601857e2a402f636c9e.php 第 191 行.
NOTIC: [8] Use of undefined constant bookInfo - assumed 'bookInfo' D:\xampp\htdocs\passon\Application\Runtime\Cache\Home\5d72e4b9bbaf9601857e2a402f636c9e.php 第 206 行.
INFO: Run Behavior\ParseTemplateBehavior [ RunTime:0.015001s ]
INFO: [ view_parse ] --END-- [ RunTime:0.015001s ]
INFO: [ view_filter ] --START--
INFO: Run Behavior\WriteHtmlCacheBehavior [ RunTime:0.001000s ]
INFO: [ view_filter ] --END-- [ RunTime:0.001000s ]
INFO: [ app_end ] --START--
INFO: Run Behavior\ShowPageTraceBehavior [ RunTime:0.001000s ]
INFO: [ app_end ] --END-- [ RunTime:0.001000s ]

[ 2015-12-17T17:44:33+08:00 ] ::1 /passon/index.php/Home/Index/bookorder.html
INFO: [ app_init ] --START--
INFO: Run Behavior\BuildLiteBehavior [ RunTime:0.000000s ]
INFO: [ app_init ] --END-- [ RunTime:0.000000s ]
INFO: [ app_begin ] --START--
INFO: Run Behavior\ReadHtmlCacheBehavior [ RunTime:0.002000s ]
INFO: [ app_begin ] --END-- [ RunTime:0.002000s ]
SQL: SHOW COLUMNS FROM `wind87_book` [ RunTime:0.0040s ]
SQL: SHOW COLUMNS FROM `wind87_booksusers` [ RunTime:0.0050s ]
SQL: SELECT * FROM `wind87_booksusers` WHERE `username` = 'huran' LIMIT 1   [ RunTime:0.0010s ]
SQL: SELECT COUNT(*) AS tp_count FROM `wind87_book` WHERE `keeper_name` = 'huran' AND `status` = 4 LIMIT 1   [ RunTime:0.0000s ]
SQL: SELECT * FROM `wind87_book` WHERE `keeper_name` = 'huran' AND `status` = 4 ORDER BY book_id desc LIMIT 0,2   [ RunTime:0.0010s ]
SQL: SHOW COLUMNS FROM `wind87_bookinfo` [ RunTime:0.0060s ]
INFO: [ view_parse ] --START--
INFO: [ template_filter ] --START--
INFO: Run Behavior\ContentReplaceBehavior [ RunTime:0.000000s ]
INFO: [ template_filter ] --END-- [ RunTime:0.000000s ]
NOTIC: [8] Use of undefined constant index - assumed 'index' D:\xampp\htdocs\passon\Application\Runtime\Cache\Home\58d3738f1086d91bf3a03ef692fb6e34.php 第 15 行.
NOTIC: [8] Use of undefined constant squre - assumed 'squre' D:\xampp\htdocs\passon\Application\Runtime\Cache\Home\58d3738f1086d91bf3a03ef692fb6e34.php 第 16 行.
NOTIC: [8] Use of undefined constant share - assumed 'share' D:\xampp\htdocs\passon\Application\Runtime\Cache\Home\58d3738f1086d91bf3a03ef692fb6e34.php 第 17 行.
NOTIC: [8] Use of undefined constant search - assumed 'search' D:\xampp\htdocs\passon\Application\Runtime\Cache\Home\58d3738f1086d91bf3a03ef692fb6e34.php 第 20 行.
NOTIC: [8] Use of undefined constant register - assumed 'register' D:\xampp\htdocs\passon\Application\Runtime\Cache\Home\58d3738f1086d91bf3a03ef692fb6e34.php 第 41 行.
NOTIC: [8] Use of undefined constant login - assumed 'login' D:\xampp\htdocs\passon\Application\Runtime\Cache\Home\58d3738f1086d91bf3a03ef692fb6e34.php 第 42 行.
NOTIC: [8] Use of undefined constant person - assumed 'person' D:\xampp\htdocs\passon\Application\Runtime\Cache\Home\58d3738f1086d91bf3a03ef692fb6e34.php 第 45 行.
NOTIC: [8] Use of undefined constant contribute - assumed 'contribute' D:\xampp\htdocs\passon\Application\Runtime\Cache\Home\58d3738f1086d91bf3a03ef692fb6e34.php 第 66 行.
NOTIC: [8] Use of undefined constant message - assumed 'message' D:\xampp\htdocs\passon\Application\Runtime\Cache\Home\58d3738f1086d91bf3a03ef692fb6e34.php 第 74 行.
NOTIC: [8] Use of undefined constant personshare - assumed 'personshare' D:\xampp\htdocs\passon\Application\Runtime\Cache\Home\58d3738f1086d91bf3a03ef692fb6e34.php 第 75 行.
NOTIC: [8] Undefined index: phone D:\xampp\htdocs\passon\Application\Runtime\Cache\Home\58d3738f1086d91bf3a03ef692fb6e34.php 第 105 行.
NOTIC: [8] Undefined index: email D:\xampp\htdocs\passon\Application\Runtime\Cache\Home\58d3738f1086d91bf3a03ef692fb6e34.php 第 106 行.
NOTIC: [8] Undefined index: addr D:\xampp\htdocs\passon\Application\Runtime\Cache\Home\58d3738f1086d91bf3a03ef692fb6e34.php 第 107 行.
NOTIC: [8] Use of undefined constant usmessage - assumed 'usmessage' D:\xampp\htdocs\passon\Application\Runtime\Cache\Home\58d3738f1086d91bf3a03ef692fb6e34.php 第 110 行.
NOTIC: [8] Use of undefined constant usemessage - assumed 'usemessage' D:\xampp\htdocs\passon\Application\Runtime\Cache\Home\58d3738f1086d91bf3a03ef692fb6e34.php 第 120 行.
NOTIC: [8] Use of undefined constant personshare - assumed 'personshare' D:\xampp\htdocs\passon\Application\Runtime\Cache\Home\58d3738f1086d91bf3a03ef692fb6e34.php 第 151 行.
NOTIC: [8] Undefined variable: mybooks D:\xampp\htdocs\passon\Application\Runtime\Cache\Home\58d3738f1086d91bf3a03ef692fb6e34.php 第 158 行.
NOTIC: [8] Use of undefined constant mykeeps - assumed 'mykeeps' D:\xampp\htdocs\passon\Application\Runtime\Cache\Home\58d3738f1086d91bf3a03ef692fb6e34.php 第 173 行.
NOTIC: [8] Use of undefined constant bookorder - assumed 'bookorder' D:\xampp\htdocs\passon\Application\Runtime\Cache\Home\58d3738f1086d91bf3a03ef692fb6e34.php 第 174 行.
NOTIC: [8] Undefined variable: item D:\xampp\htdocs\passon\Application\Runtime\Cache\Home\58d3738f1086d91bf3a03ef692fb6e34.php 第 208 行.
NOTIC: [8] Use of undefined constant bookInfo - assumed 'bookInfo' D:\xampp\htdocs\passon\Application\Runtime\Cache\Home\58d3738f1086d91bf3a03ef692fb6e34.php 第 212 行.
NOTIC: [8] Undefined variable: item D:\xampp\htdocs\passon\Application\Runtime\Cache\Home\58d3738f1086d91bf3a03ef692fb6e34.php 第 212 行.
INFO: Run Behavior\ParseTemplateBehavior [ RunTime:0.016001s ]
INFO: [ view_parse ] --END-- [ RunTime:0.016001s ]
INFO: [ view_filter ] --START--
INFO: Run Behavior\WriteHtmlCacheBehavior [ RunTime:0.001000s ]
INFO: [ view_filter ] --END-- [ RunTime:0.001000s ]
INFO: [ app_end ] --START--
INFO: Run Behavior\ShowPageTraceBehavior [ RunTime:0.001000s ]
INFO: [ app_end ] --END-- [ RunTime:0.001000s ]

[ 2015-12-17T17:45:05+08:00 ] ::1 /passon/index.php/Home/Index/bookorder.html
INFO: [ app_init ] --START--
INFO: Run Behavior\BuildLiteBehavior [ RunTime:0.000000s ]
INFO: [ app_init ] --END-- [ RunTime:0.000000s ]
INFO: [ app_begin ] --START--
INFO: Run Behavior\ReadHtmlCacheBehavior [ RunTime:0.001000s ]
INFO: [ app_begin ] --END-- [ RunTime:0.001000s ]
SQL: SHOW COLUMNS FROM `wind87_book` [ RunTime:0.0100s ]
SQL: SHOW COLUMNS FROM `wind87_booksusers` [ RunTime:0.0040s ]
SQL: SELECT * FROM `wind87_booksusers` WHERE `username` = 'huran' LIMIT 1   [ RunTime:0.0010s ]
SQL: SELECT COUNT(*) AS tp_count FROM `wind87_book` WHERE `keeper_name` = 'huran' AND `status` = 4 LIMIT 1   [ RunTime:0.0000s ]
SQL: SELECT * FROM `wind87_book` WHERE `keeper_name` = 'huran' AND `status` = 4 ORDER BY book_id desc LIMIT 0,2   [ RunTime:0.0010s ]
SQL: SHOW COLUMNS FROM `wind87_bookinfo` [ RunTime:0.0050s ]
INFO: [ view_parse ] --START--
INFO: [ template_filter ] --START--
INFO: Run Behavior\ContentReplaceBehavior [ RunTime:0.000000s ]
INFO: [ template_filter ] --END-- [ RunTime:0.000000s ]
NOTIC: [8] Use of undefined constant index - assumed 'index' D:\xampp\htdocs\passon\Application\Runtime\Cache\Home\58d3738f1086d91bf3a03ef692fb6e34.php 第 15 行.
NOTIC: [8] Use of undefined constant squre - assumed 'squre' D:\xampp\htdocs\passon\Application\Runtime\Cache\Home\58d3738f1086d91bf3a03ef692fb6e34.php 第 16 行.
NOTIC: [8] Use of undefined constant share - assumed 'share' D:\xampp\htdocs\passon\Application\Runtime\Cache\Home\58d3738f1086d91bf3a03ef692fb6e34.php 第 17 行.
NOTIC: [8] Use of undefined constant search - assumed 'search' D:\xampp\htdocs\passon\Application\Runtime\Cache\Home\58d3738f1086d91bf3a03ef692fb6e34.php 第 20 行.
NOTIC: [8] Use of undefined constant register - assumed 'register' D:\xampp\htdocs\passon\Application\Runtime\Cache\Home\58d3738f1086d91bf3a03ef692fb6e34.php 第 41 行.
NOTIC: [8] Use of undefined constant login - assumed 'login' D:\xampp\htdocs\passon\Application\Runtime\Cache\Home\58d3738f1086d91bf3a03ef692fb6e34.php 第 42 行.
NOTIC: [8] Use of undefined constant person - assumed 'person' D:\xampp\htdocs\passon\Application\Runtime\Cache\Home\58d3738f1086d91bf3a03ef692fb6e34.php 第 45 行.
NOTIC: [8] Use of undefined constant contribute - assumed 'contribute' D:\xampp\htdocs\passon\Application\Runtime\Cache\Home\58d3738f1086d91bf3a03ef692fb6e34.php 第 66 行.
NOTIC: [8] Use of undefined constant message - assumed 'message' D:\xampp\htdocs\passon\Application\Runtime\Cache\Home\58d3738f1086d91bf3a03ef692fb6e34.php 第 74 行.
NOTIC: [8] Use of undefined constant personshare - assumed 'personshare' D:\xampp\htdocs\passon\Application\Runtime\Cache\Home\58d3738f1086d91bf3a03ef692fb6e34.php 第 75 行.
NOTIC: [8] Undefined index: phone D:\xampp\htdocs\passon\Application\Runtime\Cache\Home\58d3738f1086d91bf3a03ef692fb6e34.php 第 105 行.
NOTIC: [8] Undefined index: email D:\xampp\htdocs\passon\Application\Runtime\Cache\Home\58d3738f1086d91bf3a03ef692fb6e34.php 第 106 行.
NOTIC: [8] Undefined index: addr D:\xampp\htdocs\passon\Application\Runtime\Cache\Home\58d3738f1086d91bf3a03ef692fb6e34.php 第 107 行.
NOTIC: [8] Use of undefined constant usmessage - assumed 'usmessage' D:\xampp\htdocs\passon\Application\Runtime\Cache\Home\58d3738f1086d91bf3a03ef692fb6e34.php 第 110 行.
NOTIC: [8] Use of undefined constant usemessage - assumed 'usemessage' D:\xampp\htdocs\passon\Application\Runtime\Cache\Home\58d3738f1086d91bf3a03ef692fb6e34.php 第 120 行.
NOTIC: [8] Use of undefined constant personshare - assumed 'personshare' D:\xampp\htdocs\passon\Application\Runtime\Cache\Home\58d3738f1086d91bf3a03ef692fb6e34.php 第 151 行.
NOTIC: [8] Undefined variable: mybooks D:\xampp\htdocs\passon\Application\Runtime\Cache\Home\58d3738f1086d91bf3a03ef692fb6e34.php 第 158 行.
NOTIC: [8] Use of undefined constant mykeeps - assumed 'mykeeps' D:\xampp\htdocs\passon\Application\Runtime\Cache\Home\58d3738f1086d91bf3a03ef692fb6e34.php 第 173 行.
NOTIC: [8] Use of undefined constant bookorder - assumed 'bookorder' D:\xampp\htdocs\passon\Application\Runtime\Cache\Home\58d3738f1086d91bf3a03ef692fb6e34.php 第 174 行.
NOTIC: [8] Undefined variable: item D:\xampp\htdocs\passon\Application\Runtime\Cache\Home\58d3738f1086d91bf3a03ef692fb6e34.php 第 208 行.
NOTIC: [8] Use of undefined constant bookInfo - assumed 'bookInfo' D:\xampp\htdocs\passon\Application\Runtime\Cache\Home\58d3738f1086d91bf3a03ef692fb6e34.php 第 212 行.
NOTIC: [8] Undefined variable: item D:\xampp\htdocs\passon\Application\Runtime\Cache\Home\58d3738f1086d91bf3a03ef692fb6e34.php 第 212 行.
INFO: Run Behavior\ParseTemplateBehavior [ RunTime:0.017001s ]
INFO: [ view_parse ] --END-- [ RunTime:0.017001s ]
INFO: [ view_filter ] --START--
INFO: Run Behavior\WriteHtmlCacheBehavior [ RunTime:0.001000s ]
INFO: [ view_filter ] --END-- [ RunTime:0.001000s ]
INFO: [ app_end ] --START--
INFO: Run Behavior\ShowPageTraceBehavior [ RunTime:0.001000s ]
INFO: [ app_end ] --END-- [ RunTime:0.001000s ]

[ 2015-12-17T17:45:06+08:00 ] ::1 /passon/index.php/Home/Index/mykeeps.html
INFO: [ app_init ] --START--
INFO: Run Behavior\BuildLiteBehavior [ RunTime:0.000000s ]
INFO: [ app_init ] --END-- [ RunTime:0.001000s ]
INFO: [ app_begin ] --START--
INFO: Run Behavior\ReadHtmlCacheBehavior [ RunTime:0.001000s ]
INFO: [ app_begin ] --END-- [ RunTime:0.001000s ]
SQL: SHOW COLUMNS FROM `wind87_book` [ RunTime:0.0050s ]
SQL: SHOW COLUMNS FROM `wind87_booksusers` [ RunTime:0.0050s ]
SQL: SELECT * FROM `wind87_booksusers` WHERE `username` = 'huran' LIMIT 1   [ RunTime:0.0010s ]
SQL: SELECT COUNT(*) AS tp_count FROM `wind87_book` WHERE `keeper_name` = 'huran' AND `status` = 2 LIMIT 1   [ RunTime:0.0010s ]
SQL: SELECT * FROM `wind87_book` WHERE `keeper_name` = 'huran' AND `status` = 2 ORDER BY book_id desc LIMIT 0,2   [ RunTime:0.0010s ]
SQL: SHOW COLUMNS FROM `wind87_bookinfo` [ RunTime:0.0040s ]
SQL: SELECT * FROM `wind87_bookinfo` WHERE `isbn` = '9787213049422' LIMIT 1   [ RunTime:0.0010s ]
INFO: [ view_parse ] --START--
INFO: [ template_filter ] --START--
INFO: Run Behavior\ContentReplaceBehavior [ RunTime:0.000000s ]
INFO: [ template_filter ] --END-- [ RunTime:0.000000s ]
NOTIC: [8] Use of undefined constant index - assumed 'index' D:\xampp\htdocs\passon\Application\Runtime\Cache\Home\5d72e4b9bbaf9601857e2a402f636c9e.php 第 15 行.
NOTIC: [8] Use of undefined constant squre - assumed 'squre' D:\xampp\htdocs\passon\Application\Runtime\Cache\Home\5d72e4b9bbaf9601857e2a402f636c9e.php 第 16 行.
NOTIC: [8] Use of undefined constant share - assumed 'share' D:\xampp\htdocs\passon\Application\Runtime\Cache\Home\5d72e4b9bbaf9601857e2a402f636c9e.php 第 17 行.
NOTIC: [8] Use of undefined constant search - assumed 'search' D:\xampp\htdocs\passon\Application\Runtime\Cache\Home\5d72e4b9bbaf9601857e2a402f636c9e.php 第 20 行.
NOTIC: [8] Use of undefined constant register - assumed 'register' D:\xampp\htdocs\passon\Application\Runtime\Cache\Home\5d72e4b9bbaf9601857e2a402f636c9e.php 第 41 行.
NOTIC: [8] Use of undefined constant login - assumed 'login' D:\xampp\htdocs\passon\Application\Runtime\Cache\Home\5d72e4b9bbaf9601857e2a402f636c9e.php 第 42 行.
NOTIC: [8] Use of undefined constant person - assumed 'person' D:\xampp\htdocs\passon\Application\Runtime\Cache\Home\5d72e4b9bbaf9601857e2a402f636c9e.php 第 45 行.
NOTIC: [8] Use of undefined constant contribute - assumed 'contribute' D:\xampp\htdocs\passon\Application\Runtime\Cache\Home\5d72e4b9bbaf9601857e2a402f636c9e.php 第 66 行.
NOTIC: [8] Use of undefined constant message - assumed 'message' D:\xampp\htdocs\passon\Application\Runtime\Cache\Home\5d72e4b9bbaf9601857e2a402f636c9e.php 第 74 行.
NOTIC: [8] Undefined index: phone D:\xampp\htdocs\passon\Application\Runtime\Cache\Home\5d72e4b9bbaf9601857e2a402f636c9e.php 第 105 行.
NOTIC: [8] Undefined index: email D:\xampp\htdocs\passon\Application\Runtime\Cache\Home\5d72e4b9bbaf9601857e2a402f636c9e.php 第 106 行.
NOTIC: [8] Undefined index: addr D:\xampp\htdocs\passon\Application\Runtime\Cache\Home\5d72e4b9bbaf9601857e2a402f636c9e.php 第 107 行.
NOTIC: [8] Use of undefined constant usmessage - assumed 'usmessage' D:\xampp\htdocs\passon\Application\Runtime\Cache\Home\5d72e4b9bbaf9601857e2a402f636c9e.php 第 110 行.
NOTIC: [8] Use of undefined constant usemessage - assumed 'usemessage' D:\xampp\htdocs\passon\Application\Runtime\Cache\Home\5d72e4b9bbaf9601857e2a402f636c9e.php 第 120 行.
NOTIC: [8] Use of undefined constant personshare - assumed 'personshare' D:\xampp\htdocs\passon\Application\Runtime\Cache\Home\5d72e4b9bbaf9601857e2a402f636c9e.php 第 151 行.
NOTIC: [8] Undefined variable: mybooks D:\xampp\htdocs\passon\Application\Runtime\Cache\Home\5d72e4b9bbaf9601857e2a402f636c9e.php 第 158 行.
NOTIC: [8] Use of undefined constant mykeeps - assumed 'mykeeps' D:\xampp\htdocs\passon\Application\Runtime\Cache\Home\5d72e4b9bbaf9601857e2a402f636c9e.php 第 178 行.
NOTIC: [8] Use of undefined constant bookorder - assumed 'bookorder' D:\xampp\htdocs\passon\Application\Runtime\Cache\Home\5d72e4b9bbaf9601857e2a402f636c9e.php 第 179 行.
NOTIC: [8] Use of undefined constant bookInfo - assumed 'bookInfo' D:\xampp\htdocs\passon\Application\Runtime\Cache\Home\5d72e4b9bbaf9601857e2a402f636c9e.php 第 185 行.
NOTIC: [8] Use of undefined constant bookInfo - assumed 'bookInfo' D:\xampp\htdocs\passon\Application\Runtime\Cache\Home\5d72e4b9bbaf9601857e2a402f636c9e.php 第 191 行.
NOTIC: [8] Use of undefined constant bookInfo - assumed 'bookInfo' D:\xampp\htdocs\passon\Application\Runtime\Cache\Home\5d72e4b9bbaf9601857e2a402f636c9e.php 第 206 行.
INFO: Run Behavior\ParseTemplateBehavior [ RunTime:0.014001s ]
INFO: [ view_parse ] --END-- [ RunTime:0.014001s ]
INFO: [ view_filter ] --START--
INFO: Run Behavior\WriteHtmlCacheBehavior [ RunTime:0.001000s ]
INFO: [ view_filter ] --END-- [ RunTime:0.001000s ]
INFO: [ app_end ] --START--
INFO: Run Behavior\ShowPageTraceBehavior [ RunTime:0.001000s ]
INFO: [ app_end ] --END-- [ RunTime:0.001000s ]

[ 2015-12-17T17:45:11+08:00 ] ::1 /passon/index.php/Home/Index/bookorder.html
INFO: [ app_init ] --START--
INFO: Run Behavior\BuildLiteBehavior [ RunTime:0.001000s ]
INFO: [ app_init ] --END-- [ RunTime:0.001000s ]
INFO: [ app_begin ] --START--
INFO: Run Behavior\ReadHtmlCacheBehavior [ RunTime:0.001000s ]
INFO: [ app_begin ] --END-- [ RunTime:0.001000s ]
SQL: SHOW COLUMNS FROM `wind87_book` [ RunTime:0.0040s ]
SQL: SHOW COLUMNS FROM `wind87_booksusers` [ RunTime:0.0040s ]
SQL: SELECT * FROM `wind87_booksusers` WHERE `username` = 'huran' LIMIT 1   [ RunTime:0.0000s ]
SQL: SELECT COUNT(*) AS tp_count FROM `wind87_book` WHERE `keeper_name` = 'huran' AND `status` = 4 LIMIT 1   [ RunTime:0.0010s ]
SQL: SELECT * FROM `wind87_book` WHERE `keeper_name` = 'huran' AND `status` = 4 ORDER BY book_id desc LIMIT 0,2   [ RunTime:0.0020s ]
SQL: SHOW COLUMNS FROM `wind87_bookinfo` [ RunTime:0.0040s ]
INFO: [ view_parse ] --START--
INFO: [ template_filter ] --START--
INFO: Run Behavior\ContentReplaceBehavior [ RunTime:0.000000s ]
INFO: [ template_filter ] --END-- [ RunTime:0.000000s ]
NOTIC: [8] Use of undefined constant index - assumed 'index' D:\xampp\htdocs\passon\Application\Runtime\Cache\Home\58d3738f1086d91bf3a03ef692fb6e34.php 第 15 行.
NOTIC: [8] Use of undefined constant squre - assumed 'squre' D:\xampp\htdocs\passon\Application\Runtime\Cache\Home\58d3738f1086d91bf3a03ef692fb6e34.php 第 16 行.
NOTIC: [8] Use of undefined constant share - assumed 'share' D:\xampp\htdocs\passon\Application\Runtime\Cache\Home\58d3738f1086d91bf3a03ef692fb6e34.php 第 17 行.
NOTIC: [8] Use of undefined constant search - assumed 'search' D:\xampp\htdocs\passon\Application\Runtime\Cache\Home\58d3738f1086d91bf3a03ef692fb6e34.php 第 20 行.
NOTIC: [8] Use of undefined constant register - assumed 'register' D:\xampp\htdocs\passon\Application\Runtime\Cache\Home\58d3738f1086d91bf3a03ef692fb6e34.php 第 41 行.
NOTIC: [8] Use of undefined constant login - assumed 'login' D:\xampp\htdocs\passon\Application\Runtime\Cache\Home\58d3738f1086d91bf3a03ef692fb6e34.php 第 42 行.
NOTIC: [8] Use of undefined constant person - assumed 'person' D:\xampp\htdocs\passon\Application\Runtime\Cache\Home\58d3738f1086d91bf3a03ef692fb6e34.php 第 45 行.
NOTIC: [8] Use of undefined constant contribute - assumed 'contribute' D:\xampp\htdocs\passon\Application\Runtime\Cache\Home\58d3738f1086d91bf3a03ef692fb6e34.php 第 66 行.
NOTIC: [8] Use of undefined constant message - assumed 'message' D:\xampp\htdocs\passon\Application\Runtime\Cache\Home\58d3738f1086d91bf3a03ef692fb6e34.php 第 74 行.
NOTIC: [8] Use of undefined constant personshare - assumed 'personshare' D:\xampp\htdocs\passon\Application\Runtime\Cache\Home\58d3738f1086d91bf3a03ef692fb6e34.php 第 75 行.
NOTIC: [8] Undefined index: phone D:\xampp\htdocs\passon\Application\Runtime\Cache\Home\58d3738f1086d91bf3a03ef692fb6e34.php 第 105 行.
NOTIC: [8] Undefined index: email D:\xampp\htdocs\passon\Application\Runtime\Cache\Home\58d3738f1086d91bf3a03ef692fb6e34.php 第 106 行.
NOTIC: [8] Undefined index: addr D:\xampp\htdocs\passon\Application\Runtime\Cache\Home\58d3738f1086d91bf3a03ef692fb6e34.php 第 107 行.
NOTIC: [8] Use of undefined constant usmessage - assumed 'usmessage' D:\xampp\htdocs\passon\Application\Runtime\Cache\Home\58d3738f1086d91bf3a03ef692fb6e34.php 第 110 行.
NOTIC: [8] Use of undefined constant usemessage - assumed 'usemessage' D:\xampp\htdocs\passon\Application\Runtime\Cache\Home\58d3738f1086d91bf3a03ef692fb6e34.php 第 120 行.
NOTIC: [8] Use of undefined constant personshare - assumed 'personshare' D:\xampp\htdocs\passon\Application\Runtime\Cache\Home\58d3738f1086d91bf3a03ef692fb6e34.php 第 151 行.
NOTIC: [8] Undefined variable: mybooks D:\xampp\htdocs\passon\Application\Runtime\Cache\Home\58d3738f1086d91bf3a03ef692fb6e34.php 第 158 行.
NOTIC: [8] Use of undefined constant mykeeps - assumed 'mykeeps' D:\xampp\htdocs\passon\Application\Runtime\Cache\Home\58d3738f1086d91bf3a03ef692fb6e34.php 第 173 行.
NOTIC: [8] Use of undefined constant bookorder - assumed 'bookorder' D:\xampp\htdocs\passon\Application\Runtime\Cache\Home\58d3738f1086d91bf3a03ef692fb6e34.php 第 174 行.
NOTIC: [8] Undefined variable: item D:\xampp\htdocs\passon\Application\Runtime\Cache\Home\58d3738f1086d91bf3a03ef692fb6e34.php 第 208 行.
NOTIC: [8] Use of undefined constant bookInfo - assumed 'bookInfo' D:\xampp\htdocs\passon\Application\Runtime\Cache\Home\58d3738f1086d91bf3a03ef692fb6e34.php 第 212 行.
NOTIC: [8] Undefined variable: item D:\xampp\htdocs\passon\Application\Runtime\Cache\Home\58d3738f1086d91bf3a03ef692fb6e34.php 第 212 行.
INFO: Run Behavior\ParseTemplateBehavior [ RunTime:0.017001s ]
INFO: [ view_parse ] --END-- [ RunTime:0.017001s ]
INFO: [ view_filter ] --START--
INFO: Run Behavior\WriteHtmlCacheBehavior [ RunTime:0.001000s ]
INFO: [ view_filter ] --END-- [ RunTime:0.001000s ]
INFO: [ app_end ] --START--
INFO: Run Behavior\ShowPageTraceBehavior [ RunTime:0.001000s ]
INFO: [ app_end ] --END-- [ RunTime:0.001000s ]

[ 2015-12-17T17:46:10+08:00 ] ::1 /passon/index.php/Home/Index/bookorder.html
INFO: [ app_init ] --START--
INFO: Run Behavior\BuildLiteBehavior [ RunTime:0.000000s ]
INFO: [ app_init ] --END-- [ RunTime:0.000000s ]
INFO: [ app_begin ] --START--
INFO: Run Behavior\ReadHtmlCacheBehavior [ RunTime:0.001000s ]
INFO: [ app_begin ] --END-- [ RunTime:0.001000s ]
SQL: SHOW COLUMNS FROM `wind87_book` [ RunTime:0.0060s ]
SQL: SHOW COLUMNS FROM `wind87_booksusers` [ RunTime:0.0070s ]
SQL: SELECT * FROM `wind87_booksusers` WHERE `username` = 'huran' LIMIT 1   [ RunTime:0.0010s ]
SQL: SELECT COUNT(*) AS tp_count FROM `wind87_book` WHERE `keeper_name` = 'huran' AND `status` = 4 LIMIT 1   [ RunTime:0.0000s ]
SQL: SELECT * FROM `wind87_book` WHERE `keeper_name` = 'huran' AND `status` = 4 ORDER BY book_id desc LIMIT 0,2   [ RunTime:0.0000s ]
SQL: SHOW COLUMNS FROM `wind87_bookinfo` [ RunTime:0.0030s ]
INFO: [ view_parse ] --START--
INFO: [ template_filter ] --START--
INFO: Run Behavior\ContentReplaceBehavior [ RunTime:0.000000s ]
INFO: [ template_filter ] --END-- [ RunTime:0.000000s ]
NOTIC: [8] Use of undefined constant index - assumed 'index' D:\xampp\htdocs\passon\Application\Runtime\Cache\Home\58d3738f1086d91bf3a03ef692fb6e34.php 第 15 行.
NOTIC: [8] Use of undefined constant squre - assumed 'squre' D:\xampp\htdocs\passon\Application\Runtime\Cache\Home\58d3738f1086d91bf3a03ef692fb6e34.php 第 16 行.
NOTIC: [8] Use of undefined constant share - assumed 'share' D:\xampp\htdocs\passon\Application\Runtime\Cache\Home\58d3738f1086d91bf3a03ef692fb6e34.php 第 17 行.
NOTIC: [8] Use of undefined constant search - assumed 'search' D:\xampp\htdocs\passon\Application\Runtime\Cache\Home\58d3738f1086d91bf3a03ef692fb6e34.php 第 20 行.
NOTIC: [8] Use of undefined constant register - assumed 'register' D:\xampp\htdocs\passon\Application\Runtime\Cache\Home\58d3738f1086d91bf3a03ef692fb6e34.php 第 41 行.
NOTIC: [8] Use of undefined constant login - assumed 'login' D:\xampp\htdocs\passon\Application\Runtime\Cache\Home\58d3738f1086d91bf3a03ef692fb6e34.php 第 42 行.
NOTIC: [8] Use of undefined constant person - assumed 'person' D:\xampp\htdocs\passon\Application\Runtime\Cache\Home\58d3738f1086d91bf3a03ef692fb6e34.php 第 45 行.
NOTIC: [8] Use of undefined constant contribute - assumed 'contribute' D:\xampp\htdocs\passon\Application\Runtime\Cache\Home\58d3738f1086d91bf3a03ef692fb6e34.php 第 66 行.
NOTIC: [8] Use of undefined constant message - assumed 'message' D:\xampp\htdocs\passon\Application\Runtime\Cache\Home\58d3738f1086d91bf3a03ef692fb6e34.php 第 74 行.
NOTIC: [8] Use of undefined constant personshare - assumed 'personshare' D:\xampp\htdocs\passon\Application\Runtime\Cache\Home\58d3738f1086d91bf3a03ef692fb6e34.php 第 75 行.
NOTIC: [8] Undefined index: phone D:\xampp\htdocs\passon\Application\Runtime\Cache\Home\58d3738f1086d91bf3a03ef692fb6e34.php 第 105 行.
NOTIC: [8] Undefined index: email D:\xampp\htdocs\passon\Application\Runtime\Cache\Home\58d3738f1086d91bf3a03ef692fb6e34.php 第 106 行.
NOTIC: [8] Undefined index: addr D:\xampp\htdocs\passon\Application\Runtime\Cache\Home\58d3738f1086d91bf3a03ef692fb6e34.php 第 107 行.
NOTIC: [8] Use of undefined constant usmessage - assumed 'usmessage' D:\xampp\htdocs\passon\Application\Runtime\Cache\Home\58d3738f1086d91bf3a03ef692fb6e34.php 第 110 行.
NOTIC: [8] Use of undefined constant usemessage - assumed 'usemessage' D:\xampp\htdocs\passon\Application\Runtime\Cache\Home\58d3738f1086d91bf3a03ef692fb6e34.php 第 120 行.
NOTIC: [8] Use of undefined constant personshare - assumed 'personshare' D:\xampp\htdocs\passon\Application\Runtime\Cache\Home\58d3738f1086d91bf3a03ef692fb6e34.php 第 151 行.
NOTIC: [8] Undefined variable: mybooks D:\xampp\htdocs\passon\Application\Runtime\Cache\Home\58d3738f1086d91bf3a03ef692fb6e34.php 第 158 行.
NOTIC: [8] Use of undefined constant mykeeps - assumed 'mykeeps' D:\xampp\htdocs\passon\Application\Runtime\Cache\Home\58d3738f1086d91bf3a03ef692fb6e34.php 第 173 行.
NOTIC: [8] Use of undefined constant bookorder - assumed 'bookorder' D:\xampp\htdocs\passon\Application\Runtime\Cache\Home\58d3738f1086d91bf3a03ef692fb6e34.php 第 174 行.
NOTIC: [8] Undefined variable: item D:\xampp\htdocs\passon\Application\Runtime\Cache\Home\58d3738f1086d91bf3a03ef692fb6e34.php 第 208 行.
NOTIC: [8] Use of undefined constant bookInfo - assumed 'bookInfo' D:\xampp\htdocs\passon\Application\Runtime\Cache\Home\58d3738f1086d91bf3a03ef692fb6e34.php 第 212 行.
NOTIC: [8] Undefined variable: item D:\xampp\htdocs\passon\Application\Runtime\Cache\Home\58d3738f1086d91bf3a03ef692fb6e34.php 第 212 行.
INFO: Run Behavior\ParseTemplateBehavior [ RunTime:0.017001s ]
INFO: [ view_parse ] --END-- [ RunTime:0.017001s ]
INFO: [ view_filter ] --START--
INFO: Run Behavior\WriteHtmlCacheBehavior [ RunTime:0.001000s ]
INFO: [ view_filter ] --END-- [ RunTime:0.001000s ]
INFO: [ app_end ] --START--
INFO: Run Behavior\ShowPageTraceBehavior [ RunTime:0.001000s ]
INFO: [ app_end ] --END-- [ RunTime:0.001000s ]

[ 2015-12-17T17:46:15+08:00 ] ::1 /passon/index.php/Home/Index/mykeeps.html
INFO: [ app_init ] --START--
INFO: Run Behavior\BuildLiteBehavior [ RunTime:0.000000s ]
INFO: [ app_init ] --END-- [ RunTime:0.001000s ]
INFO: [ app_begin ] --START--
INFO: Run Behavior\ReadHtmlCacheBehavior [ RunTime:0.002000s ]
INFO: [ app_begin ] --END-- [ RunTime:0.002000s ]
SQL: SHOW COLUMNS FROM `wind87_book` [ RunTime:0.0040s ]
SQL: SHOW COLUMNS FROM `wind87_booksusers` [ RunTime:0.0060s ]
SQL: SELECT * FROM `wind87_booksusers` WHERE `username` = 'huran' LIMIT 1   [ RunTime:0.0020s ]
SQL: SELECT COUNT(*) AS tp_count FROM `wind87_book` WHERE `keeper_name` = 'huran' AND `status` = 2 LIMIT 1   [ RunTime:0.0010s ]
SQL: SELECT * FROM `wind87_book` WHERE `keeper_name` = 'huran' AND `status` = 2 ORDER BY book_id desc LIMIT 0,2   [ RunTime:0.0020s ]
SQL: SHOW COLUMNS FROM `wind87_bookinfo` [ RunTime:0.0050s ]
SQL: SELECT * FROM `wind87_bookinfo` WHERE `isbn` = '9787213049422' LIMIT 1   [ RunTime:0.0000s ]
INFO: [ view_parse ] --START--
INFO: [ template_filter ] --START--
INFO: Run Behavior\ContentReplaceBehavior [ RunTime:0.001000s ]
INFO: [ template_filter ] --END-- [ RunTime:0.001000s ]
NOTIC: [8] Use of undefined constant index - assumed 'index' D:\xampp\htdocs\passon\Application\Runtime\Cache\Home\5d72e4b9bbaf9601857e2a402f636c9e.php 第 15 行.
NOTIC: [8] Use of undefined constant squre - assumed 'squre' D:\xampp\htdocs\passon\Application\Runtime\Cache\Home\5d72e4b9bbaf9601857e2a402f636c9e.php 第 16 行.
NOTIC: [8] Use of undefined constant share - assumed 'share' D:\xampp\htdocs\passon\Application\Runtime\Cache\Home\5d72e4b9bbaf9601857e2a402f636c9e.php 第 17 行.
NOTIC: [8] Use of undefined constant search - assumed 'search' D:\xampp\htdocs\passon\Application\Runtime\Cache\Home\5d72e4b9bbaf9601857e2a402f636c9e.php 第 20 行.
NOTIC: [8] Use of undefined constant register - assumed 'register' D:\xampp\htdocs\passon\Application\Runtime\Cache\Home\5d72e4b9bbaf9601857e2a402f636c9e.php 第 41 行.
NOTIC: [8] Use of undefined constant login - assumed 'login' D:\xampp\htdocs\passon\Application\Runtime\Cache\Home\5d72e4b9bbaf9601857e2a402f636c9e.php 第 42 行.
NOTIC: [8] Use of undefined constant person - assumed 'person' D:\xampp\htdocs\passon\Application\Runtime\Cache\Home\5d72e4b9bbaf9601857e2a402f636c9e.php 第 45 行.
NOTIC: [8] Use of undefined constant contribute - assumed 'contribute' D:\xampp\htdocs\passon\Application\Runtime\Cache\Home\5d72e4b9bbaf9601857e2a402f636c9e.php 第 66 行.
NOTIC: [8] Use of undefined constant message - assumed 'message' D:\xampp\htdocs\passon\Application\Runtime\Cache\Home\5d72e4b9bbaf9601857e2a402f636c9e.php 第 74 行.
NOTIC: [8] Undefined index: phone D:\xampp\htdocs\passon\Application\Runtime\Cache\Home\5d72e4b9bbaf9601857e2a402f636c9e.php 第 105 行.
NOTIC: [8] Undefined index: email D:\xampp\htdocs\passon\Application\Runtime\Cache\Home\5d72e4b9bbaf9601857e2a402f636c9e.php 第 106 行.
NOTIC: [8] Undefined index: addr D:\xampp\htdocs\passon\Application\Runtime\Cache\Home\5d72e4b9bbaf9601857e2a402f636c9e.php 第 107 行.
NOTIC: [8] Use of undefined constant usmessage - assumed 'usmessage' D:\xampp\htdocs\passon\Application\Runtime\Cache\Home\5d72e4b9bbaf9601857e2a402f636c9e.php 第 110 行.
NOTIC: [8] Use of undefined constant usemessage - assumed 'usemessage' D:\xampp\htdocs\passon\Application\Runtime\Cache\Home\5d72e4b9bbaf9601857e2a402f636c9e.php 第 120 行.
NOTIC: [8] Use of undefined constant personshare - assumed 'personshare' D:\xampp\htdocs\passon\Application\Runtime\Cache\Home\5d72e4b9bbaf9601857e2a402f636c9e.php 第 151 行.
NOTIC: [8] Undefined variable: mybooks D:\xampp\htdocs\passon\Application\Runtime\Cache\Home\5d72e4b9bbaf9601857e2a402f636c9e.php 第 158 行.
NOTIC: [8] Use of undefined constant mykeeps - assumed 'mykeeps' D:\xampp\htdocs\passon\Application\Runtime\Cache\Home\5d72e4b9bbaf9601857e2a402f636c9e.php 第 178 行.
NOTIC: [8] Use of undefined constant bookorder - assumed 'bookorder' D:\xampp\htdocs\passon\Application\Runtime\Cache\Home\5d72e4b9bbaf9601857e2a402f636c9e.php 第 179 行.
NOTIC: [8] Use of undefined constant bookInfo - assumed 'bookInfo' D:\xampp\htdocs\passon\Application\Runtime\Cache\Home\5d72e4b9bbaf9601857e2a402f636c9e.php 第 185 行.
NOTIC: [8] Use of undefined constant bookInfo - assumed 'bookInfo' D:\xampp\htdocs\passon\Application\Runtime\Cache\Home\5d72e4b9bbaf9601857e2a402f636c9e.php 第 191 行.
NOTIC: [8] Use of undefined constant bookInfo - assumed 'bookInfo' D:\xampp\htdocs\passon\Application\Runtime\Cache\Home\5d72e4b9bbaf9601857e2a402f636c9e.php 第 206 行.
INFO: Run Behavior\ParseTemplateBehavior [ RunTime:0.014001s ]
INFO: [ view_parse ] --END-- [ RunTime:0.014001s ]
INFO: [ view_filter ] --START--
INFO: Run Behavior\WriteHtmlCacheBehavior [ RunTime:0.002000s ]
INFO: [ view_filter ] --END-- [ RunTime:0.002000s ]
INFO: [ app_end ] --START--
INFO: Run Behavior\ShowPageTraceBehavior [ RunTime:0.001000s ]
INFO: [ app_end ] --END-- [ RunTime:0.002000s ]

[ 2015-12-17T17:46:16+08:00 ] ::1 /passon/index.php/Home/Index/bookorder.html
INFO: [ app_init ] --START--
INFO: Run Behavior\BuildLiteBehavior [ RunTime:0.000000s ]
INFO: [ app_init ] --END-- [ RunTime:0.001000s ]
INFO: [ app_begin ] --START--
INFO: Run Behavior\ReadHtmlCacheBehavior [ RunTime:0.001000s ]
INFO: [ app_begin ] --END-- [ RunTime:0.001000s ]
SQL: SHOW COLUMNS FROM `wind87_book` [ RunTime:0.0040s ]
SQL: SHOW COLUMNS FROM `wind87_booksusers` [ RunTime:0.0060s ]
SQL: SELECT * FROM `wind87_booksusers` WHERE `username` = 'huran' LIMIT 1   [ RunTime:0.0010s ]
SQL: SELECT COUNT(*) AS tp_count FROM `wind87_book` WHERE `keeper_name` = 'huran' AND `status` = 4 LIMIT 1   [ RunTime:0.0010s ]
SQL: SELECT * FROM `wind87_book` WHERE `keeper_name` = 'huran' AND `status` = 4 ORDER BY book_id desc LIMIT 0,2   [ RunTime:0.0010s ]
SQL: SHOW COLUMNS FROM `wind87_bookinfo` [ RunTime:0.0040s ]
INFO: [ view_parse ] --START--
INFO: [ template_filter ] --START--
INFO: Run Behavior\ContentReplaceBehavior [ RunTime:0.000000s ]
INFO: [ template_filter ] --END-- [ RunTime:0.000000s ]
NOTIC: [8] Use of undefined constant index - assumed 'index' D:\xampp\htdocs\passon\Application\Runtime\Cache\Home\58d3738f1086d91bf3a03ef692fb6e34.php 第 15 行.
NOTIC: [8] Use of undefined constant squre - assumed 'squre' D:\xampp\htdocs\passon\Application\Runtime\Cache\Home\58d3738f1086d91bf3a03ef692fb6e34.php 第 16 行.
NOTIC: [8] Use of undefined constant share - assumed 'share' D:\xampp\htdocs\passon\Application\Runtime\Cache\Home\58d3738f1086d91bf3a03ef692fb6e34.php 第 17 行.
NOTIC: [8] Use of undefined constant search - assumed 'search' D:\xampp\htdocs\passon\Application\Runtime\Cache\Home\58d3738f1086d91bf3a03ef692fb6e34.php 第 20 行.
NOTIC: [8] Use of undefined constant register - assumed 'register' D:\xampp\htdocs\passon\Application\Runtime\Cache\Home\58d3738f1086d91bf3a03ef692fb6e34.php 第 41 行.
NOTIC: [8] Use of undefined constant login - assumed 'login' D:\xampp\htdocs\passon\Application\Runtime\Cache\Home\58d3738f1086d91bf3a03ef692fb6e34.php 第 42 行.
NOTIC: [8] Use of undefined constant person - assumed 'person' D:\xampp\htdocs\passon\Application\Runtime\Cache\Home\58d3738f1086d91bf3a03ef692fb6e34.php 第 45 行.
NOTIC: [8] Use of undefined constant contribute - assumed 'contribute' D:\xampp\htdocs\passon\Application\Runtime\Cache\Home\58d3738f1086d91bf3a03ef692fb6e34.php 第 66 行.
NOTIC: [8] Use of undefined constant message - assumed 'message' D:\xampp\htdocs\passon\Application\Runtime\Cache\Home\58d3738f1086d91bf3a03ef692fb6e34.php 第 74 行.
NOTIC: [8] Use of undefined constant personshare - assumed 'personshare' D:\xampp\htdocs\passon\Application\Runtime\Cache\Home\58d3738f1086d91bf3a03ef692fb6e34.php 第 75 行.
NOTIC: [8] Undefined index: phone D:\xampp\htdocs\passon\Application\Runtime\Cache\Home\58d3738f1086d91bf3a03ef692fb6e34.php 第 105 行.
NOTIC: [8] Undefined index: email D:\xampp\htdocs\passon\Application\Runtime\Cache\Home\58d3738f1086d91bf3a03ef692fb6e34.php 第 106 行.
NOTIC: [8] Undefined index: addr D:\xampp\htdocs\passon\Application\Runtime\Cache\Home\58d3738f1086d91bf3a03ef692fb6e34.php 第 107 行.
NOTIC: [8] Use of undefined constant usmessage - assumed 'usmessage' D:\xampp\htdocs\passon\Application\Runtime\Cache\Home\58d3738f1086d91bf3a03ef692fb6e34.php 第 110 行.
NOTIC: [8] Use of undefined constant usemessage - assumed 'usemessage' D:\xampp\htdocs\passon\Application\Runtime\Cache\Home\58d3738f1086d91bf3a03ef692fb6e34.php 第 120 行.
NOTIC: [8] Use of undefined constant personshare - assumed 'personshare' D:\xampp\htdocs\passon\Application\Runtime\Cache\Home\58d3738f1086d91bf3a03ef692fb6e34.php 第 151 行.
NOTIC: [8] Undefined variable: mybooks D:\xampp\htdocs\passon\Application\Runtime\Cache\Home\58d3738f1086d91bf3a03ef692fb6e34.php 第 158 行.
NOTIC: [8] Use of undefined constant mykeeps - assumed 'mykeeps' D:\xampp\htdocs\passon\Application\Runtime\Cache\Home\58d3738f1086d91bf3a03ef692fb6e34.php 第 173 行.
NOTIC: [8] Use of undefined constant bookorder - assumed 'bookorder' D:\xampp\htdocs\passon\Application\Runtime\Cache\Home\58d3738f1086d91bf3a03ef692fb6e34.php 第 174 行.
NOTIC: [8] Undefined variable: item D:\xampp\htdocs\passon\Application\Runtime\Cache\Home\58d3738f1086d91bf3a03ef692fb6e34.php 第 208 行.
NOTIC: [8] Use of undefined constant bookInfo - assumed 'bookInfo' D:\xampp\htdocs\passon\Application\Runtime\Cache\Home\58d3738f1086d91bf3a03ef692fb6e34.php 第 212 行.
NOTIC: [8] Undefined variable: item D:\xampp\htdocs\passon\Application\Runtime\Cache\Home\58d3738f1086d91bf3a03ef692fb6e34.php 第 212 行.
INFO: Run Behavior\ParseTemplateBehavior [ RunTime:0.017001s ]
INFO: [ view_parse ] --END-- [ RunTime:0.017001s ]
INFO: [ view_filter ] --START--
INFO: Run Behavior\WriteHtmlCacheBehavior [ RunTime:0.001000s ]
INFO: [ view_filter ] --END-- [ RunTime:0.001000s ]
INFO: [ app_end ] --START--
INFO: Run Behavior\ShowPageTraceBehavior [ RunTime:0.001000s ]
INFO: [ app_end ] --END-- [ RunTime:0.001000s ]

[ 2015-12-17T17:46:17+08:00 ] ::1 /passon/index.php/Home/Index/mykeeps.html
INFO: [ app_init ] --START--
INFO: Run Behavior\BuildLiteBehavior [ RunTime:0.000000s ]
INFO: [ app_init ] --END-- [ RunTime:0.001000s ]
INFO: [ app_begin ] --START--
INFO: Run Behavior\ReadHtmlCacheBehavior [ RunTime:0.001001s ]
INFO: [ app_begin ] --END-- [ RunTime:0.002001s ]
SQL: SHOW COLUMNS FROM `wind87_book` [ RunTime:0.0060s ]
SQL: SHOW COLUMNS FROM `wind87_booksusers` [ RunTime:0.0050s ]
SQL: SELECT * FROM `wind87_booksusers` WHERE `username` = 'huran' LIMIT 1   [ RunTime:0.0010s ]
SQL: SELECT COUNT(*) AS tp_count FROM `wind87_book` WHERE `keeper_name` = 'huran' AND `status` = 2 LIMIT 1   [ RunTime:0.0010s ]
SQL: SELECT * FROM `wind87_book` WHERE `keeper_name` = 'huran' AND `status` = 2 ORDER BY book_id desc LIMIT 0,2   [ RunTime:0.0010s ]
SQL: SHOW COLUMNS FROM `wind87_bookinfo` [ RunTime:0.0050s ]
SQL: SELECT * FROM `wind87_bookinfo` WHERE `isbn` = '9787213049422' LIMIT 1   [ RunTime:0.0010s ]
INFO: [ view_parse ] --START--
INFO: [ template_filter ] --START--
INFO: Run Behavior\ContentReplaceBehavior [ RunTime:0.000000s ]
INFO: [ template_filter ] --END-- [ RunTime:0.000000s ]
NOTIC: [8] Use of undefined constant index - assumed 'index' D:\xampp\htdocs\passon\Application\Runtime\Cache\Home\5d72e4b9bbaf9601857e2a402f636c9e.php 第 15 行.
NOTIC: [8] Use of undefined constant squre - assumed 'squre' D:\xampp\htdocs\passon\Application\Runtime\Cache\Home\5d72e4b9bbaf9601857e2a402f636c9e.php 第 16 行.
NOTIC: [8] Use of undefined constant share - assumed 'share' D:\xampp\htdocs\passon\Application\Runtime\Cache\Home\5d72e4b9bbaf9601857e2a402f636c9e.php 第 17 行.
NOTIC: [8] Use of undefined constant search - assumed 'search' D:\xampp\htdocs\passon\Application\Runtime\Cache\Home\5d72e4b9bbaf9601857e2a402f636c9e.php 第 20 行.
NOTIC: [8] Use of undefined constant register - assumed 'register' D:\xampp\htdocs\passon\Application\Runtime\Cache\Home\5d72e4b9bbaf9601857e2a402f636c9e.php 第 41 行.
NOTIC: [8] Use of undefined constant login - assumed 'login' D:\xampp\htdocs\passon\Application\Runtime\Cache\Home\5d72e4b9bbaf9601857e2a402f636c9e.php 第 42 行.
NOTIC: [8] Use of undefined constant person - assumed 'person' D:\xampp\htdocs\passon\Application\Runtime\Cache\Home\5d72e4b9bbaf9601857e2a402f636c9e.php 第 45 行.
NOTIC: [8] Use of undefined constant contribute - assumed 'contribute' D:\xampp\htdocs\passon\Application\Runtime\Cache\Home\5d72e4b9bbaf9601857e2a402f636c9e.php 第 66 行.
NOTIC: [8] Use of undefined constant message - assumed 'message' D:\xampp\htdocs\passon\Application\Runtime\Cache\Home\5d72e4b9bbaf9601857e2a402f636c9e.php 第 74 行.
NOTIC: [8] Undefined index: phone D:\xampp\htdocs\passon\Application\Runtime\Cache\Home\5d72e4b9bbaf9601857e2a402f636c9e.php 第 105 行.
NOTIC: [8] Undefined index: email D:\xampp\htdocs\passon\Application\Runtime\Cache\Home\5d72e4b9bbaf9601857e2a402f636c9e.php 第 106 行.
NOTIC: [8] Undefined index: addr D:\xampp\htdocs\passon\Application\Runtime\Cache\Home\5d72e4b9bbaf9601857e2a402f636c9e.php 第 107 行.
NOTIC: [8] Use of undefined constant usmessage - assumed 'usmessage' D:\xampp\htdocs\passon\Application\Runtime\Cache\Home\5d72e4b9bbaf9601857e2a402f636c9e.php 第 110 行.
NOTIC: [8] Use of undefined constant usemessage - assumed 'usemessage' D:\xampp\htdocs\passon\Application\Runtime\Cache\Home\5d72e4b9bbaf9601857e2a402f636c9e.php 第 120 行.
NOTIC: [8] Use of undefined constant personshare - assumed 'personshare' D:\xampp\htdocs\passon\Application\Runtime\Cache\Home\5d72e4b9bbaf9601857e2a402f636c9e.php 第 151 行.
NOTIC: [8] Undefined variable: mybooks D:\xampp\htdocs\passon\Application\Runtime\Cache\Home\5d72e4b9bbaf9601857e2a402f636c9e.php 第 158 行.
NOTIC: [8] Use of undefined constant mykeeps - assumed 'mykeeps' D:\xampp\htdocs\passon\Application\Runtime\Cache\Home\5d72e4b9bbaf9601857e2a402f636c9e.php 第 178 行.
NOTIC: [8] Use of undefined constant bookorder - assumed 'bookorder' D:\xampp\htdocs\passon\Application\Runtime\Cache\Home\5d72e4b9bbaf9601857e2a402f636c9e.php 第 179 行.
NOTIC: [8] Use of undefined constant bookInfo - assumed 'bookInfo' D:\xampp\htdocs\passon\Application\Runtime\Cache\Home\5d72e4b9bbaf9601857e2a402f636c9e.php 第 185 行.
NOTIC: [8] Use of undefined constant bookInfo - assumed 'bookInfo' D:\xampp\htdocs\passon\Application\Runtime\Cache\Home\5d72e4b9bbaf9601857e2a402f636c9e.php 第 191 行.
NOTIC: [8] Use of undefined constant bookInfo - assumed 'bookInfo' D:\xampp\htdocs\passon\Application\Runtime\Cache\Home\5d72e4b9bbaf9601857e2a402f636c9e.php 第 206 行.
INFO: Run Behavior\ParseTemplateBehavior [ RunTime:0.015001s ]
INFO: [ view_parse ] --END-- [ RunTime:0.015001s ]
INFO: [ view_filter ] --START--
INFO: Run Behavior\WriteHtmlCacheBehavior [ RunTime:0.001000s ]
INFO: [ view_filter ] --END-- [ RunTime:0.001000s ]
INFO: [ app_end ] --START--
INFO: Run Behavior\ShowPageTraceBehavior [ RunTime:0.002000s ]
INFO: [ app_end ] --END-- [ RunTime:0.002000s ]

[ 2015-12-17T17:46:27+08:00 ] ::1 /passon/index.php/Home/Index/personshare.html
INFO: [ app_init ] --START--
INFO: Run Behavior\BuildLiteBehavior [ RunTime:0.000000s ]
INFO: [ app_init ] --END-- [ RunTime:0.000000s ]
INFO: [ app_begin ] --START--
INFO: Run Behavior\ReadHtmlCacheBehavior [ RunTime:0.001000s ]
INFO: [ app_begin ] --END-- [ RunTime:0.001000s ]
SQL: SHOW COLUMNS FROM `wind87_book` [ RunTime:0.0050s ]
SQL: SHOW COLUMNS FROM `wind87_booksusers` [ RunTime:0.0050s ]
SQL: SELECT * FROM `wind87_booksusers` WHERE `username` = 'huran' LIMIT 1   [ RunTime:0.0000s ]
SQL: SELECT COUNT(*) AS tp_count FROM `wind87_book` LIMIT 1   [ RunTime:0.0000s ]
SQL: SELECT * FROM `wind87_book` WHERE `owner_name` = 'huran' ORDER BY book_id DESC LIMIT 0,2   [ RunTime:0.0000s ]
SQL: SHOW COLUMNS FROM `wind87_bookinfo` [ RunTime:0.0050s ]
SQL: SELECT * FROM `wind87_bookinfo` WHERE `isbn` = '9787115334589' LIMIT 1   [ RunTime:0.0010s ]
SQL: SELECT * FROM `wind87_bookinfo` WHERE `isbn` = '9787111380931' LIMIT 1   [ RunTime:0.0000s ]
INFO: [ view_parse ] --START--
INFO: [ template_filter ] --START--
INFO: Run Behavior\ContentReplaceBehavior [ RunTime:0.000000s ]
INFO: [ template_filter ] --END-- [ RunTime:0.000000s ]
NOTIC: [8] Use of undefined constant index - assumed 'index' D:\xampp\htdocs\passon\Application\Runtime\Cache\Home\eb4a1c91188ecd6c8e9f4f8a334915d5.php 第 15 行.
NOTIC: [8] Use of undefined constant squre - assumed 'squre' D:\xampp\htdocs\passon\Application\Runtime\Cache\Home\eb4a1c91188ecd6c8e9f4f8a334915d5.php 第 16 行.
NOTIC: [8] Use of undefined constant share - assumed 'share' D:\xampp\htdocs\passon\Application\Runtime\Cache\Home\eb4a1c91188ecd6c8e9f4f8a334915d5.php 第 17 行.
NOTIC: [8] Use of undefined constant search - assumed 'search' D:\xampp\htdocs\passon\Application\Runtime\Cache\Home\eb4a1c91188ecd6c8e9f4f8a334915d5.php 第 20 行.
NOTIC: [8] Use of undefined constant register - assumed 'register' D:\xampp\htdocs\passon\Application\Runtime\Cache\Home\eb4a1c91188ecd6c8e9f4f8a334915d5.php 第 41 行.
NOTIC: [8] Use of undefined constant login - assumed 'login' D:\xampp\htdocs\passon\Application\Runtime\Cache\Home\eb4a1c91188ecd6c8e9f4f8a334915d5.php 第 42 行.
NOTIC: [8] Use of undefined constant person - assumed 'person' D:\xampp\htdocs\passon\Application\Runtime\Cache\Home\eb4a1c91188ecd6c8e9f4f8a334915d5.php 第 45 行.
NOTIC: [8] Use of undefined constant contribute - assumed 'contribute' D:\xampp\htdocs\passon\Application\Runtime\Cache\Home\eb4a1c91188ecd6c8e9f4f8a334915d5.php 第 66 行.
NOTIC: [8] Use of undefined constant message - assumed 'message' D:\xampp\htdocs\passon\Application\Runtime\Cache\Home\eb4a1c91188ecd6c8e9f4f8a334915d5.php 第 74 行.
NOTIC: [8] Undefined index: phone D:\xampp\htdocs\passon\Application\Runtime\Cache\Home\eb4a1c91188ecd6c8e9f4f8a334915d5.php 第 105 行.
NOTIC: [8] Undefined index: email D:\xampp\htdocs\passon\Application\Runtime\Cache\Home\eb4a1c91188ecd6c8e9f4f8a334915d5.php 第 106 行.
NOTIC: [8] Undefined index: addr D:\xampp\htdocs\passon\Application\Runtime\Cache\Home\eb4a1c91188ecd6c8e9f4f8a334915d5.php 第 107 行.
NOTIC: [8] Use of undefined constant usmessage - assumed 'usmessage' D:\xampp\htdocs\passon\Application\Runtime\Cache\Home\eb4a1c91188ecd6c8e9f4f8a334915d5.php 第 110 行.
NOTIC: [8] Use of undefined constant usemessage - assumed 'usemessage' D:\xampp\htdocs\passon\Application\Runtime\Cache\Home\eb4a1c91188ecd6c8e9f4f8a334915d5.php 第 120 行.
NOTIC: [8] Use of undefined constant myKeeps - assumed 'myKeeps' D:\xampp\htdocs\passon\Application\Runtime\Cache\Home\eb4a1c91188ecd6c8e9f4f8a334915d5.php 第 152 行.
NOTIC: [8] Use of undefined constant bookInfo - assumed 'bookInfo' D:\xampp\htdocs\passon\Application\Runtime\Cache\Home\eb4a1c91188ecd6c8e9f4f8a334915d5.php 第 160 行.
NOTIC: [8] Use of undefined constant bookInfo - assumed 'bookInfo' D:\xampp\htdocs\passon\Application\Runtime\Cache\Home\eb4a1c91188ecd6c8e9f4f8a334915d5.php 第 160 行.
NOTIC: [8] Use of undefined constant mykeeps - assumed 'mykeeps' D:\xampp\htdocs\passon\Application\Runtime\Cache\Home\eb4a1c91188ecd6c8e9f4f8a334915d5.php 第 178 行.
NOTIC: [8] Use of undefined constant bookorder - assumed 'bookorder' D:\xampp\htdocs\passon\Application\Runtime\Cache\Home\eb4a1c91188ecd6c8e9f4f8a334915d5.php 第 179 行.
NOTIC: [8] Use of undefined constant bookInfo - assumed 'bookInfo' D:\xampp\htdocs\passon\Application\Runtime\Cache\Home\eb4a1c91188ecd6c8e9f4f8a334915d5.php 第 191 行.
NOTIC: [8] Use of undefined constant bookInfo - assumed 'bookInfo' D:\xampp\htdocs\passon\Application\Runtime\Cache\Home\eb4a1c91188ecd6c8e9f4f8a334915d5.php 第 191 行.
NOTIC: [8] Use of undefined constant bookInfo - assumed 'bookInfo' D:\xampp\htdocs\passon\Application\Runtime\Cache\Home\eb4a1c91188ecd6c8e9f4f8a334915d5.php 第 206 行.
INFO: Run Behavior\ParseTemplateBehavior [ RunTime:0.015000s ]
INFO: [ view_parse ] --END-- [ RunTime:0.015000s ]
INFO: [ view_filter ] --START--
INFO: Run Behavior\WriteHtmlCacheBehavior [ RunTime:0.001001s ]
INFO: [ view_filter ] --END-- [ RunTime:0.001001s ]
INFO: [ app_end ] --START--
INFO: Run Behavior\ShowPageTraceBehavior [ RunTime:0.001000s ]
INFO: [ app_end ] --END-- [ RunTime:0.001000s ]

[ 2015-12-17T17:46:29+08:00 ] ::1 /passon/index.php/Home/Index/myKeeps.html
INFO: [ app_init ] --START--
INFO: Run Behavior\BuildLiteBehavior [ RunTime:0.000000s ]
INFO: [ app_init ] --END-- [ RunTime:0.000000s ]
INFO: [ app_begin ] --START--
INFO: Run Behavior\ReadHtmlCacheBehavior [ RunTime:0.001000s ]
INFO: [ app_begin ] --END-- [ RunTime:0.001000s ]
SQL: SHOW COLUMNS FROM `wind87_book` [ RunTime:0.0040s ]
SQL: SHOW COLUMNS FROM `wind87_booksusers` [ RunTime:0.0050s ]
SQL: SELECT * FROM `wind87_booksusers` WHERE `username` = 'huran' LIMIT 1   [ RunTime:0.0010s ]
SQL: SELECT COUNT(*) AS tp_count FROM `wind87_book` WHERE `keeper_name` = 'huran' AND `status` = 2 LIMIT 1   [ RunTime:0.0000s ]
SQL: SELECT * FROM `wind87_book` WHERE `keeper_name` = 'huran' AND `status` = 2 ORDER BY book_id desc LIMIT 0,2   [ RunTime:0.0010s ]
SQL: SHOW COLUMNS FROM `wind87_bookinfo` [ RunTime:0.0050s ]
SQL: SELECT * FROM `wind87_bookinfo` WHERE `isbn` = '9787213049422' LIMIT 1   [ RunTime:0.0000s ]
INFO: [ view_parse ] --START--
INFO: [ template_filter ] --START--
INFO: Run Behavior\ContentReplaceBehavior [ RunTime:0.000000s ]
INFO: [ template_filter ] --END-- [ RunTime:0.000000s ]
NOTIC: [8] Use of undefined constant index - assumed 'index' D:\xampp\htdocs\passon\Application\Runtime\Cache\Home\c73c3ea370257da7b0b5736000bbe254.php 第 15 行.
NOTIC: [8] Use of undefined constant squre - assumed 'squre' D:\xampp\htdocs\passon\Application\Runtime\Cache\Home\c73c3ea370257da7b0b5736000bbe254.php 第 16 行.
NOTIC: [8] Use of undefined constant share - assumed 'share' D:\xampp\htdocs\passon\Application\Runtime\Cache\Home\c73c3ea370257da7b0b5736000bbe254.php 第 17 行.
NOTIC: [8] Use of undefined constant search - assumed 'search' D:\xampp\htdocs\passon\Application\Runtime\Cache\Home\c73c3ea370257da7b0b5736000bbe254.php 第 20 行.
NOTIC: [8] Use of undefined constant register - assumed 'register' D:\xampp\htdocs\passon\Application\Runtime\Cache\Home\c73c3ea370257da7b0b5736000bbe254.php 第 41 行.
NOTIC: [8] Use of undefined constant login - assumed 'login' D:\xampp\htdocs\passon\Application\Runtime\Cache\Home\c73c3ea370257da7b0b5736000bbe254.php 第 42 行.
NOTIC: [8] Use of undefined constant person - assumed 'person' D:\xampp\htdocs\passon\Application\Runtime\Cache\Home\c73c3ea370257da7b0b5736000bbe254.php 第 45 行.
NOTIC: [8] Use of undefined constant contribute - assumed 'contribute' D:\xampp\htdocs\passon\Application\Runtime\Cache\Home\c73c3ea370257da7b0b5736000bbe254.php 第 66 行.
NOTIC: [8] Use of undefined constant message - assumed 'message' D:\xampp\htdocs\passon\Application\Runtime\Cache\Home\c73c3ea370257da7b0b5736000bbe254.php 第 74 行.
NOTIC: [8] Undefined index: phone D:\xampp\htdocs\passon\Application\Runtime\Cache\Home\c73c3ea370257da7b0b5736000bbe254.php 第 105 行.
NOTIC: [8] Undefined index: email D:\xampp\htdocs\passon\Application\Runtime\Cache\Home\c73c3ea370257da7b0b5736000bbe254.php 第 106 行.
NOTIC: [8] Undefined index: addr D:\xampp\htdocs\passon\Application\Runtime\Cache\Home\c73c3ea370257da7b0b5736000bbe254.php 第 107 行.
NOTIC: [8] Use of undefined constant usmessage - assumed 'usmessage' D:\xampp\htdocs\passon\Application\Runtime\Cache\Home\c73c3ea370257da7b0b5736000bbe254.php 第 110 行.
NOTIC: [8] Use of undefined constant usemessage - assumed 'usemessage' D:\xampp\htdocs\passon\Application\Runtime\Cache\Home\c73c3ea370257da7b0b5736000bbe254.php 第 120 行.
NOTIC: [8] Use of undefined constant personshare - assumed 'personshare' D:\xampp\htdocs\passon\Application\Runtime\Cache\Home\c73c3ea370257da7b0b5736000bbe254.php 第 151 行.
NOTIC: [8] Undefined variable: mybooks D:\xampp\htdocs\passon\Application\Runtime\Cache\Home\c73c3ea370257da7b0b5736000bbe254.php 第 158 行.
NOTIC: [8] Use of undefined constant mykeeps - assumed 'mykeeps' D:\xampp\htdocs\passon\Application\Runtime\Cache\Home\c73c3ea370257da7b0b5736000bbe254.php 第 178 行.
NOTIC: [8] Use of undefined constant bookorder - assumed 'bookorder' D:\xampp\htdocs\passon\Application\Runtime\Cache\Home\c73c3ea370257da7b0b5736000bbe254.php 第 179 行.
NOTIC: [8] Use of undefined constant bookInfo - assumed 'bookInfo' D:\xampp\htdocs\passon\Application\Runtime\Cache\Home\c73c3ea370257da7b0b5736000bbe254.php 第 185 行.
NOTIC: [8] Use of undefined constant bookInfo - assumed 'bookInfo' D:\xampp\htdocs\passon\Application\Runtime\Cache\Home\c73c3ea370257da7b0b5736000bbe254.php 第 191 行.
NOTIC: [8] Use of undefined constant bookInfo - assumed 'bookInfo' D:\xampp\htdocs\passon\Application\Runtime\Cache\Home\c73c3ea370257da7b0b5736000bbe254.php 第 206 行.
INFO: Run Behavior\ParseTemplateBehavior [ RunTime:0.016001s ]
INFO: [ view_parse ] --END-- [ RunTime:0.016001s ]
INFO: [ view_filter ] --START--
INFO: Run Behavior\WriteHtmlCacheBehavior [ RunTime:0.001000s ]
INFO: [ view_filter ] --END-- [ RunTime:0.001000s ]
INFO: [ app_end ] --START--
INFO: Run Behavior\ShowPageTraceBehavior [ RunTime:0.001000s ]
INFO: [ app_end ] --END-- [ RunTime:0.002000s ]

[ 2015-12-17T17:46:29+08:00 ] ::1 /passon/index.php/Home/Index/bookorder.html
INFO: [ app_init ] --START--
INFO: Run Behavior\BuildLiteBehavior [ RunTime:0.000000s ]
INFO: [ app_init ] --END-- [ RunTime:0.001000s ]
INFO: [ app_begin ] --START--
INFO: Run Behavior\ReadHtmlCacheBehavior [ RunTime:0.001001s ]
INFO: [ app_begin ] --END-- [ RunTime:0.001001s ]
SQL: SHOW COLUMNS FROM `wind87_book` [ RunTime:0.0040s ]
SQL: SHOW COLUMNS FROM `wind87_booksusers` [ RunTime:0.0040s ]
SQL: SELECT * FROM `wind87_booksusers` WHERE `username` = 'huran' LIMIT 1   [ RunTime:0.0010s ]
SQL: SELECT COUNT(*) AS tp_count FROM `wind87_book` WHERE `keeper_name` = 'huran' AND `status` = 4 LIMIT 1   [ RunTime:0.0010s ]
SQL: SELECT * FROM `wind87_book` WHERE `keeper_name` = 'huran' AND `status` = 4 ORDER BY book_id desc LIMIT 0,2   [ RunTime:0.0010s ]
SQL: SHOW COLUMNS FROM `wind87_bookinfo` [ RunTime:0.0050s ]
INFO: [ view_parse ] --START--
INFO: [ template_filter ] --START--
INFO: Run Behavior\ContentReplaceBehavior [ RunTime:0.000000s ]
INFO: [ template_filter ] --END-- [ RunTime:0.000000s ]
NOTIC: [8] Use of undefined constant index - assumed 'index' D:\xampp\htdocs\passon\Application\Runtime\Cache\Home\58d3738f1086d91bf3a03ef692fb6e34.php 第 15 行.
NOTIC: [8] Use of undefined constant squre - assumed 'squre' D:\xampp\htdocs\passon\Application\Runtime\Cache\Home\58d3738f1086d91bf3a03ef692fb6e34.php 第 16 行.
NOTIC: [8] Use of undefined constant share - assumed 'share' D:\xampp\htdocs\passon\Application\Runtime\Cache\Home\58d3738f1086d91bf3a03ef692fb6e34.php 第 17 行.
NOTIC: [8] Use of undefined constant search - assumed 'search' D:\xampp\htdocs\passon\Application\Runtime\Cache\Home\58d3738f1086d91bf3a03ef692fb6e34.php 第 20 行.
NOTIC: [8] Use of undefined constant register - assumed 'register' D:\xampp\htdocs\passon\Application\Runtime\Cache\Home\58d3738f1086d91bf3a03ef692fb6e34.php 第 41 行.
NOTIC: [8] Use of undefined constant login - assumed 'login' D:\xampp\htdocs\passon\Application\Runtime\Cache\Home\58d3738f1086d91bf3a03ef692fb6e34.php 第 42 行.
NOTIC: [8] Use of undefined constant person - assumed 'person' D:\xampp\htdocs\passon\Application\Runtime\Cache\Home\58d3738f1086d91bf3a03ef692fb6e34.php 第 45 行.
NOTIC: [8] Use of undefined constant contribute - assumed 'contribute' D:\xampp\htdocs\passon\Application\Runtime\Cache\Home\58d3738f1086d91bf3a03ef692fb6e34.php 第 66 行.
NOTIC: [8] Use of undefined constant message - assumed 'message' D:\xampp\htdocs\passon\Application\Runtime\Cache\Home\58d3738f1086d91bf3a03ef692fb6e34.php 第 74 行.
NOTIC: [8] Use of undefined constant personshare - assumed 'personshare' D:\xampp\htdocs\passon\Application\Runtime\Cache\Home\58d3738f1086d91bf3a03ef692fb6e34.php 第 75 行.
NOTIC: [8] Undefined index: phone D:\xampp\htdocs\passon\Application\Runtime\Cache\Home\58d3738f1086d91bf3a03ef692fb6e34.php 第 105 行.
NOTIC: [8] Undefined index: email D:\xampp\htdocs\passon\Application\Runtime\Cache\Home\58d3738f1086d91bf3a03ef692fb6e34.php 第 106 行.
NOTIC: [8] Undefined index: addr D:\xampp\htdocs\passon\Application\Runtime\Cache\Home\58d3738f1086d91bf3a03ef692fb6e34.php 第 107 行.
NOTIC: [8] Use of undefined constant usmessage - assumed 'usmessage' D:\xampp\htdocs\passon\Application\Runtime\Cache\Home\58d3738f1086d91bf3a03ef692fb6e34.php 第 110 行.
NOTIC: [8] Use of undefined constant usemessage - assumed 'usemessage' D:\xampp\htdocs\passon\Application\Runtime\Cache\Home\58d3738f1086d91bf3a03ef692fb6e34.php 第 120 行.
NOTIC: [8] Use of undefined constant personshare - assumed 'personshare' D:\xampp\htdocs\passon\Application\Runtime\Cache\Home\58d3738f1086d91bf3a03ef692fb6e34.php 第 151 行.
NOTIC: [8] Undefined variable: mybooks D:\xampp\htdocs\passon\Application\Runtime\Cache\Home\58d3738f1086d91bf3a03ef692fb6e34.php 第 158 行.
NOTIC: [8] Use of undefined constant mykeeps - assumed 'mykeeps' D:\xampp\htdocs\passon\Application\Runtime\Cache\Home\58d3738f1086d91bf3a03ef692fb6e34.php 第 173 行.
NOTIC: [8] Use of undefined constant bookorder - assumed 'bookorder' D:\xampp\htdocs\passon\Application\Runtime\Cache\Home\58d3738f1086d91bf3a03ef692fb6e34.php 第 174 行.
NOTIC: [8] Undefined variable: item D:\xampp\htdocs\passon\Application\Runtime\Cache\Home\58d3738f1086d91bf3a03ef692fb6e34.php 第 208 行.
NOTIC: [8] Use of undefined constant bookInfo - assumed 'bookInfo' D:\xampp\htdocs\passon\Application\Runtime\Cache\Home\58d3738f1086d91bf3a03ef692fb6e34.php 第 212 行.
NOTIC: [8] Undefined variable: item D:\xampp\htdocs\passon\Application\Runtime\Cache\Home\58d3738f1086d91bf3a03ef692fb6e34.php 第 212 行.
INFO: Run Behavior\ParseTemplateBehavior [ RunTime:0.016001s ]
INFO: [ view_parse ] --END-- [ RunTime:0.016001s ]
INFO: [ view_filter ] --START--
INFO: Run Behavior\WriteHtmlCacheBehavior [ RunTime:0.001000s ]
INFO: [ view_filter ] --END-- [ RunTime:0.001000s ]
INFO: [ app_end ] --START--
INFO: Run Behavior\ShowPageTraceBehavior [ RunTime:0.002001s ]
INFO: [ app_end ] --END-- [ RunTime:0.002001s ]

[ 2015-12-17T17:48:08+08:00 ] ::1 /passon/index.php/Home/Index/person
INFO: [ app_init ] --START--
INFO: Run Behavior\BuildLiteBehavior [ RunTime:0.000000s ]
INFO: [ app_init ] --END-- [ RunTime:0.001000s ]
INFO: [ app_begin ] --START--
INFO: Run Behavior\ReadHtmlCacheBehavior [ RunTime:0.001000s ]
INFO: [ app_begin ] --END-- [ RunTime:0.002000s ]
SQL: SHOW COLUMNS FROM `wind87_booksusers` [ RunTime:0.0050s ]
SQL: SELECT * FROM `wind87_booksusers` WHERE `username` = 'huran' LIMIT 1   [ RunTime:0.0010s ]
INFO: [ view_parse ] --START--
INFO: [ template_filter ] --START--
INFO: Run Behavior\ContentReplaceBehavior [ RunTime:0.000000s ]
INFO: [ template_filter ] --END-- [ RunTime:0.001000s ]
NOTIC: [8] Use of undefined constant index - assumed 'index' D:\xampp\htdocs\passon\Application\Runtime\Cache\Home\8571270d6619e5b554873f4047466c88.php 第 15 行.
NOTIC: [8] Use of undefined constant squre - assumed 'squre' D:\xampp\htdocs\passon\Application\Runtime\Cache\Home\8571270d6619e5b554873f4047466c88.php 第 16 行.
NOTIC: [8] Use of undefined constant share - assumed 'share' D:\xampp\htdocs\passon\Application\Runtime\Cache\Home\8571270d6619e5b554873f4047466c88.php 第 17 行.
NOTIC: [8] Use of undefined constant search - assumed 'search' D:\xampp\htdocs\passon\Application\Runtime\Cache\Home\8571270d6619e5b554873f4047466c88.php 第 20 行.
NOTIC: [8] Use of undefined constant register - assumed 'register' D:\xampp\htdocs\passon\Application\Runtime\Cache\Home\8571270d6619e5b554873f4047466c88.php 第 41 行.
NOTIC: [8] Use of undefined constant login - assumed 'login' D:\xampp\htdocs\passon\Application\Runtime\Cache\Home\8571270d6619e5b554873f4047466c88.php 第 42 行.
NOTIC: [8] Use of undefined constant person - assumed 'person' D:\xampp\htdocs\passon\Application\Runtime\Cache\Home\8571270d6619e5b554873f4047466c88.php 第 45 行.
NOTIC: [8] Use of undefined constant contribute - assumed 'contribute' D:\xampp\htdocs\passon\Application\Runtime\Cache\Home\8571270d6619e5b554873f4047466c88.php 第 66 行.
NOTIC: [8] Use of undefined constant message - assumed 'message' D:\xampp\htdocs\passon\Application\Runtime\Cache\Home\8571270d6619e5b554873f4047466c88.php 第 74 行.
NOTIC: [8] Use of undefined constant personshare - assumed 'personshare' D:\xampp\htdocs\passon\Application\Runtime\Cache\Home\8571270d6619e5b554873f4047466c88.php 第 75 行.
NOTIC: [8] Undefined index: phone D:\xampp\htdocs\passon\Application\Runtime\Cache\Home\8571270d6619e5b554873f4047466c88.php 第 105 行.
NOTIC: [8] Undefined index: email D:\xampp\htdocs\passon\Application\Runtime\Cache\Home\8571270d6619e5b554873f4047466c88.php 第 106 行.
NOTIC: [8] Undefined index: addr D:\xampp\htdocs\passon\Application\Runtime\Cache\Home\8571270d6619e5b554873f4047466c88.php 第 107 行.
NOTIC: [8] Use of undefined constant usmessage - assumed 'usmessage' D:\xampp\htdocs\passon\Application\Runtime\Cache\Home\8571270d6619e5b554873f4047466c88.php 第 110 行.
NOTIC: [8] Use of undefined constant usemessage - assumed 'usemessage' D:\xampp\htdocs\passon\Application\Runtime\Cache\Home\8571270d6619e5b554873f4047466c88.php 第 120 行.
NOTIC: [8] Use of undefined constant myKeeps - assumed 'myKeeps' D:\xampp\htdocs\passon\Application\Runtime\Cache\Home\8571270d6619e5b554873f4047466c88.php 第 152 行.
NOTIC: [8] Undefined variable: mybooks D:\xampp\htdocs\passon\Application\Runtime\Cache\Home\8571270d6619e5b554873f4047466c88.php 第 158 行.
NOTIC: [8] Undefined variable: page D:\xampp\htdocs\passon\Application\Runtime\Cache\Home\8571270d6619e5b554873f4047466c88.php 第 170 行.
NOTIC: [8] Undefined variable: item D:\xampp\htdocs\passon\Application\Runtime\Cache\Home\8571270d6619e5b554873f4047466c88.php 第 184 行.
NOTIC: [8] Use of undefined constant bookInfo - assumed 'bookInfo' D:\xampp\htdocs\passon\Application\Runtime\Cache\Home\8571270d6619e5b554873f4047466c88.php 第 188 行.
NOTIC: [8] Undefined variable: item D:\xampp\htdocs\passon\Application\Runtime\Cache\Home\8571270d6619e5b554873f4047466c88.php 第 188 行.
NOTIC: [8] Undefined variable: item D:\xampp\htdocs\passon\Application\Runtime\Cache\Home\8571270d6619e5b554873f4047466c88.php 第 198 行.
NOTIC: [8] Use of undefined constant bookInfo - assumed 'bookInfo' D:\xampp\htdocs\passon\Application\Runtime\Cache\Home\8571270d6619e5b554873f4047466c88.php 第 202 行.
NOTIC: [8] Undefined variable: item D:\xampp\htdocs\passon\Application\Runtime\Cache\Home\8571270d6619e5b554873f4047466c88.php 第 202 行.
INFO: Run Behavior\ParseTemplateBehavior [ RunTime:0.014001s ]
INFO: [ view_parse ] --END-- [ RunTime:0.014001s ]
INFO: [ view_filter ] --START--
INFO: Run Behavior\WriteHtmlCacheBehavior [ RunTime:0.001000s ]
INFO: [ view_filter ] --END-- [ RunTime:0.001000s ]
INFO: [ app_end ] --START--
INFO: Run Behavior\ShowPageTraceBehavior [ RunTime:0.001000s ]
INFO: [ app_end ] --END-- [ RunTime:0.001000s ]

