[ 2015-12-10T09:56:34+08:00 ] ::1 /passon/index.php/Home/Index/contribute.html
INFO: [ app_init ] --START--
INFO: Run Behavior\BuildLiteBehavior [ RunTime:0.001000s ]
INFO: [ app_init ] --END-- [ RunTime:0.091005s ]
INFO: [ app_begin ] --START--
INFO: Run Behavior\ReadHtmlCacheBehavior [ RunTime:0.002000s ]
INFO: [ app_begin ] --END-- [ RunTime:0.002000s ]
INFO: [ view_parse ] --START--
INFO: [ template_filter ] --START--
INFO: Run Behavior\ContentReplaceBehavior [ RunTime:0.021002s ]
INFO: [ template_filter ] --END-- [ RunTime:0.021002s ]
NOTIC: [8] Use of undefined constant register - assumed 'register' D:\xampp\htdocs\passon\Application\Runtime\Cache\Home\5a25ee742d09c893bcf6c21b8243e06c.php 第 33 行.
NOTIC: [8] Use of undefined constant login - assumed 'login' D:\xampp\htdocs\passon\Application\Runtime\Cache\Home\5a25ee742d09c893bcf6c21b8243e06c.php 第 34 行.
NOTIC: [8] Use of undefined constant person - assumed 'person' D:\xampp\htdocs\passon\Application\Runtime\Cache\Home\5a25ee742d09c893bcf6c21b8243e06c.php 第 37 行.
NOTIC: [8] Use of undefined constant ensure - assumed 'ensure' D:\xampp\htdocs\passon\Application\Runtime\Cache\Home\5a25ee742d09c893bcf6c21b8243e06c.php 第 48 行.
INFO: Run Behavior\ParseTemplateBehavior [ RunTime:0.263015s ]
INFO: [ view_parse ] --END-- [ RunTime:0.263015s ]
INFO: [ view_filter ] --START--
INFO: Run Behavior\WriteHtmlCacheBehavior [ RunTime:0.062003s ]
INFO: [ view_filter ] --END-- [ RunTime:0.062003s ]
INFO: [ app_end ] --START--
INFO: Run Behavior\ShowPageTraceBehavior [ RunTime:0.049003s ]
INFO: [ app_end ] --END-- [ RunTime:0.049003s ]

[ 2015-12-10T09:58:33+08:00 ] ::1 /passon/index.php/Home/Index/ensure.html
INFO: [ app_init ] --START--
INFO: Run Behavior\BuildLiteBehavior [ RunTime:0.001000s ]
INFO: [ app_init ] --END-- [ RunTime:0.001000s ]
INFO: [ app_begin ] --START--
INFO: Run Behavior\ReadHtmlCacheBehavior [ RunTime:0.002001s ]
INFO: [ app_begin ] --END-- [ RunTime:0.002001s ]
NOTIC: [2] file_get_contents(https://api.douban.com/v2/book/isbn/:): failed to open stream: HTTP request failed! HTTP/1.1 404 Not Found
 D:\xampp\htdocs\passon\Application\Home\Common\function.php 第 81 行.
NOTIC: [2] implode(): Invalid arguments passed D:\xampp\htdocs\passon\Application\Home\Controller\IndexController.class.php 第 940 行.
SQL: SHOW COLUMNS FROM `wind87_bookinfo` [ RunTime:0.4340s ]
NOTIC: [8] Undefined index: isbn13 D:\xampp\htdocs\passon\Application\Home\Controller\IndexController.class.php 第 947 行.
NOTIC: [8] Undefined index: title D:\xampp\htdocs\passon\Application\Home\Controller\IndexController.class.php 第 948 行.
NOTIC: [8] Undefined index: translator D:\xampp\htdocs\passon\Application\Home\Controller\IndexController.class.php 第 950 行.
NOTIC: [8] Undefined index: publisher D:\xampp\htdocs\passon\Application\Home\Controller\IndexController.class.php 第 951 行.
NOTIC: [8] Undefined index: summary D:\xampp\htdocs\passon\Application\Home\Controller\IndexController.class.php 第 952 行.
NOTIC: [8] Undefined index: image D:\xampp\htdocs\passon\Application\Home\Controller\IndexController.class.php 第 953 行.
NOTIC: [8] Undefined index: isbn13 D:\xampp\htdocs\passon\Application\Home\Controller\IndexController.class.php 第 955 行.
SQL: SELECT * FROM `wind87_bookinfo` WHERE `isbn` = null LIMIT 1   [ RunTime:0.0170s ]
ERR: 1048:Column 'isbn' cannot be null
 [ SQL语句 ] : INSERT INTO `wind87_bookinfo` (`isbn`,`title`,`author`,`translator`,`publisher`,`summary`,`image`) VALUES (NULL,NULL,NULL,NULL,NULL,NULL,NULL)
ERR: 1048:Column 'isbn' cannot be null
 [ SQL语句 ] : INSERT INTO `wind87_bookinfo` (`isbn`,`title`,`author`,`translator`,`publisher`,`summary`,`image`) VALUES (NULL,NULL,NULL,NULL,NULL,NULL,NULL)

[ 2015-12-10T09:59:39+08:00 ] ::1 /passon/index.php/Home/Index/ensure.html
INFO: [ app_init ] --START--
INFO: Run Behavior\BuildLiteBehavior [ RunTime:0.000000s ]
INFO: [ app_init ] --END-- [ RunTime:0.017001s ]
INFO: [ app_begin ] --START--
INFO: Run Behavior\ReadHtmlCacheBehavior [ RunTime:0.001000s ]
INFO: [ app_begin ] --END-- [ RunTime:0.001000s ]
SQL: SHOW COLUMNS FROM `wind87_bookinfo` [ RunTime:0.0790s ]
SQL: SELECT * FROM `wind87_bookinfo` WHERE `isbn` = '9787115380333' LIMIT 1   [ RunTime:0.0970s ]
SQL: UPDATE `wind87_bookinfo` SET `title`='Node与Express开发',`author`='[美] Ethan Brown',`publisher`='人民邮电出版社',`summary`='本书系统讲解了使用Express开发动态Web应用的流程和步骤。作者不仅讲授了开发公共站点及REST API的基础知识，同时还讲解了构建单页、多页及混合Web应用的规划方式及最佳实践。具体而言，第1~5章介绍Node 和Express，搭建一个示例网站的骨架，讨论测试和QA。第6~12章介绍Node中更重要的结构，讲解模板，介绍cookies、会话和表单处理器，探讨中间件以及从服务器发送电子邮件。第13~15章讨论持久化、URL路由、API的编写、流行的MVC范式。第18~22章讨论安全、社交媒体集成以及网站的调试、启用和维护。
本书适合所有前端和后端开发人员阅读。',`image`='https://img3.doubanio.com/mpic/s27983630.jpg' WHERE `isbn` = '9787115380333' [ RunTime:0.0410s ]
INFO: [ view_parse ] --START--
INFO: [ template_filter ] --START--
INFO: Run Behavior\ContentReplaceBehavior [ RunTime:0.000000s ]
INFO: [ template_filter ] --END-- [ RunTime:0.001000s ]
NOTIC: [8] Use of undefined constant doContribute - assumed 'doContribute' D:\xampp\htdocs\passon\Application\Runtime\Cache\Home\60305d2ff488b2220b66ec0d94f59d42.php 第 17 行.
NOTIC: [8] Use of undefined constant contribute - assumed 'contribute' D:\xampp\htdocs\passon\Application\Runtime\Cache\Home\60305d2ff488b2220b66ec0d94f59d42.php 第 18 行.
INFO: Run Behavior\ParseTemplateBehavior [ RunTime:0.036002s ]
INFO: [ view_parse ] --END-- [ RunTime:0.036002s ]
INFO: [ view_filter ] --START--
INFO: Run Behavior\WriteHtmlCacheBehavior [ RunTime:0.000000s ]
INFO: [ view_filter ] --END-- [ RunTime:0.000000s ]
INFO: [ app_end ] --START--
INFO: Run Behavior\ShowPageTraceBehavior [ RunTime:0.002000s ]
INFO: [ app_end ] --END-- [ RunTime:0.002000s ]

[ 2015-12-10T09:59:44+08:00 ] ::1 /passon/index.php/Home/Index/contribute.html
INFO: [ app_init ] --START--
INFO: Run Behavior\BuildLiteBehavior [ RunTime:0.000000s ]
INFO: [ app_init ] --END-- [ RunTime:0.000000s ]
INFO: [ app_begin ] --START--
INFO: Run Behavior\ReadHtmlCacheBehavior [ RunTime:0.001000s ]
INFO: [ app_begin ] --END-- [ RunTime:0.001000s ]
INFO: [ view_parse ] --START--
INFO: [ template_filter ] --START--
INFO: Run Behavior\ContentReplaceBehavior [ RunTime:0.000000s ]
INFO: [ template_filter ] --END-- [ RunTime:0.000000s ]
NOTIC: [8] Use of undefined constant register - assumed 'register' D:\xampp\htdocs\passon\Application\Runtime\Cache\Home\5a25ee742d09c893bcf6c21b8243e06c.php 第 33 行.
NOTIC: [8] Use of undefined constant login - assumed 'login' D:\xampp\htdocs\passon\Application\Runtime\Cache\Home\5a25ee742d09c893bcf6c21b8243e06c.php 第 34 行.
NOTIC: [8] Use of undefined constant person - assumed 'person' D:\xampp\htdocs\passon\Application\Runtime\Cache\Home\5a25ee742d09c893bcf6c21b8243e06c.php 第 37 行.
NOTIC: [8] Use of undefined constant ensure - assumed 'ensure' D:\xampp\htdocs\passon\Application\Runtime\Cache\Home\5a25ee742d09c893bcf6c21b8243e06c.php 第 48 行.
INFO: Run Behavior\ParseTemplateBehavior [ RunTime:0.010000s ]
INFO: [ view_parse ] --END-- [ RunTime:0.010000s ]
INFO: [ view_filter ] --START--
INFO: Run Behavior\WriteHtmlCacheBehavior [ RunTime:0.001000s ]
INFO: [ view_filter ] --END-- [ RunTime:0.001000s ]
INFO: [ app_end ] --START--
INFO: Run Behavior\ShowPageTraceBehavior [ RunTime:0.002000s ]
INFO: [ app_end ] --END-- [ RunTime:0.002000s ]

