[ 2015-12-04T23:02:25+08:00 ] 192.168.199.100 /passon/index.php/Home/Index/phoneLogin/bookid/23.html
INFO: [ app_init ] --START--
INFO: Run Behavior\BuildLiteBehavior [ RunTime:0.000000s ]
INFO: [ app_init ] --END-- [ RunTime:0.001000s ]
INFO: [ app_begin ] --START--
INFO: Run Behavior\ReadHtmlCacheBehavior [ RunTime:0.001000s ]
INFO: [ app_begin ] --END-- [ RunTime:0.001000s ]
SQL: SHOW COLUMNS FROM `wind87_book` [ RunTime:0.0040s ]
SQL: SELECT * FROM `wind87_book` WHERE `book_id` = 23 LIMIT 1   [ RunTime:0.0010s ]
SQL: SHOW COLUMNS FROM `wind87_bookinfo` [ RunTime:0.0060s ]
SQL: SELECT * FROM `wind87_bookinfo` WHERE `isbn` = '9787115263636' LIMIT 1   [ RunTime:0.0010s ]
INFO: [ view_parse ] --START--
INFO: [ template_filter ] --START--
INFO: Run Behavior\ContentReplaceBehavior [ RunTime:0.000000s ]
INFO: [ template_filter ] --END-- [ RunTime:0.000000s ]
NOTIC: [8] Use of undefined constant pLogin - assumed 'pLogin' D:\xampp\htdocs\passon\Application\Runtime\Cache\Home\a8a65d9128adff7ea6a1dd5f396ec497.php 第 27 行.
NOTIC: [8] Use of undefined constant phoneRegister - assumed 'phoneRegister' D:\xampp\htdocs\passon\Application\Runtime\Cache\Home\a8a65d9128adff7ea6a1dd5f396ec497.php 第 30 行.
INFO: Run Behavior\ParseTemplateBehavior [ RunTime:0.007000s ]
INFO: [ view_parse ] --END-- [ RunTime:0.007000s ]
INFO: [ view_filter ] --START--
INFO: Run Behavior\WriteHtmlCacheBehavior [ RunTime:0.001000s ]
INFO: [ view_filter ] --END-- [ RunTime:0.001000s ]
INFO: [ app_end ] --START--
INFO: Run Behavior\ShowPageTraceBehavior [ RunTime:0.001000s ]
INFO: [ app_end ] --END-- [ RunTime:0.001000s ]

[ 2015-12-04T23:02:36+08:00 ] 192.168.199.100 /passon/index.php/Home/Index/pLogin.html
INFO: [ app_init ] --START--
INFO: Run Behavior\BuildLiteBehavior [ RunTime:0.000000s ]
INFO: [ app_init ] --END-- [ RunTime:0.001000s ]
INFO: [ app_begin ] --START--
INFO: Run Behavior\ReadHtmlCacheBehavior [ RunTime:0.001000s ]
INFO: [ app_begin ] --END-- [ RunTime:0.001000s ]
SQL: SHOW COLUMNS FROM `wind87_booksusers` [ RunTime:0.0250s ]
SQL: SELECT * FROM `wind87_booksusers` WHERE `username` = 'huran' AND `password` = 'huran'  [ RunTime:0.0000s ]
NOTIC: [8] Use of undefined constant phoneMain - assumed 'phoneMain' D:\xampp\htdocs\passon\Application\Home\Controller\IndexController.class.php 第 355 行.

[ 2015-12-04T23:02:37+08:00 ] 192.168.199.100 /passon/index.php/Home/Index/phoneMain.html
INFO: [ app_init ] --START--
INFO: Run Behavior\BuildLiteBehavior [ RunTime:0.000000s ]
INFO: [ app_init ] --END-- [ RunTime:0.001001s ]
INFO: [ app_begin ] --START--
INFO: Run Behavior\ReadHtmlCacheBehavior [ RunTime:0.001000s ]
INFO: [ app_begin ] --END-- [ RunTime:0.001000s ]
SQL: SHOW COLUMNS FROM `wind87_book` [ RunTime:0.0050s ]
SQL: SELECT * FROM `wind87_book` WHERE `book_id` = 23 LIMIT 1   [ RunTime:0.0000s ]
SQL: SHOW COLUMNS FROM `wind87_bookinfo` [ RunTime:0.0040s ]
SQL: SELECT * FROM `wind87_bookinfo` WHERE `isbn` = '9787115263636' LIMIT 1   [ RunTime:0.0010s ]
INFO: [ view_parse ] --START--
INFO: [ template_filter ] --START--
INFO: Run Behavior\ContentReplaceBehavior [ RunTime:0.000000s ]
INFO: [ template_filter ] --END-- [ RunTime:0.000000s ]
NOTIC: [8] Use of undefined constant phoneNext - assumed 'phoneNext' D:\xampp\htdocs\passon\Application\Runtime\Cache\Home\f38de32a64008defc8ab340e2f1ba63a.php 第 16 行.
NOTIC: [8] Use of undefined constant phoneBorrow - assumed 'phoneBorrow' D:\xampp\htdocs\passon\Application\Runtime\Cache\Home\f38de32a64008defc8ab340e2f1ba63a.php 第 18 行.
NOTIC: [8] Use of undefined constant phoneOrder - assumed 'phoneOrder' D:\xampp\htdocs\passon\Application\Runtime\Cache\Home\f38de32a64008defc8ab340e2f1ba63a.php 第 19 行.
NOTIC: [8] Use of undefined constant phoneBorrow - assumed 'phoneBorrow' D:\xampp\htdocs\passon\Application\Runtime\Cache\Home\f38de32a64008defc8ab340e2f1ba63a.php 第 31 行.
NOTIC: [8] Use of undefined constant phoneReturn - assumed 'phoneReturn' D:\xampp\htdocs\passon\Application\Runtime\Cache\Home\f38de32a64008defc8ab340e2f1ba63a.php 第 32 行.
NOTIC: [8] Use of undefined constant phoneOrder - assumed 'phoneOrder' D:\xampp\htdocs\passon\Application\Runtime\Cache\Home\f38de32a64008defc8ab340e2f1ba63a.php 第 33 行.
NOTIC: [8] Use of undefined constant phoneRenew - assumed 'phoneRenew' D:\xampp\htdocs\passon\Application\Runtime\Cache\Home\f38de32a64008defc8ab340e2f1ba63a.php 第 34 行.
INFO: Run Behavior\ParseTemplateBehavior [ RunTime:0.010001s ]
INFO: [ view_parse ] --END-- [ RunTime:0.010001s ]
INFO: [ view_filter ] --START--
INFO: Run Behavior\WriteHtmlCacheBehavior [ RunTime:0.000000s ]
INFO: [ view_filter ] --END-- [ RunTime:0.000000s ]
INFO: [ app_end ] --START--
INFO: Run Behavior\ShowPageTraceBehavior [ RunTime:0.001000s ]
INFO: [ app_end ] --END-- [ RunTime:0.001000s ]

[ 2015-12-04T23:02:39+08:00 ] 192.168.199.100 /passon/index.php/Home/Index/phoneOrder.html
INFO: [ app_init ] --START--
INFO: Run Behavior\BuildLiteBehavior [ RunTime:0.001000s ]
INFO: [ app_init ] --END-- [ RunTime:0.002000s ]
INFO: [ app_begin ] --START--
INFO: Run Behavior\ReadHtmlCacheBehavior [ RunTime:0.003000s ]
INFO: [ app_begin ] --END-- [ RunTime:0.003000s ]
NOTIC: [8] Use of undefined constant booklog - assumed 'booklog' D:\xampp\htdocs\passon\Application\Home\Controller\IndexController.class.php 第 395 行.
SQL: SHOW COLUMNS FROM `wind87_booklog` [ RunTime:0.0050s ]
NOTIC: [8] Use of undefined constant bookorder - assumed 'bookorder' D:\xampp\htdocs\passon\Application\Home\Controller\IndexController.class.php 第 396 行.
SQL: SHOW COLUMNS FROM `wind87_bookorder` [ RunTime:0.0060s ]
NOTIC: [8] Use of undefined constant bookmnum - assumed 'bookmnum' D:\xampp\htdocs\passon\Application\Home\Controller\IndexController.class.php 第 397 行.
SQL: SHOW COLUMNS FROM `wind87_bookmnum` [ RunTime:0.0050s ]
SQL: SELECT * FROM `wind87_bookorder` WHERE `book_id` = 23 AND `ordername` = 'huran' LIMIT 1   [ RunTime:0.0000s ]
SQL: SELECT * FROM `wind87_bookmnum` WHERE `book_id` = 23 LIMIT 1   [ RunTime:0.0000s ]
SQL: SELECT * FROM `wind87_booklog` WHERE `book_id` = 23 AND `status` = 2 ORDER BY log_id desc LIMIT 1   [ RunTime:0.0000s ]
INFO: [ view_parse ] --START--
INFO: [ template_filter ] --START--
INFO: Run Behavior\ContentReplaceBehavior [ RunTime:0.000000s ]
INFO: [ template_filter ] --END-- [ RunTime:0.000000s ]
NOTIC: [8] Use of undefined constant pbookorder - assumed 'pbookorder' D:\xampp\htdocs\passon\Application\Runtime\Cache\Home\8dce5c22dac12aa1a9b67bf804a63f3a.php 第 19 行.
NOTIC: [8] Use of undefined constant phoneExit - assumed 'phoneExit' D:\xampp\htdocs\passon\Application\Runtime\Cache\Home\8dce5c22dac12aa1a9b67bf804a63f3a.php 第 23 行.
INFO: Run Behavior\ParseTemplateBehavior [ RunTime:0.025001s ]
INFO: [ view_parse ] --END-- [ RunTime:0.025001s ]
INFO: [ view_filter ] --START--
INFO: Run Behavior\WriteHtmlCacheBehavior [ RunTime:0.000000s ]
INFO: [ view_filter ] --END-- [ RunTime:0.000000s ]
INFO: [ app_end ] --START--
INFO: Run Behavior\ShowPageTraceBehavior [ RunTime:0.000000s ]
INFO: [ app_end ] --END-- [ RunTime:0.000000s ]

[ 2015-12-04T23:02:45+08:00 ] 192.168.199.100 /passon/index.php/Home/Index/pbookorder.html?order=%E9%A2%84%E7%BA%A6
INFO: [ app_init ] --START--
INFO: Run Behavior\BuildLiteBehavior [ RunTime:0.000000s ]
INFO: [ app_init ] --END-- [ RunTime:0.000000s ]
INFO: [ app_begin ] --START--
INFO: Run Behavior\ReadHtmlCacheBehavior [ RunTime:0.002000s ]
INFO: [ app_begin ] --END-- [ RunTime:0.002000s ]
NOTIC: [8] Use of undefined constant booklog - assumed 'booklog' D:\xampp\htdocs\passon\Application\Home\Controller\IndexController.class.php 第 565 行.
SQL: SHOW COLUMNS FROM `wind87_booklog` [ RunTime:0.0050s ]
NOTIC: [8] Use of undefined constant bookorder - assumed 'bookorder' D:\xampp\htdocs\passon\Application\Home\Controller\IndexController.class.php 第 566 行.
SQL: SHOW COLUMNS FROM `wind87_bookorder` [ RunTime:0.0610s ]
NOTIC: [8] Use of undefined constant bookmnum - assumed 'bookmnum' D:\xampp\htdocs\passon\Application\Home\Controller\IndexController.class.php 第 567 行.
SQL: SHOW COLUMNS FROM `wind87_bookmnum` [ RunTime:0.0030s ]
SQL: SELECT * FROM `wind87_bookmnum` WHERE `book_id` = 23 LIMIT 1   [ RunTime:0.0010s ]
SQL: SELECT * FROM `wind87_bookorder` WHERE `book_id` = 23 LIMIT 1   [ RunTime:0.0000s ]
SQL: UPDATE `wind87_bookmnum` SET `book_id`='23',`order_num`='2' WHERE `book_id` = 23 [ RunTime:0.0470s ]
SQL: INSERT INTO `wind87_booklog` (`book_id`,`order_name`,`start_time`,`status`) VALUES ('23','huran','2015-12-04 Friday 11:02:45 PM','4') [ RunTime:0.0410s ]
NOTIC: [8] Use of undefined constant phoneoe - assumed 'phoneoe' D:\xampp\htdocs\passon\Application\Home\Controller\IndexController.class.php 第 596 行.
INFO: [ view_parse ] --START--
INFO: [ template_filter ] --START--
INFO: Run Behavior\ContentReplaceBehavior [ RunTime:0.000000s ]
INFO: [ template_filter ] --END-- [ RunTime:0.000000s ]
INFO: Run Behavior\ParseTemplateBehavior [ RunTime:0.008001s ]
INFO: [ view_parse ] --END-- [ RunTime:0.008001s ]
INFO: [ view_filter ] --START--
INFO: Run Behavior\WriteHtmlCacheBehavior [ RunTime:0.001000s ]
INFO: [ view_filter ] --END-- [ RunTime:0.001000s ]

[ 2015-12-04T23:02:48+08:00 ] 192.168.199.100 /passon/index.php/Home/Index/phoneoe.html
INFO: [ app_init ] --START--
INFO: Run Behavior\BuildLiteBehavior [ RunTime:0.000000s ]
INFO: [ app_init ] --END-- [ RunTime:0.001000s ]
INFO: [ app_begin ] --START--
INFO: Run Behavior\ReadHtmlCacheBehavior [ RunTime:0.001000s ]
INFO: [ app_begin ] --END-- [ RunTime:0.001000s ]
INFO: [ view_parse ] --START--
INFO: [ template_filter ] --START--
INFO: Run Behavior\ContentReplaceBehavior [ RunTime:0.000000s ]
INFO: [ template_filter ] --END-- [ RunTime:0.000000s ]
NOTIC: [8] Use of undefined constant phonefail - assumed 'phonefail' D:\xampp\htdocs\passon\Application\Runtime\Cache\Home\3378a3724f42dd725a9c0fad63376661.php 第 23 行.
INFO: Run Behavior\ParseTemplateBehavior [ RunTime:0.008001s ]
INFO: [ view_parse ] --END-- [ RunTime:0.008001s ]
INFO: [ view_filter ] --START--
INFO: Run Behavior\WriteHtmlCacheBehavior [ RunTime:0.001000s ]
INFO: [ view_filter ] --END-- [ RunTime:0.001000s ]
INFO: [ app_end ] --START--
INFO: Run Behavior\ShowPageTraceBehavior [ RunTime:0.001000s ]
INFO: [ app_end ] --END-- [ RunTime:0.001000s ]

[ 2015-12-04T23:09:22+08:00 ] 192.168.199.100 /passon/index.php/Home/Index/pLogin.html
INFO: [ app_init ] --START--
INFO: Run Behavior\BuildLiteBehavior [ RunTime:0.000000s ]
INFO: [ app_init ] --END-- [ RunTime:0.000000s ]
INFO: [ app_begin ] --START--
INFO: Run Behavior\ReadHtmlCacheBehavior [ RunTime:0.000000s ]
INFO: [ app_begin ] --END-- [ RunTime:0.000000s ]
SQL: SHOW COLUMNS FROM `wind87_booksusers` [ RunTime:0.0040s ]
SQL: SELECT * FROM `wind87_booksusers` WHERE `username` = 'huran' AND `password` = 'huran'  [ RunTime:0.0000s ]
NOTIC: [8] Use of undefined constant phoneMain - assumed 'phoneMain' D:\xampp\htdocs\passon\Application\Home\Controller\IndexController.class.php 第 355 行.

[ 2015-12-04T23:09:22+08:00 ] 192.168.199.100 /passon/index.php/Home/Index/phoneMain.html
INFO: [ app_init ] --START--
INFO: Run Behavior\BuildLiteBehavior [ RunTime:0.000000s ]
INFO: [ app_init ] --END-- [ RunTime:0.001000s ]
INFO: [ app_begin ] --START--
INFO: Run Behavior\ReadHtmlCacheBehavior [ RunTime:0.001000s ]
INFO: [ app_begin ] --END-- [ RunTime:0.001000s ]
SQL: SHOW COLUMNS FROM `wind87_book` [ RunTime:0.0030s ]
SQL: SELECT * FROM `wind87_book` WHERE `book_id` = 23 LIMIT 1   [ RunTime:0.0000s ]
SQL: SHOW COLUMNS FROM `wind87_bookinfo` [ RunTime:0.0050s ]
SQL: SELECT * FROM `wind87_bookinfo` WHERE `isbn` = '9787115263636' LIMIT 1   [ RunTime:0.0000s ]
INFO: [ view_parse ] --START--
INFO: [ template_filter ] --START--
INFO: Run Behavior\ContentReplaceBehavior [ RunTime:0.000000s ]
INFO: [ template_filter ] --END-- [ RunTime:0.000000s ]
NOTIC: [8] Use of undefined constant phoneNext - assumed 'phoneNext' D:\xampp\htdocs\passon\Application\Runtime\Cache\Home\f38de32a64008defc8ab340e2f1ba63a.php 第 16 行.
NOTIC: [8] Use of undefined constant phoneBorrow - assumed 'phoneBorrow' D:\xampp\htdocs\passon\Application\Runtime\Cache\Home\f38de32a64008defc8ab340e2f1ba63a.php 第 18 行.
NOTIC: [8] Use of undefined constant phoneOrder - assumed 'phoneOrder' D:\xampp\htdocs\passon\Application\Runtime\Cache\Home\f38de32a64008defc8ab340e2f1ba63a.php 第 19 行.
NOTIC: [8] Use of undefined constant phoneBorrow - assumed 'phoneBorrow' D:\xampp\htdocs\passon\Application\Runtime\Cache\Home\f38de32a64008defc8ab340e2f1ba63a.php 第 31 行.
NOTIC: [8] Use of undefined constant phoneReturn - assumed 'phoneReturn' D:\xampp\htdocs\passon\Application\Runtime\Cache\Home\f38de32a64008defc8ab340e2f1ba63a.php 第 32 行.
NOTIC: [8] Use of undefined constant phoneOrder - assumed 'phoneOrder' D:\xampp\htdocs\passon\Application\Runtime\Cache\Home\f38de32a64008defc8ab340e2f1ba63a.php 第 33 行.
NOTIC: [8] Use of undefined constant phoneRenew - assumed 'phoneRenew' D:\xampp\htdocs\passon\Application\Runtime\Cache\Home\f38de32a64008defc8ab340e2f1ba63a.php 第 34 行.
INFO: Run Behavior\ParseTemplateBehavior [ RunTime:0.008000s ]
INFO: [ view_parse ] --END-- [ RunTime:0.008000s ]
INFO: [ view_filter ] --START--
INFO: Run Behavior\WriteHtmlCacheBehavior [ RunTime:0.001001s ]
INFO: [ view_filter ] --END-- [ RunTime:0.001001s ]
INFO: [ app_end ] --START--
INFO: Run Behavior\ShowPageTraceBehavior [ RunTime:0.000000s ]
INFO: [ app_end ] --END-- [ RunTime:0.000000s ]

[ 2015-12-04T23:09:25+08:00 ] 192.168.199.100 /passon/index.php/Home/Index/phoneOrder.html
INFO: [ app_init ] --START--
INFO: Run Behavior\BuildLiteBehavior [ RunTime:0.000000s ]
INFO: [ app_init ] --END-- [ RunTime:0.001000s ]
INFO: [ app_begin ] --START--
INFO: Run Behavior\ReadHtmlCacheBehavior [ RunTime:0.001001s ]
INFO: [ app_begin ] --END-- [ RunTime:0.001001s ]
NOTIC: [8] Use of undefined constant booklog - assumed 'booklog' D:\xampp\htdocs\passon\Application\Home\Controller\IndexController.class.php 第 395 行.
SQL: SHOW COLUMNS FROM `wind87_booklog` [ RunTime:0.0050s ]
NOTIC: [8] Use of undefined constant bookorder - assumed 'bookorder' D:\xampp\htdocs\passon\Application\Home\Controller\IndexController.class.php 第 396 行.
SQL: SHOW COLUMNS FROM `wind87_bookorder` [ RunTime:0.0040s ]
NOTIC: [8] Use of undefined constant bookmnum - assumed 'bookmnum' D:\xampp\htdocs\passon\Application\Home\Controller\IndexController.class.php 第 397 行.
SQL: SHOW COLUMNS FROM `wind87_bookmnum` [ RunTime:0.0030s ]
SQL: SELECT * FROM `wind87_bookorder` WHERE `book_id` = 23 AND `ordername` = 'huran' LIMIT 1   [ RunTime:0.0000s ]
SQL: SELECT * FROM `wind87_bookmnum` WHERE `book_id` = 23 LIMIT 1   [ RunTime:0.0000s ]
SQL: SELECT * FROM `wind87_booklog` WHERE `book_id` = 23 AND `status` = 2 ORDER BY log_id desc LIMIT 1   [ RunTime:0.0000s ]
INFO: [ view_parse ] --START--
INFO: [ template_filter ] --START--
INFO: Run Behavior\ContentReplaceBehavior [ RunTime:0.000000s ]
INFO: [ template_filter ] --END-- [ RunTime:0.000000s ]
NOTIC: [8] Use of undefined constant pbookorder - assumed 'pbookorder' D:\xampp\htdocs\passon\Application\Runtime\Cache\Home\8dce5c22dac12aa1a9b67bf804a63f3a.php 第 19 行.
NOTIC: [8] Use of undefined constant phoneExit - assumed 'phoneExit' D:\xampp\htdocs\passon\Application\Runtime\Cache\Home\8dce5c22dac12aa1a9b67bf804a63f3a.php 第 23 行.
INFO: Run Behavior\ParseTemplateBehavior [ RunTime:0.007001s ]
INFO: [ view_parse ] --END-- [ RunTime:0.007001s ]
INFO: [ view_filter ] --START--
INFO: Run Behavior\WriteHtmlCacheBehavior [ RunTime:0.000000s ]
INFO: [ view_filter ] --END-- [ RunTime:0.000000s ]
INFO: [ app_end ] --START--
INFO: Run Behavior\ShowPageTraceBehavior [ RunTime:0.001000s ]
INFO: [ app_end ] --END-- [ RunTime:0.001000s ]

[ 2015-12-04T23:09:29+08:00 ] 192.168.199.100 /passon/index.php/Home/Index/pbookorder.html?order=%E9%A2%84%E7%BA%A6
INFO: [ app_init ] --START--
INFO: Run Behavior\BuildLiteBehavior [ RunTime:0.000000s ]
INFO: [ app_init ] --END-- [ RunTime:0.001000s ]
INFO: [ app_begin ] --START--
INFO: Run Behavior\ReadHtmlCacheBehavior [ RunTime:0.000000s ]
INFO: [ app_begin ] --END-- [ RunTime:0.000000s ]
NOTIC: [8] Use of undefined constant booklog - assumed 'booklog' D:\xampp\htdocs\passon\Application\Home\Controller\IndexController.class.php 第 565 行.
SQL: SHOW COLUMNS FROM `wind87_booklog` [ RunTime:0.0030s ]
NOTIC: [8] Use of undefined constant bookorder - assumed 'bookorder' D:\xampp\htdocs\passon\Application\Home\Controller\IndexController.class.php 第 566 行.
SQL: SHOW COLUMNS FROM `wind87_bookorder` [ RunTime:0.0040s ]
NOTIC: [8] Use of undefined constant bookmnum - assumed 'bookmnum' D:\xampp\htdocs\passon\Application\Home\Controller\IndexController.class.php 第 567 行.
SQL: SHOW COLUMNS FROM `wind87_bookmnum` [ RunTime:0.0060s ]
SQL: SELECT * FROM `wind87_bookmnum` WHERE `book_id` = 23 LIMIT 1   [ RunTime:0.0000s ]
ERR: 1064:You have an error in your SQL syntax; check the manual that corresponds to your MySQL server version for the right syntax to use near '=>$username ) LIMIT 1' at line 1
 [ SQL语句 ] : SELECT * FROM `wind87_bookorder` WHERE `book_id` = 23 AND (  ordername=>$username ) LIMIT 1  
ERR: 1064:You have an error in your SQL syntax; check the manual that corresponds to your MySQL server version for the right syntax to use near '=>$username ) LIMIT 1' at line 1
 [ SQL语句 ] : SELECT * FROM `wind87_bookorder` WHERE `book_id` = 23 AND (  ordername=>$username ) LIMIT 1  

[ 2015-12-04T23:10:41+08:00 ] 192.168.199.100 /passon/index.php/Home/Index/pLogin.html
INFO: [ app_init ] --START--
INFO: Run Behavior\BuildLiteBehavior [ RunTime:0.000000s ]
INFO: [ app_init ] --END-- [ RunTime:0.001000s ]
INFO: [ app_begin ] --START--
INFO: Run Behavior\ReadHtmlCacheBehavior [ RunTime:0.001000s ]
INFO: [ app_begin ] --END-- [ RunTime:0.001000s ]
SQL: SHOW COLUMNS FROM `wind87_booksusers` [ RunTime:0.0160s ]
SQL: SELECT * FROM `wind87_booksusers` WHERE `username` = 'huran' AND `password` = 'huran'  [ RunTime:0.0000s ]
NOTIC: [8] Use of undefined constant phoneMain - assumed 'phoneMain' D:\xampp\htdocs\passon\Application\Home\Controller\IndexController.class.php 第 355 行.

[ 2015-12-04T23:10:41+08:00 ] 192.168.199.100 /passon/index.php/Home/Index/phoneMain.html
INFO: [ app_init ] --START--
INFO: Run Behavior\BuildLiteBehavior [ RunTime:0.000000s ]
INFO: [ app_init ] --END-- [ RunTime:0.000000s ]
INFO: [ app_begin ] --START--
INFO: Run Behavior\ReadHtmlCacheBehavior [ RunTime:0.001000s ]
INFO: [ app_begin ] --END-- [ RunTime:0.001000s ]
SQL: SHOW COLUMNS FROM `wind87_book` [ RunTime:0.0040s ]
SQL: SELECT * FROM `wind87_book` WHERE `book_id` = 23 LIMIT 1   [ RunTime:0.0000s ]
SQL: SHOW COLUMNS FROM `wind87_bookinfo` [ RunTime:0.0050s ]
SQL: SELECT * FROM `wind87_bookinfo` WHERE `isbn` = '9787115263636' LIMIT 1   [ RunTime:0.0010s ]
INFO: [ view_parse ] --START--
INFO: [ template_filter ] --START--
INFO: Run Behavior\ContentReplaceBehavior [ RunTime:0.000000s ]
INFO: [ template_filter ] --END-- [ RunTime:0.000000s ]
NOTIC: [8] Use of undefined constant phoneNext - assumed 'phoneNext' D:\xampp\htdocs\passon\Application\Runtime\Cache\Home\f38de32a64008defc8ab340e2f1ba63a.php 第 16 行.
NOTIC: [8] Use of undefined constant phoneBorrow - assumed 'phoneBorrow' D:\xampp\htdocs\passon\Application\Runtime\Cache\Home\f38de32a64008defc8ab340e2f1ba63a.php 第 18 行.
NOTIC: [8] Use of undefined constant phoneOrder - assumed 'phoneOrder' D:\xampp\htdocs\passon\Application\Runtime\Cache\Home\f38de32a64008defc8ab340e2f1ba63a.php 第 19 行.
NOTIC: [8] Use of undefined constant phoneBorrow - assumed 'phoneBorrow' D:\xampp\htdocs\passon\Application\Runtime\Cache\Home\f38de32a64008defc8ab340e2f1ba63a.php 第 31 行.
NOTIC: [8] Use of undefined constant phoneReturn - assumed 'phoneReturn' D:\xampp\htdocs\passon\Application\Runtime\Cache\Home\f38de32a64008defc8ab340e2f1ba63a.php 第 32 行.
NOTIC: [8] Use of undefined constant phoneOrder - assumed 'phoneOrder' D:\xampp\htdocs\passon\Application\Runtime\Cache\Home\f38de32a64008defc8ab340e2f1ba63a.php 第 33 行.
NOTIC: [8] Use of undefined constant phoneRenew - assumed 'phoneRenew' D:\xampp\htdocs\passon\Application\Runtime\Cache\Home\f38de32a64008defc8ab340e2f1ba63a.php 第 34 行.
INFO: Run Behavior\ParseTemplateBehavior [ RunTime:0.007000s ]
INFO: [ view_parse ] --END-- [ RunTime:0.007000s ]
INFO: [ view_filter ] --START--
INFO: Run Behavior\WriteHtmlCacheBehavior [ RunTime:0.001000s ]
INFO: [ view_filter ] --END-- [ RunTime:0.001000s ]
INFO: [ app_end ] --START--
INFO: Run Behavior\ShowPageTraceBehavior [ RunTime:0.002000s ]
INFO: [ app_end ] --END-- [ RunTime:0.002000s ]

[ 2015-12-04T23:10:42+08:00 ] 192.168.199.100 /passon/index.php/Home/Index/phoneOrder.html
INFO: [ app_init ] --START--
INFO: Run Behavior\BuildLiteBehavior [ RunTime:0.000000s ]
INFO: [ app_init ] --END-- [ RunTime:0.001000s ]
INFO: [ app_begin ] --START--
INFO: Run Behavior\ReadHtmlCacheBehavior [ RunTime:0.000000s ]
INFO: [ app_begin ] --END-- [ RunTime:0.000000s ]
NOTIC: [8] Use of undefined constant booklog - assumed 'booklog' D:\xampp\htdocs\passon\Application\Home\Controller\IndexController.class.php 第 395 行.
SQL: SHOW COLUMNS FROM `wind87_booklog` [ RunTime:0.0040s ]
NOTIC: [8] Use of undefined constant bookorder - assumed 'bookorder' D:\xampp\htdocs\passon\Application\Home\Controller\IndexController.class.php 第 396 行.
SQL: SHOW COLUMNS FROM `wind87_bookorder` [ RunTime:0.0040s ]
NOTIC: [8] Use of undefined constant bookmnum - assumed 'bookmnum' D:\xampp\htdocs\passon\Application\Home\Controller\IndexController.class.php 第 397 行.
SQL: SHOW COLUMNS FROM `wind87_bookmnum` [ RunTime:0.0050s ]
SQL: SELECT * FROM `wind87_bookorder` WHERE `book_id` = 23 AND `ordername` = 'huran' LIMIT 1   [ RunTime:0.0000s ]
SQL: SELECT * FROM `wind87_bookmnum` WHERE `book_id` = 23 LIMIT 1   [ RunTime:0.0010s ]
SQL: SELECT * FROM `wind87_booklog` WHERE `book_id` = 23 AND `status` = 2 ORDER BY log_id desc LIMIT 1   [ RunTime:0.0000s ]
INFO: [ view_parse ] --START--
INFO: [ template_filter ] --START--
INFO: Run Behavior\ContentReplaceBehavior [ RunTime:0.001000s ]
INFO: [ template_filter ] --END-- [ RunTime:0.001000s ]
NOTIC: [8] Use of undefined constant pbookorder - assumed 'pbookorder' D:\xampp\htdocs\passon\Application\Runtime\Cache\Home\8dce5c22dac12aa1a9b67bf804a63f3a.php 第 19 行.
NOTIC: [8] Use of undefined constant phoneExit - assumed 'phoneExit' D:\xampp\htdocs\passon\Application\Runtime\Cache\Home\8dce5c22dac12aa1a9b67bf804a63f3a.php 第 23 行.
INFO: Run Behavior\ParseTemplateBehavior [ RunTime:0.006000s ]
INFO: [ view_parse ] --END-- [ RunTime:0.006000s ]
INFO: [ view_filter ] --START--
INFO: Run Behavior\WriteHtmlCacheBehavior [ RunTime:0.000000s ]
INFO: [ view_filter ] --END-- [ RunTime:0.000000s ]
INFO: [ app_end ] --START--
INFO: Run Behavior\ShowPageTraceBehavior [ RunTime:0.001000s ]
INFO: [ app_end ] --END-- [ RunTime:0.001000s ]

[ 2015-12-04T23:10:44+08:00 ] 192.168.199.100 /passon/index.php/Home/Index/pbookorder.html?order=%E9%A2%84%E7%BA%A6
INFO: [ app_init ] --START--
INFO: Run Behavior\BuildLiteBehavior [ RunTime:0.000000s ]
INFO: [ app_init ] --END-- [ RunTime:0.000000s ]
INFO: [ app_begin ] --START--
INFO: Run Behavior\ReadHtmlCacheBehavior [ RunTime:0.000000s ]
INFO: [ app_begin ] --END-- [ RunTime:0.000000s ]
NOTIC: [8] Use of undefined constant booklog - assumed 'booklog' D:\xampp\htdocs\passon\Application\Home\Controller\IndexController.class.php 第 565 行.
SQL: SHOW COLUMNS FROM `wind87_booklog` [ RunTime:0.0050s ]
NOTIC: [8] Use of undefined constant bookorder - assumed 'bookorder' D:\xampp\htdocs\passon\Application\Home\Controller\IndexController.class.php 第 566 行.
SQL: SHOW COLUMNS FROM `wind87_bookorder` [ RunTime:0.0050s ]
NOTIC: [8] Use of undefined constant bookmnum - assumed 'bookmnum' D:\xampp\htdocs\passon\Application\Home\Controller\IndexController.class.php 第 567 行.
SQL: SHOW COLUMNS FROM `wind87_bookmnum` [ RunTime:0.0040s ]
SQL: SELECT * FROM `wind87_bookmnum` WHERE `book_id` = 23 LIMIT 1   [ RunTime:0.0010s ]
SQL: SELECT * FROM `wind87_bookorder` WHERE `book_id` = 23 AND `ordername` = 'huran' LIMIT 1   [ RunTime:0.0000s ]
SQL: UPDATE `wind87_bookmnum` SET `book_id`='23',`order_num`='3' WHERE `book_id` = 23 [ RunTime:0.0450s ]
SQL: INSERT INTO `wind87_booklog` (`book_id`,`order_name`,`start_time`,`status`) VALUES ('23','huran','2015-12-04 Friday 11:10:44 PM','4') [ RunTime:0.0640s ]
SQL: INSERT INTO `wind87_bookorder` (`book_id`,`ordername`) VALUES ('23','huran') [ RunTime:0.0200s ]
NOTIC: [8] Use of undefined constant phoneos - assumed 'phoneos' D:\xampp\htdocs\passon\Application\Home\Controller\IndexController.class.php 第 599 行.

[ 2015-12-04T23:10:45+08:00 ] 192.168.199.100 /passon/index.php/Home/Index/phoneos.html
INFO: [ app_init ] --START--
INFO: Run Behavior\BuildLiteBehavior [ RunTime:0.000000s ]
INFO: [ app_init ] --END-- [ RunTime:0.000000s ]
INFO: [ app_begin ] --START--
INFO: Run Behavior\ReadHtmlCacheBehavior [ RunTime:0.001000s ]
INFO: [ app_begin ] --END-- [ RunTime:0.001000s ]
INFO: [ view_parse ] --START--
INFO: [ template_filter ] --START--
INFO: Run Behavior\ContentReplaceBehavior [ RunTime:0.000000s ]
INFO: [ template_filter ] --END-- [ RunTime:0.000000s ]
NOTIC: [8] Use of undefined constant phoneCheck - assumed 'phoneCheck' D:\xampp\htdocs\passon\Application\Runtime\Cache\Home\803e3fb297995f7a0b7ed3b6e7d13b58.php 第 19 行.
NOTIC: [8] Use of undefined constant phoneMore - assumed 'phoneMore' D:\xampp\htdocs\passon\Application\Runtime\Cache\Home\803e3fb297995f7a0b7ed3b6e7d13b58.php 第 21 行.
INFO: Run Behavior\ParseTemplateBehavior [ RunTime:0.021001s ]
INFO: [ view_parse ] --END-- [ RunTime:0.021001s ]
INFO: [ view_filter ] --START--
INFO: Run Behavior\WriteHtmlCacheBehavior [ RunTime:0.001000s ]
INFO: [ view_filter ] --END-- [ RunTime:0.001000s ]
INFO: [ app_end ] --START--
INFO: Run Behavior\ShowPageTraceBehavior [ RunTime:0.001000s ]
INFO: [ app_end ] --END-- [ RunTime:0.001000s ]

[ 2015-12-04T23:10:48+08:00 ] 192.168.199.100 /passon/index.php/Home/Index/phoneMore.html
INFO: [ app_init ] --START--
INFO: Run Behavior\BuildLiteBehavior [ RunTime:0.000000s ]
INFO: [ app_init ] --END-- [ RunTime:0.001000s ]
INFO: [ app_begin ] --START--
INFO: Run Behavior\ReadHtmlCacheBehavior [ RunTime:0.001000s ]
INFO: [ app_begin ] --END-- [ RunTime:0.001000s ]
INFO: [ view_parse ] --START--
INFO: [ template_filter ] --START--
INFO: Run Behavior\ContentReplaceBehavior [ RunTime:0.000000s ]
INFO: [ template_filter ] --END-- [ RunTime:0.000000s ]
INFO: Run Behavior\ParseTemplateBehavior [ RunTime:0.009001s ]
INFO: [ view_parse ] --END-- [ RunTime:0.009001s ]
INFO: [ view_filter ] --START--
INFO: Run Behavior\WriteHtmlCacheBehavior [ RunTime:0.000000s ]
INFO: [ view_filter ] --END-- [ RunTime:0.000000s ]
INFO: [ app_end ] --START--
INFO: Run Behavior\ShowPageTraceBehavior [ RunTime:0.001000s ]
INFO: [ app_end ] --END-- [ RunTime:0.001000s ]

[ 2015-12-04T23:11:37+08:00 ] 192.168.199.100 /passon/index.php/Home/Index/phoneLogin/bookid/23.html
INFO: [ app_init ] --START--
INFO: Run Behavior\BuildLiteBehavior [ RunTime:0.000000s ]
INFO: [ app_init ] --END-- [ RunTime:0.001000s ]
INFO: [ app_begin ] --START--
INFO: Run Behavior\ReadHtmlCacheBehavior [ RunTime:0.001000s ]
INFO: [ app_begin ] --END-- [ RunTime:0.001000s ]
SQL: SHOW COLUMNS FROM `wind87_book` [ RunTime:0.0050s ]
SQL: SELECT * FROM `wind87_book` WHERE `book_id` = 23 LIMIT 1   [ RunTime:0.0000s ]
SQL: SHOW COLUMNS FROM `wind87_bookinfo` [ RunTime:0.0060s ]
SQL: SELECT * FROM `wind87_bookinfo` WHERE `isbn` = '9787115263636' LIMIT 1   [ RunTime:0.0010s ]
INFO: [ view_parse ] --START--
INFO: [ template_filter ] --START--
INFO: Run Behavior\ContentReplaceBehavior [ RunTime:0.000000s ]
INFO: [ template_filter ] --END-- [ RunTime:0.000000s ]
NOTIC: [8] Use of undefined constant pLogin - assumed 'pLogin' D:\xampp\htdocs\passon\Application\Runtime\Cache\Home\a8a65d9128adff7ea6a1dd5f396ec497.php 第 27 行.
NOTIC: [8] Use of undefined constant phoneRegister - assumed 'phoneRegister' D:\xampp\htdocs\passon\Application\Runtime\Cache\Home\a8a65d9128adff7ea6a1dd5f396ec497.php 第 30 行.
INFO: Run Behavior\ParseTemplateBehavior [ RunTime:0.009000s ]
INFO: [ view_parse ] --END-- [ RunTime:0.009000s ]
INFO: [ view_filter ] --START--
INFO: Run Behavior\WriteHtmlCacheBehavior [ RunTime:0.001001s ]
INFO: [ view_filter ] --END-- [ RunTime:0.001001s ]
INFO: [ app_end ] --START--
INFO: Run Behavior\ShowPageTraceBehavior [ RunTime:0.001000s ]
INFO: [ app_end ] --END-- [ RunTime:0.001000s ]

[ 2015-12-04T23:11:46+08:00 ] 192.168.199.100 /passon/index.php/Home/Index/pLogin.html
INFO: [ app_init ] --START--
INFO: Run Behavior\BuildLiteBehavior [ RunTime:0.000000s ]
INFO: [ app_init ] --END-- [ RunTime:0.001000s ]
INFO: [ app_begin ] --START--
INFO: Run Behavior\ReadHtmlCacheBehavior [ RunTime:0.001000s ]
INFO: [ app_begin ] --END-- [ RunTime:0.001000s ]
SQL: SHOW COLUMNS FROM `wind87_booksusers` [ RunTime:0.0040s ]
SQL: SELECT * FROM `wind87_booksusers` WHERE `username` = 'huran' AND `password` = 'huran'  [ RunTime:0.0010s ]
NOTIC: [8] Use of undefined constant phoneMain - assumed 'phoneMain' D:\xampp\htdocs\passon\Application\Home\Controller\IndexController.class.php 第 355 行.

[ 2015-12-04T23:11:49+08:00 ] 192.168.199.100 /passon/index.php/Home/Index/phoneMain.html
INFO: [ app_init ] --START--
INFO: Run Behavior\BuildLiteBehavior [ RunTime:0.000000s ]
INFO: [ app_init ] --END-- [ RunTime:0.001001s ]
INFO: [ app_begin ] --START--
INFO: Run Behavior\ReadHtmlCacheBehavior [ RunTime:0.000000s ]
INFO: [ app_begin ] --END-- [ RunTime:0.001000s ]
SQL: SHOW COLUMNS FROM `wind87_book` [ RunTime:0.0040s ]
SQL: SELECT * FROM `wind87_book` WHERE `book_id` = 23 LIMIT 1   [ RunTime:0.0000s ]
SQL: SHOW COLUMNS FROM `wind87_bookinfo` [ RunTime:0.0050s ]
SQL: SELECT * FROM `wind87_bookinfo` WHERE `isbn` = '9787115263636' LIMIT 1   [ RunTime:0.0010s ]
INFO: [ view_parse ] --START--
INFO: [ template_filter ] --START--
INFO: Run Behavior\ContentReplaceBehavior [ RunTime:0.000000s ]
INFO: [ template_filter ] --END-- [ RunTime:0.000000s ]
NOTIC: [8] Use of undefined constant phoneNext - assumed 'phoneNext' D:\xampp\htdocs\passon\Application\Runtime\Cache\Home\f38de32a64008defc8ab340e2f1ba63a.php 第 16 行.
NOTIC: [8] Use of undefined constant phoneBorrow - assumed 'phoneBorrow' D:\xampp\htdocs\passon\Application\Runtime\Cache\Home\f38de32a64008defc8ab340e2f1ba63a.php 第 18 行.
NOTIC: [8] Use of undefined constant phoneOrder - assumed 'phoneOrder' D:\xampp\htdocs\passon\Application\Runtime\Cache\Home\f38de32a64008defc8ab340e2f1ba63a.php 第 19 行.
NOTIC: [8] Use of undefined constant phoneBorrow - assumed 'phoneBorrow' D:\xampp\htdocs\passon\Application\Runtime\Cache\Home\f38de32a64008defc8ab340e2f1ba63a.php 第 31 行.
NOTIC: [8] Use of undefined constant phoneReturn - assumed 'phoneReturn' D:\xampp\htdocs\passon\Application\Runtime\Cache\Home\f38de32a64008defc8ab340e2f1ba63a.php 第 32 行.
NOTIC: [8] Use of undefined constant phoneOrder - assumed 'phoneOrder' D:\xampp\htdocs\passon\Application\Runtime\Cache\Home\f38de32a64008defc8ab340e2f1ba63a.php 第 33 行.
NOTIC: [8] Use of undefined constant phoneRenew - assumed 'phoneRenew' D:\xampp\htdocs\passon\Application\Runtime\Cache\Home\f38de32a64008defc8ab340e2f1ba63a.php 第 34 行.
INFO: Run Behavior\ParseTemplateBehavior [ RunTime:0.007001s ]
INFO: [ view_parse ] --END-- [ RunTime:0.007001s ]
INFO: [ view_filter ] --START--
INFO: Run Behavior\WriteHtmlCacheBehavior [ RunTime:0.000000s ]
INFO: [ view_filter ] --END-- [ RunTime:0.000000s ]
INFO: [ app_end ] --START--
INFO: Run Behavior\ShowPageTraceBehavior [ RunTime:0.000000s ]
INFO: [ app_end ] --END-- [ RunTime:0.000000s ]

[ 2015-12-04T23:11:50+08:00 ] 192.168.199.100 /passon/index.php/Home/Index/phoneOrder.html
INFO: [ app_init ] --START--
INFO: Run Behavior\BuildLiteBehavior [ RunTime:0.000000s ]
INFO: [ app_init ] --END-- [ RunTime:0.000000s ]
INFO: [ app_begin ] --START--
INFO: Run Behavior\ReadHtmlCacheBehavior [ RunTime:0.001000s ]
INFO: [ app_begin ] --END-- [ RunTime:0.001000s ]
NOTIC: [8] Use of undefined constant booklog - assumed 'booklog' D:\xampp\htdocs\passon\Application\Home\Controller\IndexController.class.php 第 395 行.
SQL: SHOW COLUMNS FROM `wind87_booklog` [ RunTime:0.0050s ]
NOTIC: [8] Use of undefined constant bookorder - assumed 'bookorder' D:\xampp\htdocs\passon\Application\Home\Controller\IndexController.class.php 第 396 行.
SQL: SHOW COLUMNS FROM `wind87_bookorder` [ RunTime:0.0050s ]
NOTIC: [8] Use of undefined constant bookmnum - assumed 'bookmnum' D:\xampp\htdocs\passon\Application\Home\Controller\IndexController.class.php 第 397 行.
SQL: SHOW COLUMNS FROM `wind87_bookmnum` [ RunTime:0.0040s ]
SQL: SELECT * FROM `wind87_bookorder` WHERE `book_id` = 23 AND `ordername` = 'huran' LIMIT 1   [ RunTime:0.0000s ]
SQL: SELECT * FROM `wind87_bookmnum` WHERE `book_id` = 23 LIMIT 1   [ RunTime:0.0010s ]
SQL: SELECT * FROM `wind87_booklog` WHERE `book_id` = 23 AND `status` = 2 ORDER BY log_id desc LIMIT 1   [ RunTime:0.0000s ]
NOTIC: [8] Use of undefined constant phoneoe - assumed 'phoneoe' D:\xampp\htdocs\passon\Application\Home\Controller\IndexController.class.php 第 433 行.
INFO: [ view_parse ] --START--
INFO: [ template_filter ] --START--
INFO: Run Behavior\ContentReplaceBehavior [ RunTime:0.000000s ]
INFO: [ template_filter ] --END-- [ RunTime:0.000000s ]
INFO: Run Behavior\ParseTemplateBehavior [ RunTime:0.007001s ]
INFO: [ view_parse ] --END-- [ RunTime:0.007001s ]
INFO: [ view_filter ] --START--
INFO: Run Behavior\WriteHtmlCacheBehavior [ RunTime:0.000000s ]
INFO: [ view_filter ] --END-- [ RunTime:0.000000s ]

[ 2015-12-04T23:11:54+08:00 ] 192.168.199.100 /passon/index.php/Home/Index/phoneoe.html
INFO: [ app_init ] --START--
INFO: Run Behavior\BuildLiteBehavior [ RunTime:0.000000s ]
INFO: [ app_init ] --END-- [ RunTime:0.000000s ]
INFO: [ app_begin ] --START--
INFO: Run Behavior\ReadHtmlCacheBehavior [ RunTime:0.000000s ]
INFO: [ app_begin ] --END-- [ RunTime:0.001000s ]
INFO: [ view_parse ] --START--
INFO: [ template_filter ] --START--
INFO: Run Behavior\ContentReplaceBehavior [ RunTime:0.000000s ]
INFO: [ template_filter ] --END-- [ RunTime:0.000000s ]
NOTIC: [8] Use of undefined constant phonefail - assumed 'phonefail' D:\xampp\htdocs\passon\Application\Runtime\Cache\Home\3378a3724f42dd725a9c0fad63376661.php 第 23 行.
INFO: Run Behavior\ParseTemplateBehavior [ RunTime:0.007000s ]
INFO: [ view_parse ] --END-- [ RunTime:0.007000s ]
INFO: [ view_filter ] --START--
INFO: Run Behavior\WriteHtmlCacheBehavior [ RunTime:0.001000s ]
INFO: [ view_filter ] --END-- [ RunTime:0.001000s ]
INFO: [ app_end ] --START--
INFO: Run Behavior\ShowPageTraceBehavior [ RunTime:0.001000s ]
INFO: [ app_end ] --END-- [ RunTime:0.001000s ]

[ 2015-12-04T23:13:19+08:00 ] 192.168.199.100 /passon/index.php/Home/Index/phoneLogin/bookid/23.html
INFO: [ app_init ] --START--
INFO: Run Behavior\BuildLiteBehavior [ RunTime:0.000000s ]
INFO: [ app_init ] --END-- [ RunTime:0.001000s ]
INFO: [ app_begin ] --START--
INFO: Run Behavior\ReadHtmlCacheBehavior [ RunTime:0.000000s ]
INFO: [ app_begin ] --END-- [ RunTime:0.001000s ]
SQL: SHOW COLUMNS FROM `wind87_book` [ RunTime:0.0050s ]
SQL: SELECT * FROM `wind87_book` WHERE `book_id` = 23 LIMIT 1   [ RunTime:0.0000s ]
SQL: SHOW COLUMNS FROM `wind87_bookinfo` [ RunTime:0.0040s ]
SQL: SELECT * FROM `wind87_bookinfo` WHERE `isbn` = '9787115263636' LIMIT 1   [ RunTime:0.0000s ]
INFO: [ view_parse ] --START--
INFO: [ template_filter ] --START--
INFO: Run Behavior\ContentReplaceBehavior [ RunTime:0.000000s ]
INFO: [ template_filter ] --END-- [ RunTime:0.000000s ]
NOTIC: [8] Use of undefined constant pLogin - assumed 'pLogin' D:\xampp\htdocs\passon\Application\Runtime\Cache\Home\a8a65d9128adff7ea6a1dd5f396ec497.php 第 27 行.
NOTIC: [8] Use of undefined constant phoneRegister - assumed 'phoneRegister' D:\xampp\htdocs\passon\Application\Runtime\Cache\Home\a8a65d9128adff7ea6a1dd5f396ec497.php 第 30 行.
INFO: Run Behavior\ParseTemplateBehavior [ RunTime:0.007000s ]
INFO: [ view_parse ] --END-- [ RunTime:0.007000s ]
INFO: [ view_filter ] --START--
INFO: Run Behavior\WriteHtmlCacheBehavior [ RunTime:0.000000s ]
INFO: [ view_filter ] --END-- [ RunTime:0.000000s ]
INFO: [ app_end ] --START--
INFO: Run Behavior\ShowPageTraceBehavior [ RunTime:0.001000s ]
INFO: [ app_end ] --END-- [ RunTime:0.001000s ]

[ 2015-12-04T23:13:28+08:00 ] 192.168.199.100 /passon/index.php/Home/Index/pLogin.html
INFO: [ app_init ] --START--
INFO: Run Behavior\BuildLiteBehavior [ RunTime:0.000000s ]
INFO: [ app_init ] --END-- [ RunTime:0.001001s ]
INFO: [ app_begin ] --START--
INFO: Run Behavior\ReadHtmlCacheBehavior [ RunTime:0.000000s ]
INFO: [ app_begin ] --END-- [ RunTime:0.000000s ]
SQL: SHOW COLUMNS FROM `wind87_booksusers` [ RunTime:0.0050s ]
SQL: SELECT * FROM `wind87_booksusers` WHERE `username` = 'huran' AND `password` = 'huran'  [ RunTime:0.0000s ]
NOTIC: [8] Use of undefined constant phoneMain - assumed 'phoneMain' D:\xampp\htdocs\passon\Application\Home\Controller\IndexController.class.php 第 355 行.

[ 2015-12-04T23:13:29+08:00 ] 192.168.199.100 /passon/index.php/Home/Index/phoneMain.html
INFO: [ app_init ] --START--
INFO: Run Behavior\BuildLiteBehavior [ RunTime:0.000000s ]
INFO: [ app_init ] --END-- [ RunTime:0.000000s ]
INFO: [ app_begin ] --START--
INFO: Run Behavior\ReadHtmlCacheBehavior [ RunTime:0.001000s ]
INFO: [ app_begin ] --END-- [ RunTime:0.001000s ]
SQL: SHOW COLUMNS FROM `wind87_book` [ RunTime:0.0040s ]
SQL: SELECT * FROM `wind87_book` WHERE `book_id` = 23 LIMIT 1   [ RunTime:0.0000s ]
SQL: SHOW COLUMNS FROM `wind87_bookinfo` [ RunTime:0.0040s ]
SQL: SELECT * FROM `wind87_bookinfo` WHERE `isbn` = '9787115263636' LIMIT 1   [ RunTime:0.0010s ]
INFO: [ view_parse ] --START--
INFO: [ template_filter ] --START--
INFO: Run Behavior\ContentReplaceBehavior [ RunTime:0.000000s ]
INFO: [ template_filter ] --END-- [ RunTime:0.000000s ]
NOTIC: [8] Use of undefined constant phoneNext - assumed 'phoneNext' D:\xampp\htdocs\passon\Application\Runtime\Cache\Home\f38de32a64008defc8ab340e2f1ba63a.php 第 16 行.
NOTIC: [8] Use of undefined constant phoneBorrow - assumed 'phoneBorrow' D:\xampp\htdocs\passon\Application\Runtime\Cache\Home\f38de32a64008defc8ab340e2f1ba63a.php 第 18 行.
NOTIC: [8] Use of undefined constant phoneOrder - assumed 'phoneOrder' D:\xampp\htdocs\passon\Application\Runtime\Cache\Home\f38de32a64008defc8ab340e2f1ba63a.php 第 19 行.
NOTIC: [8] Use of undefined constant phoneBorrow - assumed 'phoneBorrow' D:\xampp\htdocs\passon\Application\Runtime\Cache\Home\f38de32a64008defc8ab340e2f1ba63a.php 第 31 行.
NOTIC: [8] Use of undefined constant phoneReturn - assumed 'phoneReturn' D:\xampp\htdocs\passon\Application\Runtime\Cache\Home\f38de32a64008defc8ab340e2f1ba63a.php 第 32 行.
NOTIC: [8] Use of undefined constant phoneOrder - assumed 'phoneOrder' D:\xampp\htdocs\passon\Application\Runtime\Cache\Home\f38de32a64008defc8ab340e2f1ba63a.php 第 33 行.
NOTIC: [8] Use of undefined constant phoneRenew - assumed 'phoneRenew' D:\xampp\htdocs\passon\Application\Runtime\Cache\Home\f38de32a64008defc8ab340e2f1ba63a.php 第 34 行.
INFO: Run Behavior\ParseTemplateBehavior [ RunTime:0.006000s ]
INFO: [ view_parse ] --END-- [ RunTime:0.007000s ]
INFO: [ view_filter ] --START--
INFO: Run Behavior\WriteHtmlCacheBehavior [ RunTime:0.000000s ]
INFO: [ view_filter ] --END-- [ RunTime:0.000000s ]
INFO: [ app_end ] --START--
INFO: Run Behavior\ShowPageTraceBehavior [ RunTime:0.001000s ]
INFO: [ app_end ] --END-- [ RunTime:0.001000s ]

[ 2015-12-04T23:13:30+08:00 ] 192.168.199.100 /passon/index.php/Home/Index/phoneOrder.html
INFO: [ app_init ] --START--
INFO: Run Behavior\BuildLiteBehavior [ RunTime:0.000000s ]
INFO: [ app_init ] --END-- [ RunTime:0.000000s ]
INFO: [ app_begin ] --START--
INFO: Run Behavior\ReadHtmlCacheBehavior [ RunTime:0.001000s ]
INFO: [ app_begin ] --END-- [ RunTime:0.001000s ]
NOTIC: [8] Use of undefined constant booklog - assumed 'booklog' D:\xampp\htdocs\passon\Application\Home\Controller\IndexController.class.php 第 395 行.
SQL: SHOW COLUMNS FROM `wind87_booklog` [ RunTime:0.0040s ]
NOTIC: [8] Use of undefined constant bookorder - assumed 'bookorder' D:\xampp\htdocs\passon\Application\Home\Controller\IndexController.class.php 第 396 行.
SQL: SHOW COLUMNS FROM `wind87_bookorder` [ RunTime:0.0050s ]
NOTIC: [8] Use of undefined constant bookmnum - assumed 'bookmnum' D:\xampp\htdocs\passon\Application\Home\Controller\IndexController.class.php 第 397 行.
SQL: SHOW COLUMNS FROM `wind87_bookmnum` [ RunTime:0.0040s ]
SQL: SELECT * FROM `wind87_bookorder` WHERE `book_id` = 23 AND `ordername` = 'huran' LIMIT 1   [ RunTime:0.0010s ]
SQL: SELECT * FROM `wind87_bookmnum` WHERE `book_id` = 23 LIMIT 1   [ RunTime:0.0010s ]
SQL: SELECT * FROM `wind87_booklog` WHERE `book_id` = 23 AND `status` = 2 ORDER BY log_id desc LIMIT 1   [ RunTime:0.0000s ]
NOTIC: [8] Use of undefined constant phoneoe - assumed 'phoneoe' D:\xampp\htdocs\passon\Application\Home\Controller\IndexController.class.php 第 433 行.
INFO: [ view_parse ] --START--
INFO: [ template_filter ] --START--
INFO: Run Behavior\ContentReplaceBehavior [ RunTime:0.000000s ]
INFO: [ template_filter ] --END-- [ RunTime:0.000000s ]
INFO: Run Behavior\ParseTemplateBehavior [ RunTime:0.008001s ]
INFO: [ view_parse ] --END-- [ RunTime:0.008001s ]
INFO: [ view_filter ] --START--
INFO: Run Behavior\WriteHtmlCacheBehavior [ RunTime:0.000000s ]
INFO: [ view_filter ] --END-- [ RunTime:0.000000s ]

[ 2015-12-04T23:13:33+08:00 ] 192.168.199.100 /passon/index.php/Home/Index/phoneoe.html
INFO: [ app_init ] --START--
INFO: Run Behavior\BuildLiteBehavior [ RunTime:0.000000s ]
INFO: [ app_init ] --END-- [ RunTime:0.001000s ]
INFO: [ app_begin ] --START--
INFO: Run Behavior\ReadHtmlCacheBehavior [ RunTime:0.001000s ]
INFO: [ app_begin ] --END-- [ RunTime:0.001000s ]
INFO: [ view_parse ] --START--
INFO: [ template_filter ] --START--
INFO: Run Behavior\ContentReplaceBehavior [ RunTime:0.000000s ]
INFO: [ template_filter ] --END-- [ RunTime:0.000000s ]
NOTIC: [8] Use of undefined constant phonefail - assumed 'phonefail' D:\xampp\htdocs\passon\Application\Runtime\Cache\Home\3378a3724f42dd725a9c0fad63376661.php 第 23 行.
INFO: Run Behavior\ParseTemplateBehavior [ RunTime:0.009001s ]
INFO: [ view_parse ] --END-- [ RunTime:0.010001s ]
INFO: [ view_filter ] --START--
INFO: Run Behavior\WriteHtmlCacheBehavior [ RunTime:0.001000s ]
INFO: [ view_filter ] --END-- [ RunTime:0.001000s ]
INFO: [ app_end ] --START--
INFO: Run Behavior\ShowPageTraceBehavior [ RunTime:0.001000s ]
INFO: [ app_end ] --END-- [ RunTime:0.001000s ]

[ 2015-12-04T23:16:53+08:00 ] 192.168.199.100 /passon/index.php/Home/Index/phoneLogin/bookid/23.html
INFO: [ app_init ] --START--
INFO: Run Behavior\BuildLiteBehavior [ RunTime:0.000000s ]
INFO: [ app_init ] --END-- [ RunTime:0.001000s ]
INFO: [ app_begin ] --START--
INFO: Run Behavior\ReadHtmlCacheBehavior [ RunTime:0.001000s ]
INFO: [ app_begin ] --END-- [ RunTime:0.001000s ]
SQL: SHOW COLUMNS FROM `wind87_book` [ RunTime:0.0040s ]
SQL: SELECT * FROM `wind87_book` WHERE `book_id` = 23 LIMIT 1   [ RunTime:0.0010s ]
SQL: SHOW COLUMNS FROM `wind87_bookinfo` [ RunTime:0.0040s ]
SQL: SELECT * FROM `wind87_bookinfo` WHERE `isbn` = '9787115263636' LIMIT 1   [ RunTime:0.0010s ]
INFO: [ view_parse ] --START--
INFO: [ template_filter ] --START--
INFO: Run Behavior\ContentReplaceBehavior [ RunTime:0.000000s ]
INFO: [ template_filter ] --END-- [ RunTime:0.000000s ]
NOTIC: [8] Use of undefined constant pLogin - assumed 'pLogin' D:\xampp\htdocs\passon\Application\Runtime\Cache\Home\a8a65d9128adff7ea6a1dd5f396ec497.php 第 27 行.
NOTIC: [8] Use of undefined constant phoneRegister - assumed 'phoneRegister' D:\xampp\htdocs\passon\Application\Runtime\Cache\Home\a8a65d9128adff7ea6a1dd5f396ec497.php 第 30 行.
INFO: Run Behavior\ParseTemplateBehavior [ RunTime:0.007001s ]
INFO: [ view_parse ] --END-- [ RunTime:0.007001s ]
INFO: [ view_filter ] --START--
INFO: Run Behavior\WriteHtmlCacheBehavior [ RunTime:0.001000s ]
INFO: [ view_filter ] --END-- [ RunTime:0.001000s ]
INFO: [ app_end ] --START--
INFO: Run Behavior\ShowPageTraceBehavior [ RunTime:0.001000s ]
INFO: [ app_end ] --END-- [ RunTime:0.001000s ]

[ 2015-12-04T23:17:07+08:00 ] 192.168.199.100 /passon/index.php/Home/Index/pLogin.html
INFO: [ app_init ] --START--
INFO: Run Behavior\BuildLiteBehavior [ RunTime:0.000000s ]
INFO: [ app_init ] --END-- [ RunTime:0.001000s ]
INFO: [ app_begin ] --START--
INFO: Run Behavior\ReadHtmlCacheBehavior [ RunTime:0.001000s ]
INFO: [ app_begin ] --END-- [ RunTime:0.001000s ]
SQL: SHOW COLUMNS FROM `wind87_booksusers` [ RunTime:0.0050s ]
SQL: SELECT * FROM `wind87_booksusers` WHERE `username` = 'huran' AND `password` = 'huran'  [ RunTime:0.0000s ]
NOTIC: [8] Use of undefined constant phoneMain - assumed 'phoneMain' D:\xampp\htdocs\passon\Application\Home\Controller\IndexController.class.php 第 355 行.

[ 2015-12-04T23:17:08+08:00 ] 192.168.199.100 /passon/index.php/Home/Index/phoneMain.html
INFO: [ app_init ] --START--
INFO: Run Behavior\BuildLiteBehavior [ RunTime:0.000000s ]
INFO: [ app_init ] --END-- [ RunTime:0.001000s ]
INFO: [ app_begin ] --START--
INFO: Run Behavior\ReadHtmlCacheBehavior [ RunTime:0.000000s ]
INFO: [ app_begin ] --END-- [ RunTime:0.000000s ]
SQL: SHOW COLUMNS FROM `wind87_book` [ RunTime:0.0050s ]
SQL: SELECT * FROM `wind87_book` WHERE `book_id` = 23 LIMIT 1   [ RunTime:0.0010s ]
SQL: SHOW COLUMNS FROM `wind87_bookinfo` [ RunTime:0.0050s ]
SQL: SELECT * FROM `wind87_bookinfo` WHERE `isbn` = '9787115263636' LIMIT 1   [ RunTime:0.0000s ]
INFO: [ view_parse ] --START--
INFO: [ template_filter ] --START--
INFO: Run Behavior\ContentReplaceBehavior [ RunTime:0.000000s ]
INFO: [ template_filter ] --END-- [ RunTime:0.000000s ]
NOTIC: [8] Use of undefined constant phoneNext - assumed 'phoneNext' D:\xampp\htdocs\passon\Application\Runtime\Cache\Home\f38de32a64008defc8ab340e2f1ba63a.php 第 16 行.
NOTIC: [8] Use of undefined constant phoneBorrow - assumed 'phoneBorrow' D:\xampp\htdocs\passon\Application\Runtime\Cache\Home\f38de32a64008defc8ab340e2f1ba63a.php 第 18 行.
NOTIC: [8] Use of undefined constant phoneOrder - assumed 'phoneOrder' D:\xampp\htdocs\passon\Application\Runtime\Cache\Home\f38de32a64008defc8ab340e2f1ba63a.php 第 19 行.
NOTIC: [8] Use of undefined constant phoneBorrow - assumed 'phoneBorrow' D:\xampp\htdocs\passon\Application\Runtime\Cache\Home\f38de32a64008defc8ab340e2f1ba63a.php 第 31 行.
NOTIC: [8] Use of undefined constant phoneReturn - assumed 'phoneReturn' D:\xampp\htdocs\passon\Application\Runtime\Cache\Home\f38de32a64008defc8ab340e2f1ba63a.php 第 32 行.
NOTIC: [8] Use of undefined constant phoneOrder - assumed 'phoneOrder' D:\xampp\htdocs\passon\Application\Runtime\Cache\Home\f38de32a64008defc8ab340e2f1ba63a.php 第 33 行.
NOTIC: [8] Use of undefined constant phoneRenew - assumed 'phoneRenew' D:\xampp\htdocs\passon\Application\Runtime\Cache\Home\f38de32a64008defc8ab340e2f1ba63a.php 第 34 行.
INFO: Run Behavior\ParseTemplateBehavior [ RunTime:0.006001s ]
INFO: [ view_parse ] --END-- [ RunTime:0.006001s ]
INFO: [ view_filter ] --START--
INFO: Run Behavior\WriteHtmlCacheBehavior [ RunTime:0.000000s ]
INFO: [ view_filter ] --END-- [ RunTime:0.000000s ]
INFO: [ app_end ] --START--
INFO: Run Behavior\ShowPageTraceBehavior [ RunTime:0.001000s ]
INFO: [ app_end ] --END-- [ RunTime:0.001000s ]

[ 2015-12-04T23:17:10+08:00 ] 192.168.199.100 /passon/index.php/Home/Index/phoneBorrow.html
INFO: [ app_init ] --START--
INFO: Run Behavior\BuildLiteBehavior [ RunTime:0.000000s ]
INFO: [ app_init ] --END-- [ RunTime:0.000000s ]
INFO: [ app_begin ] --START--
INFO: Run Behavior\ReadHtmlCacheBehavior [ RunTime:0.000000s ]
INFO: [ app_begin ] --END-- [ RunTime:0.000000s ]
INFO: [ view_parse ] --START--
INFO: [ template_filter ] --START--
INFO: Run Behavior\ContentReplaceBehavior [ RunTime:0.000000s ]
INFO: [ template_filter ] --END-- [ RunTime:0.000000s ]
NOTIC: [8] Use of undefined constant phonedb - assumed 'phonedb' D:\xampp\htdocs\passon\Application\Runtime\Cache\Home\856148b17f81eceeb5c5e5b5e4b5f435.php 第 19 行.
NOTIC: [8] Use of undefined constant phoneExit - assumed 'phoneExit' D:\xampp\htdocs\passon\Application\Runtime\Cache\Home\856148b17f81eceeb5c5e5b5e4b5f435.php 第 34 行.
INFO: Run Behavior\ParseTemplateBehavior [ RunTime:0.006001s ]
INFO: [ view_parse ] --END-- [ RunTime:0.006001s ]
INFO: [ view_filter ] --START--
INFO: Run Behavior\WriteHtmlCacheBehavior [ RunTime:0.001000s ]
INFO: [ view_filter ] --END-- [ RunTime:0.001000s ]
INFO: [ app_end ] --START--
INFO: Run Behavior\ShowPageTraceBehavior [ RunTime:0.000000s ]
INFO: [ app_end ] --END-- [ RunTime:0.000000s ]

[ 2015-12-04T23:17:16+08:00 ] 192.168.199.100 /passon/index.php/Home/Index/phonedb.html
INFO: [ app_init ] --START--
INFO: Run Behavior\BuildLiteBehavior [ RunTime:0.000000s ]
INFO: [ app_init ] --END-- [ RunTime:0.001000s ]
INFO: [ app_begin ] --START--
INFO: Run Behavior\ReadHtmlCacheBehavior [ RunTime:0.001000s ]
INFO: [ app_begin ] --END-- [ RunTime:0.001000s ]
NOTIC: [8] Use of undefined constant booklog - assumed 'booklog' D:\xampp\htdocs\passon\Application\Home\Controller\IndexController.class.php 第 454 行.
SQL: SHOW COLUMNS FROM `wind87_booklog` [ RunTime:0.0050s ]
NOTIC: [8] Use of undefined constant bookcontext - assumed 'bookcontext' D:\xampp\htdocs\passon\Application\Home\Controller\IndexController.class.php 第 455 行.
SQL: SHOW COLUMNS FROM `wind87_bookcontext` [ RunTime:0.0050s ]
NOTIC: [8] Use of undefined constant book - assumed 'book' D:\xampp\htdocs\passon\Application\Home\Controller\IndexController.class.php 第 456 行.
SQL: SHOW COLUMNS FROM `wind87_book` [ RunTime:0.0030s ]
SQL: SELECT * FROM `wind87_book` WHERE `book_id` = 23 AND `keeper_name` = 'huran' AND `status` = 2 LIMIT 1   [ RunTime:0.0000s ]
SQL: UPDATE `wind87_book` SET `book_id`='23',`keeper_name`='huran',`status`='2' WHERE `book_id` = 23 [ RunTime:0.0510s ]
SQL: INSERT INTO `wind87_booklog` (`book_id`,`keeper_name`,`start_time`,`end_time`,`status`) VALUES ('23','huran','2015-12-04 Friday 11:17:16 PM','2016-01-03 Sunday 11:17:16 PM','2') [ RunTime:0.0870s ]
SQL: INSERT INTO `wind87_bookcontext` (`book_id`,`damage_s`,`damage_c`,`username`) VALUES ('23','','','huran') [ RunTime:0.0500s ]
NOTIC: [8] Use of undefined constant phoneSuccess - assumed 'phoneSuccess' D:\xampp\htdocs\passon\Application\Home\Controller\IndexController.class.php 第 480 行.

[ 2015-12-04T23:17:16+08:00 ] 192.168.199.100 /passon/index.php/Home/Index/phoneSuccess.html
INFO: [ app_init ] --START--
INFO: Run Behavior\BuildLiteBehavior [ RunTime:0.000000s ]
INFO: [ app_init ] --END-- [ RunTime:0.000000s ]
INFO: [ app_begin ] --START--
INFO: Run Behavior\ReadHtmlCacheBehavior [ RunTime:0.001000s ]
INFO: [ app_begin ] --END-- [ RunTime:0.001000s ]
INFO: [ view_parse ] --START--
INFO: [ template_filter ] --START--
INFO: Run Behavior\ContentReplaceBehavior [ RunTime:0.000000s ]
INFO: [ template_filter ] --END-- [ RunTime:0.000000s ]
NOTIC: [8] Use of undefined constant phoneMore - assumed 'phoneMore' D:\xampp\htdocs\passon\Application\Runtime\Cache\Home\e0b847cbff72a140ecc7be0e55af6ba3.php 第 19 行.
INFO: Run Behavior\ParseTemplateBehavior [ RunTime:0.007000s ]
INFO: [ view_parse ] --END-- [ RunTime:0.007000s ]
INFO: [ view_filter ] --START--
INFO: Run Behavior\WriteHtmlCacheBehavior [ RunTime:0.001000s ]
INFO: [ view_filter ] --END-- [ RunTime:0.001000s ]
INFO: [ app_end ] --START--
INFO: Run Behavior\ShowPageTraceBehavior [ RunTime:0.001000s ]
INFO: [ app_end ] --END-- [ RunTime:0.001000s ]

[ 2015-12-04T23:17:23+08:00 ] 192.168.199.100 /passon/index.php/Home/Index/phoneMore.html
INFO: [ app_init ] --START--
INFO: Run Behavior\BuildLiteBehavior [ RunTime:0.000000s ]
INFO: [ app_init ] --END-- [ RunTime:0.000000s ]
INFO: [ app_begin ] --START--
INFO: Run Behavior\ReadHtmlCacheBehavior [ RunTime:0.000000s ]
INFO: [ app_begin ] --END-- [ RunTime:0.000000s ]
INFO: [ view_parse ] --START--
INFO: [ template_filter ] --START--
INFO: Run Behavior\ContentReplaceBehavior [ RunTime:0.000000s ]
INFO: [ template_filter ] --END-- [ RunTime:0.000000s ]
INFO: Run Behavior\ParseTemplateBehavior [ RunTime:0.008001s ]
INFO: [ view_parse ] --END-- [ RunTime:0.008001s ]
INFO: [ view_filter ] --START--
INFO: Run Behavior\WriteHtmlCacheBehavior [ RunTime:0.000000s ]
INFO: [ view_filter ] --END-- [ RunTime:0.000000s ]
INFO: [ app_end ] --START--
INFO: Run Behavior\ShowPageTraceBehavior [ RunTime:0.001000s ]
INFO: [ app_end ] --END-- [ RunTime:0.001000s ]

[ 2015-12-04T23:17:25+08:00 ] 192.168.199.100 /passon/index.php/Home/Index/phoneMore.html
INFO: [ app_init ] --START--
INFO: Run Behavior\BuildLiteBehavior [ RunTime:0.000000s ]
INFO: [ app_init ] --END-- [ RunTime:0.000000s ]
INFO: [ app_begin ] --START--
INFO: Run Behavior\ReadHtmlCacheBehavior [ RunTime:0.001000s ]
INFO: [ app_begin ] --END-- [ RunTime:0.001000s ]
INFO: [ view_parse ] --START--
INFO: [ template_filter ] --START--
INFO: Run Behavior\ContentReplaceBehavior [ RunTime:0.001000s ]
INFO: [ template_filter ] --END-- [ RunTime:0.001000s ]
INFO: Run Behavior\ParseTemplateBehavior [ RunTime:0.007000s ]
INFO: [ view_parse ] --END-- [ RunTime:0.007000s ]
INFO: [ view_filter ] --START--
INFO: Run Behavior\WriteHtmlCacheBehavior [ RunTime:0.000000s ]
INFO: [ view_filter ] --END-- [ RunTime:0.000000s ]
INFO: [ app_end ] --START--
INFO: Run Behavior\ShowPageTraceBehavior [ RunTime:0.001000s ]
INFO: [ app_end ] --END-- [ RunTime:0.001000s ]

[ 2015-12-04T23:17:30+08:00 ] 192.168.199.100 /passon/index.php/Home/Index/phoneLogin/bookid/23.html
INFO: [ app_init ] --START--
INFO: Run Behavior\BuildLiteBehavior [ RunTime:0.000000s ]
INFO: [ app_init ] --END-- [ RunTime:0.000000s ]
INFO: [ app_begin ] --START--
INFO: Run Behavior\ReadHtmlCacheBehavior [ RunTime:0.000000s ]
INFO: [ app_begin ] --END-- [ RunTime:0.000000s ]
SQL: SHOW COLUMNS FROM `wind87_book` [ RunTime:0.0040s ]
SQL: SELECT * FROM `wind87_book` WHERE `book_id` = 23 LIMIT 1   [ RunTime:0.0000s ]
SQL: SHOW COLUMNS FROM `wind87_bookinfo` [ RunTime:0.0050s ]
SQL: SELECT * FROM `wind87_bookinfo` WHERE `isbn` = '9787115263636' LIMIT 1   [ RunTime:0.0010s ]
INFO: [ view_parse ] --START--
INFO: [ template_filter ] --START--
INFO: Run Behavior\ContentReplaceBehavior [ RunTime:0.000000s ]
INFO: [ template_filter ] --END-- [ RunTime:0.000000s ]
NOTIC: [8] Use of undefined constant pLogin - assumed 'pLogin' D:\xampp\htdocs\passon\Application\Runtime\Cache\Home\a8a65d9128adff7ea6a1dd5f396ec497.php 第 27 行.
NOTIC: [8] Use of undefined constant phoneRegister - assumed 'phoneRegister' D:\xampp\htdocs\passon\Application\Runtime\Cache\Home\a8a65d9128adff7ea6a1dd5f396ec497.php 第 30 行.
INFO: Run Behavior\ParseTemplateBehavior [ RunTime:0.007001s ]
INFO: [ view_parse ] --END-- [ RunTime:0.007001s ]
INFO: [ view_filter ] --START--
INFO: Run Behavior\WriteHtmlCacheBehavior [ RunTime:0.000000s ]
INFO: [ view_filter ] --END-- [ RunTime:0.000000s ]
INFO: [ app_end ] --START--
INFO: Run Behavior\ShowPageTraceBehavior [ RunTime:0.001000s ]
INFO: [ app_end ] --END-- [ RunTime:0.001000s ]

[ 2015-12-04T23:17:39+08:00 ] 192.168.199.100 /passon/index.php/Home/Index/pLogin.html
INFO: [ app_init ] --START--
INFO: Run Behavior\BuildLiteBehavior [ RunTime:0.000000s ]
INFO: [ app_init ] --END-- [ RunTime:0.001000s ]
INFO: [ app_begin ] --START--
INFO: Run Behavior\ReadHtmlCacheBehavior [ RunTime:0.001000s ]
INFO: [ app_begin ] --END-- [ RunTime:0.001000s ]
SQL: SHOW COLUMNS FROM `wind87_booksusers` [ RunTime:0.0040s ]
SQL: SELECT * FROM `wind87_booksusers` WHERE `username` = 'huran' AND `password` = 'huran'  [ RunTime:0.0010s ]
NOTIC: [8] Use of undefined constant phoneMain - assumed 'phoneMain' D:\xampp\htdocs\passon\Application\Home\Controller\IndexController.class.php 第 355 行.

[ 2015-12-04T23:17:40+08:00 ] 192.168.199.100 /passon/index.php/Home/Index/phoneMain.html
INFO: [ app_init ] --START--
INFO: Run Behavior\BuildLiteBehavior [ RunTime:0.000000s ]
INFO: [ app_init ] --END-- [ RunTime:0.000000s ]
INFO: [ app_begin ] --START--
INFO: Run Behavior\ReadHtmlCacheBehavior [ RunTime:0.001000s ]
INFO: [ app_begin ] --END-- [ RunTime:0.001000s ]
SQL: SHOW COLUMNS FROM `wind87_book` [ RunTime:0.0050s ]
SQL: SELECT * FROM `wind87_book` WHERE `book_id` = 23 LIMIT 1   [ RunTime:0.0000s ]
SQL: SHOW COLUMNS FROM `wind87_bookinfo` [ RunTime:0.0040s ]
SQL: SELECT * FROM `wind87_bookinfo` WHERE `isbn` = '9787115263636' LIMIT 1   [ RunTime:0.0000s ]
INFO: [ view_parse ] --START--
INFO: [ template_filter ] --START--
INFO: Run Behavior\ContentReplaceBehavior [ RunTime:0.000000s ]
INFO: [ template_filter ] --END-- [ RunTime:0.000000s ]
NOTIC: [8] Use of undefined constant phoneNext - assumed 'phoneNext' D:\xampp\htdocs\passon\Application\Runtime\Cache\Home\f38de32a64008defc8ab340e2f1ba63a.php 第 16 行.
NOTIC: [8] Use of undefined constant phoneReturn - assumed 'phoneReturn' D:\xampp\htdocs\passon\Application\Runtime\Cache\Home\f38de32a64008defc8ab340e2f1ba63a.php 第 22 行.
NOTIC: [8] Use of undefined constant phoneRenew - assumed 'phoneRenew' D:\xampp\htdocs\passon\Application\Runtime\Cache\Home\f38de32a64008defc8ab340e2f1ba63a.php 第 23 行.
NOTIC: [8] Use of undefined constant phoneBorrow - assumed 'phoneBorrow' D:\xampp\htdocs\passon\Application\Runtime\Cache\Home\f38de32a64008defc8ab340e2f1ba63a.php 第 31 行.
NOTIC: [8] Use of undefined constant phoneReturn - assumed 'phoneReturn' D:\xampp\htdocs\passon\Application\Runtime\Cache\Home\f38de32a64008defc8ab340e2f1ba63a.php 第 32 行.
NOTIC: [8] Use of undefined constant phoneOrder - assumed 'phoneOrder' D:\xampp\htdocs\passon\Application\Runtime\Cache\Home\f38de32a64008defc8ab340e2f1ba63a.php 第 33 行.
NOTIC: [8] Use of undefined constant phoneRenew - assumed 'phoneRenew' D:\xampp\htdocs\passon\Application\Runtime\Cache\Home\f38de32a64008defc8ab340e2f1ba63a.php 第 34 行.
INFO: Run Behavior\ParseTemplateBehavior [ RunTime:0.007001s ]
INFO: [ view_parse ] --END-- [ RunTime:0.007001s ]
INFO: [ view_filter ] --START--
INFO: Run Behavior\WriteHtmlCacheBehavior [ RunTime:0.000000s ]
INFO: [ view_filter ] --END-- [ RunTime:0.000000s ]
INFO: [ app_end ] --START--
INFO: Run Behavior\ShowPageTraceBehavior [ RunTime:0.001000s ]
INFO: [ app_end ] --END-- [ RunTime:0.002000s ]

[ 2015-12-04T23:17:41+08:00 ] 192.168.199.100 /passon/index.php/Home/Index/phoneReturn.html
INFO: [ app_init ] --START--
INFO: Run Behavior\BuildLiteBehavior [ RunTime:0.000000s ]
INFO: [ app_init ] --END-- [ RunTime:0.000000s ]
INFO: [ app_begin ] --START--
INFO: Run Behavior\ReadHtmlCacheBehavior [ RunTime:0.001000s ]
INFO: [ app_begin ] --END-- [ RunTime:0.001000s ]
INFO: [ view_parse ] --START--
INFO: [ template_filter ] --START--
INFO: Run Behavior\ContentReplaceBehavior [ RunTime:0.000000s ]
INFO: [ template_filter ] --END-- [ RunTime:0.000000s ]
NOTIC: [8] Use of undefined constant pbookreturn - assumed 'pbookreturn' D:\xampp\htdocs\passon\Application\Runtime\Cache\Home\9fea844b946570ea3fd73043509dd1f1.php 第 20 行.
NOTIC: [8] Use of undefined constant phoneExit - assumed 'phoneExit' D:\xampp\htdocs\passon\Application\Runtime\Cache\Home\9fea844b946570ea3fd73043509dd1f1.php 第 26 行.
INFO: Run Behavior\ParseTemplateBehavior [ RunTime:0.007000s ]
INFO: [ view_parse ] --END-- [ RunTime:0.007000s ]
INFO: [ view_filter ] --START--
INFO: Run Behavior\WriteHtmlCacheBehavior [ RunTime:0.000000s ]
INFO: [ view_filter ] --END-- [ RunTime:0.000000s ]
INFO: [ app_end ] --START--
INFO: Run Behavior\ShowPageTraceBehavior [ RunTime:0.001000s ]
INFO: [ app_end ] --END-- [ RunTime:0.001000s ]

[ 2015-12-04T23:17:46+08:00 ] 192.168.199.100 /passon/index.php/Home/Index/pbookreturn.html
INFO: [ app_init ] --START--
INFO: Run Behavior\BuildLiteBehavior [ RunTime:0.000000s ]
INFO: [ app_init ] --END-- [ RunTime:0.001000s ]
INFO: [ app_begin ] --START--
INFO: Run Behavior\ReadHtmlCacheBehavior [ RunTime:0.000000s ]
INFO: [ app_begin ] --END-- [ RunTime:0.001000s ]
NOTIC: [8] Use of undefined constant bookcomment - assumed 'bookcomment' D:\xampp\htdocs\passon\Application\Home\Controller\IndexController.class.php 第 492 行.
SQL: SHOW COLUMNS FROM `wind87_bookcomment` [ RunTime:0.0040s ]
NOTIC: [8] Use of undefined constant bookmnum - assumed 'bookmnum' D:\xampp\htdocs\passon\Application\Home\Controller\IndexController.class.php 第 493 行.
SQL: SHOW COLUMNS FROM `wind87_bookmnum` [ RunTime:0.0040s ]
NOTIC: [8] Use of undefined constant booklog - assumed 'booklog' D:\xampp\htdocs\passon\Application\Home\Controller\IndexController.class.php 第 494 行.
SQL: SHOW COLUMNS FROM `wind87_booklog` [ RunTime:0.0040s ]
NOTIC: [8] Use of undefined constant book - assumed 'book' D:\xampp\htdocs\passon\Application\Home\Controller\IndexController.class.php 第 495 行.
SQL: SHOW COLUMNS FROM `wind87_book` [ RunTime:0.0050s ]
SQL: SELECT * FROM `wind87_bookmnum` WHERE `book_id` = 23 LIMIT 1   [ RunTime:0.0000s ]
NOTIC: [8] Undefined index: comment_zan D:\xampp\htdocs\passon\Application\Home\Controller\IndexController.class.php 第 498 行.
SQL: UPDATE `wind87_bookmnum` SET `book_id`='23',`zan_num`='1',`comment_num`='1' WHERE `book_id` = 23 [ RunTime:0.0480s ]
SQL: SELECT * FROM `wind87_book` WHERE `book_id` = 23 AND `keeper_name` = 'huran' AND `status` = 3 LIMIT 1   [ RunTime:0.0000s ]
NOTIC: [8] Use of undefined constant bookorder - assumed 'bookorder' D:\xampp\htdocs\passon\Application\Home\Controller\IndexController.class.php 第 530 行.
SQL: SHOW COLUMNS FROM `wind87_bookorder` [ RunTime:0.0060s ]
SQL: SELECT * FROM `wind87_bookorder` WHERE `book_id` = 23 AND `ordername` = 'huran' LIMIT 1   [ RunTime:0.0010s ]
SQL: SELECT * FROM `wind87_bookmnum` WHERE `book_id` = 23 LIMIT 1   [ RunTime:0.0000s ]
SQL: DELETE FROM `wind87_bookorder` WHERE `book_id` = 23 AND `ordername` = 'huran' [ RunTime:0.0670s ]
SQL: UPDATE `wind87_bookmnum` SET `book_id`='23',`order_num`='2' WHERE `book_id` = 23 [ RunTime:0.0410s ]
SQL: UPDATE `wind87_book` SET `book_id`='23',`keeper_name`='huran',`status`='3' WHERE `book_id` = 23 [ RunTime:0.0230s ]
SQL: INSERT INTO `wind87_booklog` (`book_id`,`start_time`,`end_time`,`keeper_name`,`status`) VALUES ('23','2015-12-04 Friday 11:17:45 PM','2015-12-04 Friday 11:17:45 PM','huran','3') [ RunTime:0.0560s ]
SQL: INSERT INTO `wind87_bookcomment` (`book_id`,`username`,`comment`) VALUES ('23','huran','') [ RunTime:0.0360s ]
NOTIC: [8] Use of undefined constant phoners - assumed 'phoners' D:\xampp\htdocs\passon\Application\Home\Controller\IndexController.class.php 第 558 行.

[ 2015-12-04T23:17:47+08:00 ] 192.168.199.100 /passon/index.php/Home/Index/phoners.html
INFO: [ app_init ] --START--
INFO: Run Behavior\BuildLiteBehavior [ RunTime:0.000000s ]
INFO: [ app_init ] --END-- [ RunTime:0.000000s ]
INFO: [ app_begin ] --START--
INFO: Run Behavior\ReadHtmlCacheBehavior [ RunTime:0.000000s ]
INFO: [ app_begin ] --END-- [ RunTime:0.000000s ]
INFO: [ view_parse ] --START--
INFO: [ template_filter ] --START--
INFO: Run Behavior\ContentReplaceBehavior [ RunTime:0.000000s ]
INFO: [ template_filter ] --END-- [ RunTime:0.000000s ]
NOTIC: [8] Use of undefined constant phoneCheck - assumed 'phoneCheck' D:\xampp\htdocs\passon\Application\Runtime\Cache\Home\a1dcc7407c38e6e9252ced1c2b15b7b9.php 第 19 行.
NOTIC: [8] Use of undefined constant phoneMore - assumed 'phoneMore' D:\xampp\htdocs\passon\Application\Runtime\Cache\Home\a1dcc7407c38e6e9252ced1c2b15b7b9.php 第 21 行.
INFO: Run Behavior\ParseTemplateBehavior [ RunTime:0.007000s ]
INFO: [ view_parse ] --END-- [ RunTime:0.008000s ]
INFO: [ view_filter ] --START--
INFO: Run Behavior\WriteHtmlCacheBehavior [ RunTime:0.000000s ]
INFO: [ view_filter ] --END-- [ RunTime:0.000000s ]
INFO: [ app_end ] --START--
INFO: Run Behavior\ShowPageTraceBehavior [ RunTime:0.001000s ]
INFO: [ app_end ] --END-- [ RunTime:0.001000s ]

[ 2015-12-04T23:17:48+08:00 ] 192.168.199.100 /passon/index.php/Home/Index/phoneMore.html
INFO: [ app_init ] --START--
INFO: Run Behavior\BuildLiteBehavior [ RunTime:0.000000s ]
INFO: [ app_init ] --END-- [ RunTime:0.000000s ]
INFO: [ app_begin ] --START--
INFO: Run Behavior\ReadHtmlCacheBehavior [ RunTime:0.000000s ]
INFO: [ app_begin ] --END-- [ RunTime:0.001001s ]
INFO: [ view_parse ] --START--
INFO: [ template_filter ] --START--
INFO: Run Behavior\ContentReplaceBehavior [ RunTime:0.000000s ]
INFO: [ template_filter ] --END-- [ RunTime:0.001000s ]
INFO: Run Behavior\ParseTemplateBehavior [ RunTime:0.009000s ]
INFO: [ view_parse ] --END-- [ RunTime:0.009000s ]
INFO: [ view_filter ] --START--
INFO: Run Behavior\WriteHtmlCacheBehavior [ RunTime:0.000000s ]
INFO: [ view_filter ] --END-- [ RunTime:0.000000s ]
INFO: [ app_end ] --START--
INFO: Run Behavior\ShowPageTraceBehavior [ RunTime:0.000000s ]
INFO: [ app_end ] --END-- [ RunTime:0.000000s ]

[ 2015-12-04T23:18:40+08:00 ] 192.168.199.100 /passon/index.php/Home/Index/phoneLogin/bookid/23.html
INFO: [ app_init ] --START--
INFO: Run Behavior\BuildLiteBehavior [ RunTime:0.000000s ]
INFO: [ app_init ] --END-- [ RunTime:0.001000s ]
INFO: [ app_begin ] --START--
INFO: Run Behavior\ReadHtmlCacheBehavior [ RunTime:0.002000s ]
INFO: [ app_begin ] --END-- [ RunTime:0.002000s ]
SQL: SHOW COLUMNS FROM `wind87_book` [ RunTime:0.0060s ]
SQL: SELECT * FROM `wind87_book` WHERE `book_id` = 23 LIMIT 1   [ RunTime:0.0000s ]
SQL: SHOW COLUMNS FROM `wind87_bookinfo` [ RunTime:0.0050s ]
SQL: SELECT * FROM `wind87_bookinfo` WHERE `isbn` = '9787115263636' LIMIT 1   [ RunTime:0.0000s ]
INFO: [ view_parse ] --START--
INFO: [ template_filter ] --START--
INFO: Run Behavior\ContentReplaceBehavior [ RunTime:0.000000s ]
INFO: [ template_filter ] --END-- [ RunTime:0.000000s ]
NOTIC: [8] Use of undefined constant pLogin - assumed 'pLogin' D:\xampp\htdocs\passon\Application\Runtime\Cache\Home\a8a65d9128adff7ea6a1dd5f396ec497.php 第 27 行.
NOTIC: [8] Use of undefined constant phoneRegister - assumed 'phoneRegister' D:\xampp\htdocs\passon\Application\Runtime\Cache\Home\a8a65d9128adff7ea6a1dd5f396ec497.php 第 30 行.
INFO: Run Behavior\ParseTemplateBehavior [ RunTime:0.006000s ]
INFO: [ view_parse ] --END-- [ RunTime:0.007000s ]
INFO: [ view_filter ] --START--
INFO: Run Behavior\WriteHtmlCacheBehavior [ RunTime:0.001000s ]
INFO: [ view_filter ] --END-- [ RunTime:0.001000s ]
INFO: [ app_end ] --START--
INFO: Run Behavior\ShowPageTraceBehavior [ RunTime:0.001000s ]
INFO: [ app_end ] --END-- [ RunTime:0.001000s ]

[ 2015-12-04T23:19:04+08:00 ] 192.168.199.100 /passon/index.php/Home/Index/pLogin.html
INFO: [ app_init ] --START--
INFO: Run Behavior\BuildLiteBehavior [ RunTime:0.000000s ]
INFO: [ app_init ] --END-- [ RunTime:0.001000s ]
INFO: [ app_begin ] --START--
INFO: Run Behavior\ReadHtmlCacheBehavior [ RunTime:0.002000s ]
INFO: [ app_begin ] --END-- [ RunTime:0.002000s ]
SQL: SHOW COLUMNS FROM `wind87_booksusers` [ RunTime:0.0040s ]
SQL: SELECT * FROM `wind87_booksusers` WHERE `username` = 'huran' AND `password` = 'huran'  [ RunTime:0.0000s ]
NOTIC: [8] Use of undefined constant phoneMain - assumed 'phoneMain' D:\xampp\htdocs\passon\Application\Home\Controller\IndexController.class.php 第 355 行.

[ 2015-12-04T23:19:04+08:00 ] 192.168.199.100 /passon/index.php/Home/Index/phoneMain.html
INFO: [ app_init ] --START--
INFO: Run Behavior\BuildLiteBehavior [ RunTime:0.000000s ]
INFO: [ app_init ] --END-- [ RunTime:0.001000s ]
INFO: [ app_begin ] --START--
INFO: Run Behavior\ReadHtmlCacheBehavior [ RunTime:0.001000s ]
INFO: [ app_begin ] --END-- [ RunTime:0.001000s ]
SQL: SHOW COLUMNS FROM `wind87_book` [ RunTime:0.0060s ]
SQL: SELECT * FROM `wind87_book` WHERE `book_id` = 23 LIMIT 1   [ RunTime:0.0010s ]
SQL: SHOW COLUMNS FROM `wind87_bookinfo` [ RunTime:0.0040s ]
SQL: SELECT * FROM `wind87_bookinfo` WHERE `isbn` = '9787115263636' LIMIT 1   [ RunTime:0.0000s ]
INFO: [ view_parse ] --START--
INFO: [ template_filter ] --START--
INFO: Run Behavior\ContentReplaceBehavior [ RunTime:0.000000s ]
INFO: [ template_filter ] --END-- [ RunTime:0.000000s ]
NOTIC: [8] Use of undefined constant phoneNext - assumed 'phoneNext' D:\xampp\htdocs\passon\Application\Runtime\Cache\Home\f38de32a64008defc8ab340e2f1ba63a.php 第 16 行.
NOTIC: [8] Use of undefined constant phoneBorrow - assumed 'phoneBorrow' D:\xampp\htdocs\passon\Application\Runtime\Cache\Home\f38de32a64008defc8ab340e2f1ba63a.php 第 18 行.
NOTIC: [8] Use of undefined constant phoneOrder - assumed 'phoneOrder' D:\xampp\htdocs\passon\Application\Runtime\Cache\Home\f38de32a64008defc8ab340e2f1ba63a.php 第 19 行.
NOTIC: [8] Use of undefined constant phoneBorrow - assumed 'phoneBorrow' D:\xampp\htdocs\passon\Application\Runtime\Cache\Home\f38de32a64008defc8ab340e2f1ba63a.php 第 31 行.
NOTIC: [8] Use of undefined constant phoneReturn - assumed 'phoneReturn' D:\xampp\htdocs\passon\Application\Runtime\Cache\Home\f38de32a64008defc8ab340e2f1ba63a.php 第 32 行.
NOTIC: [8] Use of undefined constant phoneOrder - assumed 'phoneOrder' D:\xampp\htdocs\passon\Application\Runtime\Cache\Home\f38de32a64008defc8ab340e2f1ba63a.php 第 33 行.
NOTIC: [8] Use of undefined constant phoneRenew - assumed 'phoneRenew' D:\xampp\htdocs\passon\Application\Runtime\Cache\Home\f38de32a64008defc8ab340e2f1ba63a.php 第 34 行.
INFO: Run Behavior\ParseTemplateBehavior [ RunTime:0.012001s ]
INFO: [ view_parse ] --END-- [ RunTime:0.012001s ]
INFO: [ view_filter ] --START--
INFO: Run Behavior\WriteHtmlCacheBehavior [ RunTime:0.000000s ]
INFO: [ view_filter ] --END-- [ RunTime:0.000000s ]
INFO: [ app_end ] --START--
INFO: Run Behavior\ShowPageTraceBehavior [ RunTime:0.000000s ]
INFO: [ app_end ] --END-- [ RunTime:0.000000s ]

[ 2015-12-04T23:19:05+08:00 ] 192.168.199.100 /passon/index.php/Home/Index/phoneOrder.html
INFO: [ app_init ] --START--
INFO: Run Behavior\BuildLiteBehavior [ RunTime:0.000000s ]
INFO: [ app_init ] --END-- [ RunTime:0.000000s ]
INFO: [ app_begin ] --START--
INFO: Run Behavior\ReadHtmlCacheBehavior [ RunTime:0.001000s ]
INFO: [ app_begin ] --END-- [ RunTime:0.001000s ]
NOTIC: [8] Use of undefined constant booklog - assumed 'booklog' D:\xampp\htdocs\passon\Application\Home\Controller\IndexController.class.php 第 395 行.
SQL: SHOW COLUMNS FROM `wind87_booklog` [ RunTime:0.0050s ]
NOTIC: [8] Use of undefined constant bookorder - assumed 'bookorder' D:\xampp\htdocs\passon\Application\Home\Controller\IndexController.class.php 第 396 行.
SQL: SHOW COLUMNS FROM `wind87_bookorder` [ RunTime:0.0030s ]
NOTIC: [8] Use of undefined constant bookmnum - assumed 'bookmnum' D:\xampp\htdocs\passon\Application\Home\Controller\IndexController.class.php 第 397 行.
SQL: SHOW COLUMNS FROM `wind87_bookmnum` [ RunTime:0.0040s ]
SQL: SELECT * FROM `wind87_bookorder` WHERE `book_id` = 23 AND `ordername` = 'huran' LIMIT 1   [ RunTime:0.0010s ]
SQL: SELECT * FROM `wind87_bookmnum` WHERE `book_id` = 23 LIMIT 1   [ RunTime:0.0000s ]
SQL: SELECT * FROM `wind87_booklog` WHERE `book_id` = 23 AND `status` = 2 ORDER BY log_id desc LIMIT 1   [ RunTime:0.0010s ]
INFO: [ view_parse ] --START--
INFO: [ template_filter ] --START--
INFO: Run Behavior\ContentReplaceBehavior [ RunTime:0.000000s ]
INFO: [ template_filter ] --END-- [ RunTime:0.000000s ]
NOTIC: [8] Use of undefined constant pbookorder - assumed 'pbookorder' D:\xampp\htdocs\passon\Application\Runtime\Cache\Home\8dce5c22dac12aa1a9b67bf804a63f3a.php 第 19 行.
NOTIC: [8] Use of undefined constant phoneExit - assumed 'phoneExit' D:\xampp\htdocs\passon\Application\Runtime\Cache\Home\8dce5c22dac12aa1a9b67bf804a63f3a.php 第 23 行.
INFO: Run Behavior\ParseTemplateBehavior [ RunTime:0.007000s ]
INFO: [ view_parse ] --END-- [ RunTime:0.007000s ]
INFO: [ view_filter ] --START--
INFO: Run Behavior\WriteHtmlCacheBehavior [ RunTime:0.001001s ]
INFO: [ view_filter ] --END-- [ RunTime:0.001001s ]
INFO: [ app_end ] --START--
INFO: Run Behavior\ShowPageTraceBehavior [ RunTime:0.001000s ]
INFO: [ app_end ] --END-- [ RunTime:0.001000s ]

[ 2015-12-04T23:19:08+08:00 ] 192.168.199.100 /passon/index.php/Home/Index/pbookorder.html?order=%E9%A2%84%E7%BA%A6
INFO: [ app_init ] --START--
INFO: Run Behavior\BuildLiteBehavior [ RunTime:0.000000s ]
INFO: [ app_init ] --END-- [ RunTime:0.000000s ]
INFO: [ app_begin ] --START--
INFO: Run Behavior\ReadHtmlCacheBehavior [ RunTime:0.001000s ]
INFO: [ app_begin ] --END-- [ RunTime:0.001000s ]
NOTIC: [8] Use of undefined constant booklog - assumed 'booklog' D:\xampp\htdocs\passon\Application\Home\Controller\IndexController.class.php 第 565 行.
SQL: SHOW COLUMNS FROM `wind87_booklog` [ RunTime:0.0050s ]
NOTIC: [8] Use of undefined constant bookorder - assumed 'bookorder' D:\xampp\htdocs\passon\Application\Home\Controller\IndexController.class.php 第 566 行.
SQL: SHOW COLUMNS FROM `wind87_bookorder` [ RunTime:0.0060s ]
NOTIC: [8] Use of undefined constant bookmnum - assumed 'bookmnum' D:\xampp\htdocs\passon\Application\Home\Controller\IndexController.class.php 第 567 行.
SQL: SHOW COLUMNS FROM `wind87_bookmnum` [ RunTime:0.0040s ]
SQL: SELECT * FROM `wind87_bookmnum` WHERE `book_id` = 23 LIMIT 1   [ RunTime:0.0010s ]
SQL: SELECT * FROM `wind87_bookorder` WHERE `book_id` = 23 AND `ordername` = 'huran' LIMIT 1   [ RunTime:0.0010s ]
SQL: UPDATE `wind87_bookmnum` SET `book_id`='23',`order_num`='3' WHERE `book_id` = 23 [ RunTime:0.0330s ]
SQL: INSERT INTO `wind87_booklog` (`book_id`,`order_name`,`start_time`,`status`) VALUES ('23','huran','2015-12-04 Friday 11:19:08 PM','4') [ RunTime:0.0420s ]
SQL: INSERT INTO `wind87_bookorder` (`book_id`,`ordername`) VALUES ('23','huran') [ RunTime:0.0750s ]
NOTIC: [8] Use of undefined constant phoneos - assumed 'phoneos' D:\xampp\htdocs\passon\Application\Home\Controller\IndexController.class.php 第 595 行.

[ 2015-12-04T23:19:08+08:00 ] 192.168.199.100 /passon/index.php/Home/Index/phoneos.html
INFO: [ app_init ] --START--
INFO: Run Behavior\BuildLiteBehavior [ RunTime:0.000000s ]
INFO: [ app_init ] --END-- [ RunTime:0.001000s ]
INFO: [ app_begin ] --START--
INFO: Run Behavior\ReadHtmlCacheBehavior [ RunTime:0.001000s ]
INFO: [ app_begin ] --END-- [ RunTime:0.001000s ]
INFO: [ view_parse ] --START--
INFO: [ template_filter ] --START--
INFO: Run Behavior\ContentReplaceBehavior [ RunTime:0.000000s ]
INFO: [ template_filter ] --END-- [ RunTime:0.000000s ]
NOTIC: [8] Use of undefined constant phoneCheck - assumed 'phoneCheck' D:\xampp\htdocs\passon\Application\Runtime\Cache\Home\803e3fb297995f7a0b7ed3b6e7d13b58.php 第 19 行.
NOTIC: [8] Use of undefined constant phoneMore - assumed 'phoneMore' D:\xampp\htdocs\passon\Application\Runtime\Cache\Home\803e3fb297995f7a0b7ed3b6e7d13b58.php 第 21 行.
INFO: Run Behavior\ParseTemplateBehavior [ RunTime:0.016001s ]
INFO: [ view_parse ] --END-- [ RunTime:0.016001s ]
INFO: [ view_filter ] --START--
INFO: Run Behavior\WriteHtmlCacheBehavior [ RunTime:0.001000s ]
INFO: [ view_filter ] --END-- [ RunTime:0.001000s ]
INFO: [ app_end ] --START--
INFO: Run Behavior\ShowPageTraceBehavior [ RunTime:0.001000s ]
INFO: [ app_end ] --END-- [ RunTime:0.001000s ]

