[ 2016-04-04T10:36:58+08:00 ] ::1 /passon/index.php/Home/Index/person
INFO: [ app_init ] --START--
INFO: Run Behavior\BuildLiteBehavior [ RunTime:0.000000s ]
INFO: [ app_init ] --END-- [ RunTime:0.042002s ]
INFO: [ app_begin ] --START--
INFO: Run Behavior\ReadHtmlCacheBehavior [ RunTime:0.027002s ]
INFO: [ app_begin ] --END-- [ RunTime:0.027002s ]
SQL: SHOW COLUMNS FROM `wind87_passoncount` [ RunTime:0.7210s ]
SQL: SELECT * FROM `wind87_passoncount` WHERE `pagename` = 'person' AND `date` = '2016 04 04' LIMIT 1   [ RunTime:0.0310s ]
SQL: INSERT INTO `wind87_passoncount` (`pagename`,`count`,`date`,`des`) VALUES ('person','1','2016 04 04',NULL) [ RunTime:0.1950s ]
SQL: SHOW COLUMNS FROM `wind87_passonnums` [ RunTime:0.3550s ]
SQL: INSERT INTO `wind87_passonnums` (`username`,`ip`,`pagename`,`timeseconds`,`date`,`time`) VALUES ('visiter','0.0.0.0','person','1459737418','2016-04-04','10:36:58 am') [ RunTime:0.0780s ]
SQL: SHOW COLUMNS FROM `wind87_booksusers` [ RunTime:0.0760s ]
SQL: SHOW COLUMNS FROM `wind87_book_bind` [ RunTime:0.0780s ]
SQL: SHOW COLUMNS FROM `wind87_book_wechat_userinfo` [ RunTime:0.0580s ]
SQL: SELECT * FROM `wind87_book_wechat_userinfo` WHERE `nickname` = null LIMIT 1   [ RunTime:0.0150s ]
SQL: SELECT * FROM `wind87_book_bind` WHERE `openid` = null LIMIT 1   [ RunTime:0.0010s ]
NOTIC: [8] Use of undefined constant index - assumed 'index' D:\xampp\htdocs\passon\Application\Home\Controller\IndexController.class.php 第 482 行.

[ 2016-04-04T10:36:59+08:00 ] ::1 /passon/index.php/Home/Index/index.html
INFO: [ app_init ] --START--
INFO: Run Behavior\BuildLiteBehavior [ RunTime:0.000000s ]
INFO: [ app_init ] --END-- [ RunTime:0.000000s ]
INFO: [ app_begin ] --START--
INFO: Run Behavior\ReadHtmlCacheBehavior [ RunTime:0.001000s ]
INFO: [ app_begin ] --END-- [ RunTime:0.001000s ]
SQL: SHOW COLUMNS FROM `wind87_passoncount` [ RunTime:0.0370s ]
SQL: SELECT * FROM `wind87_passoncount` WHERE `pagename` = 'index' AND `date` = '2016 04 04' LIMIT 1   [ RunTime:0.0020s ]
SQL: INSERT INTO `wind87_passoncount` (`pagename`,`count`,`date`,`des`) VALUES ('index','1','2016 04 04',NULL) [ RunTime:0.0640s ]
SQL: SHOW COLUMNS FROM `wind87_passonnums` [ RunTime:0.0190s ]
SQL: INSERT INTO `wind87_passonnums` (`username`,`ip`,`pagename`,`timeseconds`,`date`,`time`) VALUES ('visiter','0.0.0.0','index','1459737419','2016-04-04','10:36:59 am') [ RunTime:0.0650s ]
INFO: [ view_parse ] --START--
INFO: [ template_filter ] --START--
INFO: Run Behavior\ContentReplaceBehavior [ RunTime:0.033001s ]
INFO: [ template_filter ] --END-- [ RunTime:0.033001s ]
NOTIC: [8] Use of undefined constant index - assumed 'index' D:\xampp\htdocs\passon\Application\Runtime\Cache\Home\2a94b8bda04ff446dcedd42276fc99ee.php 第 21 行.
NOTIC: [8] Use of undefined constant squre - assumed 'squre' D:\xampp\htdocs\passon\Application\Runtime\Cache\Home\2a94b8bda04ff446dcedd42276fc99ee.php 第 22 行.
NOTIC: [8] Use of undefined constant share - assumed 'share' D:\xampp\htdocs\passon\Application\Runtime\Cache\Home\2a94b8bda04ff446dcedd42276fc99ee.php 第 23 行.
NOTIC: [8] Use of undefined constant register - assumed 'register' D:\xampp\htdocs\passon\Application\Runtime\Cache\Home\2a94b8bda04ff446dcedd42276fc99ee.php 第 26 行.
NOTIC: [8] Use of undefined constant login - assumed 'login' D:\xampp\htdocs\passon\Application\Runtime\Cache\Home\2a94b8bda04ff446dcedd42276fc99ee.php 第 27 行.
NOTIC: [8] Use of undefined constant person - assumed 'person' D:\xampp\htdocs\passon\Application\Runtime\Cache\Home\2a94b8bda04ff446dcedd42276fc99ee.php 第 31 行.
NOTIC: [8] Undefined index: username D:\xampp\htdocs\passon\Application\Runtime\Cache\Home\2a94b8bda04ff446dcedd42276fc99ee.php 第 31 行.
NOTIC: [8] Use of undefined constant logout - assumed 'logout' D:\xampp\htdocs\passon\Application\Runtime\Cache\Home\2a94b8bda04ff446dcedd42276fc99ee.php 第 31 行.
NOTIC: [8] Use of undefined constant search - assumed 'search' D:\xampp\htdocs\passon\Application\Runtime\Cache\Home\2a94b8bda04ff446dcedd42276fc99ee.php 第 35 行.
NOTIC: [8] Use of undefined constant contribute - assumed 'contribute' D:\xampp\htdocs\passon\Application\Runtime\Cache\Home\2a94b8bda04ff446dcedd42276fc99ee.php 第 51 行.
NOTIC: [8] Use of undefined constant share - assumed 'share' D:\xampp\htdocs\passon\Application\Runtime\Cache\Home\2a94b8bda04ff446dcedd42276fc99ee.php 第 52 行.
NOTIC: [8] Use of undefined constant showLogs - assumed 'showLogs' D:\xampp\htdocs\passon\Application\Runtime\Cache\Home\2a94b8bda04ff446dcedd42276fc99ee.php 第 139 行.
INFO: Run Behavior\ParseTemplateBehavior [ RunTime:0.092006s ]
INFO: [ view_parse ] --END-- [ RunTime:0.092006s ]
INFO: [ view_filter ] --START--
INFO: Run Behavior\WriteHtmlCacheBehavior [ RunTime:0.015001s ]
INFO: [ view_filter ] --END-- [ RunTime:0.016001s ]
INFO: [ app_end ] --START--
INFO: Run Behavior\ShowPageTraceBehavior [ RunTime:0.001000s ]
INFO: [ app_end ] --END-- [ RunTime:0.001000s ]

[ 2016-04-04T10:37:04+08:00 ] ::1 /passon/index.php/Home/Index/showLogs.html
INFO: [ app_init ] --START--
INFO: Run Behavior\BuildLiteBehavior [ RunTime:0.000000s ]
INFO: [ app_init ] --END-- [ RunTime:0.001000s ]
INFO: [ app_begin ] --START--
INFO: Run Behavior\ReadHtmlCacheBehavior [ RunTime:0.001000s ]
INFO: [ app_begin ] --END-- [ RunTime:0.001000s ]
SQL: SHOW COLUMNS FROM `wind87_booklog` [ RunTime:0.1880s ]
SQL: SELECT * FROM `wind87_booklog` ORDER BY log_id  desc LIMIT 10   [ RunTime:0.0010s ]
SQL: SHOW COLUMNS FROM `wind87_book` [ RunTime:0.1130s ]
SQL: SHOW COLUMNS FROM `wind87_bookinfo` [ RunTime:0.1240s ]
SQL: SELECT * FROM `wind87_book` WHERE `book_id` = 42 LIMIT 1   [ RunTime:0.0000s ]
SQL: SELECT * FROM `wind87_bookinfo` WHERE `isbn` = '9787115281609' LIMIT 1   [ RunTime:0.2370s ]
SQL: SELECT * FROM `wind87_book` WHERE `book_id` = 42 LIMIT 1   [ RunTime:0.0010s ]
SQL: SELECT * FROM `wind87_bookinfo` WHERE `isbn` = '9787115281609' LIMIT 1   [ RunTime:0.0000s ]
SQL: SELECT * FROM `wind87_book` WHERE `book_id` = 42 LIMIT 1   [ RunTime:0.0020s ]
SQL: SELECT * FROM `wind87_bookinfo` WHERE `isbn` = '9787115281609' LIMIT 1   [ RunTime:0.0010s ]
SQL: SELECT * FROM `wind87_book` WHERE `book_id` = 44 LIMIT 1   [ RunTime:0.0000s ]
SQL: SELECT * FROM `wind87_bookinfo` WHERE `isbn` = '9787111380931' LIMIT 1   [ RunTime:0.0010s ]
SQL: SELECT * FROM `wind87_book` WHERE `book_id` = 44 LIMIT 1   [ RunTime:0.0010s ]
SQL: SELECT * FROM `wind87_bookinfo` WHERE `isbn` = '9787111380931' LIMIT 1   [ RunTime:0.0010s ]
SQL: SELECT * FROM `wind87_book` WHERE `book_id` = 46 LIMIT 1   [ RunTime:0.0000s ]
SQL: SELECT * FROM `wind87_bookinfo` WHERE `isbn` = '9787213049422' LIMIT 1   [ RunTime:0.0000s ]
SQL: SELECT * FROM `wind87_book` WHERE `book_id` = 46 LIMIT 1   [ RunTime:0.0010s ]
SQL: SELECT * FROM `wind87_bookinfo` WHERE `isbn` = '9787213049422' LIMIT 1   [ RunTime:0.0020s ]
SQL: SELECT * FROM `wind87_book` WHERE `book_id` = 0 LIMIT 1   [ RunTime:0.0020s ]
SQL: SELECT * FROM `wind87_bookinfo` WHERE `isbn` = null LIMIT 1   [ RunTime:0.0340s ]
SQL: SELECT * FROM `wind87_book` WHERE `book_id` = 47 LIMIT 1   [ RunTime:0.0010s ]
SQL: SELECT * FROM `wind87_bookinfo` WHERE `isbn` = '9787115334589' LIMIT 1   [ RunTime:0.0010s ]
SQL: SELECT * FROM `wind87_book` WHERE `book_id` = 47 LIMIT 1   [ RunTime:0.0000s ]
SQL: SELECT * FROM `wind87_bookinfo` WHERE `isbn` = '9787115334589' LIMIT 1   [ RunTime:0.0000s ]
INFO: [ app_end ] --START--
INFO: Run Behavior\ShowPageTraceBehavior [ RunTime:0.001000s ]
INFO: [ app_end ] --END-- [ RunTime:0.001000s ]

[ 2016-04-04T10:37:04+08:00 ] ::1 /passon/index.php/Home/Index/showLogs.html
INFO: [ app_init ] --START--
INFO: Run Behavior\BuildLiteBehavior [ RunTime:0.000000s ]
INFO: [ app_init ] --END-- [ RunTime:0.001000s ]
INFO: [ app_begin ] --START--
INFO: Run Behavior\ReadHtmlCacheBehavior [ RunTime:0.001000s ]
INFO: [ app_begin ] --END-- [ RunTime:0.001000s ]
SQL: SHOW COLUMNS FROM `wind87_booklog` [ RunTime:0.0040s ]
SQL: SELECT * FROM `wind87_booklog` ORDER BY log_id  desc LIMIT 10   [ RunTime:0.0010s ]
SQL: SHOW COLUMNS FROM `wind87_book` [ RunTime:0.0040s ]
SQL: SHOW COLUMNS FROM `wind87_bookinfo` [ RunTime:0.0060s ]
SQL: SELECT * FROM `wind87_book` WHERE `book_id` = 42 LIMIT 1   [ RunTime:0.0000s ]
SQL: SELECT * FROM `wind87_bookinfo` WHERE `isbn` = '9787115281609' LIMIT 1   [ RunTime:0.0010s ]
SQL: SELECT * FROM `wind87_book` WHERE `book_id` = 42 LIMIT 1   [ RunTime:0.0000s ]
SQL: SELECT * FROM `wind87_bookinfo` WHERE `isbn` = '9787115281609' LIMIT 1   [ RunTime:0.0010s ]
SQL: SELECT * FROM `wind87_book` WHERE `book_id` = 42 LIMIT 1   [ RunTime:0.0000s ]
SQL: SELECT * FROM `wind87_bookinfo` WHERE `isbn` = '9787115281609' LIMIT 1   [ RunTime:0.0000s ]
SQL: SELECT * FROM `wind87_book` WHERE `book_id` = 44 LIMIT 1   [ RunTime:0.0000s ]
SQL: SELECT * FROM `wind87_bookinfo` WHERE `isbn` = '9787111380931' LIMIT 1   [ RunTime:0.0000s ]
SQL: SELECT * FROM `wind87_book` WHERE `book_id` = 44 LIMIT 1   [ RunTime:0.0010s ]
SQL: SELECT * FROM `wind87_bookinfo` WHERE `isbn` = '9787111380931' LIMIT 1   [ RunTime:0.0000s ]
SQL: SELECT * FROM `wind87_book` WHERE `book_id` = 46 LIMIT 1   [ RunTime:0.0010s ]
SQL: SELECT * FROM `wind87_bookinfo` WHERE `isbn` = '9787213049422' LIMIT 1   [ RunTime:0.0000s ]
SQL: SELECT * FROM `wind87_book` WHERE `book_id` = 46 LIMIT 1   [ RunTime:0.0010s ]
SQL: SELECT * FROM `wind87_bookinfo` WHERE `isbn` = '9787213049422' LIMIT 1   [ RunTime:0.0010s ]
SQL: SELECT * FROM `wind87_book` WHERE `book_id` = 0 LIMIT 1   [ RunTime:0.0000s ]
SQL: SELECT * FROM `wind87_bookinfo` WHERE `isbn` = null LIMIT 1   [ RunTime:0.0000s ]
SQL: SELECT * FROM `wind87_book` WHERE `book_id` = 47 LIMIT 1   [ RunTime:0.0000s ]
SQL: SELECT * FROM `wind87_bookinfo` WHERE `isbn` = '9787115334589' LIMIT 1   [ RunTime:0.0000s ]
SQL: SELECT * FROM `wind87_book` WHERE `book_id` = 47 LIMIT 1   [ RunTime:0.0010s ]
SQL: SELECT * FROM `wind87_bookinfo` WHERE `isbn` = '9787115334589' LIMIT 1   [ RunTime:0.0000s ]
INFO: [ app_end ] --START--
INFO: Run Behavior\ShowPageTraceBehavior [ RunTime:0.001000s ]
INFO: [ app_end ] --END-- [ RunTime:0.001000s ]

[ 2016-04-04T10:37:05+08:00 ] ::1 /passon/index.php/Home/Index/showLogs.html
INFO: [ app_init ] --START--
INFO: Run Behavior\BuildLiteBehavior [ RunTime:0.000000s ]
INFO: [ app_init ] --END-- [ RunTime:0.001000s ]
INFO: [ app_begin ] --START--
INFO: Run Behavior\ReadHtmlCacheBehavior [ RunTime:0.001000s ]
INFO: [ app_begin ] --END-- [ RunTime:0.001000s ]
SQL: SHOW COLUMNS FROM `wind87_booklog` [ RunTime:0.0040s ]
SQL: SELECT * FROM `wind87_booklog` ORDER BY log_id  desc LIMIT 10   [ RunTime:0.0000s ]
SQL: SHOW COLUMNS FROM `wind87_book` [ RunTime:0.0040s ]
SQL: SHOW COLUMNS FROM `wind87_bookinfo` [ RunTime:0.0040s ]
SQL: SELECT * FROM `wind87_book` WHERE `book_id` = 42 LIMIT 1   [ RunTime:0.0010s ]
SQL: SELECT * FROM `wind87_bookinfo` WHERE `isbn` = '9787115281609' LIMIT 1   [ RunTime:0.0010s ]
SQL: SELECT * FROM `wind87_book` WHERE `book_id` = 42 LIMIT 1   [ RunTime:0.0000s ]
SQL: SELECT * FROM `wind87_bookinfo` WHERE `isbn` = '9787115281609' LIMIT 1   [ RunTime:0.0010s ]
SQL: SELECT * FROM `wind87_book` WHERE `book_id` = 42 LIMIT 1   [ RunTime:0.0010s ]
SQL: SELECT * FROM `wind87_bookinfo` WHERE `isbn` = '9787115281609' LIMIT 1   [ RunTime:0.0000s ]
SQL: SELECT * FROM `wind87_book` WHERE `book_id` = 44 LIMIT 1   [ RunTime:0.0000s ]
SQL: SELECT * FROM `wind87_bookinfo` WHERE `isbn` = '9787111380931' LIMIT 1   [ RunTime:0.0010s ]
SQL: SELECT * FROM `wind87_book` WHERE `book_id` = 44 LIMIT 1   [ RunTime:0.0000s ]
SQL: SELECT * FROM `wind87_bookinfo` WHERE `isbn` = '9787111380931' LIMIT 1   [ RunTime:0.0000s ]
SQL: SELECT * FROM `wind87_book` WHERE `book_id` = 46 LIMIT 1   [ RunTime:0.0010s ]
SQL: SELECT * FROM `wind87_bookinfo` WHERE `isbn` = '9787213049422' LIMIT 1   [ RunTime:0.0000s ]
SQL: SELECT * FROM `wind87_book` WHERE `book_id` = 46 LIMIT 1   [ RunTime:0.0010s ]
SQL: SELECT * FROM `wind87_bookinfo` WHERE `isbn` = '9787213049422' LIMIT 1   [ RunTime:0.0000s ]
SQL: SELECT * FROM `wind87_book` WHERE `book_id` = 0 LIMIT 1   [ RunTime:0.0010s ]
SQL: SELECT * FROM `wind87_bookinfo` WHERE `isbn` = null LIMIT 1   [ RunTime:0.0000s ]
SQL: SELECT * FROM `wind87_book` WHERE `book_id` = 47 LIMIT 1   [ RunTime:0.0000s ]
SQL: SELECT * FROM `wind87_bookinfo` WHERE `isbn` = '9787115334589' LIMIT 1   [ RunTime:0.0000s ]
SQL: SELECT * FROM `wind87_book` WHERE `book_id` = 47 LIMIT 1   [ RunTime:0.0010s ]
SQL: SELECT * FROM `wind87_bookinfo` WHERE `isbn` = '9787115334589' LIMIT 1   [ RunTime:0.0000s ]
INFO: [ app_end ] --START--
INFO: Run Behavior\ShowPageTraceBehavior [ RunTime:0.001000s ]
INFO: [ app_end ] --END-- [ RunTime:0.001000s ]

[ 2016-04-04T10:37:06+08:00 ] ::1 /passon/index.php/Home/Index/login.html
INFO: [ app_init ] --START--
INFO: Run Behavior\BuildLiteBehavior [ RunTime:0.000000s ]
INFO: [ app_init ] --END-- [ RunTime:0.001000s ]
INFO: [ app_begin ] --START--
INFO: Run Behavior\ReadHtmlCacheBehavior [ RunTime:0.000000s ]
INFO: [ app_begin ] --END-- [ RunTime:0.000000s ]
SQL: SHOW COLUMNS FROM `wind87_passoncount` [ RunTime:0.0040s ]
SQL: SELECT * FROM `wind87_passoncount` WHERE `pagename` = 'login' AND `date` = '2016 04 04' LIMIT 1   [ RunTime:0.0040s ]
SQL: INSERT INTO `wind87_passoncount` (`pagename`,`count`,`date`,`des`) VALUES ('login','1','2016 04 04',NULL) [ RunTime:0.1660s ]
SQL: SHOW COLUMNS FROM `wind87_passonnums` [ RunTime:0.0060s ]
SQL: INSERT INTO `wind87_passonnums` (`username`,`ip`,`pagename`,`timeseconds`,`date`,`time`) VALUES ('visiter','0.0.0.0','login','1459737426','2016-04-04','10:37:06 am') [ RunTime:0.0350s ]
INFO: [ view_parse ] --START--
INFO: [ template_filter ] --START--
INFO: Run Behavior\ContentReplaceBehavior [ RunTime:0.000000s ]
INFO: [ template_filter ] --END-- [ RunTime:0.000000s ]
NOTIC: [8] Use of undefined constant login_user - assumed 'login_user' D:\xampp\htdocs\passon\Application\Runtime\Cache\Home\ccea6a400660ce54d68cab67b9f68781.php 第 17 行.
NOTIC: [8] Use of undefined constant forget - assumed 'forget' D:\xampp\htdocs\passon\Application\Runtime\Cache\Home\ccea6a400660ce54d68cab67b9f68781.php 第 21 行.
NOTIC: [8] Use of undefined constant register - assumed 'register' D:\xampp\htdocs\passon\Application\Runtime\Cache\Home\ccea6a400660ce54d68cab67b9f68781.php 第 25 行.
INFO: Run Behavior\ParseTemplateBehavior [ RunTime:0.025001s ]
INFO: [ view_parse ] --END-- [ RunTime:0.025001s ]
INFO: [ view_filter ] --START--
INFO: Run Behavior\WriteHtmlCacheBehavior [ RunTime:0.001001s ]
INFO: [ view_filter ] --END-- [ RunTime:0.001001s ]
INFO: [ app_end ] --START--
INFO: Run Behavior\ShowPageTraceBehavior [ RunTime:0.000000s ]
INFO: [ app_end ] --END-- [ RunTime:0.001000s ]

[ 2016-04-04T10:37:06+08:00 ] ::1 /passon/index.php/Home/Index/showLogs.html
INFO: [ app_init ] --START--
INFO: Run Behavior\BuildLiteBehavior [ RunTime:0.000000s ]
INFO: [ app_init ] --END-- [ RunTime:0.001000s ]
INFO: [ app_begin ] --START--
INFO: Run Behavior\ReadHtmlCacheBehavior [ RunTime:0.000000s ]
INFO: [ app_begin ] --END-- [ RunTime:0.001000s ]
SQL: SHOW COLUMNS FROM `wind87_booklog` [ RunTime:0.0040s ]
SQL: SELECT * FROM `wind87_booklog` ORDER BY log_id  desc LIMIT 10   [ RunTime:0.0020s ]
SQL: SHOW COLUMNS FROM `wind87_book` [ RunTime:0.0040s ]
SQL: SHOW COLUMNS FROM `wind87_bookinfo` [ RunTime:0.0040s ]
SQL: SELECT * FROM `wind87_book` WHERE `book_id` = 42 LIMIT 1   [ RunTime:0.0010s ]
SQL: SELECT * FROM `wind87_bookinfo` WHERE `isbn` = '9787115281609' LIMIT 1   [ RunTime:0.0010s ]
SQL: SELECT * FROM `wind87_book` WHERE `book_id` = 42 LIMIT 1   [ RunTime:0.0010s ]
SQL: SELECT * FROM `wind87_bookinfo` WHERE `isbn` = '9787115281609' LIMIT 1   [ RunTime:0.0000s ]
SQL: SELECT * FROM `wind87_book` WHERE `book_id` = 42 LIMIT 1   [ RunTime:0.0010s ]
SQL: SELECT * FROM `wind87_bookinfo` WHERE `isbn` = '9787115281609' LIMIT 1   [ RunTime:0.0000s ]
SQL: SELECT * FROM `wind87_book` WHERE `book_id` = 44 LIMIT 1   [ RunTime:0.0010s ]
SQL: SELECT * FROM `wind87_bookinfo` WHERE `isbn` = '9787111380931' LIMIT 1   [ RunTime:0.0000s ]
SQL: SELECT * FROM `wind87_book` WHERE `book_id` = 44 LIMIT 1   [ RunTime:0.0010s ]
SQL: SELECT * FROM `wind87_bookinfo` WHERE `isbn` = '9787111380931' LIMIT 1   [ RunTime:0.0010s ]
SQL: SELECT * FROM `wind87_book` WHERE `book_id` = 46 LIMIT 1   [ RunTime:0.0010s ]
SQL: SELECT * FROM `wind87_bookinfo` WHERE `isbn` = '9787213049422' LIMIT 1   [ RunTime:0.0000s ]
SQL: SELECT * FROM `wind87_book` WHERE `book_id` = 46 LIMIT 1   [ RunTime:0.0010s ]
SQL: SELECT * FROM `wind87_bookinfo` WHERE `isbn` = '9787213049422' LIMIT 1   [ RunTime:0.0010s ]
SQL: SELECT * FROM `wind87_book` WHERE `book_id` = 0 LIMIT 1   [ RunTime:0.0000s ]
SQL: SELECT * FROM `wind87_bookinfo` WHERE `isbn` = null LIMIT 1   [ RunTime:0.0000s ]
SQL: SELECT * FROM `wind87_book` WHERE `book_id` = 47 LIMIT 1   [ RunTime:0.0000s ]
SQL: SELECT * FROM `wind87_bookinfo` WHERE `isbn` = '9787115334589' LIMIT 1   [ RunTime:0.0000s ]
SQL: SELECT * FROM `wind87_book` WHERE `book_id` = 47 LIMIT 1   [ RunTime:0.0000s ]
SQL: SELECT * FROM `wind87_bookinfo` WHERE `isbn` = '9787115334589' LIMIT 1   [ RunTime:0.0000s ]
INFO: [ app_end ] --START--
INFO: Run Behavior\ShowPageTraceBehavior [ RunTime:0.001000s ]
INFO: [ app_end ] --END-- [ RunTime:0.001000s ]

[ 2016-04-04T10:37:13+08:00 ] ::1 /passon/index.php/Home/Index/login_user.html
INFO: [ app_init ] --START--
INFO: Run Behavior\BuildLiteBehavior [ RunTime:0.000000s ]
INFO: [ app_init ] --END-- [ RunTime:0.001000s ]
INFO: [ app_begin ] --START--
INFO: Run Behavior\ReadHtmlCacheBehavior [ RunTime:0.001000s ]
INFO: [ app_begin ] --END-- [ RunTime:0.001000s ]
SQL: SHOW COLUMNS FROM `wind87_booksusers` [ RunTime:0.0040s ]
SQL: SELECT * FROM `wind87_booksusers` WHERE `username` = 'huran' AND `password` = '87ec11b4bb373c801f51bf11e65aafc3'  [ RunTime:0.0010s ]
SQL: SELECT * FROM `wind87_booksusers` WHERE (  `id` = '20' AND `username` = 'huran' AND `password` = '87ec11b4bb373c801f51bf11e65aafc3' AND `phone` = '18813079759' AND `addr` = '01' AND `email` = '' AND `flag` = '1' ) LIMIT 1   [ RunTime:0.0490s ]
NOTIC: [8] Use of undefined constant index - assumed 'index' D:\xampp\htdocs\passon\Application\Home\Controller\IndexController.class.php 第 2450 行.

[ 2016-04-04T10:37:13+08:00 ] ::1 /passon/index.php/Home/Index/index.html
INFO: [ app_init ] --START--
INFO: Run Behavior\BuildLiteBehavior [ RunTime:0.000000s ]
INFO: [ app_init ] --END-- [ RunTime:0.001000s ]
INFO: [ app_begin ] --START--
INFO: Run Behavior\ReadHtmlCacheBehavior [ RunTime:0.000000s ]
INFO: [ app_begin ] --END-- [ RunTime:0.000000s ]
SQL: SHOW COLUMNS FROM `wind87_passoncount` [ RunTime:0.0040s ]
SQL: SELECT * FROM `wind87_passoncount` WHERE `pagename` = 'index' AND `date` = '2016 04 04' LIMIT 1   [ RunTime:0.0010s ]
SQL: SELECT * FROM `wind87_passoncount` WHERE `pagename` = 'index' AND `date` = '2016 04 04' LIMIT 1   [ RunTime:0.0010s ]
SQL: UPDATE `wind87_passoncount` SET `pagename`='index',`count`='2',`date`='2016 04 04',`des`=NULL WHERE `id` = 311 [ RunTime:0.4010s ]
SQL: SHOW COLUMNS FROM `wind87_passonnums` [ RunTime:0.0050s ]
SQL: INSERT INTO `wind87_passonnums` (`username`,`ip`,`pagename`,`timeseconds`,`date`,`time`) VALUES ('huran','0.0.0.0','index','1459737433','2016-04-04','10:37:13 am') [ RunTime:0.0670s ]
INFO: [ view_parse ] --START--
INFO: [ template_filter ] --START--
INFO: Run Behavior\ContentReplaceBehavior [ RunTime:0.000000s ]
INFO: [ template_filter ] --END-- [ RunTime:0.000000s ]
NOTIC: [8] Use of undefined constant index - assumed 'index' D:\xampp\htdocs\passon\Application\Runtime\Cache\Home\2a94b8bda04ff446dcedd42276fc99ee.php 第 21 行.
NOTIC: [8] Use of undefined constant squre - assumed 'squre' D:\xampp\htdocs\passon\Application\Runtime\Cache\Home\2a94b8bda04ff446dcedd42276fc99ee.php 第 22 行.
NOTIC: [8] Use of undefined constant share - assumed 'share' D:\xampp\htdocs\passon\Application\Runtime\Cache\Home\2a94b8bda04ff446dcedd42276fc99ee.php 第 23 行.
NOTIC: [8] Use of undefined constant register - assumed 'register' D:\xampp\htdocs\passon\Application\Runtime\Cache\Home\2a94b8bda04ff446dcedd42276fc99ee.php 第 26 行.
NOTIC: [8] Use of undefined constant login - assumed 'login' D:\xampp\htdocs\passon\Application\Runtime\Cache\Home\2a94b8bda04ff446dcedd42276fc99ee.php 第 27 行.
NOTIC: [8] Use of undefined constant person - assumed 'person' D:\xampp\htdocs\passon\Application\Runtime\Cache\Home\2a94b8bda04ff446dcedd42276fc99ee.php 第 31 行.
NOTIC: [8] Use of undefined constant logout - assumed 'logout' D:\xampp\htdocs\passon\Application\Runtime\Cache\Home\2a94b8bda04ff446dcedd42276fc99ee.php 第 31 行.
NOTIC: [8] Use of undefined constant search - assumed 'search' D:\xampp\htdocs\passon\Application\Runtime\Cache\Home\2a94b8bda04ff446dcedd42276fc99ee.php 第 35 行.
NOTIC: [8] Use of undefined constant contribute - assumed 'contribute' D:\xampp\htdocs\passon\Application\Runtime\Cache\Home\2a94b8bda04ff446dcedd42276fc99ee.php 第 51 行.
NOTIC: [8] Use of undefined constant share - assumed 'share' D:\xampp\htdocs\passon\Application\Runtime\Cache\Home\2a94b8bda04ff446dcedd42276fc99ee.php 第 52 行.
NOTIC: [8] Use of undefined constant showLogs - assumed 'showLogs' D:\xampp\htdocs\passon\Application\Runtime\Cache\Home\2a94b8bda04ff446dcedd42276fc99ee.php 第 139 行.
INFO: Run Behavior\ParseTemplateBehavior [ RunTime:0.010001s ]
INFO: [ view_parse ] --END-- [ RunTime:0.010001s ]
INFO: [ view_filter ] --START--
INFO: Run Behavior\WriteHtmlCacheBehavior [ RunTime:0.000000s ]
INFO: [ view_filter ] --END-- [ RunTime:0.001000s ]
INFO: [ app_end ] --START--
INFO: Run Behavior\ShowPageTraceBehavior [ RunTime:0.001000s ]
INFO: [ app_end ] --END-- [ RunTime:0.001000s ]

[ 2016-04-04T10:37:14+08:00 ] ::1 /passon/index.php/Home/Index/showLogs.html
INFO: [ app_init ] --START--
INFO: Run Behavior\BuildLiteBehavior [ RunTime:0.000000s ]
INFO: [ app_init ] --END-- [ RunTime:0.000000s ]
INFO: [ app_begin ] --START--
INFO: Run Behavior\ReadHtmlCacheBehavior [ RunTime:0.001000s ]
INFO: [ app_begin ] --END-- [ RunTime:0.001000s ]
SQL: SHOW COLUMNS FROM `wind87_booklog` [ RunTime:0.0040s ]
SQL: SELECT * FROM `wind87_booklog` ORDER BY log_id  desc LIMIT 10   [ RunTime:0.0000s ]
SQL: SHOW COLUMNS FROM `wind87_book` [ RunTime:0.0050s ]
SQL: SHOW COLUMNS FROM `wind87_bookinfo` [ RunTime:0.0040s ]
SQL: SELECT * FROM `wind87_book` WHERE `book_id` = 42 LIMIT 1   [ RunTime:0.0000s ]
SQL: SELECT * FROM `wind87_bookinfo` WHERE `isbn` = '9787115281609' LIMIT 1   [ RunTime:0.0010s ]
SQL: SELECT * FROM `wind87_book` WHERE `book_id` = 42 LIMIT 1   [ RunTime:0.0010s ]
SQL: SELECT * FROM `wind87_bookinfo` WHERE `isbn` = '9787115281609' LIMIT 1   [ RunTime:0.0010s ]
SQL: SELECT * FROM `wind87_book` WHERE `book_id` = 42 LIMIT 1   [ RunTime:0.0020s ]
SQL: SELECT * FROM `wind87_bookinfo` WHERE `isbn` = '9787115281609' LIMIT 1   [ RunTime:0.0020s ]
SQL: SELECT * FROM `wind87_book` WHERE `book_id` = 44 LIMIT 1   [ RunTime:0.0000s ]
SQL: SELECT * FROM `wind87_bookinfo` WHERE `isbn` = '9787111380931' LIMIT 1   [ RunTime:0.0010s ]
SQL: SELECT * FROM `wind87_book` WHERE `book_id` = 44 LIMIT 1   [ RunTime:0.0010s ]
SQL: SELECT * FROM `wind87_bookinfo` WHERE `isbn` = '9787111380931' LIMIT 1   [ RunTime:0.0000s ]
SQL: SELECT * FROM `wind87_book` WHERE `book_id` = 46 LIMIT 1   [ RunTime:0.0020s ]
SQL: SELECT * FROM `wind87_bookinfo` WHERE `isbn` = '9787213049422' LIMIT 1   [ RunTime:0.0010s ]
SQL: SELECT * FROM `wind87_book` WHERE `book_id` = 46 LIMIT 1   [ RunTime:0.0010s ]
SQL: SELECT * FROM `wind87_bookinfo` WHERE `isbn` = '9787213049422' LIMIT 1   [ RunTime:0.0000s ]
SQL: SELECT * FROM `wind87_book` WHERE `book_id` = 0 LIMIT 1   [ RunTime:0.0020s ]
SQL: SELECT * FROM `wind87_bookinfo` WHERE `isbn` = null LIMIT 1   [ RunTime:0.0010s ]
SQL: SELECT * FROM `wind87_book` WHERE `book_id` = 47 LIMIT 1   [ RunTime:0.0010s ]
SQL: SELECT * FROM `wind87_bookinfo` WHERE `isbn` = '9787115334589' LIMIT 1   [ RunTime:0.0000s ]
SQL: SELECT * FROM `wind87_book` WHERE `book_id` = 47 LIMIT 1   [ RunTime:0.0000s ]
SQL: SELECT * FROM `wind87_bookinfo` WHERE `isbn` = '9787115334589' LIMIT 1   [ RunTime:0.0000s ]
INFO: [ app_end ] --START--
INFO: Run Behavior\ShowPageTraceBehavior [ RunTime:0.000000s ]
INFO: [ app_end ] --END-- [ RunTime:0.000000s ]

[ 2016-04-04T10:37:15+08:00 ] ::1 /passon/index.php/Home/Index/showLogs.html
INFO: [ app_init ] --START--
INFO: Run Behavior\BuildLiteBehavior [ RunTime:0.000000s ]
INFO: [ app_init ] --END-- [ RunTime:0.001000s ]
INFO: [ app_begin ] --START--
INFO: Run Behavior\ReadHtmlCacheBehavior [ RunTime:0.001000s ]
INFO: [ app_begin ] --END-- [ RunTime:0.001000s ]
SQL: SHOW COLUMNS FROM `wind87_booklog` [ RunTime:0.0030s ]
SQL: SELECT * FROM `wind87_booklog` ORDER BY log_id  desc LIMIT 10   [ RunTime:0.0000s ]
SQL: SHOW COLUMNS FROM `wind87_book` [ RunTime:0.0040s ]
SQL: SHOW COLUMNS FROM `wind87_bookinfo` [ RunTime:0.0040s ]
SQL: SELECT * FROM `wind87_book` WHERE `book_id` = 42 LIMIT 1   [ RunTime:0.0010s ]
SQL: SELECT * FROM `wind87_bookinfo` WHERE `isbn` = '9787115281609' LIMIT 1   [ RunTime:0.0000s ]
SQL: SELECT * FROM `wind87_book` WHERE `book_id` = 42 LIMIT 1   [ RunTime:0.0010s ]
SQL: SELECT * FROM `wind87_bookinfo` WHERE `isbn` = '9787115281609' LIMIT 1   [ RunTime:0.0000s ]
SQL: SELECT * FROM `wind87_book` WHERE `book_id` = 42 LIMIT 1   [ RunTime:0.0010s ]
SQL: SELECT * FROM `wind87_bookinfo` WHERE `isbn` = '9787115281609' LIMIT 1   [ RunTime:0.0000s ]
SQL: SELECT * FROM `wind87_book` WHERE `book_id` = 44 LIMIT 1   [ RunTime:0.0010s ]
SQL: SELECT * FROM `wind87_bookinfo` WHERE `isbn` = '9787111380931' LIMIT 1   [ RunTime:0.0000s ]
SQL: SELECT * FROM `wind87_book` WHERE `book_id` = 44 LIMIT 1   [ RunTime:0.0010s ]
SQL: SELECT * FROM `wind87_bookinfo` WHERE `isbn` = '9787111380931' LIMIT 1   [ RunTime:0.0000s ]
SQL: SELECT * FROM `wind87_book` WHERE `book_id` = 46 LIMIT 1   [ RunTime:0.0000s ]
SQL: SELECT * FROM `wind87_bookinfo` WHERE `isbn` = '9787213049422' LIMIT 1   [ RunTime:0.0000s ]
SQL: SELECT * FROM `wind87_book` WHERE `book_id` = 46 LIMIT 1   [ RunTime:0.0000s ]
SQL: SELECT * FROM `wind87_bookinfo` WHERE `isbn` = '9787213049422' LIMIT 1   [ RunTime:0.0000s ]
SQL: SELECT * FROM `wind87_book` WHERE `book_id` = 0 LIMIT 1   [ RunTime:0.0000s ]
SQL: SELECT * FROM `wind87_bookinfo` WHERE `isbn` = null LIMIT 1   [ RunTime:0.0000s ]
SQL: SELECT * FROM `wind87_book` WHERE `book_id` = 47 LIMIT 1   [ RunTime:0.0010s ]
SQL: SELECT * FROM `wind87_bookinfo` WHERE `isbn` = '9787115334589' LIMIT 1   [ RunTime:0.0000s ]
SQL: SELECT * FROM `wind87_book` WHERE `book_id` = 47 LIMIT 1   [ RunTime:0.0000s ]
SQL: SELECT * FROM `wind87_bookinfo` WHERE `isbn` = '9787115334589' LIMIT 1   [ RunTime:0.0000s ]
INFO: [ app_end ] --START--
INFO: Run Behavior\ShowPageTraceBehavior [ RunTime:0.001000s ]
INFO: [ app_end ] --END-- [ RunTime:0.001000s ]

[ 2016-04-04T10:37:16+08:00 ] ::1 /passon/index.php/Home/Index/showLogs.html
INFO: [ app_init ] --START--
INFO: Run Behavior\BuildLiteBehavior [ RunTime:0.000000s ]
INFO: [ app_init ] --END-- [ RunTime:0.001000s ]
INFO: [ app_begin ] --START--
INFO: Run Behavior\ReadHtmlCacheBehavior [ RunTime:0.001000s ]
INFO: [ app_begin ] --END-- [ RunTime:0.001000s ]
SQL: SHOW COLUMNS FROM `wind87_booklog` [ RunTime:0.0040s ]
SQL: SELECT * FROM `wind87_booklog` ORDER BY log_id  desc LIMIT 10   [ RunTime:0.0010s ]
SQL: SHOW COLUMNS FROM `wind87_book` [ RunTime:0.0040s ]
SQL: SHOW COLUMNS FROM `wind87_bookinfo` [ RunTime:0.0040s ]
SQL: SELECT * FROM `wind87_book` WHERE `book_id` = 42 LIMIT 1   [ RunTime:0.0010s ]
SQL: SELECT * FROM `wind87_bookinfo` WHERE `isbn` = '9787115281609' LIMIT 1   [ RunTime:0.0000s ]
SQL: SELECT * FROM `wind87_book` WHERE `book_id` = 42 LIMIT 1   [ RunTime:0.0010s ]
SQL: SELECT * FROM `wind87_bookinfo` WHERE `isbn` = '9787115281609' LIMIT 1   [ RunTime:0.0000s ]
SQL: SELECT * FROM `wind87_book` WHERE `book_id` = 42 LIMIT 1   [ RunTime:0.0010s ]
SQL: SELECT * FROM `wind87_bookinfo` WHERE `isbn` = '9787115281609' LIMIT 1   [ RunTime:0.0000s ]
SQL: SELECT * FROM `wind87_book` WHERE `book_id` = 44 LIMIT 1   [ RunTime:0.0010s ]
SQL: SELECT * FROM `wind87_bookinfo` WHERE `isbn` = '9787111380931' LIMIT 1   [ RunTime:0.0000s ]
SQL: SELECT * FROM `wind87_book` WHERE `book_id` = 44 LIMIT 1   [ RunTime:0.0010s ]
SQL: SELECT * FROM `wind87_bookinfo` WHERE `isbn` = '9787111380931' LIMIT 1   [ RunTime:0.0000s ]
SQL: SELECT * FROM `wind87_book` WHERE `book_id` = 46 LIMIT 1   [ RunTime:0.0000s ]
SQL: SELECT * FROM `wind87_bookinfo` WHERE `isbn` = '9787213049422' LIMIT 1   [ RunTime:0.0000s ]
SQL: SELECT * FROM `wind87_book` WHERE `book_id` = 46 LIMIT 1   [ RunTime:0.0000s ]
SQL: SELECT * FROM `wind87_bookinfo` WHERE `isbn` = '9787213049422' LIMIT 1   [ RunTime:0.0000s ]
SQL: SELECT * FROM `wind87_book` WHERE `book_id` = 0 LIMIT 1   [ RunTime:0.0000s ]
SQL: SELECT * FROM `wind87_bookinfo` WHERE `isbn` = null LIMIT 1   [ RunTime:0.0010s ]
SQL: SELECT * FROM `wind87_book` WHERE `book_id` = 47 LIMIT 1   [ RunTime:0.0000s ]
SQL: SELECT * FROM `wind87_bookinfo` WHERE `isbn` = '9787115334589' LIMIT 1   [ RunTime:0.0010s ]
SQL: SELECT * FROM `wind87_book` WHERE `book_id` = 47 LIMIT 1   [ RunTime:0.0000s ]
SQL: SELECT * FROM `wind87_bookinfo` WHERE `isbn` = '9787115334589' LIMIT 1   [ RunTime:0.0000s ]
INFO: [ app_end ] --START--
INFO: Run Behavior\ShowPageTraceBehavior [ RunTime:0.001000s ]
INFO: [ app_end ] --END-- [ RunTime:0.001000s ]

[ 2016-04-04T10:37:17+08:00 ] ::1 /passon/index.php/Home/Index/showLogs.html
INFO: [ app_init ] --START--
INFO: Run Behavior\BuildLiteBehavior [ RunTime:0.000000s ]
INFO: [ app_init ] --END-- [ RunTime:0.000000s ]
INFO: [ app_begin ] --START--
INFO: Run Behavior\ReadHtmlCacheBehavior [ RunTime:0.001000s ]
INFO: [ app_begin ] --END-- [ RunTime:0.001000s ]
SQL: SHOW COLUMNS FROM `wind87_booklog` [ RunTime:0.0030s ]
SQL: SELECT * FROM `wind87_booklog` ORDER BY log_id  desc LIMIT 10   [ RunTime:0.0000s ]
SQL: SHOW COLUMNS FROM `wind87_book` [ RunTime:0.0040s ]
SQL: SHOW COLUMNS FROM `wind87_bookinfo` [ RunTime:0.0030s ]
SQL: SELECT * FROM `wind87_book` WHERE `book_id` = 42 LIMIT 1   [ RunTime:0.0000s ]
SQL: SELECT * FROM `wind87_bookinfo` WHERE `isbn` = '9787115281609' LIMIT 1   [ RunTime:0.0010s ]
SQL: SELECT * FROM `wind87_book` WHERE `book_id` = 42 LIMIT 1   [ RunTime:0.0010s ]
SQL: SELECT * FROM `wind87_bookinfo` WHERE `isbn` = '9787115281609' LIMIT 1   [ RunTime:0.0000s ]
SQL: SELECT * FROM `wind87_book` WHERE `book_id` = 42 LIMIT 1   [ RunTime:0.0000s ]
SQL: SELECT * FROM `wind87_bookinfo` WHERE `isbn` = '9787115281609' LIMIT 1   [ RunTime:0.0010s ]
SQL: SELECT * FROM `wind87_book` WHERE `book_id` = 44 LIMIT 1   [ RunTime:0.0000s ]
SQL: SELECT * FROM `wind87_bookinfo` WHERE `isbn` = '9787111380931' LIMIT 1   [ RunTime:0.0010s ]
SQL: SELECT * FROM `wind87_book` WHERE `book_id` = 44 LIMIT 1   [ RunTime:0.0000s ]
SQL: SELECT * FROM `wind87_bookinfo` WHERE `isbn` = '9787111380931' LIMIT 1   [ RunTime:0.0010s ]
SQL: SELECT * FROM `wind87_book` WHERE `book_id` = 46 LIMIT 1   [ RunTime:0.0000s ]
SQL: SELECT * FROM `wind87_bookinfo` WHERE `isbn` = '9787213049422' LIMIT 1   [ RunTime:0.0010s ]
SQL: SELECT * FROM `wind87_book` WHERE `book_id` = 46 LIMIT 1   [ RunTime:0.0010s ]
SQL: SELECT * FROM `wind87_bookinfo` WHERE `isbn` = '9787213049422' LIMIT 1   [ RunTime:0.0000s ]
SQL: SELECT * FROM `wind87_book` WHERE `book_id` = 0 LIMIT 1   [ RunTime:0.0010s ]
SQL: SELECT * FROM `wind87_bookinfo` WHERE `isbn` = null LIMIT 1   [ RunTime:0.0000s ]
SQL: SELECT * FROM `wind87_book` WHERE `book_id` = 47 LIMIT 1   [ RunTime:0.0000s ]
SQL: SELECT * FROM `wind87_bookinfo` WHERE `isbn` = '9787115334589' LIMIT 1   [ RunTime:0.0000s ]
SQL: SELECT * FROM `wind87_book` WHERE `book_id` = 47 LIMIT 1   [ RunTime:0.0000s ]
SQL: SELECT * FROM `wind87_bookinfo` WHERE `isbn` = '9787115334589' LIMIT 1   [ RunTime:0.0000s ]
INFO: [ app_end ] --START--
INFO: Run Behavior\ShowPageTraceBehavior [ RunTime:0.001000s ]
INFO: [ app_end ] --END-- [ RunTime:0.001000s ]

[ 2016-04-04T10:37:18+08:00 ] ::1 /passon/index.php/Home/Index/showLogs.html
INFO: [ app_init ] --START--
INFO: Run Behavior\BuildLiteBehavior [ RunTime:0.000000s ]
INFO: [ app_init ] --END-- [ RunTime:0.000000s ]
INFO: [ app_begin ] --START--
INFO: Run Behavior\ReadHtmlCacheBehavior [ RunTime:0.001000s ]
INFO: [ app_begin ] --END-- [ RunTime:0.001000s ]
SQL: SHOW COLUMNS FROM `wind87_booklog` [ RunTime:0.0040s ]
SQL: SELECT * FROM `wind87_booklog` ORDER BY log_id  desc LIMIT 10   [ RunTime:0.0000s ]
SQL: SHOW COLUMNS FROM `wind87_book` [ RunTime:0.0030s ]
SQL: SHOW COLUMNS FROM `wind87_bookinfo` [ RunTime:0.0080s ]
SQL: SELECT * FROM `wind87_book` WHERE `book_id` = 42 LIMIT 1   [ RunTime:0.0000s ]
SQL: SELECT * FROM `wind87_bookinfo` WHERE `isbn` = '9787115281609' LIMIT 1   [ RunTime:0.0000s ]
SQL: SELECT * FROM `wind87_book` WHERE `book_id` = 42 LIMIT 1   [ RunTime:0.0000s ]
SQL: SELECT * FROM `wind87_bookinfo` WHERE `isbn` = '9787115281609' LIMIT 1   [ RunTime:0.0000s ]
SQL: SELECT * FROM `wind87_book` WHERE `book_id` = 42 LIMIT 1   [ RunTime:0.0010s ]
SQL: SELECT * FROM `wind87_bookinfo` WHERE `isbn` = '9787115281609' LIMIT 1   [ RunTime:0.0000s ]
SQL: SELECT * FROM `wind87_book` WHERE `book_id` = 44 LIMIT 1   [ RunTime:0.0000s ]
SQL: SELECT * FROM `wind87_bookinfo` WHERE `isbn` = '9787111380931' LIMIT 1   [ RunTime:0.0000s ]
SQL: SELECT * FROM `wind87_book` WHERE `book_id` = 44 LIMIT 1   [ RunTime:0.0010s ]
SQL: SELECT * FROM `wind87_bookinfo` WHERE `isbn` = '9787111380931' LIMIT 1   [ RunTime:0.0000s ]
SQL: SELECT * FROM `wind87_book` WHERE `book_id` = 46 LIMIT 1   [ RunTime:0.0000s ]
SQL: SELECT * FROM `wind87_bookinfo` WHERE `isbn` = '9787213049422' LIMIT 1   [ RunTime:0.0000s ]
SQL: SELECT * FROM `wind87_book` WHERE `book_id` = 46 LIMIT 1   [ RunTime:0.0000s ]
SQL: SELECT * FROM `wind87_bookinfo` WHERE `isbn` = '9787213049422' LIMIT 1   [ RunTime:0.0010s ]
SQL: SELECT * FROM `wind87_book` WHERE `book_id` = 0 LIMIT 1   [ RunTime:0.0000s ]
SQL: SELECT * FROM `wind87_bookinfo` WHERE `isbn` = null LIMIT 1   [ RunTime:0.0000s ]
SQL: SELECT * FROM `wind87_book` WHERE `book_id` = 47 LIMIT 1   [ RunTime:0.0010s ]
SQL: SELECT * FROM `wind87_bookinfo` WHERE `isbn` = '9787115334589' LIMIT 1   [ RunTime:0.0000s ]
SQL: SELECT * FROM `wind87_book` WHERE `book_id` = 47 LIMIT 1   [ RunTime:0.0000s ]
SQL: SELECT * FROM `wind87_bookinfo` WHERE `isbn` = '9787115334589' LIMIT 1   [ RunTime:0.0000s ]
INFO: [ app_end ] --START--
INFO: Run Behavior\ShowPageTraceBehavior [ RunTime:0.001000s ]
INFO: [ app_end ] --END-- [ RunTime:0.001000s ]

[ 2016-04-04T10:37:19+08:00 ] ::1 /passon/index.php/Home/Index/person.html
INFO: [ app_init ] --START--
INFO: Run Behavior\BuildLiteBehavior [ RunTime:0.000000s ]
INFO: [ app_init ] --END-- [ RunTime:0.001000s ]
INFO: [ app_begin ] --START--
INFO: Run Behavior\ReadHtmlCacheBehavior [ RunTime:0.001000s ]
INFO: [ app_begin ] --END-- [ RunTime:0.001000s ]
SQL: SHOW COLUMNS FROM `wind87_passoncount` [ RunTime:0.0040s ]
SQL: SELECT * FROM `wind87_passoncount` WHERE `pagename` = 'person' AND `date` = '2016 04 04' LIMIT 1   [ RunTime:0.0010s ]
SQL: SELECT * FROM `wind87_passoncount` WHERE `pagename` = 'person' AND `date` = '2016 04 04' LIMIT 1   [ RunTime:0.0000s ]
SQL: UPDATE `wind87_passoncount` SET `pagename`='person',`count`='2',`date`='2016 04 04',`des`=NULL WHERE `id` = 310 [ RunTime:0.2690s ]
SQL: SHOW COLUMNS FROM `wind87_passonnums` [ RunTime:0.0270s ]
SQL: INSERT INTO `wind87_passonnums` (`username`,`ip`,`pagename`,`timeseconds`,`date`,`time`) VALUES ('huran','0.0.0.0','person','1459737438','2016-04-04','10:37:18 am') [ RunTime:0.0720s ]
SQL: SHOW COLUMNS FROM `wind87_booksusers` [ RunTime:0.0080s ]
SQL: SHOW COLUMNS FROM `wind87_book_bind` [ RunTime:0.0050s ]
SQL: SHOW COLUMNS FROM `wind87_book_wechat_userinfo` [ RunTime:0.0040s ]
SQL: SELECT * FROM `wind87_book_wechat_userinfo` WHERE `nickname` = 'huran' LIMIT 1   [ RunTime:0.0000s ]
SQL: SELECT * FROM `wind87_book_bind` WHERE `openid` = null LIMIT 1   [ RunTime:0.0000s ]
SQL: SHOW COLUMNS FROM `wind87_booklog` [ RunTime:0.0040s ]
SQL: SHOW COLUMNS FROM `wind87_book` [ RunTime:0.0200s ]
SQL: SHOW COLUMNS FROM `wind87_bookinfo` [ RunTime:0.0040s ]
SQL: SHOW COLUMNS FROM `wind87_book_group_handleresult` [ RunTime:0.0950s ]
SQL: SHOW COLUMNS FROM `wind87_book_groupinfo` [ RunTime:0.1110s ]
SQL: SELECT * FROM `wind87_booksusers` WHERE `username` = 'huran' LIMIT 1   [ RunTime:0.0010s ]
SQL: SELECT * FROM `wind87_booklog` WHERE `keeper_name` = 'huran' ORDER BY log_id desc  [ RunTime:0.0000s ]
SQL: SELECT * FROM `wind87_book` WHERE `book_id` = 42 LIMIT 1   [ RunTime:0.0010s ]
SQL: SELECT * FROM `wind87_bookinfo` WHERE `isbn` = '9787115281609' LIMIT 1   [ RunTime:0.0000s ]
SQL: SELECT * FROM `wind87_book` WHERE `book_id` = 42 LIMIT 1   [ RunTime:0.0000s ]
SQL: SELECT * FROM `wind87_bookinfo` WHERE `isbn` = '9787115281609' LIMIT 1   [ RunTime:0.0000s ]
SQL: SELECT * FROM `wind87_book` WHERE `book_id` = 42 LIMIT 1   [ RunTime:0.0010s ]
SQL: SELECT * FROM `wind87_bookinfo` WHERE `isbn` = '9787115281609' LIMIT 1   [ RunTime:0.0000s ]
SQL: SELECT * FROM `wind87_book` WHERE `book_id` = 44 LIMIT 1   [ RunTime:0.0010s ]
SQL: SELECT * FROM `wind87_bookinfo` WHERE `isbn` = '9787111380931' LIMIT 1   [ RunTime:0.0000s ]
SQL: SELECT * FROM `wind87_book` WHERE `book_id` = 44 LIMIT 1   [ RunTime:0.0010s ]
SQL: SELECT * FROM `wind87_bookinfo` WHERE `isbn` = '9787111380931' LIMIT 1   [ RunTime:0.0000s ]
SQL: SELECT * FROM `wind87_book` WHERE `book_id` = 46 LIMIT 1   [ RunTime:0.0000s ]
SQL: SELECT * FROM `wind87_bookinfo` WHERE `isbn` = '9787213049422' LIMIT 1   [ RunTime:0.0000s ]
SQL: SELECT * FROM `wind87_book` WHERE `book_id` = 46 LIMIT 1   [ RunTime:0.0010s ]
SQL: SELECT * FROM `wind87_bookinfo` WHERE `isbn` = '9787213049422' LIMIT 1   [ RunTime:0.0010s ]
SQL: SELECT * FROM `wind87_book` WHERE `book_id` = 0 LIMIT 1   [ RunTime:0.0000s ]
SQL: SELECT * FROM `wind87_bookinfo` WHERE `isbn` = null LIMIT 1   [ RunTime:0.0010s ]
SQL: SELECT * FROM `wind87_book` WHERE `book_id` = 47 LIMIT 1   [ RunTime:0.0000s ]
SQL: SELECT * FROM `wind87_bookinfo` WHERE `isbn` = '9787115334589' LIMIT 1   [ RunTime:0.0010s ]
SQL: SELECT * FROM `wind87_book` WHERE `book_id` = 47 LIMIT 1   [ RunTime:0.0000s ]
SQL: SELECT * FROM `wind87_bookinfo` WHERE `isbn` = '9787115334589' LIMIT 1   [ RunTime:0.0010s ]
SQL: SELECT * FROM `wind87_book` WHERE `book_id` = 47 LIMIT 1   [ RunTime:0.0000s ]
SQL: SELECT * FROM `wind87_bookinfo` WHERE `isbn` = '9787115334589' LIMIT 1   [ RunTime:0.0000s ]
SQL: SHOW COLUMNS FROM `wind87_book_honer` [ RunTime:0.0810s ]
SQL: SELECT * FROM `wind87_book_honer` WHERE `username` = 'huran' LIMIT 1   [ RunTime:0.0000s ]
SQL: SELECT * FROM `wind87_book` WHERE `owner_name` = 'huran'  [ RunTime:0.0010s ]
SQL: SELECT * FROM `wind87_book_group_handleresult` WHERE `username` = 'huran'  [ RunTime:0.0000s ]
SQL: SELECT * FROM `wind87_book_groupinfo` WHERE `id` = 6 LIMIT 1   [ RunTime:0.0000s ]
SQL: SHOW COLUMNS FROM `wind87_book_friend_handle` [ RunTime:0.0760s ]
SQL: SHOW COLUMNS FROM `wind87_book_friend_handleresult` [ RunTime:0.0490s ]
SQL: SHOW COLUMNS FROM `wind87_book_friend` [ RunTime:0.0300s ]
SQL: SELECT * FROM `wind87_book_friend_handleresult` WHERE `friendname` = 'huran'  [ RunTime:0.0010s ]
SQL: SELECT * FROM `wind87_book_friend_handle` WHERE `username` = 'huran'  [ RunTime:0.0000s ]
SQL: SELECT * FROM `wind87_book_friend` WHERE `username` = 'huran'  [ RunTime:0.0010s ]
INFO: [ view_parse ] --START--
INFO: [ template_filter ] --START--
INFO: Run Behavior\ContentReplaceBehavior [ RunTime:0.000000s ]
INFO: [ template_filter ] --END-- [ RunTime:0.000000s ]
NOTIC: [8] Use of undefined constant index - assumed 'index' D:\xampp\htdocs\passon\Application\Runtime\Cache\Home\8571270d6619e5b554873f4047466c88.php 第 15 行.
NOTIC: [8] Use of undefined constant squre - assumed 'squre' D:\xampp\htdocs\passon\Application\Runtime\Cache\Home\8571270d6619e5b554873f4047466c88.php 第 16 行.
NOTIC: [8] Use of undefined constant share - assumed 'share' D:\xampp\htdocs\passon\Application\Runtime\Cache\Home\8571270d6619e5b554873f4047466c88.php 第 17 行.
NOTIC: [8] Use of undefined constant search - assumed 'search' D:\xampp\htdocs\passon\Application\Runtime\Cache\Home\8571270d6619e5b554873f4047466c88.php 第 20 行.
NOTIC: [8] Use of undefined constant register - assumed 'register' D:\xampp\htdocs\passon\Application\Runtime\Cache\Home\8571270d6619e5b554873f4047466c88.php 第 43 行.
NOTIC: [8] Use of undefined constant login - assumed 'login' D:\xampp\htdocs\passon\Application\Runtime\Cache\Home\8571270d6619e5b554873f4047466c88.php 第 44 行.
NOTIC: [8] Use of undefined constant person - assumed 'person' D:\xampp\htdocs\passon\Application\Runtime\Cache\Home\8571270d6619e5b554873f4047466c88.php 第 47 行.
NOTIC: [8] Use of undefined constant index - assumed 'index' D:\xampp\htdocs\passon\Application\Runtime\Cache\Home\8571270d6619e5b554873f4047466c88.php 第 54 行.
NOTIC: [8] Use of undefined constant contribute - assumed 'contribute' D:\xampp\htdocs\passon\Application\Runtime\Cache\Home\8571270d6619e5b554873f4047466c88.php 第 68 行.
NOTIC: [8] Use of undefined constant message - assumed 'message' D:\xampp\htdocs\passon\Application\Runtime\Cache\Home\8571270d6619e5b554873f4047466c88.php 第 76 行.
NOTIC: [8] Use of undefined constant personshare - assumed 'personshare' D:\xampp\htdocs\passon\Application\Runtime\Cache\Home\8571270d6619e5b554873f4047466c88.php 第 77 行.
NOTIC: [8] Use of undefined constant mygroup - assumed 'mygroup' D:\xampp\htdocs\passon\Application\Runtime\Cache\Home\8571270d6619e5b554873f4047466c88.php 第 79 行.
NOTIC: [8] Undefined variable: book D:\xampp\htdocs\passon\Application\Runtime\Cache\Home\8571270d6619e5b554873f4047466c88.php 第 164 行.
NOTIC: [8] Use of undefined constant usmessage - assumed 'usmessage' D:\xampp\htdocs\passon\Application\Runtime\Cache\Home\8571270d6619e5b554873f4047466c88.php 第 194 行.
NOTIC: [8] Use of undefined constant usemessage - assumed 'usemessage' D:\xampp\htdocs\passon\Application\Runtime\Cache\Home\8571270d6619e5b554873f4047466c88.php 第 204 行.
NOTIC: [8] Use of undefined constant myKeeps - assumed 'myKeeps' D:\xampp\htdocs\passon\Application\Runtime\Cache\Home\8571270d6619e5b554873f4047466c88.php 第 236 行.
NOTIC: [8] Undefined variable: mybooks D:\xampp\htdocs\passon\Application\Runtime\Cache\Home\8571270d6619e5b554873f4047466c88.php 第 242 行.
NOTIC: [8] Undefined variable: page D:\xampp\htdocs\passon\Application\Runtime\Cache\Home\8571270d6619e5b554873f4047466c88.php 第 254 行.
NOTIC: [8] Undefined index: bookinfo D:\xampp\htdocs\passon\Application\Runtime\Cache\Home\8571270d6619e5b554873f4047466c88.php 第 268 行.
NOTIC: [8] Use of undefined constant bookInfo - assumed 'bookInfo' D:\xampp\htdocs\passon\Application\Runtime\Cache\Home\8571270d6619e5b554873f4047466c88.php 第 272 行.
NOTIC: [8] Undefined index: bookinfo D:\xampp\htdocs\passon\Application\Runtime\Cache\Home\8571270d6619e5b554873f4047466c88.php 第 282 行.
NOTIC: [8] Use of undefined constant bookInfo - assumed 'bookInfo' D:\xampp\htdocs\passon\Application\Runtime\Cache\Home\8571270d6619e5b554873f4047466c88.php 第 286 行.
INFO: Run Behavior\ParseTemplateBehavior [ RunTime:0.155009s ]
INFO: [ view_parse ] --END-- [ RunTime:0.155009s ]
INFO: [ view_filter ] --START--
INFO: Run Behavior\WriteHtmlCacheBehavior [ RunTime:0.001000s ]
INFO: [ view_filter ] --END-- [ RunTime:0.001000s ]
INFO: [ app_end ] --START--
INFO: Run Behavior\ShowPageTraceBehavior [ RunTime:0.003000s ]
INFO: [ app_end ] --END-- [ RunTime:0.003000s ]

[ 2016-04-04T10:37:19+08:00 ] ::1 /passon/index.php/Home/Index/showLogs.html
INFO: [ app_init ] --START--
INFO: Run Behavior\BuildLiteBehavior [ RunTime:0.000000s ]
INFO: [ app_init ] --END-- [ RunTime:0.000000s ]
INFO: [ app_begin ] --START--
INFO: Run Behavior\ReadHtmlCacheBehavior [ RunTime:0.001000s ]
INFO: [ app_begin ] --END-- [ RunTime:0.001000s ]
SQL: SHOW COLUMNS FROM `wind87_booklog` [ RunTime:0.0270s ]
SQL: SELECT * FROM `wind87_booklog` ORDER BY log_id  desc LIMIT 10   [ RunTime:0.0000s ]
SQL: SHOW COLUMNS FROM `wind87_book` [ RunTime:0.0030s ]
SQL: SHOW COLUMNS FROM `wind87_bookinfo` [ RunTime:0.0040s ]
SQL: SELECT * FROM `wind87_book` WHERE `book_id` = 42 LIMIT 1   [ RunTime:0.0010s ]
SQL: SELECT * FROM `wind87_bookinfo` WHERE `isbn` = '9787115281609' LIMIT 1   [ RunTime:0.0020s ]
SQL: SELECT * FROM `wind87_book` WHERE `book_id` = 42 LIMIT 1   [ RunTime:0.0000s ]
SQL: SELECT * FROM `wind87_bookinfo` WHERE `isbn` = '9787115281609' LIMIT 1   [ RunTime:0.0000s ]
SQL: SELECT * FROM `wind87_book` WHERE `book_id` = 42 LIMIT 1   [ RunTime:0.0010s ]
SQL: SELECT * FROM `wind87_bookinfo` WHERE `isbn` = '9787115281609' LIMIT 1   [ RunTime:0.0010s ]
SQL: SELECT * FROM `wind87_book` WHERE `book_id` = 44 LIMIT 1   [ RunTime:0.0010s ]
SQL: SELECT * FROM `wind87_bookinfo` WHERE `isbn` = '9787111380931' LIMIT 1   [ RunTime:0.0000s ]
SQL: SELECT * FROM `wind87_book` WHERE `book_id` = 44 LIMIT 1   [ RunTime:0.0010s ]
SQL: SELECT * FROM `wind87_bookinfo` WHERE `isbn` = '9787111380931' LIMIT 1   [ RunTime:0.0000s ]
SQL: SELECT * FROM `wind87_book` WHERE `book_id` = 46 LIMIT 1   [ RunTime:0.0000s ]
SQL: SELECT * FROM `wind87_bookinfo` WHERE `isbn` = '9787213049422' LIMIT 1   [ RunTime:0.0000s ]
SQL: SELECT * FROM `wind87_book` WHERE `book_id` = 46 LIMIT 1   [ RunTime:0.0000s ]
SQL: SELECT * FROM `wind87_bookinfo` WHERE `isbn` = '9787213049422' LIMIT 1   [ RunTime:0.0010s ]
SQL: SELECT * FROM `wind87_book` WHERE `book_id` = 0 LIMIT 1   [ RunTime:0.0000s ]
SQL: SELECT * FROM `wind87_bookinfo` WHERE `isbn` = null LIMIT 1   [ RunTime:0.0000s ]
SQL: SELECT * FROM `wind87_book` WHERE `book_id` = 47 LIMIT 1   [ RunTime:0.0000s ]
SQL: SELECT * FROM `wind87_bookinfo` WHERE `isbn` = '9787115334589' LIMIT 1   [ RunTime:0.0000s ]
SQL: SELECT * FROM `wind87_book` WHERE `book_id` = 47 LIMIT 1   [ RunTime:0.0010s ]
SQL: SELECT * FROM `wind87_bookinfo` WHERE `isbn` = '9787115334589' LIMIT 1   [ RunTime:0.0020s ]
INFO: [ app_end ] --START--
INFO: Run Behavior\ShowPageTraceBehavior [ RunTime:0.000000s ]
INFO: [ app_end ] --END-- [ RunTime:0.000000s ]

[ 2016-04-04T10:37:21+08:00 ] ::1 /passon/index.php/Home/Index/message.html
INFO: [ app_init ] --START--
INFO: Run Behavior\BuildLiteBehavior [ RunTime:0.000000s ]
INFO: [ app_init ] --END-- [ RunTime:0.001000s ]
INFO: [ app_begin ] --START--
INFO: Run Behavior\ReadHtmlCacheBehavior [ RunTime:0.001000s ]
INFO: [ app_begin ] --END-- [ RunTime:0.001000s ]
SQL: SHOW COLUMNS FROM `wind87_passoncount` [ RunTime:0.0040s ]
SQL: SELECT * FROM `wind87_passoncount` WHERE `pagename` = 'message' AND `date` = '2016 04 04' LIMIT 1   [ RunTime:0.0010s ]
SQL: INSERT INTO `wind87_passoncount` (`pagename`,`count`,`date`,`des`) VALUES ('message','1','2016 04 04',NULL) [ RunTime:0.0460s ]
SQL: SHOW COLUMNS FROM `wind87_passonnums` [ RunTime:0.0030s ]
SQL: INSERT INTO `wind87_passonnums` (`username`,`ip`,`pagename`,`timeseconds`,`date`,`time`) VALUES ('huran','0.0.0.0','message','1459737440','2016-04-04','10:37:20 am') [ RunTime:0.0240s ]
SQL: SHOW COLUMNS FROM `wind87_booklog` [ RunTime:0.0050s ]
SQL: SHOW COLUMNS FROM `wind87_book` [ RunTime:0.0040s ]
SQL: SHOW COLUMNS FROM `wind87_bookinfo` [ RunTime:0.0030s ]
SQL: SHOW COLUMNS FROM `wind87_booksusers` [ RunTime:0.0030s ]
SQL: SHOW COLUMNS FROM `wind87_book_bind` [ RunTime:0.0030s ]
SQL: SHOW COLUMNS FROM `wind87_book_wechat_userinfo` [ RunTime:0.0040s ]
SQL: SELECT * FROM `wind87_book_wechat_userinfo` WHERE `nickname` = 'huran' LIMIT 1   [ RunTime:0.0000s ]
SQL: SELECT * FROM `wind87_book_bind` WHERE `openid` = null LIMIT 1   [ RunTime:0.0010s ]
SQL: SELECT * FROM `wind87_booksusers` WHERE `username` = 'huran' LIMIT 1   [ RunTime:0.0000s ]
SQL: SELECT * FROM `wind87_booklog` WHERE `keeper_name` = 'huran' ORDER BY log_id desc  [ RunTime:0.0010s ]
SQL: SELECT * FROM `wind87_book` WHERE `book_id` = 42 LIMIT 1   [ RunTime:0.0000s ]
SQL: SELECT * FROM `wind87_bookinfo` WHERE `isbn` = '9787115281609' LIMIT 1   [ RunTime:0.0000s ]
SQL: SELECT * FROM `wind87_book` WHERE `book_id` = 42 LIMIT 1   [ RunTime:0.0010s ]
SQL: SELECT * FROM `wind87_bookinfo` WHERE `isbn` = '9787115281609' LIMIT 1   [ RunTime:0.0000s ]
SQL: SELECT * FROM `wind87_book` WHERE `book_id` = 42 LIMIT 1   [ RunTime:0.0010s ]
SQL: SELECT * FROM `wind87_bookinfo` WHERE `isbn` = '9787115281609' LIMIT 1   [ RunTime:0.0000s ]
SQL: SELECT * FROM `wind87_book` WHERE `book_id` = 44 LIMIT 1   [ RunTime:0.0000s ]
SQL: SELECT * FROM `wind87_bookinfo` WHERE `isbn` = '9787111380931' LIMIT 1   [ RunTime:0.0010s ]
SQL: SELECT * FROM `wind87_book` WHERE `book_id` = 44 LIMIT 1   [ RunTime:0.0000s ]
SQL: SELECT * FROM `wind87_bookinfo` WHERE `isbn` = '9787111380931' LIMIT 1   [ RunTime:0.0010s ]
SQL: SELECT * FROM `wind87_book` WHERE `book_id` = 46 LIMIT 1   [ RunTime:0.0000s ]
SQL: SELECT * FROM `wind87_bookinfo` WHERE `isbn` = '9787213049422' LIMIT 1   [ RunTime:0.0000s ]
SQL: SELECT * FROM `wind87_book` WHERE `book_id` = 46 LIMIT 1   [ RunTime:0.0000s ]
SQL: SELECT * FROM `wind87_bookinfo` WHERE `isbn` = '9787213049422' LIMIT 1   [ RunTime:0.0000s ]
SQL: SELECT * FROM `wind87_book` WHERE `book_id` = 0 LIMIT 1   [ RunTime:0.0010s ]
SQL: SELECT * FROM `wind87_bookinfo` WHERE `isbn` = null LIMIT 1   [ RunTime:0.0020s ]
SQL: SELECT * FROM `wind87_book` WHERE `book_id` = 47 LIMIT 1   [ RunTime:0.0000s ]
SQL: SELECT * FROM `wind87_bookinfo` WHERE `isbn` = '9787115334589' LIMIT 1   [ RunTime:0.0010s ]
SQL: SELECT * FROM `wind87_book` WHERE `book_id` = 47 LIMIT 1   [ RunTime:0.0010s ]
SQL: SELECT * FROM `wind87_bookinfo` WHERE `isbn` = '9787115334589' LIMIT 1   [ RunTime:0.0000s ]
SQL: SELECT * FROM `wind87_book` WHERE `book_id` = 47 LIMIT 1   [ RunTime:0.0000s ]
SQL: SELECT * FROM `wind87_bookinfo` WHERE `isbn` = '9787115334589' LIMIT 1   [ RunTime:0.0000s ]
SQL: SHOW COLUMNS FROM `wind87_book_honer` [ RunTime:0.0040s ]
SQL: SELECT * FROM `wind87_book_honer` WHERE `username` = 'huran' LIMIT 1   [ RunTime:0.0000s ]
SQL: SELECT * FROM `wind87_book` WHERE `owner_name` = 'huran'  [ RunTime:0.0010s ]
SQL: SHOW COLUMNS FROM `wind87_book_group_handleresult` [ RunTime:0.0040s ]
SQL: SHOW COLUMNS FROM `wind87_book_groupinfo` [ RunTime:0.0080s ]
SQL: SELECT * FROM `wind87_book_group_handleresult` WHERE `username` = 'huran'  [ RunTime:0.0020s ]
SQL: SELECT * FROM `wind87_book_groupinfo` WHERE `id` = 6 LIMIT 1   [ RunTime:0.0010s ]
SQL: SHOW COLUMNS FROM `wind87_book_friend_handle` [ RunTime:0.0030s ]
SQL: SHOW COLUMNS FROM `wind87_book_friend_handleresult` [ RunTime:0.0040s ]
SQL: SHOW COLUMNS FROM `wind87_book_friend` [ RunTime:0.0040s ]
SQL: SELECT * FROM `wind87_book_friend_handleresult` WHERE `friendname` = 'huran'  [ RunTime:0.0010s ]
SQL: SELECT * FROM `wind87_book_friend_handle` WHERE `username` = 'huran'  [ RunTime:0.0000s ]
SQL: SELECT * FROM `wind87_book_friend` WHERE `username` = 'huran'  [ RunTime:0.0010s ]
INFO: [ view_parse ] --START--
INFO: [ template_filter ] --START--
INFO: Run Behavior\ContentReplaceBehavior [ RunTime:0.001000s ]
INFO: [ template_filter ] --END-- [ RunTime:0.001000s ]
NOTIC: [8] Use of undefined constant index - assumed 'index' D:\xampp\htdocs\passon\Application\Runtime\Cache\Home\7bc926c62f03552807ce76e368c497a4.php 第 15 行.
NOTIC: [8] Use of undefined constant squre - assumed 'squre' D:\xampp\htdocs\passon\Application\Runtime\Cache\Home\7bc926c62f03552807ce76e368c497a4.php 第 16 行.
NOTIC: [8] Use of undefined constant share - assumed 'share' D:\xampp\htdocs\passon\Application\Runtime\Cache\Home\7bc926c62f03552807ce76e368c497a4.php 第 17 行.
NOTIC: [8] Use of undefined constant search - assumed 'search' D:\xampp\htdocs\passon\Application\Runtime\Cache\Home\7bc926c62f03552807ce76e368c497a4.php 第 20 行.
NOTIC: [8] Use of undefined constant register - assumed 'register' D:\xampp\htdocs\passon\Application\Runtime\Cache\Home\7bc926c62f03552807ce76e368c497a4.php 第 43 行.
NOTIC: [8] Use of undefined constant login - assumed 'login' D:\xampp\htdocs\passon\Application\Runtime\Cache\Home\7bc926c62f03552807ce76e368c497a4.php 第 44 行.
NOTIC: [8] Use of undefined constant person - assumed 'person' D:\xampp\htdocs\passon\Application\Runtime\Cache\Home\7bc926c62f03552807ce76e368c497a4.php 第 47 行.
NOTIC: [8] Use of undefined constant index - assumed 'index' D:\xampp\htdocs\passon\Application\Runtime\Cache\Home\7bc926c62f03552807ce76e368c497a4.php 第 54 行.
NOTIC: [8] Use of undefined constant contribute - assumed 'contribute' D:\xampp\htdocs\passon\Application\Runtime\Cache\Home\7bc926c62f03552807ce76e368c497a4.php 第 68 行.
NOTIC: [8] Use of undefined constant personshare - assumed 'personshare' D:\xampp\htdocs\passon\Application\Runtime\Cache\Home\7bc926c62f03552807ce76e368c497a4.php 第 77 行.
NOTIC: [8] Use of undefined constant mygroup - assumed 'mygroup' D:\xampp\htdocs\passon\Application\Runtime\Cache\Home\7bc926c62f03552807ce76e368c497a4.php 第 79 行.
NOTIC: [8] Undefined variable: book D:\xampp\htdocs\passon\Application\Runtime\Cache\Home\7bc926c62f03552807ce76e368c497a4.php 第 164 行.
NOTIC: [8] Use of undefined constant usmessage1 - assumed 'usmessage1' D:\xampp\htdocs\passon\Application\Runtime\Cache\Home\7bc926c62f03552807ce76e368c497a4.php 第 194 行.
NOTIC: [8] Use of undefined constant usmessage2 - assumed 'usmessage2' D:\xampp\htdocs\passon\Application\Runtime\Cache\Home\7bc926c62f03552807ce76e368c497a4.php 第 200 行.
NOTIC: [8] Use of undefined constant usmessage3 - assumed 'usmessage3' D:\xampp\htdocs\passon\Application\Runtime\Cache\Home\7bc926c62f03552807ce76e368c497a4.php 第 206 行.
NOTIC: [8] Use of undefined constant usemessage - assumed 'usemessage' D:\xampp\htdocs\passon\Application\Runtime\Cache\Home\7bc926c62f03552807ce76e368c497a4.php 第 214 行.
NOTIC: [8] Use of undefined constant myKeeps - assumed 'myKeeps' D:\xampp\htdocs\passon\Application\Runtime\Cache\Home\7bc926c62f03552807ce76e368c497a4.php 第 247 行.
NOTIC: [8] Undefined variable: mybooks D:\xampp\htdocs\passon\Application\Runtime\Cache\Home\7bc926c62f03552807ce76e368c497a4.php 第 253 行.
NOTIC: [8] Undefined variable: page D:\xampp\htdocs\passon\Application\Runtime\Cache\Home\7bc926c62f03552807ce76e368c497a4.php 第 265 行.
NOTIC: [8] Undefined index: bookinfo D:\xampp\htdocs\passon\Application\Runtime\Cache\Home\7bc926c62f03552807ce76e368c497a4.php 第 279 行.
NOTIC: [8] Use of undefined constant bookInfo - assumed 'bookInfo' D:\xampp\htdocs\passon\Application\Runtime\Cache\Home\7bc926c62f03552807ce76e368c497a4.php 第 283 行.
NOTIC: [8] Undefined index: bookinfo D:\xampp\htdocs\passon\Application\Runtime\Cache\Home\7bc926c62f03552807ce76e368c497a4.php 第 293 行.
NOTIC: [8] Use of undefined constant bookInfo - assumed 'bookInfo' D:\xampp\htdocs\passon\Application\Runtime\Cache\Home\7bc926c62f03552807ce76e368c497a4.php 第 297 行.
INFO: Run Behavior\ParseTemplateBehavior [ RunTime:0.081005s ]
INFO: [ view_parse ] --END-- [ RunTime:0.081005s ]
INFO: [ view_filter ] --START--
INFO: Run Behavior\WriteHtmlCacheBehavior [ RunTime:0.000000s ]
INFO: [ view_filter ] --END-- [ RunTime:0.000000s ]
INFO: [ app_end ] --START--
INFO: Run Behavior\ShowPageTraceBehavior [ RunTime:0.001000s ]
INFO: [ app_end ] --END-- [ RunTime:0.001000s ]

[ 2016-04-04T10:37:27+08:00 ] ::1 /passon/index.php/Home/Index/uploadUserPic
INFO: [ app_init ] --START--
INFO: Run Behavior\BuildLiteBehavior [ RunTime:0.000000s ]
INFO: [ app_init ] --END-- [ RunTime:0.001000s ]
INFO: [ app_begin ] --START--
INFO: Run Behavior\ReadHtmlCacheBehavior [ RunTime:0.001000s ]
INFO: [ app_begin ] --END-- [ RunTime:0.001000s ]
NOTIC: [2] call_user_func() expects parameter 1 to be a valid callback, no array or string given D:\xampp\htdocs\passon\ThinkPHP\Library\Think\Upload.class.php 第 152 行.

[ 2016-04-04T10:37:35+08:00 ] ::1 /passon/index.php/Home/Index/uploadUserPic
INFO: [ app_init ] --START--
INFO: Run Behavior\BuildLiteBehavior [ RunTime:0.000000s ]
INFO: [ app_init ] --END-- [ RunTime:0.000000s ]
INFO: [ app_begin ] --START--
INFO: Run Behavior\ReadHtmlCacheBehavior [ RunTime:0.002000s ]
INFO: [ app_begin ] --END-- [ RunTime:0.002000s ]

[ 2016-04-04T10:37:40+08:00 ] ::1 /passon/index.php/Home/Index/uploadUserPic
INFO: [ app_init ] --START--
INFO: Run Behavior\BuildLiteBehavior [ RunTime:0.000000s ]
INFO: [ app_init ] --END-- [ RunTime:0.000000s ]
INFO: [ app_begin ] --START--
INFO: Run Behavior\ReadHtmlCacheBehavior [ RunTime:0.001000s ]
INFO: [ app_begin ] --END-- [ RunTime:0.001000s ]
NOTIC: [2] call_user_func() expects parameter 1 to be a valid callback, no array or string given D:\xampp\htdocs\passon\ThinkPHP\Library\Think\Upload.class.php 第 152 行.

