[ 2016-01-06T10:17:40+08:00 ] ::1 /passon/index.php/Home/Index/bind
INFO: [ app_init ] --START--
INFO: Run Behavior\BuildLiteBehavior [ RunTime:0.000000s ]
INFO: [ app_init ] --END-- [ RunTime:0.049002s ]
INFO: [ app_begin ] --START--
INFO: Run Behavior\ReadHtmlCacheBehavior [ RunTime:0.002000s ]
INFO: [ app_begin ] --END-- [ RunTime:0.002000s ]
INFO: [ view_parse ] --START--
INFO: [ template_filter ] --START--
INFO: Run Behavior\ContentReplaceBehavior [ RunTime:0.031001s ]
INFO: [ template_filter ] --END-- [ RunTime:0.031001s ]
NOTIC: [8] Use of undefined constant login_user - assumed 'login_user' D:\xampp\htdocs\passon\Application\Runtime\Cache\Home\2ace06a7d523fab9be004d440ee36983.php 第 17 行.
NOTIC: [8] Use of undefined constant forget - assumed 'forget' D:\xampp\htdocs\passon\Application\Runtime\Cache\Home\2ace06a7d523fab9be004d440ee36983.php 第 21 行.
NOTIC: [8] Use of undefined constant register - assumed 'register' D:\xampp\htdocs\passon\Application\Runtime\Cache\Home\2ace06a7d523fab9be004d440ee36983.php 第 25 行.
INFO: Run Behavior\ParseTemplateBehavior [ RunTime:0.062004s ]
INFO: [ view_parse ] --END-- [ RunTime:0.062004s ]
INFO: [ view_filter ] --START--
INFO: Run Behavior\WriteHtmlCacheBehavior [ RunTime:0.001000s ]
INFO: [ view_filter ] --END-- [ RunTime:0.001000s ]
INFO: [ app_end ] --START--
INFO: Run Behavior\ShowPageTraceBehavior [ RunTime:0.001000s ]
INFO: [ app_end ] --END-- [ RunTime:0.001000s ]

[ 2016-01-06T10:18:56+08:00 ] ::1 /passon/index.php/Home/Index/bind
INFO: [ app_init ] --START--
INFO: Run Behavior\BuildLiteBehavior [ RunTime:0.000000s ]
INFO: [ app_init ] --END-- [ RunTime:0.001000s ]
INFO: [ app_begin ] --START--
INFO: Run Behavior\ReadHtmlCacheBehavior [ RunTime:0.002000s ]
INFO: [ app_begin ] --END-- [ RunTime:0.002000s ]
INFO: [ view_parse ] --START--
INFO: [ template_filter ] --START--
INFO: Run Behavior\ContentReplaceBehavior [ RunTime:0.001000s ]
INFO: [ template_filter ] --END-- [ RunTime:0.001000s ]
NOTIC: [8] Use of undefined constant login_user - assumed 'login_user' D:\xampp\htdocs\passon\Application\Runtime\Cache\Home\2ace06a7d523fab9be004d440ee36983.php 第 17 行.
NOTIC: [8] Use of undefined constant forget - assumed 'forget' D:\xampp\htdocs\passon\Application\Runtime\Cache\Home\2ace06a7d523fab9be004d440ee36983.php 第 21 行.
NOTIC: [8] Use of undefined constant register - assumed 'register' D:\xampp\htdocs\passon\Application\Runtime\Cache\Home\2ace06a7d523fab9be004d440ee36983.php 第 25 行.
INFO: Run Behavior\ParseTemplateBehavior [ RunTime:0.008001s ]
INFO: [ view_parse ] --END-- [ RunTime:0.008001s ]
INFO: [ view_filter ] --START--
INFO: Run Behavior\WriteHtmlCacheBehavior [ RunTime:0.001000s ]
INFO: [ view_filter ] --END-- [ RunTime:0.001000s ]
INFO: [ app_end ] --START--
INFO: Run Behavior\ShowPageTraceBehavior [ RunTime:0.001000s ]
INFO: [ app_end ] --END-- [ RunTime:0.001000s ]

[ 2016-01-06T10:19:25+08:00 ] ::1 /passon/index.php/Home/Index/bind
INFO: [ app_init ] --START--
INFO: Run Behavior\BuildLiteBehavior [ RunTime:0.000000s ]
INFO: [ app_init ] --END-- [ RunTime:0.001000s ]
INFO: [ app_begin ] --START--
INFO: Run Behavior\ReadHtmlCacheBehavior [ RunTime:0.000000s ]
INFO: [ app_begin ] --END-- [ RunTime:0.000000s ]
INFO: [ view_parse ] --START--
INFO: [ template_filter ] --START--
INFO: Run Behavior\ContentReplaceBehavior [ RunTime:0.000000s ]
INFO: [ template_filter ] --END-- [ RunTime:0.000000s ]
NOTIC: [8] Use of undefined constant login_user - assumed 'login_user' D:\xampp\htdocs\passon\Application\Runtime\Cache\Home\2ace06a7d523fab9be004d440ee36983.php 第 17 行.
NOTIC: [8] Use of undefined constant forget - assumed 'forget' D:\xampp\htdocs\passon\Application\Runtime\Cache\Home\2ace06a7d523fab9be004d440ee36983.php 第 21 行.
NOTIC: [8] Use of undefined constant register - assumed 'register' D:\xampp\htdocs\passon\Application\Runtime\Cache\Home\2ace06a7d523fab9be004d440ee36983.php 第 25 行.
INFO: Run Behavior\ParseTemplateBehavior [ RunTime:0.009001s ]
INFO: [ view_parse ] --END-- [ RunTime:0.009001s ]
INFO: [ view_filter ] --START--
INFO: Run Behavior\WriteHtmlCacheBehavior [ RunTime:0.000000s ]
INFO: [ view_filter ] --END-- [ RunTime:0.000000s ]
INFO: [ app_end ] --START--
INFO: Run Behavior\ShowPageTraceBehavior [ RunTime:0.001000s ]
INFO: [ app_end ] --END-- [ RunTime:0.001000s ]

[ 2016-01-06T10:22:39+08:00 ] ::1 /passon/index.php/Home/Index/bind
INFO: [ app_init ] --START--
INFO: Run Behavior\BuildLiteBehavior [ RunTime:0.000000s ]
INFO: [ app_init ] --END-- [ RunTime:0.000000s ]
INFO: [ app_begin ] --START--
INFO: Run Behavior\ReadHtmlCacheBehavior [ RunTime:0.001000s ]
INFO: [ app_begin ] --END-- [ RunTime:0.001000s ]
INFO: [ view_parse ] --START--
INFO: [ template_filter ] --START--
INFO: Run Behavior\ContentReplaceBehavior [ RunTime:0.000000s ]
INFO: [ template_filter ] --END-- [ RunTime:0.000000s ]
NOTIC: [8] Use of undefined constant login_user - assumed 'login_user' D:\xampp\htdocs\passon\Application\Runtime\Cache\Home\2ace06a7d523fab9be004d440ee36983.php 第 20 行.
NOTIC: [8] Use of undefined constant forget - assumed 'forget' D:\xampp\htdocs\passon\Application\Runtime\Cache\Home\2ace06a7d523fab9be004d440ee36983.php 第 24 行.
NOTIC: [8] Use of undefined constant register - assumed 'register' D:\xampp\htdocs\passon\Application\Runtime\Cache\Home\2ace06a7d523fab9be004d440ee36983.php 第 28 行.
INFO: Run Behavior\ParseTemplateBehavior [ RunTime:0.007001s ]
INFO: [ view_parse ] --END-- [ RunTime:0.007001s ]
INFO: [ view_filter ] --START--
INFO: Run Behavior\WriteHtmlCacheBehavior [ RunTime:0.001000s ]
INFO: [ view_filter ] --END-- [ RunTime:0.001000s ]
INFO: [ app_end ] --START--
INFO: Run Behavior\ShowPageTraceBehavior [ RunTime:0.001000s ]
INFO: [ app_end ] --END-- [ RunTime:0.001000s ]

[ 2016-01-06T10:24:34+08:00 ] ::1 /passon/index.php/Home/Index/bind
INFO: [ app_init ] --START--
INFO: Run Behavior\BuildLiteBehavior [ RunTime:0.000000s ]
INFO: [ app_init ] --END-- [ RunTime:0.001000s ]
INFO: [ app_begin ] --START--
INFO: Run Behavior\ReadHtmlCacheBehavior [ RunTime:0.001000s ]
INFO: [ app_begin ] --END-- [ RunTime:0.001000s ]
INFO: [ view_parse ] --START--
INFO: [ template_filter ] --START--
INFO: Run Behavior\ContentReplaceBehavior [ RunTime:0.000000s ]
INFO: [ template_filter ] --END-- [ RunTime:0.000000s ]
NOTIC: [8] Use of undefined constant login_user - assumed 'login_user' D:\xampp\htdocs\passon\Application\Runtime\Cache\Home\2ace06a7d523fab9be004d440ee36983.php 第 20 行.
NOTIC: [8] Use of undefined constant forget - assumed 'forget' D:\xampp\htdocs\passon\Application\Runtime\Cache\Home\2ace06a7d523fab9be004d440ee36983.php 第 24 行.
NOTIC: [8] Use of undefined constant register - assumed 'register' D:\xampp\htdocs\passon\Application\Runtime\Cache\Home\2ace06a7d523fab9be004d440ee36983.php 第 28 行.
INFO: Run Behavior\ParseTemplateBehavior [ RunTime:0.007001s ]
INFO: [ view_parse ] --END-- [ RunTime:0.007001s ]
INFO: [ view_filter ] --START--
INFO: Run Behavior\WriteHtmlCacheBehavior [ RunTime:0.001000s ]
INFO: [ view_filter ] --END-- [ RunTime:0.001000s ]
INFO: [ app_end ] --START--
INFO: Run Behavior\ShowPageTraceBehavior [ RunTime:0.001000s ]
INFO: [ app_end ] --END-- [ RunTime:0.001000s ]

[ 2016-01-06T10:24:36+08:00 ] ::1 /passon/index.php/Home/Index/bind
INFO: [ app_init ] --START--
INFO: Run Behavior\BuildLiteBehavior [ RunTime:0.000000s ]
INFO: [ app_init ] --END-- [ RunTime:0.001000s ]
INFO: [ app_begin ] --START--
INFO: Run Behavior\ReadHtmlCacheBehavior [ RunTime:0.001000s ]
INFO: [ app_begin ] --END-- [ RunTime:0.001000s ]
INFO: [ view_parse ] --START--
INFO: [ template_filter ] --START--
INFO: Run Behavior\ContentReplaceBehavior [ RunTime:0.000000s ]
INFO: [ template_filter ] --END-- [ RunTime:0.000000s ]
NOTIC: [8] Use of undefined constant login_user - assumed 'login_user' D:\xampp\htdocs\passon\Application\Runtime\Cache\Home\2ace06a7d523fab9be004d440ee36983.php 第 20 行.
NOTIC: [8] Use of undefined constant forget - assumed 'forget' D:\xampp\htdocs\passon\Application\Runtime\Cache\Home\2ace06a7d523fab9be004d440ee36983.php 第 24 行.
NOTIC: [8] Use of undefined constant register - assumed 'register' D:\xampp\htdocs\passon\Application\Runtime\Cache\Home\2ace06a7d523fab9be004d440ee36983.php 第 28 行.
INFO: Run Behavior\ParseTemplateBehavior [ RunTime:0.010001s ]
INFO: [ view_parse ] --END-- [ RunTime:0.010001s ]
INFO: [ view_filter ] --START--
INFO: Run Behavior\WriteHtmlCacheBehavior [ RunTime:0.001000s ]
INFO: [ view_filter ] --END-- [ RunTime:0.001000s ]
INFO: [ app_end ] --START--
INFO: Run Behavior\ShowPageTraceBehavior [ RunTime:0.001000s ]
INFO: [ app_end ] --END-- [ RunTime:0.001000s ]

[ 2016-01-06T10:25:04+08:00 ] ::1 /passon/index.php/Home/Index/bind
INFO: [ app_init ] --START--
INFO: Run Behavior\BuildLiteBehavior [ RunTime:0.000000s ]
INFO: [ app_init ] --END-- [ RunTime:0.001000s ]
INFO: [ app_begin ] --START--
INFO: Run Behavior\ReadHtmlCacheBehavior [ RunTime:0.001000s ]
INFO: [ app_begin ] --END-- [ RunTime:0.001000s ]
INFO: [ view_parse ] --START--
INFO: [ template_filter ] --START--
INFO: Run Behavior\ContentReplaceBehavior [ RunTime:0.000000s ]
INFO: [ template_filter ] --END-- [ RunTime:0.000000s ]
NOTIC: [8] Use of undefined constant login_user - assumed 'login_user' D:\xampp\htdocs\passon\Application\Runtime\Cache\Home\2ace06a7d523fab9be004d440ee36983.php 第 20 行.
NOTIC: [8] Use of undefined constant forget - assumed 'forget' D:\xampp\htdocs\passon\Application\Runtime\Cache\Home\2ace06a7d523fab9be004d440ee36983.php 第 24 行.
NOTIC: [8] Use of undefined constant register - assumed 'register' D:\xampp\htdocs\passon\Application\Runtime\Cache\Home\2ace06a7d523fab9be004d440ee36983.php 第 28 行.
INFO: Run Behavior\ParseTemplateBehavior [ RunTime:0.008000s ]
INFO: [ view_parse ] --END-- [ RunTime:0.009000s ]
INFO: [ view_filter ] --START--
INFO: Run Behavior\WriteHtmlCacheBehavior [ RunTime:0.001001s ]
INFO: [ view_filter ] --END-- [ RunTime:0.001001s ]
INFO: [ app_end ] --START--
INFO: Run Behavior\ShowPageTraceBehavior [ RunTime:0.001000s ]
INFO: [ app_end ] --END-- [ RunTime:0.001000s ]

[ 2016-01-06T10:25:27+08:00 ] ::1 /passon/index.php/Home/Index/bind
INFO: [ app_init ] --START--
INFO: Run Behavior\BuildLiteBehavior [ RunTime:0.000000s ]
INFO: [ app_init ] --END-- [ RunTime:0.001000s ]
INFO: [ app_begin ] --START--
INFO: Run Behavior\ReadHtmlCacheBehavior [ RunTime:0.001000s ]
INFO: [ app_begin ] --END-- [ RunTime:0.001000s ]
INFO: [ view_parse ] --START--
INFO: [ template_filter ] --START--
INFO: Run Behavior\ContentReplaceBehavior [ RunTime:0.001000s ]
INFO: [ template_filter ] --END-- [ RunTime:0.001000s ]
NOTIC: [8] Use of undefined constant login_user - assumed 'login_user' D:\xampp\htdocs\passon\Application\Runtime\Cache\Home\2ace06a7d523fab9be004d440ee36983.php 第 20 行.
NOTIC: [8] Use of undefined constant forget - assumed 'forget' D:\xampp\htdocs\passon\Application\Runtime\Cache\Home\2ace06a7d523fab9be004d440ee36983.php 第 24 行.
NOTIC: [8] Use of undefined constant register - assumed 'register' D:\xampp\htdocs\passon\Application\Runtime\Cache\Home\2ace06a7d523fab9be004d440ee36983.php 第 28 行.
INFO: Run Behavior\ParseTemplateBehavior [ RunTime:0.007000s ]
INFO: [ view_parse ] --END-- [ RunTime:0.008000s ]
INFO: [ view_filter ] --START--
INFO: Run Behavior\WriteHtmlCacheBehavior [ RunTime:0.002000s ]
INFO: [ view_filter ] --END-- [ RunTime:0.002000s ]
INFO: [ app_end ] --START--
INFO: Run Behavior\ShowPageTraceBehavior [ RunTime:0.001000s ]
INFO: [ app_end ] --END-- [ RunTime:0.001000s ]

[ 2016-01-06T10:25:37+08:00 ] ::1 /passon/index.php/Home/Index/bind
INFO: [ app_init ] --START--
INFO: Run Behavior\BuildLiteBehavior [ RunTime:0.000000s ]
INFO: [ app_init ] --END-- [ RunTime:0.000000s ]
INFO: [ app_begin ] --START--
INFO: Run Behavior\ReadHtmlCacheBehavior [ RunTime:0.000000s ]
INFO: [ app_begin ] --END-- [ RunTime:0.001000s ]
INFO: [ view_parse ] --START--
INFO: [ template_filter ] --START--
INFO: Run Behavior\ContentReplaceBehavior [ RunTime:0.000000s ]
INFO: [ template_filter ] --END-- [ RunTime:0.000000s ]
NOTIC: [8] Use of undefined constant login_user - assumed 'login_user' D:\xampp\htdocs\passon\Application\Runtime\Cache\Home\2ace06a7d523fab9be004d440ee36983.php 第 20 行.
NOTIC: [8] Use of undefined constant forget - assumed 'forget' D:\xampp\htdocs\passon\Application\Runtime\Cache\Home\2ace06a7d523fab9be004d440ee36983.php 第 24 行.
NOTIC: [8] Use of undefined constant register - assumed 'register' D:\xampp\htdocs\passon\Application\Runtime\Cache\Home\2ace06a7d523fab9be004d440ee36983.php 第 28 行.
INFO: Run Behavior\ParseTemplateBehavior [ RunTime:0.011001s ]
INFO: [ view_parse ] --END-- [ RunTime:0.011001s ]
INFO: [ view_filter ] --START--
INFO: Run Behavior\WriteHtmlCacheBehavior [ RunTime:0.000000s ]
INFO: [ view_filter ] --END-- [ RunTime:0.000000s ]
INFO: [ app_end ] --START--
INFO: Run Behavior\ShowPageTraceBehavior [ RunTime:0.001000s ]
INFO: [ app_end ] --END-- [ RunTime:0.001000s ]

[ 2016-01-06T10:25:57+08:00 ] ::1 /passon/index.php/Home/Index/bind
INFO: [ app_init ] --START--
INFO: Run Behavior\BuildLiteBehavior [ RunTime:0.000000s ]
INFO: [ app_init ] --END-- [ RunTime:0.000000s ]
INFO: [ app_begin ] --START--
INFO: Run Behavior\ReadHtmlCacheBehavior [ RunTime:0.000000s ]
INFO: [ app_begin ] --END-- [ RunTime:0.000000s ]
INFO: [ view_parse ] --START--
INFO: [ template_filter ] --START--
INFO: Run Behavior\ContentReplaceBehavior [ RunTime:0.000000s ]
INFO: [ template_filter ] --END-- [ RunTime:0.000000s ]
NOTIC: [8] Use of undefined constant login_user - assumed 'login_user' D:\xampp\htdocs\passon\Application\Runtime\Cache\Home\2ace06a7d523fab9be004d440ee36983.php 第 20 行.
NOTIC: [8] Use of undefined constant forget - assumed 'forget' D:\xampp\htdocs\passon\Application\Runtime\Cache\Home\2ace06a7d523fab9be004d440ee36983.php 第 24 行.
NOTIC: [8] Use of undefined constant register - assumed 'register' D:\xampp\htdocs\passon\Application\Runtime\Cache\Home\2ace06a7d523fab9be004d440ee36983.php 第 28 行.
INFO: Run Behavior\ParseTemplateBehavior [ RunTime:0.008000s ]
INFO: [ view_parse ] --END-- [ RunTime:0.008000s ]
INFO: [ view_filter ] --START--
INFO: Run Behavior\WriteHtmlCacheBehavior [ RunTime:0.000000s ]
INFO: [ view_filter ] --END-- [ RunTime:0.000000s ]
INFO: [ app_end ] --START--
INFO: Run Behavior\ShowPageTraceBehavior [ RunTime:0.001000s ]
INFO: [ app_end ] --END-- [ RunTime:0.001000s ]

[ 2016-01-06T10:26:58+08:00 ] ::1 /passon/index.php/Home/Index/bind
INFO: [ app_init ] --START--
INFO: Run Behavior\BuildLiteBehavior [ RunTime:0.000000s ]
INFO: [ app_init ] --END-- [ RunTime:0.001000s ]
INFO: [ app_begin ] --START--
INFO: Run Behavior\ReadHtmlCacheBehavior [ RunTime:0.001000s ]
INFO: [ app_begin ] --END-- [ RunTime:0.001000s ]
INFO: [ view_parse ] --START--
INFO: [ template_filter ] --START--
INFO: Run Behavior\ContentReplaceBehavior [ RunTime:0.000000s ]
INFO: [ template_filter ] --END-- [ RunTime:0.000000s ]
NOTIC: [8] Use of undefined constant login_user - assumed 'login_user' D:\xampp\htdocs\passon\Application\Runtime\Cache\Home\2ace06a7d523fab9be004d440ee36983.php 第 20 行.
NOTIC: [8] Use of undefined constant forget - assumed 'forget' D:\xampp\htdocs\passon\Application\Runtime\Cache\Home\2ace06a7d523fab9be004d440ee36983.php 第 24 行.
NOTIC: [8] Use of undefined constant register - assumed 'register' D:\xampp\htdocs\passon\Application\Runtime\Cache\Home\2ace06a7d523fab9be004d440ee36983.php 第 28 行.
INFO: Run Behavior\ParseTemplateBehavior [ RunTime:0.008000s ]
INFO: [ view_parse ] --END-- [ RunTime:0.008000s ]
INFO: [ view_filter ] --START--
INFO: Run Behavior\WriteHtmlCacheBehavior [ RunTime:0.001000s ]
INFO: [ view_filter ] --END-- [ RunTime:0.001000s ]
INFO: [ app_end ] --START--
INFO: Run Behavior\ShowPageTraceBehavior [ RunTime:0.001000s ]
INFO: [ app_end ] --END-- [ RunTime:0.001000s ]

[ 2016-01-06T10:28:01+08:00 ] ::1 /passon/index.php/Home/Index/bind
INFO: [ app_init ] --START--
INFO: Run Behavior\BuildLiteBehavior [ RunTime:0.000000s ]
INFO: [ app_init ] --END-- [ RunTime:0.000000s ]
INFO: [ app_begin ] --START--
INFO: Run Behavior\ReadHtmlCacheBehavior [ RunTime:0.001000s ]
INFO: [ app_begin ] --END-- [ RunTime:0.001000s ]
INFO: [ view_parse ] --START--
INFO: [ template_filter ] --START--
INFO: Run Behavior\ContentReplaceBehavior [ RunTime:0.000000s ]
INFO: [ template_filter ] --END-- [ RunTime:0.000000s ]
NOTIC: [8] Use of undefined constant login_user - assumed 'login_user' D:\xampp\htdocs\passon\Application\Runtime\Cache\Home\2ace06a7d523fab9be004d440ee36983.php 第 23 行.
NOTIC: [8] Use of undefined constant forget - assumed 'forget' D:\xampp\htdocs\passon\Application\Runtime\Cache\Home\2ace06a7d523fab9be004d440ee36983.php 第 27 行.
NOTIC: [8] Use of undefined constant register - assumed 'register' D:\xampp\htdocs\passon\Application\Runtime\Cache\Home\2ace06a7d523fab9be004d440ee36983.php 第 31 行.
INFO: Run Behavior\ParseTemplateBehavior [ RunTime:0.010001s ]
INFO: [ view_parse ] --END-- [ RunTime:0.010001s ]
INFO: [ view_filter ] --START--
INFO: Run Behavior\WriteHtmlCacheBehavior [ RunTime:0.001000s ]
INFO: [ view_filter ] --END-- [ RunTime:0.001000s ]
INFO: [ app_end ] --START--
INFO: Run Behavior\ShowPageTraceBehavior [ RunTime:0.001000s ]
INFO: [ app_end ] --END-- [ RunTime:0.001000s ]

[ 2016-01-06T10:28:53+08:00 ] ::1 /passon/index.php/Home/Index/bind
INFO: [ app_init ] --START--
INFO: Run Behavior\BuildLiteBehavior [ RunTime:0.000000s ]
INFO: [ app_init ] --END-- [ RunTime:0.001000s ]
INFO: [ app_begin ] --START--
INFO: Run Behavior\ReadHtmlCacheBehavior [ RunTime:0.001000s ]
INFO: [ app_begin ] --END-- [ RunTime:0.001000s ]
INFO: [ view_parse ] --START--
INFO: [ template_filter ] --START--
INFO: Run Behavior\ContentReplaceBehavior [ RunTime:0.000000s ]
INFO: [ template_filter ] --END-- [ RunTime:0.000000s ]
NOTIC: [8] Use of undefined constant login_user - assumed 'login_user' D:\xampp\htdocs\passon\Application\Runtime\Cache\Home\2ace06a7d523fab9be004d440ee36983.php 第 23 行.
NOTIC: [8] Use of undefined constant forget - assumed 'forget' D:\xampp\htdocs\passon\Application\Runtime\Cache\Home\2ace06a7d523fab9be004d440ee36983.php 第 27 行.
NOTIC: [8] Use of undefined constant register - assumed 'register' D:\xampp\htdocs\passon\Application\Runtime\Cache\Home\2ace06a7d523fab9be004d440ee36983.php 第 31 行.
INFO: Run Behavior\ParseTemplateBehavior [ RunTime:0.008001s ]
INFO: [ view_parse ] --END-- [ RunTime:0.008001s ]
INFO: [ view_filter ] --START--
INFO: Run Behavior\WriteHtmlCacheBehavior [ RunTime:0.001000s ]
INFO: [ view_filter ] --END-- [ RunTime:0.001000s ]
INFO: [ app_end ] --START--
INFO: Run Behavior\ShowPageTraceBehavior [ RunTime:0.002000s ]
INFO: [ app_end ] --END-- [ RunTime:0.002000s ]

[ 2016-01-06T10:29:37+08:00 ] ::1 /passon/index.php/Home/Index/bind
INFO: [ app_init ] --START--
INFO: Run Behavior\BuildLiteBehavior [ RunTime:0.001000s ]
INFO: [ app_init ] --END-- [ RunTime:0.001000s ]
INFO: [ app_begin ] --START--
INFO: Run Behavior\ReadHtmlCacheBehavior [ RunTime:0.000000s ]
INFO: [ app_begin ] --END-- [ RunTime:0.001000s ]
INFO: [ view_parse ] --START--
INFO: [ template_filter ] --START--
INFO: Run Behavior\ContentReplaceBehavior [ RunTime:0.001000s ]
INFO: [ template_filter ] --END-- [ RunTime:0.001000s ]
NOTIC: [8] Use of undefined constant login_user - assumed 'login_user' D:\xampp\htdocs\passon\Application\Runtime\Cache\Home\2ace06a7d523fab9be004d440ee36983.php 第 23 行.
NOTIC: [8] Use of undefined constant forget - assumed 'forget' D:\xampp\htdocs\passon\Application\Runtime\Cache\Home\2ace06a7d523fab9be004d440ee36983.php 第 27 行.
NOTIC: [8] Use of undefined constant register - assumed 'register' D:\xampp\htdocs\passon\Application\Runtime\Cache\Home\2ace06a7d523fab9be004d440ee36983.php 第 31 行.
INFO: Run Behavior\ParseTemplateBehavior [ RunTime:0.006000s ]
INFO: [ view_parse ] --END-- [ RunTime:0.006000s ]
INFO: [ view_filter ] --START--
INFO: Run Behavior\WriteHtmlCacheBehavior [ RunTime:0.000000s ]
INFO: [ view_filter ] --END-- [ RunTime:0.000000s ]
INFO: [ app_end ] --START--
INFO: Run Behavior\ShowPageTraceBehavior [ RunTime:0.001000s ]
INFO: [ app_end ] --END-- [ RunTime:0.001000s ]

[ 2016-01-06T10:29:50+08:00 ] ::1 /passon/index.php/Home/Index/bind
INFO: [ app_init ] --START--
INFO: Run Behavior\BuildLiteBehavior [ RunTime:0.000000s ]
INFO: [ app_init ] --END-- [ RunTime:0.003000s ]
INFO: [ app_begin ] --START--
INFO: Run Behavior\ReadHtmlCacheBehavior [ RunTime:0.001000s ]
INFO: [ app_begin ] --END-- [ RunTime:0.001000s ]
INFO: [ view_parse ] --START--
INFO: [ template_filter ] --START--
INFO: Run Behavior\ContentReplaceBehavior [ RunTime:0.000000s ]
INFO: [ template_filter ] --END-- [ RunTime:0.001000s ]
NOTIC: [8] Use of undefined constant login_user - assumed 'login_user' D:\xampp\htdocs\passon\Application\Runtime\Cache\Home\2ace06a7d523fab9be004d440ee36983.php 第 23 行.
NOTIC: [8] Use of undefined constant forget - assumed 'forget' D:\xampp\htdocs\passon\Application\Runtime\Cache\Home\2ace06a7d523fab9be004d440ee36983.php 第 27 行.
NOTIC: [8] Use of undefined constant register - assumed 'register' D:\xampp\htdocs\passon\Application\Runtime\Cache\Home\2ace06a7d523fab9be004d440ee36983.php 第 31 行.
INFO: Run Behavior\ParseTemplateBehavior [ RunTime:0.007001s ]
INFO: [ view_parse ] --END-- [ RunTime:0.007001s ]
INFO: [ view_filter ] --START--
INFO: Run Behavior\WriteHtmlCacheBehavior [ RunTime:0.001000s ]
INFO: [ view_filter ] --END-- [ RunTime:0.001000s ]
INFO: [ app_end ] --START--
INFO: Run Behavior\ShowPageTraceBehavior [ RunTime:0.001000s ]
INFO: [ app_end ] --END-- [ RunTime:0.001000s ]

[ 2016-01-06T10:30:08+08:00 ] ::1 /passon/index.php/Home/Index/bind
INFO: [ app_init ] --START--
INFO: Run Behavior\BuildLiteBehavior [ RunTime:0.000000s ]
INFO: [ app_init ] --END-- [ RunTime:0.002000s ]
INFO: [ app_begin ] --START--
INFO: Run Behavior\ReadHtmlCacheBehavior [ RunTime:0.001000s ]
INFO: [ app_begin ] --END-- [ RunTime:0.001000s ]
INFO: [ view_parse ] --START--
INFO: [ template_filter ] --START--
INFO: Run Behavior\ContentReplaceBehavior [ RunTime:0.000000s ]
INFO: [ template_filter ] --END-- [ RunTime:0.000000s ]
NOTIC: [8] Use of undefined constant login_user - assumed 'login_user' D:\xampp\htdocs\passon\Application\Runtime\Cache\Home\2ace06a7d523fab9be004d440ee36983.php 第 23 行.
NOTIC: [8] Use of undefined constant forget - assumed 'forget' D:\xampp\htdocs\passon\Application\Runtime\Cache\Home\2ace06a7d523fab9be004d440ee36983.php 第 27 行.
NOTIC: [8] Use of undefined constant register - assumed 'register' D:\xampp\htdocs\passon\Application\Runtime\Cache\Home\2ace06a7d523fab9be004d440ee36983.php 第 31 行.
INFO: Run Behavior\ParseTemplateBehavior [ RunTime:0.008000s ]
INFO: [ view_parse ] --END-- [ RunTime:0.008000s ]
INFO: [ view_filter ] --START--
INFO: Run Behavior\WriteHtmlCacheBehavior [ RunTime:0.001000s ]
INFO: [ view_filter ] --END-- [ RunTime:0.001000s ]
INFO: [ app_end ] --START--
INFO: Run Behavior\ShowPageTraceBehavior [ RunTime:0.001000s ]
INFO: [ app_end ] --END-- [ RunTime:0.001000s ]

[ 2016-01-06T10:44:37+08:00 ] ::1 /passon/index.php/Home/Index/bind
INFO: [ app_init ] --START--
INFO: Run Behavior\BuildLiteBehavior [ RunTime:0.000000s ]
INFO: [ app_init ] --END-- [ RunTime:0.002000s ]
INFO: [ app_begin ] --START--
INFO: Run Behavior\ReadHtmlCacheBehavior [ RunTime:0.001000s ]
INFO: [ app_begin ] --END-- [ RunTime:0.001000s ]
INFO: [ view_parse ] --START--
INFO: [ template_filter ] --START--
INFO: Run Behavior\ContentReplaceBehavior [ RunTime:0.000000s ]
INFO: [ template_filter ] --END-- [ RunTime:0.000000s ]
NOTIC: [8] Use of undefined constant login_user - assumed 'login_user' D:\xampp\htdocs\passon\Application\Runtime\Cache\Home\2ace06a7d523fab9be004d440ee36983.php 第 31 行.
NOTIC: [8] Use of undefined constant forget - assumed 'forget' D:\xampp\htdocs\passon\Application\Runtime\Cache\Home\2ace06a7d523fab9be004d440ee36983.php 第 35 行.
NOTIC: [8] Use of undefined constant register - assumed 'register' D:\xampp\htdocs\passon\Application\Runtime\Cache\Home\2ace06a7d523fab9be004d440ee36983.php 第 39 行.
INFO: Run Behavior\ParseTemplateBehavior [ RunTime:0.014001s ]
INFO: [ view_parse ] --END-- [ RunTime:0.014001s ]
INFO: [ view_filter ] --START--
INFO: Run Behavior\WriteHtmlCacheBehavior [ RunTime:0.001000s ]
INFO: [ view_filter ] --END-- [ RunTime:0.001000s ]
INFO: [ app_end ] --START--
INFO: Run Behavior\ShowPageTraceBehavior [ RunTime:0.001000s ]
INFO: [ app_end ] --END-- [ RunTime:0.003000s ]

[ 2016-01-06T10:45:46+08:00 ] ::1 /passon/index.php/Home/Index/bind
INFO: [ app_init ] --START--
INFO: Run Behavior\BuildLiteBehavior [ RunTime:0.000000s ]
INFO: [ app_init ] --END-- [ RunTime:0.001000s ]
INFO: [ app_begin ] --START--
INFO: Run Behavior\ReadHtmlCacheBehavior [ RunTime:0.001001s ]
INFO: [ app_begin ] --END-- [ RunTime:0.001001s ]
INFO: [ view_parse ] --START--
INFO: [ template_filter ] --START--
INFO: Run Behavior\ContentReplaceBehavior [ RunTime:0.000000s ]
INFO: [ template_filter ] --END-- [ RunTime:0.000000s ]
NOTIC: [8] Use of undefined constant login_user - assumed 'login_user' D:\xampp\htdocs\passon\Application\Runtime\Cache\Home\2ace06a7d523fab9be004d440ee36983.php 第 31 行.
NOTIC: [8] Use of undefined constant forget - assumed 'forget' D:\xampp\htdocs\passon\Application\Runtime\Cache\Home\2ace06a7d523fab9be004d440ee36983.php 第 35 行.
NOTIC: [8] Use of undefined constant register - assumed 'register' D:\xampp\htdocs\passon\Application\Runtime\Cache\Home\2ace06a7d523fab9be004d440ee36983.php 第 39 行.
INFO: Run Behavior\ParseTemplateBehavior [ RunTime:0.009000s ]
INFO: [ view_parse ] --END-- [ RunTime:0.009000s ]
INFO: [ view_filter ] --START--
INFO: Run Behavior\WriteHtmlCacheBehavior [ RunTime:0.000000s ]
INFO: [ view_filter ] --END-- [ RunTime:0.000000s ]
INFO: [ app_end ] --START--
INFO: Run Behavior\ShowPageTraceBehavior [ RunTime:0.001001s ]
INFO: [ app_end ] --END-- [ RunTime:0.001001s ]

[ 2016-01-06T10:48:02+08:00 ] ::1 /passon/index.php/Home/Index/bind
INFO: [ app_init ] --START--
INFO: Run Behavior\BuildLiteBehavior [ RunTime:0.000000s ]
INFO: [ app_init ] --END-- [ RunTime:0.000000s ]
INFO: [ app_begin ] --START--
INFO: Run Behavior\ReadHtmlCacheBehavior [ RunTime:0.001000s ]
INFO: [ app_begin ] --END-- [ RunTime:0.001000s ]
INFO: [ view_parse ] --START--
INFO: [ template_filter ] --START--
INFO: Run Behavior\ContentReplaceBehavior [ RunTime:0.000000s ]
INFO: [ template_filter ] --END-- [ RunTime:0.000000s ]
NOTIC: [8] Use of undefined constant login_user - assumed 'login_user' D:\xampp\htdocs\passon\Application\Runtime\Cache\Home\2ace06a7d523fab9be004d440ee36983.php 第 31 行.
NOTIC: [8] Use of undefined constant forget - assumed 'forget' D:\xampp\htdocs\passon\Application\Runtime\Cache\Home\2ace06a7d523fab9be004d440ee36983.php 第 35 行.
NOTIC: [8] Use of undefined constant register - assumed 'register' D:\xampp\htdocs\passon\Application\Runtime\Cache\Home\2ace06a7d523fab9be004d440ee36983.php 第 39 行.
INFO: Run Behavior\ParseTemplateBehavior [ RunTime:0.008000s ]
INFO: [ view_parse ] --END-- [ RunTime:0.008000s ]
INFO: [ view_filter ] --START--
INFO: Run Behavior\WriteHtmlCacheBehavior [ RunTime:0.000000s ]
INFO: [ view_filter ] --END-- [ RunTime:0.000000s ]
INFO: [ app_end ] --START--
INFO: Run Behavior\ShowPageTraceBehavior [ RunTime:0.000000s ]
INFO: [ app_end ] --END-- [ RunTime:0.000000s ]

[ 2016-01-06T10:48:32+08:00 ] ::1 /passon/index.php/Home/Index/bind
INFO: [ app_init ] --START--
INFO: Run Behavior\BuildLiteBehavior [ RunTime:0.000000s ]
INFO: [ app_init ] --END-- [ RunTime:0.001000s ]
INFO: [ app_begin ] --START--
INFO: Run Behavior\ReadHtmlCacheBehavior [ RunTime:0.002000s ]
INFO: [ app_begin ] --END-- [ RunTime:0.002000s ]
INFO: [ view_parse ] --START--
INFO: [ template_filter ] --START--
INFO: Run Behavior\ContentReplaceBehavior [ RunTime:0.000000s ]
INFO: [ template_filter ] --END-- [ RunTime:0.000000s ]
NOTIC: [8] Use of undefined constant login_user - assumed 'login_user' D:\xampp\htdocs\passon\Application\Runtime\Cache\Home\2ace06a7d523fab9be004d440ee36983.php 第 31 行.
NOTIC: [8] Use of undefined constant forget - assumed 'forget' D:\xampp\htdocs\passon\Application\Runtime\Cache\Home\2ace06a7d523fab9be004d440ee36983.php 第 35 行.
NOTIC: [8] Use of undefined constant register - assumed 'register' D:\xampp\htdocs\passon\Application\Runtime\Cache\Home\2ace06a7d523fab9be004d440ee36983.php 第 39 行.
INFO: Run Behavior\ParseTemplateBehavior [ RunTime:0.007000s ]
INFO: [ view_parse ] --END-- [ RunTime:0.007000s ]
INFO: [ view_filter ] --START--
INFO: Run Behavior\WriteHtmlCacheBehavior [ RunTime:0.001000s ]
INFO: [ view_filter ] --END-- [ RunTime:0.001000s ]
INFO: [ app_end ] --START--
INFO: Run Behavior\ShowPageTraceBehavior [ RunTime:0.001000s ]
INFO: [ app_end ] --END-- [ RunTime:0.001000s ]

[ 2016-01-06T10:48:50+08:00 ] ::1 /passon/index.php/Home/Index/bind
INFO: [ app_init ] --START--
INFO: Run Behavior\BuildLiteBehavior [ RunTime:0.000000s ]
INFO: [ app_init ] --END-- [ RunTime:0.000000s ]
INFO: [ app_begin ] --START--
INFO: Run Behavior\ReadHtmlCacheBehavior [ RunTime:0.001000s ]
INFO: [ app_begin ] --END-- [ RunTime:0.001000s ]
INFO: [ view_parse ] --START--
INFO: [ template_filter ] --START--
INFO: Run Behavior\ContentReplaceBehavior [ RunTime:0.000000s ]
INFO: [ template_filter ] --END-- [ RunTime:0.000000s ]
NOTIC: [8] Use of undefined constant login_user - assumed 'login_user' D:\xampp\htdocs\passon\Application\Runtime\Cache\Home\2ace06a7d523fab9be004d440ee36983.php 第 31 行.
NOTIC: [8] Use of undefined constant forget - assumed 'forget' D:\xampp\htdocs\passon\Application\Runtime\Cache\Home\2ace06a7d523fab9be004d440ee36983.php 第 35 行.
NOTIC: [8] Use of undefined constant register - assumed 'register' D:\xampp\htdocs\passon\Application\Runtime\Cache\Home\2ace06a7d523fab9be004d440ee36983.php 第 39 行.
INFO: Run Behavior\ParseTemplateBehavior [ RunTime:0.010001s ]
INFO: [ view_parse ] --END-- [ RunTime:0.010001s ]
INFO: [ view_filter ] --START--
INFO: Run Behavior\WriteHtmlCacheBehavior [ RunTime:0.001000s ]
INFO: [ view_filter ] --END-- [ RunTime:0.001000s ]
INFO: [ app_end ] --START--
INFO: Run Behavior\ShowPageTraceBehavior [ RunTime:0.001000s ]
INFO: [ app_end ] --END-- [ RunTime:0.001000s ]

[ 2016-01-06T10:49:52+08:00 ] ::1 /passon/index.php/Home/Index/bind
INFO: [ app_init ] --START--
INFO: Run Behavior\BuildLiteBehavior [ RunTime:0.000000s ]
INFO: [ app_init ] --END-- [ RunTime:0.001000s ]
INFO: [ app_begin ] --START--
INFO: Run Behavior\ReadHtmlCacheBehavior [ RunTime:0.001000s ]
INFO: [ app_begin ] --END-- [ RunTime:0.001000s ]
INFO: [ view_parse ] --START--
INFO: [ template_filter ] --START--
INFO: Run Behavior\ContentReplaceBehavior [ RunTime:0.000000s ]
INFO: [ template_filter ] --END-- [ RunTime:0.000000s ]
NOTIC: [8] Use of undefined constant login_user - assumed 'login_user' D:\xampp\htdocs\passon\Application\Runtime\Cache\Home\2ace06a7d523fab9be004d440ee36983.php 第 31 行.
NOTIC: [8] Use of undefined constant forget - assumed 'forget' D:\xampp\htdocs\passon\Application\Runtime\Cache\Home\2ace06a7d523fab9be004d440ee36983.php 第 35 行.
NOTIC: [8] Use of undefined constant register - assumed 'register' D:\xampp\htdocs\passon\Application\Runtime\Cache\Home\2ace06a7d523fab9be004d440ee36983.php 第 39 行.
INFO: Run Behavior\ParseTemplateBehavior [ RunTime:0.010000s ]
INFO: [ view_parse ] --END-- [ RunTime:0.010000s ]
INFO: [ view_filter ] --START--
INFO: Run Behavior\WriteHtmlCacheBehavior [ RunTime:0.001000s ]
INFO: [ view_filter ] --END-- [ RunTime:0.001000s ]
INFO: [ app_end ] --START--
INFO: Run Behavior\ShowPageTraceBehavior [ RunTime:0.004001s ]
INFO: [ app_end ] --END-- [ RunTime:0.004001s ]

[ 2016-01-06T10:50:26+08:00 ] ::1 /passon/index.php/Home/Index/bind
INFO: [ app_init ] --START--
INFO: Run Behavior\BuildLiteBehavior [ RunTime:0.000000s ]
INFO: [ app_init ] --END-- [ RunTime:0.000000s ]
INFO: [ app_begin ] --START--
INFO: Run Behavior\ReadHtmlCacheBehavior [ RunTime:0.002001s ]
INFO: [ app_begin ] --END-- [ RunTime:0.002001s ]
INFO: [ view_parse ] --START--
INFO: [ template_filter ] --START--
INFO: Run Behavior\ContentReplaceBehavior [ RunTime:0.000000s ]
INFO: [ template_filter ] --END-- [ RunTime:0.000000s ]
NOTIC: [8] Use of undefined constant login_user - assumed 'login_user' D:\xampp\htdocs\passon\Application\Runtime\Cache\Home\2ace06a7d523fab9be004d440ee36983.php 第 31 行.
NOTIC: [8] Use of undefined constant forget - assumed 'forget' D:\xampp\htdocs\passon\Application\Runtime\Cache\Home\2ace06a7d523fab9be004d440ee36983.php 第 35 行.
NOTIC: [8] Use of undefined constant register - assumed 'register' D:\xampp\htdocs\passon\Application\Runtime\Cache\Home\2ace06a7d523fab9be004d440ee36983.php 第 39 行.
INFO: Run Behavior\ParseTemplateBehavior [ RunTime:0.007000s ]
INFO: [ view_parse ] --END-- [ RunTime:0.007000s ]
INFO: [ view_filter ] --START--
INFO: Run Behavior\WriteHtmlCacheBehavior [ RunTime:0.000000s ]
INFO: [ view_filter ] --END-- [ RunTime:0.000000s ]
INFO: [ app_end ] --START--
INFO: Run Behavior\ShowPageTraceBehavior [ RunTime:0.001001s ]
INFO: [ app_end ] --END-- [ RunTime:0.001001s ]

[ 2016-01-06T10:50:43+08:00 ] ::1 /passon/index.php/Home/Index/bind
INFO: [ app_init ] --START--
INFO: Run Behavior\BuildLiteBehavior [ RunTime:0.000000s ]
INFO: [ app_init ] --END-- [ RunTime:0.000000s ]
INFO: [ app_begin ] --START--
INFO: Run Behavior\ReadHtmlCacheBehavior [ RunTime:0.000000s ]
INFO: [ app_begin ] --END-- [ RunTime:0.000000s ]
INFO: [ view_parse ] --START--
INFO: [ template_filter ] --START--
INFO: Run Behavior\ContentReplaceBehavior [ RunTime:0.000000s ]
INFO: [ template_filter ] --END-- [ RunTime:0.000000s ]
NOTIC: [8] Use of undefined constant login_user - assumed 'login_user' D:\xampp\htdocs\passon\Application\Runtime\Cache\Home\2ace06a7d523fab9be004d440ee36983.php 第 31 行.
NOTIC: [8] Use of undefined constant forget - assumed 'forget' D:\xampp\htdocs\passon\Application\Runtime\Cache\Home\2ace06a7d523fab9be004d440ee36983.php 第 35 行.
NOTIC: [8] Use of undefined constant register - assumed 'register' D:\xampp\htdocs\passon\Application\Runtime\Cache\Home\2ace06a7d523fab9be004d440ee36983.php 第 39 行.
INFO: Run Behavior\ParseTemplateBehavior [ RunTime:0.007000s ]
INFO: [ view_parse ] --END-- [ RunTime:0.007000s ]
INFO: [ view_filter ] --START--
INFO: Run Behavior\WriteHtmlCacheBehavior [ RunTime:0.001001s ]
INFO: [ view_filter ] --END-- [ RunTime:0.001001s ]
INFO: [ app_end ] --START--
INFO: Run Behavior\ShowPageTraceBehavior [ RunTime:0.000000s ]
INFO: [ app_end ] --END-- [ RunTime:0.000000s ]

[ 2016-01-06T10:51:27+08:00 ] ::1 /passon/index.php/Home/Index/bind
INFO: [ app_init ] --START--
INFO: Run Behavior\BuildLiteBehavior [ RunTime:0.000000s ]
INFO: [ app_init ] --END-- [ RunTime:0.001000s ]
INFO: [ app_begin ] --START--
INFO: Run Behavior\ReadHtmlCacheBehavior [ RunTime:0.001000s ]
INFO: [ app_begin ] --END-- [ RunTime:0.001000s ]
INFO: [ view_parse ] --START--
INFO: [ template_filter ] --START--
INFO: Run Behavior\ContentReplaceBehavior [ RunTime:0.001000s ]
INFO: [ template_filter ] --END-- [ RunTime:0.001000s ]
NOTIC: [8] Use of undefined constant login_user - assumed 'login_user' D:\xampp\htdocs\passon\Application\Runtime\Cache\Home\2ace06a7d523fab9be004d440ee36983.php 第 31 行.
NOTIC: [8] Use of undefined constant forget - assumed 'forget' D:\xampp\htdocs\passon\Application\Runtime\Cache\Home\2ace06a7d523fab9be004d440ee36983.php 第 35 行.
NOTIC: [8] Use of undefined constant register - assumed 'register' D:\xampp\htdocs\passon\Application\Runtime\Cache\Home\2ace06a7d523fab9be004d440ee36983.php 第 39 行.
INFO: Run Behavior\ParseTemplateBehavior [ RunTime:0.008001s ]
INFO: [ view_parse ] --END-- [ RunTime:0.008001s ]
INFO: [ view_filter ] --START--
INFO: Run Behavior\WriteHtmlCacheBehavior [ RunTime:0.001000s ]
INFO: [ view_filter ] --END-- [ RunTime:0.001000s ]
INFO: [ app_end ] --START--
INFO: Run Behavior\ShowPageTraceBehavior [ RunTime:0.001000s ]
INFO: [ app_end ] --END-- [ RunTime:0.001000s ]

[ 2016-01-06T10:52:50+08:00 ] ::1 /passon/index.php/Home/Index/bind
INFO: [ app_init ] --START--
INFO: Run Behavior\BuildLiteBehavior [ RunTime:0.000000s ]
INFO: [ app_init ] --END-- [ RunTime:0.000000s ]
INFO: [ app_begin ] --START--
INFO: Run Behavior\ReadHtmlCacheBehavior [ RunTime:0.001000s ]
INFO: [ app_begin ] --END-- [ RunTime:0.001000s ]
INFO: [ view_parse ] --START--
INFO: [ template_filter ] --START--
INFO: Run Behavior\ContentReplaceBehavior [ RunTime:0.000000s ]
INFO: [ template_filter ] --END-- [ RunTime:0.000000s ]
NOTIC: [8] Use of undefined constant login_user - assumed 'login_user' D:\xampp\htdocs\passon\Application\Runtime\Cache\Home\2ace06a7d523fab9be004d440ee36983.php 第 31 行.
NOTIC: [8] Use of undefined constant forget - assumed 'forget' D:\xampp\htdocs\passon\Application\Runtime\Cache\Home\2ace06a7d523fab9be004d440ee36983.php 第 35 行.
NOTIC: [8] Use of undefined constant register - assumed 'register' D:\xampp\htdocs\passon\Application\Runtime\Cache\Home\2ace06a7d523fab9be004d440ee36983.php 第 39 行.
INFO: Run Behavior\ParseTemplateBehavior [ RunTime:0.010001s ]
INFO: [ view_parse ] --END-- [ RunTime:0.010001s ]
INFO: [ view_filter ] --START--
INFO: Run Behavior\WriteHtmlCacheBehavior [ RunTime:0.001000s ]
INFO: [ view_filter ] --END-- [ RunTime:0.001000s ]
INFO: [ app_end ] --START--
INFO: Run Behavior\ShowPageTraceBehavior [ RunTime:0.001000s ]
INFO: [ app_end ] --END-- [ RunTime:0.001000s ]

[ 2016-01-06T10:53:39+08:00 ] ::1 /passon/index.php/Home/Index/bind
INFO: [ app_init ] --START--
INFO: Run Behavior\BuildLiteBehavior [ RunTime:0.000000s ]
INFO: [ app_init ] --END-- [ RunTime:0.000000s ]
INFO: [ app_begin ] --START--
INFO: Run Behavior\ReadHtmlCacheBehavior [ RunTime:0.001000s ]
INFO: [ app_begin ] --END-- [ RunTime:0.001000s ]
INFO: [ view_parse ] --START--
INFO: [ template_filter ] --START--
INFO: Run Behavior\ContentReplaceBehavior [ RunTime:0.000000s ]
INFO: [ template_filter ] --END-- [ RunTime:0.000000s ]
NOTIC: [8] Use of undefined constant login_user - assumed 'login_user' D:\xampp\htdocs\passon\Application\Runtime\Cache\Home\2ace06a7d523fab9be004d440ee36983.php 第 31 行.
NOTIC: [8] Use of undefined constant forget - assumed 'forget' D:\xampp\htdocs\passon\Application\Runtime\Cache\Home\2ace06a7d523fab9be004d440ee36983.php 第 35 行.
NOTIC: [8] Use of undefined constant register - assumed 'register' D:\xampp\htdocs\passon\Application\Runtime\Cache\Home\2ace06a7d523fab9be004d440ee36983.php 第 39 行.
INFO: Run Behavior\ParseTemplateBehavior [ RunTime:0.009001s ]
INFO: [ view_parse ] --END-- [ RunTime:0.009001s ]
INFO: [ view_filter ] --START--
INFO: Run Behavior\WriteHtmlCacheBehavior [ RunTime:0.000000s ]
INFO: [ view_filter ] --END-- [ RunTime:0.001000s ]
INFO: [ app_end ] --START--
INFO: Run Behavior\ShowPageTraceBehavior [ RunTime:0.001000s ]
INFO: [ app_end ] --END-- [ RunTime:0.001000s ]

[ 2016-01-06T10:53:56+08:00 ] ::1 /passon/index.php/Home/Index/bind
INFO: [ app_init ] --START--
INFO: Run Behavior\BuildLiteBehavior [ RunTime:0.000000s ]
INFO: [ app_init ] --END-- [ RunTime:0.001000s ]
INFO: [ app_begin ] --START--
INFO: Run Behavior\ReadHtmlCacheBehavior [ RunTime:0.001000s ]
INFO: [ app_begin ] --END-- [ RunTime:0.001000s ]
INFO: [ view_parse ] --START--
INFO: [ template_filter ] --START--
INFO: Run Behavior\ContentReplaceBehavior [ RunTime:0.000000s ]
INFO: [ template_filter ] --END-- [ RunTime:0.000000s ]
NOTIC: [8] Use of undefined constant login_user - assumed 'login_user' D:\xampp\htdocs\passon\Application\Runtime\Cache\Home\2ace06a7d523fab9be004d440ee36983.php 第 31 行.
NOTIC: [8] Use of undefined constant forget - assumed 'forget' D:\xampp\htdocs\passon\Application\Runtime\Cache\Home\2ace06a7d523fab9be004d440ee36983.php 第 35 行.
NOTIC: [8] Use of undefined constant register - assumed 'register' D:\xampp\htdocs\passon\Application\Runtime\Cache\Home\2ace06a7d523fab9be004d440ee36983.php 第 39 行.
INFO: Run Behavior\ParseTemplateBehavior [ RunTime:0.018001s ]
INFO: [ view_parse ] --END-- [ RunTime:0.018001s ]
INFO: [ view_filter ] --START--
INFO: Run Behavior\WriteHtmlCacheBehavior [ RunTime:0.000000s ]
INFO: [ view_filter ] --END-- [ RunTime:0.001000s ]
INFO: [ app_end ] --START--
INFO: Run Behavior\ShowPageTraceBehavior [ RunTime:0.000000s ]
INFO: [ app_end ] --END-- [ RunTime:0.000000s ]

[ 2016-01-06T10:54:22+08:00 ] ::1 /passon/index.php/Home/Index/bind
INFO: [ app_init ] --START--
INFO: Run Behavior\BuildLiteBehavior [ RunTime:0.000000s ]
INFO: [ app_init ] --END-- [ RunTime:0.002000s ]
INFO: [ app_begin ] --START--
INFO: Run Behavior\ReadHtmlCacheBehavior [ RunTime:0.001000s ]
INFO: [ app_begin ] --END-- [ RunTime:0.001000s ]
INFO: [ view_parse ] --START--
INFO: [ template_filter ] --START--
INFO: Run Behavior\ContentReplaceBehavior [ RunTime:0.000000s ]
INFO: [ template_filter ] --END-- [ RunTime:0.000000s ]
NOTIC: [8] Use of undefined constant login_user - assumed 'login_user' D:\xampp\htdocs\passon\Application\Runtime\Cache\Home\2ace06a7d523fab9be004d440ee36983.php 第 31 行.
NOTIC: [8] Use of undefined constant forget - assumed 'forget' D:\xampp\htdocs\passon\Application\Runtime\Cache\Home\2ace06a7d523fab9be004d440ee36983.php 第 35 行.
NOTIC: [8] Use of undefined constant register - assumed 'register' D:\xampp\htdocs\passon\Application\Runtime\Cache\Home\2ace06a7d523fab9be004d440ee36983.php 第 39 行.
INFO: Run Behavior\ParseTemplateBehavior [ RunTime:0.008000s ]
INFO: [ view_parse ] --END-- [ RunTime:0.008000s ]
INFO: [ view_filter ] --START--
INFO: Run Behavior\WriteHtmlCacheBehavior [ RunTime:0.000000s ]
INFO: [ view_filter ] --END-- [ RunTime:0.001000s ]
INFO: [ app_end ] --START--
INFO: Run Behavior\ShowPageTraceBehavior [ RunTime:0.000000s ]
INFO: [ app_end ] --END-- [ RunTime:0.000000s ]

[ 2016-01-06T10:54:44+08:00 ] ::1 /passon/index.php/Home/Index/bind
INFO: [ app_init ] --START--
INFO: Run Behavior\BuildLiteBehavior [ RunTime:0.000000s ]
INFO: [ app_init ] --END-- [ RunTime:0.001000s ]
INFO: [ app_begin ] --START--
INFO: Run Behavior\ReadHtmlCacheBehavior [ RunTime:0.001000s ]
INFO: [ app_begin ] --END-- [ RunTime:0.001000s ]
INFO: [ view_parse ] --START--
INFO: [ template_filter ] --START--
INFO: Run Behavior\ContentReplaceBehavior [ RunTime:0.000000s ]
INFO: [ template_filter ] --END-- [ RunTime:0.000000s ]
NOTIC: [8] Use of undefined constant login_user - assumed 'login_user' D:\xampp\htdocs\passon\Application\Runtime\Cache\Home\2ace06a7d523fab9be004d440ee36983.php 第 31 行.
NOTIC: [8] Use of undefined constant forget - assumed 'forget' D:\xampp\htdocs\passon\Application\Runtime\Cache\Home\2ace06a7d523fab9be004d440ee36983.php 第 35 行.
NOTIC: [8] Use of undefined constant register - assumed 'register' D:\xampp\htdocs\passon\Application\Runtime\Cache\Home\2ace06a7d523fab9be004d440ee36983.php 第 39 行.
INFO: Run Behavior\ParseTemplateBehavior [ RunTime:0.009001s ]
INFO: [ view_parse ] --END-- [ RunTime:0.009001s ]
INFO: [ view_filter ] --START--
INFO: Run Behavior\WriteHtmlCacheBehavior [ RunTime:0.000000s ]
INFO: [ view_filter ] --END-- [ RunTime:0.000000s ]
INFO: [ app_end ] --START--
INFO: Run Behavior\ShowPageTraceBehavior [ RunTime:0.001000s ]
INFO: [ app_end ] --END-- [ RunTime:0.001000s ]

[ 2016-01-06T10:55:21+08:00 ] ::1 /passon/index.php/Home/Index/bind
INFO: [ app_init ] --START--
INFO: Run Behavior\BuildLiteBehavior [ RunTime:0.000000s ]
INFO: [ app_init ] --END-- [ RunTime:0.001000s ]
INFO: [ app_begin ] --START--
INFO: Run Behavior\ReadHtmlCacheBehavior [ RunTime:0.001000s ]
INFO: [ app_begin ] --END-- [ RunTime:0.001000s ]
INFO: [ view_parse ] --START--
INFO: [ template_filter ] --START--
INFO: Run Behavior\ContentReplaceBehavior [ RunTime:0.000000s ]
INFO: [ template_filter ] --END-- [ RunTime:0.000000s ]
NOTIC: [8] Use of undefined constant login_user - assumed 'login_user' D:\xampp\htdocs\passon\Application\Runtime\Cache\Home\2ace06a7d523fab9be004d440ee36983.php 第 31 行.
NOTIC: [8] Use of undefined constant forget - assumed 'forget' D:\xampp\htdocs\passon\Application\Runtime\Cache\Home\2ace06a7d523fab9be004d440ee36983.php 第 35 行.
NOTIC: [8] Use of undefined constant register - assumed 'register' D:\xampp\htdocs\passon\Application\Runtime\Cache\Home\2ace06a7d523fab9be004d440ee36983.php 第 39 行.
INFO: Run Behavior\ParseTemplateBehavior [ RunTime:0.009000s ]
INFO: [ view_parse ] --END-- [ RunTime:0.009000s ]
INFO: [ view_filter ] --START--
INFO: Run Behavior\WriteHtmlCacheBehavior [ RunTime:0.001000s ]
INFO: [ view_filter ] --END-- [ RunTime:0.001000s ]
INFO: [ app_end ] --START--
INFO: Run Behavior\ShowPageTraceBehavior [ RunTime:0.002000s ]
INFO: [ app_end ] --END-- [ RunTime:0.002000s ]

[ 2016-01-06T10:55:30+08:00 ] ::1 /passon/index.php/Home/Index/bind
INFO: [ app_init ] --START--
INFO: Run Behavior\BuildLiteBehavior [ RunTime:0.000000s ]
INFO: [ app_init ] --END-- [ RunTime:0.001000s ]
INFO: [ app_begin ] --START--
INFO: Run Behavior\ReadHtmlCacheBehavior [ RunTime:0.001000s ]
INFO: [ app_begin ] --END-- [ RunTime:0.001000s ]
INFO: [ view_parse ] --START--
INFO: [ template_filter ] --START--
INFO: Run Behavior\ContentReplaceBehavior [ RunTime:0.000000s ]
INFO: [ template_filter ] --END-- [ RunTime:0.000000s ]
NOTIC: [8] Use of undefined constant login_user - assumed 'login_user' D:\xampp\htdocs\passon\Application\Runtime\Cache\Home\2ace06a7d523fab9be004d440ee36983.php 第 31 行.
NOTIC: [8] Use of undefined constant forget - assumed 'forget' D:\xampp\htdocs\passon\Application\Runtime\Cache\Home\2ace06a7d523fab9be004d440ee36983.php 第 35 行.
NOTIC: [8] Use of undefined constant register - assumed 'register' D:\xampp\htdocs\passon\Application\Runtime\Cache\Home\2ace06a7d523fab9be004d440ee36983.php 第 39 行.
INFO: Run Behavior\ParseTemplateBehavior [ RunTime:0.008000s ]
INFO: [ view_parse ] --END-- [ RunTime:0.008000s ]
INFO: [ view_filter ] --START--
INFO: Run Behavior\WriteHtmlCacheBehavior [ RunTime:0.001001s ]
INFO: [ view_filter ] --END-- [ RunTime:0.002001s ]
INFO: [ app_end ] --START--
INFO: Run Behavior\ShowPageTraceBehavior [ RunTime:0.001000s ]
INFO: [ app_end ] --END-- [ RunTime:0.001000s ]

[ 2016-01-06T10:55:58+08:00 ] ::1 /passon/index.php/Home/Index/bind
INFO: [ app_init ] --START--
INFO: Run Behavior\BuildLiteBehavior [ RunTime:0.000000s ]
INFO: [ app_init ] --END-- [ RunTime:0.001000s ]
INFO: [ app_begin ] --START--
INFO: Run Behavior\ReadHtmlCacheBehavior [ RunTime:0.001000s ]
INFO: [ app_begin ] --END-- [ RunTime:0.001000s ]
INFO: [ view_parse ] --START--
INFO: [ template_filter ] --START--
INFO: Run Behavior\ContentReplaceBehavior [ RunTime:0.000000s ]
INFO: [ template_filter ] --END-- [ RunTime:0.000000s ]
NOTIC: [8] Use of undefined constant login_user - assumed 'login_user' D:\xampp\htdocs\passon\Application\Runtime\Cache\Home\2ace06a7d523fab9be004d440ee36983.php 第 31 行.
NOTIC: [8] Use of undefined constant forget - assumed 'forget' D:\xampp\htdocs\passon\Application\Runtime\Cache\Home\2ace06a7d523fab9be004d440ee36983.php 第 35 行.
NOTIC: [8] Use of undefined constant register - assumed 'register' D:\xampp\htdocs\passon\Application\Runtime\Cache\Home\2ace06a7d523fab9be004d440ee36983.php 第 39 行.
INFO: Run Behavior\ParseTemplateBehavior [ RunTime:0.009001s ]
INFO: [ view_parse ] --END-- [ RunTime:0.009001s ]
INFO: [ view_filter ] --START--
INFO: Run Behavior\WriteHtmlCacheBehavior [ RunTime:0.001000s ]
INFO: [ view_filter ] --END-- [ RunTime:0.001000s ]
INFO: [ app_end ] --START--
INFO: Run Behavior\ShowPageTraceBehavior [ RunTime:0.001000s ]
INFO: [ app_end ] --END-- [ RunTime:0.001000s ]

[ 2016-01-06T10:56:17+08:00 ] ::1 /passon/index.php/Home/Index/bind
INFO: [ app_init ] --START--
INFO: Run Behavior\BuildLiteBehavior [ RunTime:0.000000s ]
INFO: [ app_init ] --END-- [ RunTime:0.000000s ]
INFO: [ app_begin ] --START--
INFO: Run Behavior\ReadHtmlCacheBehavior [ RunTime:0.001000s ]
INFO: [ app_begin ] --END-- [ RunTime:0.002000s ]
INFO: [ view_parse ] --START--
INFO: [ template_filter ] --START--
INFO: Run Behavior\ContentReplaceBehavior [ RunTime:0.000000s ]
INFO: [ template_filter ] --END-- [ RunTime:0.000000s ]
NOTIC: [8] Use of undefined constant login_user - assumed 'login_user' D:\xampp\htdocs\passon\Application\Runtime\Cache\Home\2ace06a7d523fab9be004d440ee36983.php 第 31 行.
NOTIC: [8] Use of undefined constant forget - assumed 'forget' D:\xampp\htdocs\passon\Application\Runtime\Cache\Home\2ace06a7d523fab9be004d440ee36983.php 第 35 行.
NOTIC: [8] Use of undefined constant register - assumed 'register' D:\xampp\htdocs\passon\Application\Runtime\Cache\Home\2ace06a7d523fab9be004d440ee36983.php 第 39 行.
INFO: Run Behavior\ParseTemplateBehavior [ RunTime:0.008001s ]
INFO: [ view_parse ] --END-- [ RunTime:0.008001s ]
INFO: [ view_filter ] --START--
INFO: Run Behavior\WriteHtmlCacheBehavior [ RunTime:0.001000s ]
INFO: [ view_filter ] --END-- [ RunTime:0.001000s ]
INFO: [ app_end ] --START--
INFO: Run Behavior\ShowPageTraceBehavior [ RunTime:0.000000s ]
INFO: [ app_end ] --END-- [ RunTime:0.000000s ]

[ 2016-01-06T10:56:35+08:00 ] ::1 /passon/index.php/Home/Index/bind
INFO: [ app_init ] --START--
INFO: Run Behavior\BuildLiteBehavior [ RunTime:0.000000s ]
INFO: [ app_init ] --END-- [ RunTime:0.001000s ]
INFO: [ app_begin ] --START--
INFO: Run Behavior\ReadHtmlCacheBehavior [ RunTime:0.000000s ]
INFO: [ app_begin ] --END-- [ RunTime:0.002001s ]
INFO: [ view_parse ] --START--
INFO: [ template_filter ] --START--
INFO: Run Behavior\ContentReplaceBehavior [ RunTime:0.000000s ]
INFO: [ template_filter ] --END-- [ RunTime:0.000000s ]
NOTIC: [8] Use of undefined constant login_user - assumed 'login_user' D:\xampp\htdocs\passon\Application\Runtime\Cache\Home\2ace06a7d523fab9be004d440ee36983.php 第 31 行.
NOTIC: [8] Use of undefined constant forget - assumed 'forget' D:\xampp\htdocs\passon\Application\Runtime\Cache\Home\2ace06a7d523fab9be004d440ee36983.php 第 35 行.
NOTIC: [8] Use of undefined constant register - assumed 'register' D:\xampp\htdocs\passon\Application\Runtime\Cache\Home\2ace06a7d523fab9be004d440ee36983.php 第 39 行.
INFO: Run Behavior\ParseTemplateBehavior [ RunTime:0.007000s ]
INFO: [ view_parse ] --END-- [ RunTime:0.007000s ]
INFO: [ view_filter ] --START--
INFO: Run Behavior\WriteHtmlCacheBehavior [ RunTime:0.000000s ]
INFO: [ view_filter ] --END-- [ RunTime:0.000000s ]
INFO: [ app_end ] --START--
INFO: Run Behavior\ShowPageTraceBehavior [ RunTime:0.001001s ]
INFO: [ app_end ] --END-- [ RunTime:0.001001s ]

[ 2016-01-06T10:56:47+08:00 ] ::1 /passon/index.php/Home/Index/bind
INFO: [ app_init ] --START--
INFO: Run Behavior\BuildLiteBehavior [ RunTime:0.001000s ]
INFO: [ app_init ] --END-- [ RunTime:0.001000s ]
INFO: [ app_begin ] --START--
INFO: Run Behavior\ReadHtmlCacheBehavior [ RunTime:0.001000s ]
INFO: [ app_begin ] --END-- [ RunTime:0.001000s ]
INFO: [ view_parse ] --START--
INFO: [ template_filter ] --START--
INFO: Run Behavior\ContentReplaceBehavior [ RunTime:0.000000s ]
INFO: [ template_filter ] --END-- [ RunTime:0.000000s ]
NOTIC: [8] Use of undefined constant login_user - assumed 'login_user' D:\xampp\htdocs\passon\Application\Runtime\Cache\Home\2ace06a7d523fab9be004d440ee36983.php 第 31 行.
NOTIC: [8] Use of undefined constant forget - assumed 'forget' D:\xampp\htdocs\passon\Application\Runtime\Cache\Home\2ace06a7d523fab9be004d440ee36983.php 第 35 行.
NOTIC: [8] Use of undefined constant register - assumed 'register' D:\xampp\htdocs\passon\Application\Runtime\Cache\Home\2ace06a7d523fab9be004d440ee36983.php 第 39 行.
INFO: Run Behavior\ParseTemplateBehavior [ RunTime:0.007001s ]
INFO: [ view_parse ] --END-- [ RunTime:0.007001s ]
INFO: [ view_filter ] --START--
INFO: Run Behavior\WriteHtmlCacheBehavior [ RunTime:0.001000s ]
INFO: [ view_filter ] --END-- [ RunTime:0.001000s ]
INFO: [ app_end ] --START--
INFO: Run Behavior\ShowPageTraceBehavior [ RunTime:0.000000s ]
INFO: [ app_end ] --END-- [ RunTime:0.000000s ]

[ 2016-01-06T10:56:58+08:00 ] ::1 /passon/index.php/Home/Index/bind
INFO: [ app_init ] --START--
INFO: Run Behavior\BuildLiteBehavior [ RunTime:0.000000s ]
INFO: [ app_init ] --END-- [ RunTime:0.001000s ]
INFO: [ app_begin ] --START--
INFO: Run Behavior\ReadHtmlCacheBehavior [ RunTime:0.000000s ]
INFO: [ app_begin ] --END-- [ RunTime:0.002000s ]
INFO: [ view_parse ] --START--
INFO: [ template_filter ] --START--
INFO: Run Behavior\ContentReplaceBehavior [ RunTime:0.000000s ]
INFO: [ template_filter ] --END-- [ RunTime:0.000000s ]
NOTIC: [8] Use of undefined constant login_user - assumed 'login_user' D:\xampp\htdocs\passon\Application\Runtime\Cache\Home\2ace06a7d523fab9be004d440ee36983.php 第 31 行.
NOTIC: [8] Use of undefined constant forget - assumed 'forget' D:\xampp\htdocs\passon\Application\Runtime\Cache\Home\2ace06a7d523fab9be004d440ee36983.php 第 35 行.
NOTIC: [8] Use of undefined constant register - assumed 'register' D:\xampp\htdocs\passon\Application\Runtime\Cache\Home\2ace06a7d523fab9be004d440ee36983.php 第 39 行.
INFO: Run Behavior\ParseTemplateBehavior [ RunTime:0.007000s ]
INFO: [ view_parse ] --END-- [ RunTime:0.007000s ]
INFO: [ view_filter ] --START--
INFO: Run Behavior\WriteHtmlCacheBehavior [ RunTime:0.000000s ]
INFO: [ view_filter ] --END-- [ RunTime:0.000000s ]
INFO: [ app_end ] --START--
INFO: Run Behavior\ShowPageTraceBehavior [ RunTime:0.001000s ]
INFO: [ app_end ] --END-- [ RunTime:0.001000s ]

[ 2016-01-06T10:57:04+08:00 ] ::1 /passon/index.php/Home/Index/bind
INFO: [ app_init ] --START--
INFO: Run Behavior\BuildLiteBehavior [ RunTime:0.000000s ]
INFO: [ app_init ] --END-- [ RunTime:0.001000s ]
INFO: [ app_begin ] --START--
INFO: Run Behavior\ReadHtmlCacheBehavior [ RunTime:0.001000s ]
INFO: [ app_begin ] --END-- [ RunTime:0.001000s ]
INFO: [ view_parse ] --START--
INFO: [ template_filter ] --START--
INFO: Run Behavior\ContentReplaceBehavior [ RunTime:0.000000s ]
INFO: [ template_filter ] --END-- [ RunTime:0.000000s ]
NOTIC: [8] Use of undefined constant login_user - assumed 'login_user' D:\xampp\htdocs\passon\Application\Runtime\Cache\Home\2ace06a7d523fab9be004d440ee36983.php 第 31 行.
NOTIC: [8] Use of undefined constant forget - assumed 'forget' D:\xampp\htdocs\passon\Application\Runtime\Cache\Home\2ace06a7d523fab9be004d440ee36983.php 第 35 行.
NOTIC: [8] Use of undefined constant register - assumed 'register' D:\xampp\htdocs\passon\Application\Runtime\Cache\Home\2ace06a7d523fab9be004d440ee36983.php 第 39 行.
INFO: Run Behavior\ParseTemplateBehavior [ RunTime:0.008001s ]
INFO: [ view_parse ] --END-- [ RunTime:0.008001s ]
INFO: [ view_filter ] --START--
INFO: Run Behavior\WriteHtmlCacheBehavior [ RunTime:0.000000s ]
INFO: [ view_filter ] --END-- [ RunTime:0.000000s ]
INFO: [ app_end ] --START--
INFO: Run Behavior\ShowPageTraceBehavior [ RunTime:0.001000s ]
INFO: [ app_end ] --END-- [ RunTime:0.001000s ]

[ 2016-01-06T10:57:12+08:00 ] ::1 /passon/index.php/Home/Index/bind
INFO: [ app_init ] --START--
INFO: Run Behavior\BuildLiteBehavior [ RunTime:0.000000s ]
INFO: [ app_init ] --END-- [ RunTime:0.001000s ]
INFO: [ app_begin ] --START--
INFO: Run Behavior\ReadHtmlCacheBehavior [ RunTime:0.001000s ]
INFO: [ app_begin ] --END-- [ RunTime:0.001000s ]
INFO: [ view_parse ] --START--
INFO: [ template_filter ] --START--
INFO: Run Behavior\ContentReplaceBehavior [ RunTime:0.000000s ]
INFO: [ template_filter ] --END-- [ RunTime:0.000000s ]
NOTIC: [8] Use of undefined constant login_user - assumed 'login_user' D:\xampp\htdocs\passon\Application\Runtime\Cache\Home\2ace06a7d523fab9be004d440ee36983.php 第 31 行.
NOTIC: [8] Use of undefined constant forget - assumed 'forget' D:\xampp\htdocs\passon\Application\Runtime\Cache\Home\2ace06a7d523fab9be004d440ee36983.php 第 35 行.
NOTIC: [8] Use of undefined constant register - assumed 'register' D:\xampp\htdocs\passon\Application\Runtime\Cache\Home\2ace06a7d523fab9be004d440ee36983.php 第 39 行.
INFO: Run Behavior\ParseTemplateBehavior [ RunTime:0.009000s ]
INFO: [ view_parse ] --END-- [ RunTime:0.009000s ]
INFO: [ view_filter ] --START--
INFO: Run Behavior\WriteHtmlCacheBehavior [ RunTime:0.001000s ]
INFO: [ view_filter ] --END-- [ RunTime:0.001000s ]
INFO: [ app_end ] --START--
INFO: Run Behavior\ShowPageTraceBehavior [ RunTime:0.002000s ]
INFO: [ app_end ] --END-- [ RunTime:0.002000s ]

[ 2016-01-06T10:57:19+08:00 ] ::1 /passon/index.php/Home/Index/bind
INFO: [ app_init ] --START--
INFO: Run Behavior\BuildLiteBehavior [ RunTime:0.000000s ]
INFO: [ app_init ] --END-- [ RunTime:0.001000s ]
INFO: [ app_begin ] --START--
INFO: Run Behavior\ReadHtmlCacheBehavior [ RunTime:0.001000s ]
INFO: [ app_begin ] --END-- [ RunTime:0.001000s ]
INFO: [ view_parse ] --START--
INFO: [ template_filter ] --START--
INFO: Run Behavior\ContentReplaceBehavior [ RunTime:0.000000s ]
INFO: [ template_filter ] --END-- [ RunTime:0.000000s ]
NOTIC: [8] Use of undefined constant login_user - assumed 'login_user' D:\xampp\htdocs\passon\Application\Runtime\Cache\Home\2ace06a7d523fab9be004d440ee36983.php 第 31 行.
NOTIC: [8] Use of undefined constant forget - assumed 'forget' D:\xampp\htdocs\passon\Application\Runtime\Cache\Home\2ace06a7d523fab9be004d440ee36983.php 第 35 行.
NOTIC: [8] Use of undefined constant register - assumed 'register' D:\xampp\htdocs\passon\Application\Runtime\Cache\Home\2ace06a7d523fab9be004d440ee36983.php 第 39 行.
INFO: Run Behavior\ParseTemplateBehavior [ RunTime:0.007000s ]
INFO: [ view_parse ] --END-- [ RunTime:0.007000s ]
INFO: [ view_filter ] --START--
INFO: Run Behavior\WriteHtmlCacheBehavior [ RunTime:0.001000s ]
INFO: [ view_filter ] --END-- [ RunTime:0.001000s ]
INFO: [ app_end ] --START--
INFO: Run Behavior\ShowPageTraceBehavior [ RunTime:0.001000s ]
INFO: [ app_end ] --END-- [ RunTime:0.001000s ]

[ 2016-01-06T10:59:03+08:00 ] ::1 /passon/index.php/Home/Index/bind
INFO: [ app_init ] --START--
INFO: Run Behavior\BuildLiteBehavior [ RunTime:0.000000s ]
INFO: [ app_init ] --END-- [ RunTime:0.001000s ]
INFO: [ app_begin ] --START--
INFO: Run Behavior\ReadHtmlCacheBehavior [ RunTime:0.001000s ]
INFO: [ app_begin ] --END-- [ RunTime:0.001000s ]
INFO: [ view_parse ] --START--
INFO: [ template_filter ] --START--
INFO: Run Behavior\ContentReplaceBehavior [ RunTime:0.000000s ]
INFO: [ template_filter ] --END-- [ RunTime:0.000000s ]
NOTIC: [8] Use of undefined constant login_user - assumed 'login_user' D:\xampp\htdocs\passon\Application\Runtime\Cache\Home\2ace06a7d523fab9be004d440ee36983.php 第 31 行.
NOTIC: [8] Use of undefined constant forget - assumed 'forget' D:\xampp\htdocs\passon\Application\Runtime\Cache\Home\2ace06a7d523fab9be004d440ee36983.php 第 35 行.
NOTIC: [8] Use of undefined constant register - assumed 'register' D:\xampp\htdocs\passon\Application\Runtime\Cache\Home\2ace06a7d523fab9be004d440ee36983.php 第 39 行.
INFO: Run Behavior\ParseTemplateBehavior [ RunTime:0.010000s ]
INFO: [ view_parse ] --END-- [ RunTime:0.010000s ]
INFO: [ view_filter ] --START--
INFO: Run Behavior\WriteHtmlCacheBehavior [ RunTime:0.001000s ]
INFO: [ view_filter ] --END-- [ RunTime:0.001000s ]
INFO: [ app_end ] --START--
INFO: Run Behavior\ShowPageTraceBehavior [ RunTime:0.001001s ]
INFO: [ app_end ] --END-- [ RunTime:0.001001s ]

[ 2016-01-06T10:59:29+08:00 ] ::1 /passon/index.php/Home/Index/bind
INFO: [ app_init ] --START--
INFO: Run Behavior\BuildLiteBehavior [ RunTime:0.000000s ]
INFO: [ app_init ] --END-- [ RunTime:0.000000s ]
INFO: [ app_begin ] --START--
INFO: Run Behavior\ReadHtmlCacheBehavior [ RunTime:0.001000s ]
INFO: [ app_begin ] --END-- [ RunTime:0.001000s ]
INFO: [ view_parse ] --START--
INFO: [ template_filter ] --START--
INFO: Run Behavior\ContentReplaceBehavior [ RunTime:0.000000s ]
INFO: [ template_filter ] --END-- [ RunTime:0.000000s ]
NOTIC: [8] Use of undefined constant login_user - assumed 'login_user' D:\xampp\htdocs\passon\Application\Runtime\Cache\Home\2ace06a7d523fab9be004d440ee36983.php 第 31 行.
NOTIC: [8] Use of undefined constant forget - assumed 'forget' D:\xampp\htdocs\passon\Application\Runtime\Cache\Home\2ace06a7d523fab9be004d440ee36983.php 第 35 行.
NOTIC: [8] Use of undefined constant register - assumed 'register' D:\xampp\htdocs\passon\Application\Runtime\Cache\Home\2ace06a7d523fab9be004d440ee36983.php 第 39 行.
INFO: Run Behavior\ParseTemplateBehavior [ RunTime:0.009000s ]
INFO: [ view_parse ] --END-- [ RunTime:0.009000s ]
INFO: [ view_filter ] --START--
INFO: Run Behavior\WriteHtmlCacheBehavior [ RunTime:0.000000s ]
INFO: [ view_filter ] --END-- [ RunTime:0.000000s ]
INFO: [ app_end ] --START--
INFO: Run Behavior\ShowPageTraceBehavior [ RunTime:0.001001s ]
INFO: [ app_end ] --END-- [ RunTime:0.001001s ]

[ 2016-01-06T10:59:51+08:00 ] ::1 /passon/index.php/Home/Index/bind
INFO: [ app_init ] --START--
INFO: Run Behavior\BuildLiteBehavior [ RunTime:0.000000s ]
INFO: [ app_init ] --END-- [ RunTime:0.001000s ]
INFO: [ app_begin ] --START--
INFO: Run Behavior\ReadHtmlCacheBehavior [ RunTime:0.001000s ]
INFO: [ app_begin ] --END-- [ RunTime:0.001000s ]
INFO: [ view_parse ] --START--
INFO: [ template_filter ] --START--
INFO: Run Behavior\ContentReplaceBehavior [ RunTime:0.000000s ]
INFO: [ template_filter ] --END-- [ RunTime:0.000000s ]
NOTIC: [8] Use of undefined constant login_user - assumed 'login_user' D:\xampp\htdocs\passon\Application\Runtime\Cache\Home\2ace06a7d523fab9be004d440ee36983.php 第 31 行.
NOTIC: [8] Use of undefined constant forget - assumed 'forget' D:\xampp\htdocs\passon\Application\Runtime\Cache\Home\2ace06a7d523fab9be004d440ee36983.php 第 35 行.
NOTIC: [8] Use of undefined constant register - assumed 'register' D:\xampp\htdocs\passon\Application\Runtime\Cache\Home\2ace06a7d523fab9be004d440ee36983.php 第 39 行.
INFO: Run Behavior\ParseTemplateBehavior [ RunTime:0.006000s ]
INFO: [ view_parse ] --END-- [ RunTime:0.006000s ]
INFO: [ view_filter ] --START--
INFO: Run Behavior\WriteHtmlCacheBehavior [ RunTime:0.001000s ]
INFO: [ view_filter ] --END-- [ RunTime:0.001000s ]
INFO: [ app_end ] --START--
INFO: Run Behavior\ShowPageTraceBehavior [ RunTime:0.000000s ]
INFO: [ app_end ] --END-- [ RunTime:0.000000s ]

[ 2016-01-06T11:01:04+08:00 ] ::1 /passon/index.php/Home/Index/bind
INFO: [ app_init ] --START--
INFO: Run Behavior\BuildLiteBehavior [ RunTime:0.000000s ]
INFO: [ app_init ] --END-- [ RunTime:0.000000s ]
INFO: [ app_begin ] --START--
INFO: Run Behavior\ReadHtmlCacheBehavior [ RunTime:0.000000s ]
INFO: [ app_begin ] --END-- [ RunTime:0.000000s ]
INFO: [ view_parse ] --START--
INFO: [ template_filter ] --START--
INFO: Run Behavior\ContentReplaceBehavior [ RunTime:0.000000s ]
INFO: [ template_filter ] --END-- [ RunTime:0.000000s ]
NOTIC: [8] Use of undefined constant login_user - assumed 'login_user' D:\xampp\htdocs\passon\Application\Runtime\Cache\Home\2ace06a7d523fab9be004d440ee36983.php 第 31 行.
NOTIC: [8] Use of undefined constant forget - assumed 'forget' D:\xampp\htdocs\passon\Application\Runtime\Cache\Home\2ace06a7d523fab9be004d440ee36983.php 第 35 行.
NOTIC: [8] Use of undefined constant register - assumed 'register' D:\xampp\htdocs\passon\Application\Runtime\Cache\Home\2ace06a7d523fab9be004d440ee36983.php 第 39 行.
INFO: Run Behavior\ParseTemplateBehavior [ RunTime:0.012000s ]
INFO: [ view_parse ] --END-- [ RunTime:0.012000s ]
INFO: [ view_filter ] --START--
INFO: Run Behavior\WriteHtmlCacheBehavior [ RunTime:0.001000s ]
INFO: [ view_filter ] --END-- [ RunTime:0.001000s ]
INFO: [ app_end ] --START--
INFO: Run Behavior\ShowPageTraceBehavior [ RunTime:0.001000s ]
INFO: [ app_end ] --END-- [ RunTime:0.001000s ]

[ 2016-01-06T11:01:30+08:00 ] ::1 /passon/index.php/Home/Index/bind
INFO: [ app_init ] --START--
INFO: Run Behavior\BuildLiteBehavior [ RunTime:0.000000s ]
INFO: [ app_init ] --END-- [ RunTime:0.000000s ]
INFO: [ app_begin ] --START--
INFO: Run Behavior\ReadHtmlCacheBehavior [ RunTime:0.001000s ]
INFO: [ app_begin ] --END-- [ RunTime:0.001000s ]
INFO: [ view_parse ] --START--
INFO: [ template_filter ] --START--
INFO: Run Behavior\ContentReplaceBehavior [ RunTime:0.000000s ]
INFO: [ template_filter ] --END-- [ RunTime:0.000000s ]
NOTIC: [8] Use of undefined constant login_user - assumed 'login_user' D:\xampp\htdocs\passon\Application\Runtime\Cache\Home\2ace06a7d523fab9be004d440ee36983.php 第 31 行.
NOTIC: [8] Use of undefined constant forget - assumed 'forget' D:\xampp\htdocs\passon\Application\Runtime\Cache\Home\2ace06a7d523fab9be004d440ee36983.php 第 35 行.
NOTIC: [8] Use of undefined constant register - assumed 'register' D:\xampp\htdocs\passon\Application\Runtime\Cache\Home\2ace06a7d523fab9be004d440ee36983.php 第 39 行.
INFO: Run Behavior\ParseTemplateBehavior [ RunTime:0.009001s ]
INFO: [ view_parse ] --END-- [ RunTime:0.009001s ]
INFO: [ view_filter ] --START--
INFO: Run Behavior\WriteHtmlCacheBehavior [ RunTime:0.001000s ]
INFO: [ view_filter ] --END-- [ RunTime:0.002000s ]
INFO: [ app_end ] --START--
INFO: Run Behavior\ShowPageTraceBehavior [ RunTime:0.000000s ]
INFO: [ app_end ] --END-- [ RunTime:0.000000s ]

[ 2016-01-06T11:02:01+08:00 ] ::1 /passon/index.php/Home/Index/bind
INFO: [ app_init ] --START--
INFO: Run Behavior\BuildLiteBehavior [ RunTime:0.000000s ]
INFO: [ app_init ] --END-- [ RunTime:0.001000s ]
INFO: [ app_begin ] --START--
INFO: Run Behavior\ReadHtmlCacheBehavior [ RunTime:0.001000s ]
INFO: [ app_begin ] --END-- [ RunTime:0.001000s ]
INFO: [ view_parse ] --START--
INFO: [ template_filter ] --START--
INFO: Run Behavior\ContentReplaceBehavior [ RunTime:0.000000s ]
INFO: [ template_filter ] --END-- [ RunTime:0.000000s ]
NOTIC: [8] Use of undefined constant login_user - assumed 'login_user' D:\xampp\htdocs\passon\Application\Runtime\Cache\Home\2ace06a7d523fab9be004d440ee36983.php 第 31 行.
NOTIC: [8] Use of undefined constant forget - assumed 'forget' D:\xampp\htdocs\passon\Application\Runtime\Cache\Home\2ace06a7d523fab9be004d440ee36983.php 第 35 行.
NOTIC: [8] Use of undefined constant register - assumed 'register' D:\xampp\htdocs\passon\Application\Runtime\Cache\Home\2ace06a7d523fab9be004d440ee36983.php 第 39 行.
INFO: Run Behavior\ParseTemplateBehavior [ RunTime:0.007000s ]
INFO: [ view_parse ] --END-- [ RunTime:0.007000s ]
INFO: [ view_filter ] --START--
INFO: Run Behavior\WriteHtmlCacheBehavior [ RunTime:0.001000s ]
INFO: [ view_filter ] --END-- [ RunTime:0.001000s ]
INFO: [ app_end ] --START--
INFO: Run Behavior\ShowPageTraceBehavior [ RunTime:0.001000s ]
INFO: [ app_end ] --END-- [ RunTime:0.001000s ]

[ 2016-01-06T11:02:28+08:00 ] ::1 /passon/index.php/Home/Index/bind
INFO: [ app_init ] --START--
INFO: Run Behavior\BuildLiteBehavior [ RunTime:0.000000s ]
INFO: [ app_init ] --END-- [ RunTime:0.001000s ]
INFO: [ app_begin ] --START--
INFO: Run Behavior\ReadHtmlCacheBehavior [ RunTime:0.001000s ]
INFO: [ app_begin ] --END-- [ RunTime:0.001000s ]
INFO: [ view_parse ] --START--
INFO: [ template_filter ] --START--
INFO: Run Behavior\ContentReplaceBehavior [ RunTime:0.000000s ]
INFO: [ template_filter ] --END-- [ RunTime:0.000000s ]
NOTIC: [8] Use of undefined constant login_user - assumed 'login_user' D:\xampp\htdocs\passon\Application\Runtime\Cache\Home\2ace06a7d523fab9be004d440ee36983.php 第 31 行.
NOTIC: [8] Use of undefined constant forget - assumed 'forget' D:\xampp\htdocs\passon\Application\Runtime\Cache\Home\2ace06a7d523fab9be004d440ee36983.php 第 35 行.
NOTIC: [8] Use of undefined constant register - assumed 'register' D:\xampp\htdocs\passon\Application\Runtime\Cache\Home\2ace06a7d523fab9be004d440ee36983.php 第 39 行.
INFO: Run Behavior\ParseTemplateBehavior [ RunTime:0.007000s ]
INFO: [ view_parse ] --END-- [ RunTime:0.007000s ]
INFO: [ view_filter ] --START--
INFO: Run Behavior\WriteHtmlCacheBehavior [ RunTime:0.000000s ]
INFO: [ view_filter ] --END-- [ RunTime:0.000000s ]
INFO: [ app_end ] --START--
INFO: Run Behavior\ShowPageTraceBehavior [ RunTime:0.000000s ]
INFO: [ app_end ] --END-- [ RunTime:0.000000s ]

[ 2016-01-06T11:02:49+08:00 ] ::1 /passon/index.php/Home/Index/bind
INFO: [ app_init ] --START--
INFO: Run Behavior\BuildLiteBehavior [ RunTime:0.000000s ]
INFO: [ app_init ] --END-- [ RunTime:0.001000s ]
INFO: [ app_begin ] --START--
INFO: Run Behavior\ReadHtmlCacheBehavior [ RunTime:0.000000s ]
INFO: [ app_begin ] --END-- [ RunTime:0.000000s ]
INFO: [ view_parse ] --START--
INFO: [ template_filter ] --START--
INFO: Run Behavior\ContentReplaceBehavior [ RunTime:0.000000s ]
INFO: [ template_filter ] --END-- [ RunTime:0.000000s ]
NOTIC: [8] Use of undefined constant login_user - assumed 'login_user' D:\xampp\htdocs\passon\Application\Runtime\Cache\Home\2ace06a7d523fab9be004d440ee36983.php 第 31 行.
NOTIC: [8] Use of undefined constant forget - assumed 'forget' D:\xampp\htdocs\passon\Application\Runtime\Cache\Home\2ace06a7d523fab9be004d440ee36983.php 第 35 行.
NOTIC: [8] Use of undefined constant register - assumed 'register' D:\xampp\htdocs\passon\Application\Runtime\Cache\Home\2ace06a7d523fab9be004d440ee36983.php 第 39 行.
INFO: Run Behavior\ParseTemplateBehavior [ RunTime:0.009001s ]
INFO: [ view_parse ] --END-- [ RunTime:0.009001s ]
INFO: [ view_filter ] --START--
INFO: Run Behavior\WriteHtmlCacheBehavior [ RunTime:0.000000s ]
INFO: [ view_filter ] --END-- [ RunTime:0.000000s ]
INFO: [ app_end ] --START--
INFO: Run Behavior\ShowPageTraceBehavior [ RunTime:0.001000s ]
INFO: [ app_end ] --END-- [ RunTime:0.001000s ]

[ 2016-01-06T11:03:32+08:00 ] ::1 /passon/index.php/Home/Index/bind
INFO: [ app_init ] --START--
INFO: Run Behavior\BuildLiteBehavior [ RunTime:0.000000s ]
INFO: [ app_init ] --END-- [ RunTime:0.001000s ]
INFO: [ app_begin ] --START--
INFO: Run Behavior\ReadHtmlCacheBehavior [ RunTime:0.001000s ]
INFO: [ app_begin ] --END-- [ RunTime:0.001000s ]
INFO: [ view_parse ] --START--
INFO: [ template_filter ] --START--
INFO: Run Behavior\ContentReplaceBehavior [ RunTime:0.000000s ]
INFO: [ template_filter ] --END-- [ RunTime:0.000000s ]
NOTIC: [8] Use of undefined constant login_user - assumed 'login_user' D:\xampp\htdocs\passon\Application\Runtime\Cache\Home\2ace06a7d523fab9be004d440ee36983.php 第 31 行.
NOTIC: [8] Use of undefined constant forget - assumed 'forget' D:\xampp\htdocs\passon\Application\Runtime\Cache\Home\2ace06a7d523fab9be004d440ee36983.php 第 35 行.
NOTIC: [8] Use of undefined constant register - assumed 'register' D:\xampp\htdocs\passon\Application\Runtime\Cache\Home\2ace06a7d523fab9be004d440ee36983.php 第 39 行.
INFO: Run Behavior\ParseTemplateBehavior [ RunTime:0.009000s ]
INFO: [ view_parse ] --END-- [ RunTime:0.009000s ]
INFO: [ view_filter ] --START--
INFO: Run Behavior\WriteHtmlCacheBehavior [ RunTime:0.001000s ]
INFO: [ view_filter ] --END-- [ RunTime:0.001000s ]
INFO: [ app_end ] --START--
INFO: Run Behavior\ShowPageTraceBehavior [ RunTime:0.001000s ]
INFO: [ app_end ] --END-- [ RunTime:0.001000s ]

[ 2016-01-06T11:10:42+08:00 ] ::1 /passon/index.php/Home/Index/bind
INFO: [ app_init ] --START--
INFO: Run Behavior\BuildLiteBehavior [ RunTime:0.000000s ]
INFO: [ app_init ] --END-- [ RunTime:0.001000s ]
INFO: [ app_begin ] --START--
INFO: Run Behavior\ReadHtmlCacheBehavior [ RunTime:0.000000s ]
INFO: [ app_begin ] --END-- [ RunTime:0.000000s ]
INFO: [ view_parse ] --START--
INFO: [ template_filter ] --START--
INFO: Run Behavior\ContentReplaceBehavior [ RunTime:0.001000s ]
INFO: [ template_filter ] --END-- [ RunTime:0.001000s ]
NOTIC: [8] Use of undefined constant login_user - assumed 'login_user' D:\xampp\htdocs\passon\Application\Runtime\Cache\Home\2ace06a7d523fab9be004d440ee36983.php 第 31 行.
NOTIC: [8] Use of undefined constant forget - assumed 'forget' D:\xampp\htdocs\passon\Application\Runtime\Cache\Home\2ace06a7d523fab9be004d440ee36983.php 第 35 行.
NOTIC: [8] Use of undefined constant register - assumed 'register' D:\xampp\htdocs\passon\Application\Runtime\Cache\Home\2ace06a7d523fab9be004d440ee36983.php 第 39 行.
INFO: Run Behavior\ParseTemplateBehavior [ RunTime:0.008001s ]
INFO: [ view_parse ] --END-- [ RunTime:0.008001s ]
INFO: [ view_filter ] --START--
INFO: Run Behavior\WriteHtmlCacheBehavior [ RunTime:0.001000s ]
INFO: [ view_filter ] --END-- [ RunTime:0.001000s ]
INFO: [ app_end ] --START--
INFO: Run Behavior\ShowPageTraceBehavior [ RunTime:0.001000s ]
INFO: [ app_end ] --END-- [ RunTime:0.001000s ]

[ 2016-01-06T11:10:46+08:00 ] ::1 /passon/index.php/Home/Index/bind.html
INFO: [ app_init ] --START--
INFO: Run Behavior\BuildLiteBehavior [ RunTime:0.000000s ]
INFO: [ app_init ] --END-- [ RunTime:0.001000s ]
INFO: [ app_begin ] --START--
INFO: Run Behavior\ReadHtmlCacheBehavior [ RunTime:0.001000s ]
INFO: [ app_begin ] --END-- [ RunTime:0.001000s ]
INFO: [ view_parse ] --START--
INFO: [ template_filter ] --START--
INFO: Run Behavior\ContentReplaceBehavior [ RunTime:0.000000s ]
INFO: [ template_filter ] --END-- [ RunTime:0.000000s ]
NOTIC: [8] Use of undefined constant login_user - assumed 'login_user' D:\xampp\htdocs\passon\Application\Runtime\Cache\Home\2ace06a7d523fab9be004d440ee36983.php 第 31 行.
NOTIC: [8] Use of undefined constant forget - assumed 'forget' D:\xampp\htdocs\passon\Application\Runtime\Cache\Home\2ace06a7d523fab9be004d440ee36983.php 第 35 行.
NOTIC: [8] Use of undefined constant register - assumed 'register' D:\xampp\htdocs\passon\Application\Runtime\Cache\Home\2ace06a7d523fab9be004d440ee36983.php 第 39 行.
INFO: Run Behavior\ParseTemplateBehavior [ RunTime:0.010001s ]
INFO: [ view_parse ] --END-- [ RunTime:0.011001s ]
INFO: [ view_filter ] --START--
INFO: Run Behavior\WriteHtmlCacheBehavior [ RunTime:0.002000s ]
INFO: [ view_filter ] --END-- [ RunTime:0.002000s ]
INFO: [ app_end ] --START--
INFO: Run Behavior\ShowPageTraceBehavior [ RunTime:0.002000s ]
INFO: [ app_end ] --END-- [ RunTime:0.002000s ]

[ 2016-01-06T11:10:53+08:00 ] ::1 /passon/index.php/Home/Index/bind.html
INFO: [ app_init ] --START--
INFO: Run Behavior\BuildLiteBehavior [ RunTime:0.000000s ]
INFO: [ app_init ] --END-- [ RunTime:0.001000s ]
INFO: [ app_begin ] --START--
INFO: Run Behavior\ReadHtmlCacheBehavior [ RunTime:0.001000s ]
INFO: [ app_begin ] --END-- [ RunTime:0.001000s ]
INFO: [ view_parse ] --START--
INFO: [ template_filter ] --START--
INFO: Run Behavior\ContentReplaceBehavior [ RunTime:0.000000s ]
INFO: [ template_filter ] --END-- [ RunTime:0.000000s ]
NOTIC: [8] Use of undefined constant login_user - assumed 'login_user' D:\xampp\htdocs\passon\Application\Runtime\Cache\Home\2ace06a7d523fab9be004d440ee36983.php 第 31 行.
NOTIC: [8] Use of undefined constant forget - assumed 'forget' D:\xampp\htdocs\passon\Application\Runtime\Cache\Home\2ace06a7d523fab9be004d440ee36983.php 第 35 行.
NOTIC: [8] Use of undefined constant register - assumed 'register' D:\xampp\htdocs\passon\Application\Runtime\Cache\Home\2ace06a7d523fab9be004d440ee36983.php 第 39 行.
INFO: Run Behavior\ParseTemplateBehavior [ RunTime:0.016001s ]
INFO: [ view_parse ] --END-- [ RunTime:0.016001s ]
INFO: [ view_filter ] --START--
INFO: Run Behavior\WriteHtmlCacheBehavior [ RunTime:0.001000s ]
INFO: [ view_filter ] --END-- [ RunTime:0.001000s ]
INFO: [ app_end ] --START--
INFO: Run Behavior\ShowPageTraceBehavior [ RunTime:0.003000s ]
INFO: [ app_end ] --END-- [ RunTime:0.004000s ]

[ 2016-01-06T11:10:56+08:00 ] ::1 /passon/index.php/Home/Index/bind.html
INFO: [ app_init ] --START--
INFO: Run Behavior\BuildLiteBehavior [ RunTime:0.000000s ]
INFO: [ app_init ] --END-- [ RunTime:0.001000s ]
INFO: [ app_begin ] --START--
INFO: Run Behavior\ReadHtmlCacheBehavior [ RunTime:0.000000s ]
INFO: [ app_begin ] --END-- [ RunTime:0.001000s ]
INFO: [ view_parse ] --START--
INFO: [ template_filter ] --START--
INFO: Run Behavior\ContentReplaceBehavior [ RunTime:0.000000s ]
INFO: [ template_filter ] --END-- [ RunTime:0.000000s ]
NOTIC: [8] Use of undefined constant login_user - assumed 'login_user' D:\xampp\htdocs\passon\Application\Runtime\Cache\Home\2ace06a7d523fab9be004d440ee36983.php 第 31 行.
NOTIC: [8] Use of undefined constant forget - assumed 'forget' D:\xampp\htdocs\passon\Application\Runtime\Cache\Home\2ace06a7d523fab9be004d440ee36983.php 第 35 行.
NOTIC: [8] Use of undefined constant register - assumed 'register' D:\xampp\htdocs\passon\Application\Runtime\Cache\Home\2ace06a7d523fab9be004d440ee36983.php 第 39 行.
INFO: Run Behavior\ParseTemplateBehavior [ RunTime:0.011001s ]
INFO: [ view_parse ] --END-- [ RunTime:0.011001s ]
INFO: [ view_filter ] --START--
INFO: Run Behavior\WriteHtmlCacheBehavior [ RunTime:0.000000s ]
INFO: [ view_filter ] --END-- [ RunTime:0.000000s ]
INFO: [ app_end ] --START--
INFO: Run Behavior\ShowPageTraceBehavior [ RunTime:0.001000s ]
INFO: [ app_end ] --END-- [ RunTime:0.001000s ]

[ 2016-01-06T11:11:02+08:00 ] ::1 /passon/index.php/Home/Index/bind.html
INFO: [ app_init ] --START--
INFO: Run Behavior\BuildLiteBehavior [ RunTime:0.000000s ]
INFO: [ app_init ] --END-- [ RunTime:0.000000s ]
INFO: [ app_begin ] --START--
INFO: Run Behavior\ReadHtmlCacheBehavior [ RunTime:0.000000s ]
INFO: [ app_begin ] --END-- [ RunTime:0.000000s ]
INFO: [ view_parse ] --START--
INFO: [ template_filter ] --START--
INFO: Run Behavior\ContentReplaceBehavior [ RunTime:0.000000s ]
INFO: [ template_filter ] --END-- [ RunTime:0.000000s ]
NOTIC: [8] Use of undefined constant login_user - assumed 'login_user' D:\xampp\htdocs\passon\Application\Runtime\Cache\Home\2ace06a7d523fab9be004d440ee36983.php 第 31 行.
NOTIC: [8] Use of undefined constant forget - assumed 'forget' D:\xampp\htdocs\passon\Application\Runtime\Cache\Home\2ace06a7d523fab9be004d440ee36983.php 第 35 行.
NOTIC: [8] Use of undefined constant register - assumed 'register' D:\xampp\htdocs\passon\Application\Runtime\Cache\Home\2ace06a7d523fab9be004d440ee36983.php 第 39 行.
INFO: Run Behavior\ParseTemplateBehavior [ RunTime:0.007000s ]
INFO: [ view_parse ] --END-- [ RunTime:0.007000s ]
INFO: [ view_filter ] --START--
INFO: Run Behavior\WriteHtmlCacheBehavior [ RunTime:0.002000s ]
INFO: [ view_filter ] --END-- [ RunTime:0.002000s ]
INFO: [ app_end ] --START--
INFO: Run Behavior\ShowPageTraceBehavior [ RunTime:0.000000s ]
INFO: [ app_end ] --END-- [ RunTime:0.000000s ]

[ 2016-01-06T11:12:00+08:00 ] ::1 /passon/index.php/Home/Index/bind.html
INFO: [ app_init ] --START--
INFO: Run Behavior\BuildLiteBehavior [ RunTime:0.000000s ]
INFO: [ app_init ] --END-- [ RunTime:0.001000s ]
INFO: [ app_begin ] --START--
INFO: Run Behavior\ReadHtmlCacheBehavior [ RunTime:0.002000s ]
INFO: [ app_begin ] --END-- [ RunTime:0.002000s ]
INFO: [ view_parse ] --START--
INFO: [ template_filter ] --START--
INFO: Run Behavior\ContentReplaceBehavior [ RunTime:0.000000s ]
INFO: [ template_filter ] --END-- [ RunTime:0.000000s ]
NOTIC: [8] Use of undefined constant login_user - assumed 'login_user' D:\xampp\htdocs\passon\Application\Runtime\Cache\Home\2ace06a7d523fab9be004d440ee36983.php 第 31 行.
NOTIC: [8] Use of undefined constant forget - assumed 'forget' D:\xampp\htdocs\passon\Application\Runtime\Cache\Home\2ace06a7d523fab9be004d440ee36983.php 第 35 行.
NOTIC: [8] Use of undefined constant register - assumed 'register' D:\xampp\htdocs\passon\Application\Runtime\Cache\Home\2ace06a7d523fab9be004d440ee36983.php 第 39 行.
INFO: Run Behavior\ParseTemplateBehavior [ RunTime:0.011001s ]
INFO: [ view_parse ] --END-- [ RunTime:0.011001s ]
INFO: [ view_filter ] --START--
INFO: Run Behavior\WriteHtmlCacheBehavior [ RunTime:0.000000s ]
INFO: [ view_filter ] --END-- [ RunTime:0.000000s ]
INFO: [ app_end ] --START--
INFO: Run Behavior\ShowPageTraceBehavior [ RunTime:0.001000s ]
INFO: [ app_end ] --END-- [ RunTime:0.001000s ]

[ 2016-01-06T11:12:04+08:00 ] ::1 /passon/index.php/Home/Index/bind.html
INFO: [ app_init ] --START--
INFO: Run Behavior\BuildLiteBehavior [ RunTime:0.000000s ]
INFO: [ app_init ] --END-- [ RunTime:0.001000s ]
INFO: [ app_begin ] --START--
INFO: Run Behavior\ReadHtmlCacheBehavior [ RunTime:0.001000s ]
INFO: [ app_begin ] --END-- [ RunTime:0.001000s ]
INFO: [ view_parse ] --START--
INFO: [ template_filter ] --START--
INFO: Run Behavior\ContentReplaceBehavior [ RunTime:0.000000s ]
INFO: [ template_filter ] --END-- [ RunTime:0.003000s ]
NOTIC: [8] Use of undefined constant login_user - assumed 'login_user' D:\xampp\htdocs\passon\Application\Runtime\Cache\Home\2ace06a7d523fab9be004d440ee36983.php 第 31 行.
NOTIC: [8] Use of undefined constant forget - assumed 'forget' D:\xampp\htdocs\passon\Application\Runtime\Cache\Home\2ace06a7d523fab9be004d440ee36983.php 第 35 行.
NOTIC: [8] Use of undefined constant register - assumed 'register' D:\xampp\htdocs\passon\Application\Runtime\Cache\Home\2ace06a7d523fab9be004d440ee36983.php 第 39 行.
INFO: Run Behavior\ParseTemplateBehavior [ RunTime:0.015000s ]
INFO: [ view_parse ] --END-- [ RunTime:0.015000s ]
INFO: [ view_filter ] --START--
INFO: Run Behavior\WriteHtmlCacheBehavior [ RunTime:0.001000s ]
INFO: [ view_filter ] --END-- [ RunTime:0.001000s ]
INFO: [ app_end ] --START--
INFO: Run Behavior\ShowPageTraceBehavior [ RunTime:0.001001s ]
INFO: [ app_end ] --END-- [ RunTime:0.001001s ]

[ 2016-01-06T11:13:00+08:00 ] ::1 /passon/index.php/Home/Index/bind.html
INFO: [ app_init ] --START--
INFO: Run Behavior\BuildLiteBehavior [ RunTime:0.000000s ]
INFO: [ app_init ] --END-- [ RunTime:0.000000s ]
INFO: [ app_begin ] --START--
INFO: Run Behavior\ReadHtmlCacheBehavior [ RunTime:0.001000s ]
INFO: [ app_begin ] --END-- [ RunTime:0.001000s ]
INFO: [ view_parse ] --START--
INFO: [ template_filter ] --START--
INFO: Run Behavior\ContentReplaceBehavior [ RunTime:0.000000s ]
INFO: [ template_filter ] --END-- [ RunTime:0.000000s ]
NOTIC: [8] Use of undefined constant login_user - assumed 'login_user' D:\xampp\htdocs\passon\Application\Runtime\Cache\Home\2ace06a7d523fab9be004d440ee36983.php 第 31 行.
NOTIC: [8] Use of undefined constant forget - assumed 'forget' D:\xampp\htdocs\passon\Application\Runtime\Cache\Home\2ace06a7d523fab9be004d440ee36983.php 第 35 行.
NOTIC: [8] Use of undefined constant register - assumed 'register' D:\xampp\htdocs\passon\Application\Runtime\Cache\Home\2ace06a7d523fab9be004d440ee36983.php 第 39 行.
INFO: Run Behavior\ParseTemplateBehavior [ RunTime:0.007001s ]
INFO: [ view_parse ] --END-- [ RunTime:0.007001s ]
INFO: [ view_filter ] --START--
INFO: Run Behavior\WriteHtmlCacheBehavior [ RunTime:0.000000s ]
INFO: [ view_filter ] --END-- [ RunTime:0.000000s ]
INFO: [ app_end ] --START--
INFO: Run Behavior\ShowPageTraceBehavior [ RunTime:0.001000s ]
INFO: [ app_end ] --END-- [ RunTime:0.001000s ]

[ 2016-01-06T11:13:01+08:00 ] ::1 /passon/index.php/Home/Index/bind.html
INFO: [ app_init ] --START--
INFO: Run Behavior\BuildLiteBehavior [ RunTime:0.000000s ]
INFO: [ app_init ] --END-- [ RunTime:0.001000s ]
INFO: [ app_begin ] --START--
INFO: Run Behavior\ReadHtmlCacheBehavior [ RunTime:0.002000s ]
INFO: [ app_begin ] --END-- [ RunTime:0.002000s ]
INFO: [ view_parse ] --START--
INFO: [ template_filter ] --START--
INFO: Run Behavior\ContentReplaceBehavior [ RunTime:0.000000s ]
INFO: [ template_filter ] --END-- [ RunTime:0.000000s ]
NOTIC: [8] Use of undefined constant login_user - assumed 'login_user' D:\xampp\htdocs\passon\Application\Runtime\Cache\Home\2ace06a7d523fab9be004d440ee36983.php 第 31 行.
NOTIC: [8] Use of undefined constant forget - assumed 'forget' D:\xampp\htdocs\passon\Application\Runtime\Cache\Home\2ace06a7d523fab9be004d440ee36983.php 第 35 行.
NOTIC: [8] Use of undefined constant register - assumed 'register' D:\xampp\htdocs\passon\Application\Runtime\Cache\Home\2ace06a7d523fab9be004d440ee36983.php 第 39 行.
INFO: Run Behavior\ParseTemplateBehavior [ RunTime:0.074004s ]
INFO: [ view_parse ] --END-- [ RunTime:0.075004s ]
INFO: [ view_filter ] --START--
INFO: Run Behavior\WriteHtmlCacheBehavior [ RunTime:0.006000s ]
INFO: [ view_filter ] --END-- [ RunTime:0.006000s ]
INFO: [ app_end ] --START--
INFO: Run Behavior\ShowPageTraceBehavior [ RunTime:0.002001s ]
INFO: [ app_end ] --END-- [ RunTime:0.002001s ]

[ 2016-01-06T11:13:47+08:00 ] ::1 /passon/index.php/Home/Index/bind.html
INFO: [ app_init ] --START--
INFO: Run Behavior\BuildLiteBehavior [ RunTime:0.000000s ]
INFO: [ app_init ] --END-- [ RunTime:0.001000s ]
INFO: [ app_begin ] --START--
INFO: Run Behavior\ReadHtmlCacheBehavior [ RunTime:0.001000s ]
INFO: [ app_begin ] --END-- [ RunTime:0.001000s ]
INFO: [ view_parse ] --START--
INFO: [ template_filter ] --START--
INFO: Run Behavior\ContentReplaceBehavior [ RunTime:0.000000s ]
INFO: [ template_filter ] --END-- [ RunTime:0.000000s ]
NOTIC: [8] Use of undefined constant login_user - assumed 'login_user' D:\xampp\htdocs\passon\Application\Runtime\Cache\Home\2ace06a7d523fab9be004d440ee36983.php 第 31 行.
NOTIC: [8] Use of undefined constant forget - assumed 'forget' D:\xampp\htdocs\passon\Application\Runtime\Cache\Home\2ace06a7d523fab9be004d440ee36983.php 第 35 行.
NOTIC: [8] Use of undefined constant register - assumed 'register' D:\xampp\htdocs\passon\Application\Runtime\Cache\Home\2ace06a7d523fab9be004d440ee36983.php 第 39 行.
INFO: Run Behavior\ParseTemplateBehavior [ RunTime:0.008001s ]
INFO: [ view_parse ] --END-- [ RunTime:0.008001s ]
INFO: [ view_filter ] --START--
INFO: Run Behavior\WriteHtmlCacheBehavior [ RunTime:0.001000s ]
INFO: [ view_filter ] --END-- [ RunTime:0.001000s ]
INFO: [ app_end ] --START--
INFO: Run Behavior\ShowPageTraceBehavior [ RunTime:0.001000s ]
INFO: [ app_end ] --END-- [ RunTime:0.001000s ]

[ 2016-01-06T11:14:36+08:00 ] ::1 /passon/index.php/Home/Index/bind.html
INFO: [ app_init ] --START--
INFO: Run Behavior\BuildLiteBehavior [ RunTime:0.000000s ]
INFO: [ app_init ] --END-- [ RunTime:0.001001s ]
INFO: [ app_begin ] --START--
INFO: Run Behavior\ReadHtmlCacheBehavior [ RunTime:0.001000s ]
INFO: [ app_begin ] --END-- [ RunTime:0.001000s ]
INFO: [ view_parse ] --START--
INFO: [ template_filter ] --START--
INFO: Run Behavior\ContentReplaceBehavior [ RunTime:0.000000s ]
INFO: [ template_filter ] --END-- [ RunTime:0.000000s ]
NOTIC: [8] Use of undefined constant login_user - assumed 'login_user' D:\xampp\htdocs\passon\Application\Runtime\Cache\Home\2ace06a7d523fab9be004d440ee36983.php 第 31 行.
NOTIC: [8] Use of undefined constant forget - assumed 'forget' D:\xampp\htdocs\passon\Application\Runtime\Cache\Home\2ace06a7d523fab9be004d440ee36983.php 第 35 行.
NOTIC: [8] Use of undefined constant register - assumed 'register' D:\xampp\htdocs\passon\Application\Runtime\Cache\Home\2ace06a7d523fab9be004d440ee36983.php 第 39 行.
INFO: Run Behavior\ParseTemplateBehavior [ RunTime:0.007001s ]
INFO: [ view_parse ] --END-- [ RunTime:0.007001s ]
INFO: [ view_filter ] --START--
INFO: Run Behavior\WriteHtmlCacheBehavior [ RunTime:0.001000s ]
INFO: [ view_filter ] --END-- [ RunTime:0.001000s ]
INFO: [ app_end ] --START--
INFO: Run Behavior\ShowPageTraceBehavior [ RunTime:0.001000s ]
INFO: [ app_end ] --END-- [ RunTime:0.001000s ]

[ 2016-01-06T11:14:39+08:00 ] ::1 /passon/index.php/Home/Index/bind.html
INFO: [ app_init ] --START--
INFO: Run Behavior\BuildLiteBehavior [ RunTime:0.000000s ]
INFO: [ app_init ] --END-- [ RunTime:0.000000s ]
INFO: [ app_begin ] --START--
INFO: Run Behavior\ReadHtmlCacheBehavior [ RunTime:0.001000s ]
INFO: [ app_begin ] --END-- [ RunTime:0.001000s ]
INFO: [ view_parse ] --START--
INFO: [ template_filter ] --START--
INFO: Run Behavior\ContentReplaceBehavior [ RunTime:0.000000s ]
INFO: [ template_filter ] --END-- [ RunTime:0.000000s ]
NOTIC: [8] Use of undefined constant login_user - assumed 'login_user' D:\xampp\htdocs\passon\Application\Runtime\Cache\Home\2ace06a7d523fab9be004d440ee36983.php 第 31 行.
NOTIC: [8] Use of undefined constant forget - assumed 'forget' D:\xampp\htdocs\passon\Application\Runtime\Cache\Home\2ace06a7d523fab9be004d440ee36983.php 第 35 行.
NOTIC: [8] Use of undefined constant register - assumed 'register' D:\xampp\htdocs\passon\Application\Runtime\Cache\Home\2ace06a7d523fab9be004d440ee36983.php 第 39 行.
INFO: Run Behavior\ParseTemplateBehavior [ RunTime:0.014000s ]
INFO: [ view_parse ] --END-- [ RunTime:0.014000s ]
INFO: [ view_filter ] --START--
INFO: Run Behavior\WriteHtmlCacheBehavior [ RunTime:0.001001s ]
INFO: [ view_filter ] --END-- [ RunTime:0.001001s ]
INFO: [ app_end ] --START--
INFO: Run Behavior\ShowPageTraceBehavior [ RunTime:0.001000s ]
INFO: [ app_end ] --END-- [ RunTime:0.001000s ]

[ 2016-01-06T11:14:44+08:00 ] ::1 /passon/index.php/Home/Index/bind.html
INFO: [ app_init ] --START--
INFO: Run Behavior\BuildLiteBehavior [ RunTime:0.000000s ]
INFO: [ app_init ] --END-- [ RunTime:0.001000s ]
INFO: [ app_begin ] --START--
INFO: Run Behavior\ReadHtmlCacheBehavior [ RunTime:0.001000s ]
INFO: [ app_begin ] --END-- [ RunTime:0.001000s ]
INFO: [ view_parse ] --START--
INFO: [ template_filter ] --START--
INFO: Run Behavior\ContentReplaceBehavior [ RunTime:0.000000s ]
INFO: [ template_filter ] --END-- [ RunTime:0.001000s ]
NOTIC: [8] Use of undefined constant login_user - assumed 'login_user' D:\xampp\htdocs\passon\Application\Runtime\Cache\Home\2ace06a7d523fab9be004d440ee36983.php 第 31 行.
NOTIC: [8] Use of undefined constant forget - assumed 'forget' D:\xampp\htdocs\passon\Application\Runtime\Cache\Home\2ace06a7d523fab9be004d440ee36983.php 第 35 行.
NOTIC: [8] Use of undefined constant register - assumed 'register' D:\xampp\htdocs\passon\Application\Runtime\Cache\Home\2ace06a7d523fab9be004d440ee36983.php 第 39 行.
INFO: Run Behavior\ParseTemplateBehavior [ RunTime:0.007000s ]
INFO: [ view_parse ] --END-- [ RunTime:0.007000s ]
INFO: [ view_filter ] --START--
INFO: Run Behavior\WriteHtmlCacheBehavior [ RunTime:0.000000s ]
INFO: [ view_filter ] --END-- [ RunTime:0.000000s ]
INFO: [ app_end ] --START--
INFO: Run Behavior\ShowPageTraceBehavior [ RunTime:0.000000s ]
INFO: [ app_end ] --END-- [ RunTime:0.001000s ]

[ 2016-01-06T11:17:09+08:00 ] ::1 /passon/index.php/Home/Index/bind.html
INFO: [ app_init ] --START--
INFO: Run Behavior\BuildLiteBehavior [ RunTime:0.000000s ]
INFO: [ app_init ] --END-- [ RunTime:0.001000s ]
INFO: [ app_begin ] --START--
INFO: Run Behavior\ReadHtmlCacheBehavior [ RunTime:0.001000s ]
INFO: [ app_begin ] --END-- [ RunTime:0.001000s ]
INFO: [ view_parse ] --START--
INFO: [ template_filter ] --START--
INFO: Run Behavior\ContentReplaceBehavior [ RunTime:0.000000s ]
INFO: [ template_filter ] --END-- [ RunTime:0.000000s ]
NOTIC: [8] Use of undefined constant login_user - assumed 'login_user' D:\xampp\htdocs\passon\Application\Runtime\Cache\Home\2ace06a7d523fab9be004d440ee36983.php 第 31 行.
NOTIC: [8] Use of undefined constant forget - assumed 'forget' D:\xampp\htdocs\passon\Application\Runtime\Cache\Home\2ace06a7d523fab9be004d440ee36983.php 第 35 行.
NOTIC: [8] Use of undefined constant register - assumed 'register' D:\xampp\htdocs\passon\Application\Runtime\Cache\Home\2ace06a7d523fab9be004d440ee36983.php 第 39 行.
INFO: Run Behavior\ParseTemplateBehavior [ RunTime:0.010001s ]
INFO: [ view_parse ] --END-- [ RunTime:0.010001s ]
INFO: [ view_filter ] --START--
INFO: Run Behavior\WriteHtmlCacheBehavior [ RunTime:0.000000s ]
INFO: [ view_filter ] --END-- [ RunTime:0.000000s ]
INFO: [ app_end ] --START--
INFO: Run Behavior\ShowPageTraceBehavior [ RunTime:0.000000s ]
INFO: [ app_end ] --END-- [ RunTime:0.001000s ]

[ 2016-01-06T11:17:10+08:00 ] ::1 /passon/index.php/Home/Index/bind.html
INFO: [ app_init ] --START--
INFO: Run Behavior\BuildLiteBehavior [ RunTime:0.000000s ]
INFO: [ app_init ] --END-- [ RunTime:0.002000s ]
INFO: [ app_begin ] --START--
INFO: Run Behavior\ReadHtmlCacheBehavior [ RunTime:0.001000s ]
INFO: [ app_begin ] --END-- [ RunTime:0.001000s ]
INFO: [ view_parse ] --START--
INFO: [ template_filter ] --START--
INFO: Run Behavior\ContentReplaceBehavior [ RunTime:0.000000s ]
INFO: [ template_filter ] --END-- [ RunTime:0.000000s ]
NOTIC: [8] Use of undefined constant login_user - assumed 'login_user' D:\xampp\htdocs\passon\Application\Runtime\Cache\Home\2ace06a7d523fab9be004d440ee36983.php 第 31 行.
NOTIC: [8] Use of undefined constant forget - assumed 'forget' D:\xampp\htdocs\passon\Application\Runtime\Cache\Home\2ace06a7d523fab9be004d440ee36983.php 第 35 行.
NOTIC: [8] Use of undefined constant register - assumed 'register' D:\xampp\htdocs\passon\Application\Runtime\Cache\Home\2ace06a7d523fab9be004d440ee36983.php 第 39 行.
INFO: Run Behavior\ParseTemplateBehavior [ RunTime:0.012001s ]
INFO: [ view_parse ] --END-- [ RunTime:0.012001s ]
INFO: [ view_filter ] --START--
INFO: Run Behavior\WriteHtmlCacheBehavior [ RunTime:0.001000s ]
INFO: [ view_filter ] --END-- [ RunTime:0.001000s ]
INFO: [ app_end ] --START--
INFO: Run Behavior\ShowPageTraceBehavior [ RunTime:0.001000s ]
INFO: [ app_end ] --END-- [ RunTime:0.001000s ]

[ 2016-01-06T11:17:25+08:00 ] ::1 /passon/index.php/Home/Index/bind.html
INFO: [ app_init ] --START--
INFO: Run Behavior\BuildLiteBehavior [ RunTime:0.000000s ]
INFO: [ app_init ] --END-- [ RunTime:0.000000s ]
INFO: [ app_begin ] --START--
INFO: Run Behavior\ReadHtmlCacheBehavior [ RunTime:0.001000s ]
INFO: [ app_begin ] --END-- [ RunTime:0.001000s ]
INFO: [ view_parse ] --START--
INFO: [ template_filter ] --START--
INFO: Run Behavior\ContentReplaceBehavior [ RunTime:0.000000s ]
INFO: [ template_filter ] --END-- [ RunTime:0.000000s ]
NOTIC: [8] Use of undefined constant login_user - assumed 'login_user' D:\xampp\htdocs\passon\Application\Runtime\Cache\Home\2ace06a7d523fab9be004d440ee36983.php 第 31 行.
NOTIC: [8] Use of undefined constant forget - assumed 'forget' D:\xampp\htdocs\passon\Application\Runtime\Cache\Home\2ace06a7d523fab9be004d440ee36983.php 第 35 行.
NOTIC: [8] Use of undefined constant register - assumed 'register' D:\xampp\htdocs\passon\Application\Runtime\Cache\Home\2ace06a7d523fab9be004d440ee36983.php 第 39 行.
INFO: Run Behavior\ParseTemplateBehavior [ RunTime:0.008000s ]
INFO: [ view_parse ] --END-- [ RunTime:0.008000s ]
INFO: [ view_filter ] --START--
INFO: Run Behavior\WriteHtmlCacheBehavior [ RunTime:0.001000s ]
INFO: [ view_filter ] --END-- [ RunTime:0.001000s ]
INFO: [ app_end ] --START--
INFO: Run Behavior\ShowPageTraceBehavior [ RunTime:0.001000s ]
INFO: [ app_end ] --END-- [ RunTime:0.001000s ]

