[ 2016-01-21T10:30:11+08:00 ] ::1 /passon/index.php/Home/Index/share
INFO: [ app_init ] --START--
INFO: Run Behavior\BuildLiteBehavior [ RunTime:0.000000s ]
INFO: [ app_init ] --END-- [ RunTime:0.023001s ]
INFO: [ app_begin ] --START--
INFO: Run Behavior\ReadHtmlCacheBehavior [ RunTime:0.002000s ]
INFO: [ app_begin ] --END-- [ RunTime:0.002000s ]
SQL: SHOW COLUMNS FROM `wind87_passoncount` [ RunTime:2.4601s ]
SQL: SELECT * FROM `wind87_passoncount` WHERE `pagename` = 'share' AND `date` = '2016 01 21' LIMIT 1   [ RunTime:0.0260s ]
SQL: INSERT INTO `wind87_passoncount` (`pagename`,`count`,`date`,`des`) VALUES ('share','1','2016 01 21',NULL) [ RunTime:0.1760s ]
SQL: SHOW COLUMNS FROM `wind87_passonnums` [ RunTime:0.1460s ]
SQL: INSERT INTO `wind87_passonnums` (`username`,`ip`,`pagename`,`timeseconds`,`date`,`time`) VALUES ('visiter','0.0.0.0','share','1453343409','2016-01-21','10:30:09 am') [ RunTime:0.0570s ]
SQL: SHOW COLUMNS FROM `wind87_book` [ RunTime:0.1800s ]
SQL: SHOW COLUMNS FROM `wind87_bookattention` [ RunTime:0.4550s ]
SQL: SHOW COLUMNS FROM `wind87_booksusers` [ RunTime:0.3430s ]
SQL: SHOW COLUMNS FROM `wind87_booklog` [ RunTime:0.3280s ]
SQL: SHOW COLUMNS FROM `wind87_bookorder` [ RunTime:0.0810s ]
SQL: SHOW COLUMNS FROM `wind87_bookmnum` [ RunTime:0.0630s ]
SQL: SHOW COLUMNS FROM `wind87_book_bind` [ RunTime:0.0740s ]
SQL: SHOW COLUMNS FROM `wind87_book_wechat_userinfo` [ RunTime:0.0830s ]
SQL: SELECT * FROM `wind87_book_wechat_userinfo` WHERE `nickname` = null LIMIT 1   [ RunTime:0.0170s ]
SQL: SELECT * FROM `wind87_book_bind` WHERE `openid` = null LIMIT 1   [ RunTime:0.0000s ]
SQL: SHOW COLUMNS FROM `wind87_bookinfo` [ RunTime:0.0820s ]
SQL: SELECT COUNT(*) AS tp_count FROM `wind87_book` LIMIT 1   [ RunTime:0.0530s ]
SQL: SELECT * FROM `wind87_book` ORDER BY book_id DESC LIMIT 0,9   [ RunTime:0.0000s ]
SQL: SELECT * FROM `wind87_bookinfo` WHERE `isbn` = '9787115334589' LIMIT 1   [ RunTime:0.0810s ]
SQL: SELECT * FROM `wind87_bookattention` WHERE `book_id` = 47 AND `username` = null LIMIT 1   [ RunTime:0.0010s ]
SQL: SELECT * FROM `wind87_booksusers` WHERE `username` = 'huran' LIMIT 1   [ RunTime:0.0000s ]
SQL: SELECT * FROM `wind87_bookorder` WHERE `book_id` = 47 AND `ordername` = null LIMIT 1   [ RunTime:0.0010s ]
SQL: SELECT * FROM `wind87_bookmnum` WHERE `book_id` = 47 LIMIT 1   [ RunTime:0.0590s ]
SQL: SELECT * FROM `wind87_booklog` WHERE `book_id` = 47 AND `status` NOT IN ('4') ORDER BY log_id desc LIMIT 1   [ RunTime:0.0140s ]
SQL: SELECT * FROM `wind87_bookinfo` WHERE `isbn` = '9787213049422' LIMIT 1   [ RunTime:0.0140s ]
SQL: SELECT * FROM `wind87_bookattention` WHERE `book_id` = 46 AND `username` = null LIMIT 1   [ RunTime:0.0010s ]
SQL: SELECT * FROM `wind87_booksusers` WHERE `username` = 'huran' LIMIT 1   [ RunTime:0.0000s ]
SQL: SELECT * FROM `wind87_bookorder` WHERE `book_id` = 46 AND `ordername` = null LIMIT 1   [ RunTime:0.0010s ]
SQL: SELECT * FROM `wind87_bookmnum` WHERE `book_id` = 46 LIMIT 1   [ RunTime:0.0000s ]
SQL: SELECT * FROM `wind87_booklog` WHERE `book_id` = 46 AND `status` NOT IN ('4') ORDER BY log_id desc LIMIT 1   [ RunTime:0.0010s ]
SQL: SELECT * FROM `wind87_bookinfo` WHERE `isbn` = '9787115334589' LIMIT 1   [ RunTime:0.0000s ]
SQL: SELECT * FROM `wind87_bookattention` WHERE `book_id` = 45 AND `username` = null LIMIT 1   [ RunTime:0.0010s ]
SQL: SELECT * FROM `wind87_booksusers` WHERE `username` = 'huran' LIMIT 1   [ RunTime:0.0010s ]
SQL: SELECT * FROM `wind87_bookorder` WHERE `book_id` = 45 AND `ordername` = null LIMIT 1   [ RunTime:0.0000s ]
SQL: SELECT * FROM `wind87_bookmnum` WHERE `book_id` = 45 LIMIT 1   [ RunTime:0.0000s ]
SQL: SELECT * FROM `wind87_booklog` WHERE `book_id` = 45 AND `status` NOT IN ('4') ORDER BY log_id desc LIMIT 1   [ RunTime:0.0010s ]
NOTIC: [8] Use of undefined constant anytime - assumed 'anytime' D:\xampp\htdocs\passon\Application\Home\Controller\IndexController.class.php 第 728 行.
SQL: SELECT * FROM `wind87_bookinfo` WHERE `isbn` = '9787111380931' LIMIT 1   [ RunTime:0.0010s ]
SQL: SELECT * FROM `wind87_bookattention` WHERE `book_id` = 44 AND `username` = null LIMIT 1   [ RunTime:0.0010s ]
SQL: SELECT * FROM `wind87_booksusers` WHERE `username` = 'huran' LIMIT 1   [ RunTime:0.0000s ]
SQL: SELECT * FROM `wind87_bookorder` WHERE `book_id` = 44 AND `ordername` = null LIMIT 1   [ RunTime:0.0010s ]
SQL: SELECT * FROM `wind87_bookmnum` WHERE `book_id` = 44 LIMIT 1   [ RunTime:0.0010s ]
SQL: SELECT * FROM `wind87_booklog` WHERE `book_id` = 44 AND `status` NOT IN ('4') ORDER BY log_id desc LIMIT 1   [ RunTime:0.0000s ]
SQL: SELECT * FROM `wind87_bookinfo` WHERE `isbn` = '9787508623610' LIMIT 1   [ RunTime:0.0010s ]
SQL: SELECT * FROM `wind87_bookattention` WHERE `book_id` = 43 AND `username` = null LIMIT 1   [ RunTime:0.0010s ]
SQL: SELECT * FROM `wind87_booksusers` WHERE `username` = 'huran' LIMIT 1   [ RunTime:0.0000s ]
SQL: SELECT * FROM `wind87_bookorder` WHERE `book_id` = 43 AND `ordername` = null LIMIT 1   [ RunTime:0.0000s ]
SQL: SELECT * FROM `wind87_bookmnum` WHERE `book_id` = 43 LIMIT 1   [ RunTime:0.0010s ]
SQL: SELECT * FROM `wind87_booklog` WHERE `book_id` = 43 AND `status` NOT IN ('4') ORDER BY log_id desc LIMIT 1   [ RunTime:0.0000s ]
NOTIC: [8] Use of undefined constant anytime - assumed 'anytime' D:\xampp\htdocs\passon\Application\Home\Controller\IndexController.class.php 第 728 行.
SQL: SELECT * FROM `wind87_bookinfo` WHERE `isbn` = '9787115281609' LIMIT 1   [ RunTime:0.0000s ]
SQL: SELECT * FROM `wind87_bookattention` WHERE `book_id` = 42 AND `username` = null LIMIT 1   [ RunTime:0.0010s ]
SQL: SELECT * FROM `wind87_booksusers` WHERE `username` = 'huran' LIMIT 1   [ RunTime:0.0000s ]
SQL: SELECT * FROM `wind87_bookorder` WHERE `book_id` = 42 AND `ordername` = null LIMIT 1   [ RunTime:0.0000s ]
SQL: SELECT * FROM `wind87_bookmnum` WHERE `book_id` = 42 LIMIT 1   [ RunTime:0.0010s ]
SQL: SELECT * FROM `wind87_booklog` WHERE `book_id` = 42 AND `status` NOT IN ('4') ORDER BY log_id desc LIMIT 1   [ RunTime:0.0000s ]
SQL: SELECT * FROM `wind87_bookinfo` WHERE `isbn` = '9787213049422' LIMIT 1   [ RunTime:0.0000s ]
SQL: SELECT * FROM `wind87_bookattention` WHERE `book_id` = 41 AND `username` = null LIMIT 1   [ RunTime:0.0010s ]
SQL: SELECT * FROM `wind87_booksusers` WHERE `username` = 'huran' LIMIT 1   [ RunTime:0.0010s ]
SQL: SELECT * FROM `wind87_bookorder` WHERE `book_id` = 41 AND `ordername` = null LIMIT 1   [ RunTime:0.0000s ]
SQL: SELECT * FROM `wind87_bookmnum` WHERE `book_id` = 41 LIMIT 1   [ RunTime:0.0000s ]
SQL: SELECT * FROM `wind87_booklog` WHERE `book_id` = 41 AND `status` NOT IN ('4') ORDER BY log_id desc LIMIT 1   [ RunTime:0.0010s ]
NOTIC: [8] Use of undefined constant anytime - assumed 'anytime' D:\xampp\htdocs\passon\Application\Home\Controller\IndexController.class.php 第 728 行.
SQL: SELECT * FROM `wind87_bookinfo` WHERE `isbn` = '9787115334589' LIMIT 1   [ RunTime:0.0000s ]
SQL: SELECT * FROM `wind87_bookattention` WHERE `book_id` = 39 AND `username` = null LIMIT 1   [ RunTime:0.0000s ]
SQL: SELECT * FROM `wind87_booksusers` WHERE `username` = 'huran' LIMIT 1   [ RunTime:0.0010s ]
SQL: SELECT * FROM `wind87_bookorder` WHERE `book_id` = 39 AND `ordername` = null LIMIT 1   [ RunTime:0.0000s ]
SQL: SELECT * FROM `wind87_bookmnum` WHERE `book_id` = 39 LIMIT 1   [ RunTime:0.0000s ]
SQL: SELECT * FROM `wind87_booklog` WHERE `book_id` = 39 AND `status` NOT IN ('4') ORDER BY log_id desc LIMIT 1   [ RunTime:0.0000s ]
NOTIC: [8] Use of undefined constant anytime - assumed 'anytime' D:\xampp\htdocs\passon\Application\Home\Controller\IndexController.class.php 第 728 行.
NOTIC: [8] Use of undefined constant booknumbers - assumed 'booknumbers' D:\xampp\htdocs\passon\Application\Home\Controller\IndexController.class.php 第 773 行.
SQL: SHOW COLUMNS FROM `wind87_booknumbers` [ RunTime:0.1130s ]
SQL: SELECT * FROM `wind87_booknumbers` ORDER BY number desc LIMIT 6   [ RunTime:0.0010s ]
SQL: SELECT * FROM `wind87_bookinfo` ORDER BY isbn asc LIMIT 6   [ RunTime:0.0010s ]
INFO: [ view_parse ] --START--
INFO: [ template_filter ] --START--
INFO: Run Behavior\ContentReplaceBehavior [ RunTime:0.002000s ]
INFO: [ template_filter ] --END-- [ RunTime:0.003000s ]
NOTIC: [8] Use of undefined constant index - assumed 'index' D:\xampp\htdocs\passon\Application\Runtime\Cache\Home\b813aae94b2ddf4a4ed7e36f5c3a1a86.php 第 15 行.
NOTIC: [8] Use of undefined constant squre - assumed 'squre' D:\xampp\htdocs\passon\Application\Runtime\Cache\Home\b813aae94b2ddf4a4ed7e36f5c3a1a86.php 第 16 行.
NOTIC: [8] Use of undefined constant share - assumed 'share' D:\xampp\htdocs\passon\Application\Runtime\Cache\Home\b813aae94b2ddf4a4ed7e36f5c3a1a86.php 第 17 行.
NOTIC: [8] Use of undefined constant search - assumed 'search' D:\xampp\htdocs\passon\Application\Runtime\Cache\Home\b813aae94b2ddf4a4ed7e36f5c3a1a86.php 第 20 行.
NOTIC: [8] Use of undefined constant shareRegister - assumed 'shareRegister' D:\xampp\htdocs\passon\Application\Runtime\Cache\Home\b813aae94b2ddf4a4ed7e36f5c3a1a86.php 第 43 行.
NOTIC: [8] Use of undefined constant shareLogin - assumed 'shareLogin' D:\xampp\htdocs\passon\Application\Runtime\Cache\Home\b813aae94b2ddf4a4ed7e36f5c3a1a86.php 第 44 行.
NOTIC: [8] Use of undefined constant person - assumed 'person' D:\xampp\htdocs\passon\Application\Runtime\Cache\Home\b813aae94b2ddf4a4ed7e36f5c3a1a86.php 第 47 行.
NOTIC: [8] Undefined index: username D:\xampp\htdocs\passon\Application\Runtime\Cache\Home\b813aae94b2ddf4a4ed7e36f5c3a1a86.php 第 47 行.
NOTIC: [8] Use of undefined constant logout - assumed 'logout' D:\xampp\htdocs\passon\Application\Runtime\Cache\Home\b813aae94b2ddf4a4ed7e36f5c3a1a86.php 第 47 行.
NOTIC: [8] Use of undefined constant index - assumed 'index' D:\xampp\htdocs\passon\Application\Runtime\Cache\Home\b813aae94b2ddf4a4ed7e36f5c3a1a86.php 第 56 行.
NOTIC: [8] Use of undefined constant contribute - assumed 'contribute' D:\xampp\htdocs\passon\Application\Runtime\Cache\Home\b813aae94b2ddf4a4ed7e36f5c3a1a86.php 第 167 行.
NOTIC: [8] Use of undefined constant search - assumed 'search' D:\xampp\htdocs\passon\Application\Runtime\Cache\Home\b813aae94b2ddf4a4ed7e36f5c3a1a86.php 第 195 行.
NOTIC: [8] Use of undefined constant bookInfo - assumed 'bookInfo' D:\xampp\htdocs\passon\Application\Runtime\Cache\Home\b813aae94b2ddf4a4ed7e36f5c3a1a86.php 第 205 行.
NOTIC: [8] Use of undefined constant bookInfo - assumed 'bookInfo' D:\xampp\htdocs\passon\Application\Runtime\Cache\Home\b813aae94b2ddf4a4ed7e36f5c3a1a86.php 第 205 行.
NOTIC: [8] Use of undefined constant bookInfo - assumed 'bookInfo' D:\xampp\htdocs\passon\Application\Runtime\Cache\Home\b813aae94b2ddf4a4ed7e36f5c3a1a86.php 第 205 行.
NOTIC: [8] Undefined index: orderflag D:\xampp\htdocs\passon\Application\Runtime\Cache\Home\b813aae94b2ddf4a4ed7e36f5c3a1a86.php 第 229 行.
NOTIC: [8] Use of undefined constant bookInfo - assumed 'bookInfo' D:\xampp\htdocs\passon\Application\Runtime\Cache\Home\b813aae94b2ddf4a4ed7e36f5c3a1a86.php 第 205 行.
NOTIC: [8] Use of undefined constant bookInfo - assumed 'bookInfo' D:\xampp\htdocs\passon\Application\Runtime\Cache\Home\b813aae94b2ddf4a4ed7e36f5c3a1a86.php 第 205 行.
NOTIC: [8] Undefined index: orderflag D:\xampp\htdocs\passon\Application\Runtime\Cache\Home\b813aae94b2ddf4a4ed7e36f5c3a1a86.php 第 229 行.
NOTIC: [8] Use of undefined constant bookInfo - assumed 'bookInfo' D:\xampp\htdocs\passon\Application\Runtime\Cache\Home\b813aae94b2ddf4a4ed7e36f5c3a1a86.php 第 205 行.
NOTIC: [8] Use of undefined constant bookInfo - assumed 'bookInfo' D:\xampp\htdocs\passon\Application\Runtime\Cache\Home\b813aae94b2ddf4a4ed7e36f5c3a1a86.php 第 205 行.
NOTIC: [8] Undefined index: orderflag D:\xampp\htdocs\passon\Application\Runtime\Cache\Home\b813aae94b2ddf4a4ed7e36f5c3a1a86.php 第 229 行.
NOTIC: [8] Use of undefined constant bookInfo - assumed 'bookInfo' D:\xampp\htdocs\passon\Application\Runtime\Cache\Home\b813aae94b2ddf4a4ed7e36f5c3a1a86.php 第 205 行.
NOTIC: [8] Undefined index: orderflag D:\xampp\htdocs\passon\Application\Runtime\Cache\Home\b813aae94b2ddf4a4ed7e36f5c3a1a86.php 第 229 行.
NOTIC: [8] Undefined offset: 1 D:\xampp\htdocs\passon\Application\Runtime\Cache\Home\b813aae94b2ddf4a4ed7e36f5c3a1a86.php 第 263 行.
NOTIC: [8] Undefined offset: 1 D:\xampp\htdocs\passon\Application\Runtime\Cache\Home\b813aae94b2ddf4a4ed7e36f5c3a1a86.php 第 264 行.
NOTIC: [8] Undefined offset: 2 D:\xampp\htdocs\passon\Application\Runtime\Cache\Home\b813aae94b2ddf4a4ed7e36f5c3a1a86.php 第 267 行.
NOTIC: [8] Undefined offset: 2 D:\xampp\htdocs\passon\Application\Runtime\Cache\Home\b813aae94b2ddf4a4ed7e36f5c3a1a86.php 第 268 行.
NOTIC: [8] Undefined offset: 3 D:\xampp\htdocs\passon\Application\Runtime\Cache\Home\b813aae94b2ddf4a4ed7e36f5c3a1a86.php 第 271 行.
NOTIC: [8] Undefined offset: 3 D:\xampp\htdocs\passon\Application\Runtime\Cache\Home\b813aae94b2ddf4a4ed7e36f5c3a1a86.php 第 272 行.
NOTIC: [8] Undefined offset: 4 D:\xampp\htdocs\passon\Application\Runtime\Cache\Home\b813aae94b2ddf4a4ed7e36f5c3a1a86.php 第 275 行.
NOTIC: [8] Undefined offset: 4 D:\xampp\htdocs\passon\Application\Runtime\Cache\Home\b813aae94b2ddf4a4ed7e36f5c3a1a86.php 第 276 行.
NOTIC: [8] Undefined offset: 5 D:\xampp\htdocs\passon\Application\Runtime\Cache\Home\b813aae94b2ddf4a4ed7e36f5c3a1a86.php 第 279 行.
NOTIC: [8] Undefined offset: 5 D:\xampp\htdocs\passon\Application\Runtime\Cache\Home\b813aae94b2ddf4a4ed7e36f5c3a1a86.php 第 280 行.
INFO: Run Behavior\ParseTemplateBehavior [ RunTime:0.250014s ]
INFO: [ view_parse ] --END-- [ RunTime:0.250014s ]
INFO: [ view_filter ] --START--
INFO: Run Behavior\WriteHtmlCacheBehavior [ RunTime:0.013001s ]
INFO: [ view_filter ] --END-- [ RunTime:0.013001s ]
INFO: [ app_end ] --START--
INFO: Run Behavior\ShowPageTraceBehavior [ RunTime:0.029001s ]
INFO: [ app_end ] --END-- [ RunTime:0.029001s ]

[ 2016-01-21T10:30:47+08:00 ] ::1 /passon/index.php/Home/Index/shareLogin.html
INFO: [ app_init ] --START--
INFO: Run Behavior\BuildLiteBehavior [ RunTime:0.000000s ]
INFO: [ app_init ] --END-- [ RunTime:0.001000s ]
INFO: [ app_begin ] --START--
INFO: Run Behavior\ReadHtmlCacheBehavior [ RunTime:0.001000s ]
INFO: [ app_begin ] --END-- [ RunTime:0.001000s ]
SQL: SHOW COLUMNS FROM `wind87_passoncount` [ RunTime:0.0040s ]
SQL: SELECT * FROM `wind87_passoncount` WHERE `pagename` = 'login' AND `date` = '2016 01 21' LIMIT 1   [ RunTime:0.0010s ]
SQL: INSERT INTO `wind87_passoncount` (`pagename`,`count`,`date`,`des`) VALUES ('login','1','2016 01 21',NULL) [ RunTime:0.0780s ]
SQL: SHOW COLUMNS FROM `wind87_passonnums` [ RunTime:0.0040s ]
SQL: INSERT INTO `wind87_passonnums` (`username`,`ip`,`pagename`,`timeseconds`,`date`,`time`) VALUES ('visiter','0.0.0.0','login','1453343447','2016-01-21','10:30:47 am') [ RunTime:0.0560s ]
INFO: [ view_parse ] --START--
INFO: [ template_filter ] --START--
INFO: Run Behavior\ContentReplaceBehavior [ RunTime:0.000000s ]
INFO: [ template_filter ] --END-- [ RunTime:0.000000s ]
NOTIC: [8] Use of undefined constant shareLogin_user - assumed 'shareLogin_user' D:\xampp\htdocs\passon\Application\Runtime\Cache\Home\df8423faa6c9f3a3e873de48694abc71.php 第 17 行.
NOTIC: [8] Use of undefined constant forget - assumed 'forget' D:\xampp\htdocs\passon\Application\Runtime\Cache\Home\df8423faa6c9f3a3e873de48694abc71.php 第 21 行.
NOTIC: [8] Use of undefined constant shareRegister - assumed 'shareRegister' D:\xampp\htdocs\passon\Application\Runtime\Cache\Home\df8423faa6c9f3a3e873de48694abc71.php 第 25 行.
INFO: Run Behavior\ParseTemplateBehavior [ RunTime:0.031001s ]
INFO: [ view_parse ] --END-- [ RunTime:0.031001s ]
INFO: [ view_filter ] --START--
INFO: Run Behavior\WriteHtmlCacheBehavior [ RunTime:0.000000s ]
INFO: [ view_filter ] --END-- [ RunTime:0.000000s ]
INFO: [ app_end ] --START--
INFO: Run Behavior\ShowPageTraceBehavior [ RunTime:0.002000s ]
INFO: [ app_end ] --END-- [ RunTime:0.002000s ]

[ 2016-01-21T10:30:54+08:00 ] ::1 /passon/index.php/Home/Index/shareLogin_user.html
INFO: [ app_init ] --START--
INFO: Run Behavior\BuildLiteBehavior [ RunTime:0.000000s ]
INFO: [ app_init ] --END-- [ RunTime:0.000000s ]
INFO: [ app_begin ] --START--
INFO: Run Behavior\ReadHtmlCacheBehavior [ RunTime:0.001000s ]
INFO: [ app_begin ] --END-- [ RunTime:0.001000s ]
SQL: SHOW COLUMNS FROM `wind87_booksusers` [ RunTime:0.0110s ]
SQL: SELECT * FROM `wind87_booksusers` WHERE `username` = 'huran' AND `password` = '9da89b60f85aa0873a1b6bea483af36e'  [ RunTime:0.0010s ]
SQL: SELECT * FROM `wind87_booksusers` LIMIT 1   [ RunTime:0.0000s ]
NOTIC: [8] Use of undefined constant shareLogin - assumed 'shareLogin' D:\xampp\htdocs\passon\Application\Home\Controller\IndexController.class.php 第 1447 行.
INFO: [ view_parse ] --START--
INFO: [ template_filter ] --START--
INFO: Run Behavior\ContentReplaceBehavior [ RunTime:0.000000s ]
INFO: [ template_filter ] --END-- [ RunTime:0.000000s ]
INFO: Run Behavior\ParseTemplateBehavior [ RunTime:0.116006s ]
INFO: [ view_parse ] --END-- [ RunTime:0.117006s ]
INFO: [ view_filter ] --START--
INFO: Run Behavior\WriteHtmlCacheBehavior [ RunTime:0.000000s ]
INFO: [ view_filter ] --END-- [ RunTime:0.002000s ]

[ 2016-01-21T10:30:57+08:00 ] ::1 /passon/index.php/Home/Index/shareLogin.html
INFO: [ app_init ] --START--
INFO: Run Behavior\BuildLiteBehavior [ RunTime:0.000000s ]
INFO: [ app_init ] --END-- [ RunTime:0.000000s ]
INFO: [ app_begin ] --START--
INFO: Run Behavior\ReadHtmlCacheBehavior [ RunTime:0.001000s ]
INFO: [ app_begin ] --END-- [ RunTime:0.001000s ]
SQL: SHOW COLUMNS FROM `wind87_passoncount` [ RunTime:0.0040s ]
SQL: SELECT * FROM `wind87_passoncount` WHERE `pagename` = 'login' AND `date` = '2016 01 21' LIMIT 1   [ RunTime:0.0010s ]
SQL: SELECT * FROM `wind87_passoncount` WHERE `pagename` = 'login' AND `date` = '2016 01 21' LIMIT 1   [ RunTime:0.0010s ]
SQL: UPDATE `wind87_passoncount` SET `pagename`='login',`count`='2',`date`='2016 01 21',`des`=NULL WHERE `id` = 176 [ RunTime:0.1520s ]
SQL: SHOW COLUMNS FROM `wind87_passonnums` [ RunTime:0.0050s ]
SQL: INSERT INTO `wind87_passonnums` (`username`,`ip`,`pagename`,`timeseconds`,`date`,`time`) VALUES ('visiter','0.0.0.0','login','1453343457','2016-01-21','10:30:57 am') [ RunTime:0.0610s ]
INFO: [ view_parse ] --START--
INFO: [ template_filter ] --START--
INFO: Run Behavior\ContentReplaceBehavior [ RunTime:0.000000s ]
INFO: [ template_filter ] --END-- [ RunTime:0.000000s ]
NOTIC: [8] Use of undefined constant shareLogin_user - assumed 'shareLogin_user' D:\xampp\htdocs\passon\Application\Runtime\Cache\Home\df8423faa6c9f3a3e873de48694abc71.php 第 17 行.
NOTIC: [8] Use of undefined constant forget - assumed 'forget' D:\xampp\htdocs\passon\Application\Runtime\Cache\Home\df8423faa6c9f3a3e873de48694abc71.php 第 21 行.
NOTIC: [8] Use of undefined constant shareRegister - assumed 'shareRegister' D:\xampp\htdocs\passon\Application\Runtime\Cache\Home\df8423faa6c9f3a3e873de48694abc71.php 第 25 行.
INFO: Run Behavior\ParseTemplateBehavior [ RunTime:0.007001s ]
INFO: [ view_parse ] --END-- [ RunTime:0.007001s ]
INFO: [ view_filter ] --START--
INFO: Run Behavior\WriteHtmlCacheBehavior [ RunTime:0.000000s ]
INFO: [ view_filter ] --END-- [ RunTime:0.000000s ]
INFO: [ app_end ] --START--
INFO: Run Behavior\ShowPageTraceBehavior [ RunTime:0.001000s ]
INFO: [ app_end ] --END-- [ RunTime:0.001000s ]

[ 2016-01-21T10:30:58+08:00 ] ::1 /passon/index.php/Home/Index/shareLogin.html
INFO: [ app_init ] --START--
INFO: Run Behavior\BuildLiteBehavior [ RunTime:0.000000s ]
INFO: [ app_init ] --END-- [ RunTime:0.001000s ]
INFO: [ app_begin ] --START--
INFO: Run Behavior\ReadHtmlCacheBehavior [ RunTime:0.001000s ]
INFO: [ app_begin ] --END-- [ RunTime:0.001000s ]
SQL: SHOW COLUMNS FROM `wind87_passoncount` [ RunTime:0.0050s ]
SQL: SELECT * FROM `wind87_passoncount` WHERE `pagename` = 'login' AND `date` = '2016 01 21' LIMIT 1   [ RunTime:0.0010s ]
SQL: SELECT * FROM `wind87_passoncount` WHERE `pagename` = 'login' AND `date` = '2016 01 21' LIMIT 1   [ RunTime:0.0010s ]
SQL: UPDATE `wind87_passoncount` SET `pagename`='login',`count`='3',`date`='2016 01 21',`des`=NULL WHERE `id` = 176 [ RunTime:0.1190s ]
SQL: SHOW COLUMNS FROM `wind87_passonnums` [ RunTime:0.0050s ]
SQL: INSERT INTO `wind87_passonnums` (`username`,`ip`,`pagename`,`timeseconds`,`date`,`time`) VALUES ('visiter','0.0.0.0','login','1453343457','2016-01-21','10:30:57 am') [ RunTime:0.0660s ]
INFO: [ view_parse ] --START--
INFO: [ template_filter ] --START--
INFO: Run Behavior\ContentReplaceBehavior [ RunTime:0.000000s ]
INFO: [ template_filter ] --END-- [ RunTime:0.000000s ]
NOTIC: [8] Use of undefined constant shareLogin_user - assumed 'shareLogin_user' D:\xampp\htdocs\passon\Application\Runtime\Cache\Home\df8423faa6c9f3a3e873de48694abc71.php 第 17 行.
NOTIC: [8] Use of undefined constant forget - assumed 'forget' D:\xampp\htdocs\passon\Application\Runtime\Cache\Home\df8423faa6c9f3a3e873de48694abc71.php 第 21 行.
NOTIC: [8] Use of undefined constant shareRegister - assumed 'shareRegister' D:\xampp\htdocs\passon\Application\Runtime\Cache\Home\df8423faa6c9f3a3e873de48694abc71.php 第 25 行.
INFO: Run Behavior\ParseTemplateBehavior [ RunTime:0.010001s ]
INFO: [ view_parse ] --END-- [ RunTime:0.010001s ]
INFO: [ view_filter ] --START--
INFO: Run Behavior\WriteHtmlCacheBehavior [ RunTime:0.001000s ]
INFO: [ view_filter ] --END-- [ RunTime:0.001000s ]
INFO: [ app_end ] --START--
INFO: Run Behavior\ShowPageTraceBehavior [ RunTime:0.001000s ]
INFO: [ app_end ] --END-- [ RunTime:0.001000s ]

[ 2016-01-21T10:31:04+08:00 ] ::1 /passon/index.php/Home/Index/shareLogin_user.html
INFO: [ app_init ] --START--
INFO: Run Behavior\BuildLiteBehavior [ RunTime:0.000000s ]
INFO: [ app_init ] --END-- [ RunTime:0.001000s ]
INFO: [ app_begin ] --START--
INFO: Run Behavior\ReadHtmlCacheBehavior [ RunTime:0.001000s ]
INFO: [ app_begin ] --END-- [ RunTime:0.001000s ]
SQL: SHOW COLUMNS FROM `wind87_booksusers` [ RunTime:0.0040s ]
SQL: SELECT * FROM `wind87_booksusers` WHERE `username` = 'huran' AND `password` = '87ec11b4bb373c801f51bf11e65aafc3'  [ RunTime:0.0000s ]
SQL: SELECT * FROM `wind87_booksusers` WHERE (  `id` = '20' AND `username` = 'huran' AND `password` = '87ec11b4bb373c801f51bf11e65aafc3' AND `phone` = '18813079759' AND `addr` = '01' AND `email` = '' AND `flag` = '1' ) LIMIT 1   [ RunTime:0.0010s ]
NOTIC: [8] Use of undefined constant share - assumed 'share' D:\xampp\htdocs\passon\Application\Home\Controller\IndexController.class.php 第 1451 行.

[ 2016-01-21T10:31:04+08:00 ] ::1 /passon/index.php/Home/Index/share.html
INFO: [ app_init ] --START--
INFO: Run Behavior\BuildLiteBehavior [ RunTime:0.000000s ]
INFO: [ app_init ] --END-- [ RunTime:0.001000s ]
INFO: [ app_begin ] --START--
INFO: Run Behavior\ReadHtmlCacheBehavior [ RunTime:0.001000s ]
INFO: [ app_begin ] --END-- [ RunTime:0.001000s ]
SQL: SHOW COLUMNS FROM `wind87_passoncount` [ RunTime:0.0040s ]
SQL: SELECT * FROM `wind87_passoncount` WHERE `pagename` = 'share' AND `date` = '2016 01 21' LIMIT 1   [ RunTime:0.0010s ]
SQL: SELECT * FROM `wind87_passoncount` WHERE `pagename` = 'share' AND `date` = '2016 01 21' LIMIT 1   [ RunTime:0.0010s ]
SQL: UPDATE `wind87_passoncount` SET `pagename`='share',`count`='2',`date`='2016 01 21',`des`=NULL WHERE `id` = 175 [ RunTime:0.0500s ]
SQL: SHOW COLUMNS FROM `wind87_passonnums` [ RunTime:0.0080s ]
SQL: INSERT INTO `wind87_passonnums` (`username`,`ip`,`pagename`,`timeseconds`,`date`,`time`) VALUES ('huran','0.0.0.0','share','1453343464','2016-01-21','10:31:04 am') [ RunTime:0.0490s ]
SQL: SHOW COLUMNS FROM `wind87_book` [ RunTime:0.0040s ]
SQL: SHOW COLUMNS FROM `wind87_bookattention` [ RunTime:0.0060s ]
SQL: SHOW COLUMNS FROM `wind87_booksusers` [ RunTime:0.0050s ]
SQL: SHOW COLUMNS FROM `wind87_booklog` [ RunTime:0.0050s ]
SQL: SHOW COLUMNS FROM `wind87_bookorder` [ RunTime:0.0040s ]
SQL: SHOW COLUMNS FROM `wind87_bookmnum` [ RunTime:0.0200s ]
SQL: SHOW COLUMNS FROM `wind87_book_bind` [ RunTime:0.0030s ]
SQL: SHOW COLUMNS FROM `wind87_book_wechat_userinfo` [ RunTime:0.0040s ]
SQL: SELECT * FROM `wind87_book_wechat_userinfo` WHERE `nickname` = 'huran' LIMIT 1   [ RunTime:0.0010s ]
SQL: SELECT * FROM `wind87_book_bind` WHERE `openid` = null LIMIT 1   [ RunTime:0.0000s ]
SQL: SHOW COLUMNS FROM `wind87_bookinfo` [ RunTime:0.0050s ]
SQL: SELECT COUNT(*) AS tp_count FROM `wind87_book` LIMIT 1   [ RunTime:0.0010s ]
SQL: SELECT * FROM `wind87_book` ORDER BY book_id DESC LIMIT 0,9   [ RunTime:0.0000s ]
SQL: SELECT * FROM `wind87_bookinfo` WHERE `isbn` = '9787115334589' LIMIT 1   [ RunTime:0.0010s ]
SQL: SELECT * FROM `wind87_bookattention` WHERE `book_id` = 47 AND `username` = 'huran' LIMIT 1   [ RunTime:0.0010s ]
SQL: SELECT * FROM `wind87_booksusers` WHERE `username` = 'huran' LIMIT 1   [ RunTime:0.0020s ]
SQL: SELECT * FROM `wind87_bookorder` WHERE `book_id` = 47 AND `ordername` = 'huran' LIMIT 1   [ RunTime:0.0010s ]
SQL: SELECT * FROM `wind87_bookmnum` WHERE `book_id` = 47 LIMIT 1   [ RunTime:0.0000s ]
SQL: SELECT * FROM `wind87_booklog` WHERE `book_id` = 47 AND `status` NOT IN ('4') ORDER BY log_id desc LIMIT 1   [ RunTime:0.0000s ]
SQL: SELECT * FROM `wind87_bookinfo` WHERE `isbn` = '9787213049422' LIMIT 1   [ RunTime:0.0010s ]
SQL: SELECT * FROM `wind87_bookattention` WHERE `book_id` = 46 AND `username` = 'huran' LIMIT 1   [ RunTime:0.0000s ]
SQL: SELECT * FROM `wind87_booksusers` WHERE `username` = 'huran' LIMIT 1   [ RunTime:0.0000s ]
SQL: SELECT * FROM `wind87_bookorder` WHERE `book_id` = 46 AND `ordername` = 'huran' LIMIT 1   [ RunTime:0.0000s ]
SQL: SELECT * FROM `wind87_bookmnum` WHERE `book_id` = 46 LIMIT 1   [ RunTime:0.0010s ]
SQL: SELECT * FROM `wind87_booklog` WHERE `book_id` = 46 AND `status` NOT IN ('4') ORDER BY log_id desc LIMIT 1   [ RunTime:0.0000s ]
SQL: SELECT * FROM `wind87_bookinfo` WHERE `isbn` = '9787115334589' LIMIT 1   [ RunTime:0.0000s ]
SQL: SELECT * FROM `wind87_bookattention` WHERE `book_id` = 45 AND `username` = 'huran' LIMIT 1   [ RunTime:0.0000s ]
SQL: SELECT * FROM `wind87_booksusers` WHERE `username` = 'huran' LIMIT 1   [ RunTime:0.0000s ]
SQL: SELECT * FROM `wind87_bookorder` WHERE `book_id` = 45 AND `ordername` = 'huran' LIMIT 1   [ RunTime:0.0000s ]
SQL: SELECT * FROM `wind87_bookmnum` WHERE `book_id` = 45 LIMIT 1   [ RunTime:0.0010s ]
SQL: SELECT * FROM `wind87_booklog` WHERE `book_id` = 45 AND `status` NOT IN ('4') ORDER BY log_id desc LIMIT 1   [ RunTime:0.0000s ]
NOTIC: [8] Use of undefined constant anytime - assumed 'anytime' D:\xampp\htdocs\passon\Application\Home\Controller\IndexController.class.php 第 728 行.
SQL: SELECT * FROM `wind87_bookinfo` WHERE `isbn` = '9787111380931' LIMIT 1   [ RunTime:0.0010s ]
SQL: SELECT * FROM `wind87_bookattention` WHERE `book_id` = 44 AND `username` = 'huran' LIMIT 1   [ RunTime:0.0000s ]
SQL: SELECT * FROM `wind87_booksusers` WHERE `username` = 'huran' LIMIT 1   [ RunTime:0.0010s ]
SQL: SELECT * FROM `wind87_bookorder` WHERE `book_id` = 44 AND `ordername` = 'huran' LIMIT 1   [ RunTime:0.0000s ]
SQL: SELECT * FROM `wind87_bookmnum` WHERE `book_id` = 44 LIMIT 1   [ RunTime:0.0000s ]
SQL: SELECT * FROM `wind87_booklog` WHERE `book_id` = 44 AND `status` NOT IN ('4') ORDER BY log_id desc LIMIT 1   [ RunTime:0.0000s ]
SQL: SELECT * FROM `wind87_bookinfo` WHERE `isbn` = '9787508623610' LIMIT 1   [ RunTime:0.0010s ]
SQL: SELECT * FROM `wind87_bookattention` WHERE `book_id` = 43 AND `username` = 'huran' LIMIT 1   [ RunTime:0.0000s ]
SQL: SELECT * FROM `wind87_booksusers` WHERE `username` = 'huran' LIMIT 1   [ RunTime:0.0010s ]
SQL: SELECT * FROM `wind87_bookorder` WHERE `book_id` = 43 AND `ordername` = 'huran' LIMIT 1   [ RunTime:0.0000s ]
SQL: SELECT * FROM `wind87_bookmnum` WHERE `book_id` = 43 LIMIT 1   [ RunTime:0.0010s ]
SQL: SELECT * FROM `wind87_booklog` WHERE `book_id` = 43 AND `status` NOT IN ('4') ORDER BY log_id desc LIMIT 1   [ RunTime:0.0000s ]
NOTIC: [8] Use of undefined constant anytime - assumed 'anytime' D:\xampp\htdocs\passon\Application\Home\Controller\IndexController.class.php 第 728 行.
SQL: SELECT * FROM `wind87_bookinfo` WHERE `isbn` = '9787115281609' LIMIT 1   [ RunTime:0.0000s ]
SQL: SELECT * FROM `wind87_bookattention` WHERE `book_id` = 42 AND `username` = 'huran' LIMIT 1   [ RunTime:0.0000s ]
SQL: SELECT * FROM `wind87_booksusers` WHERE `username` = 'huran' LIMIT 1   [ RunTime:0.0000s ]
SQL: SELECT * FROM `wind87_bookorder` WHERE `book_id` = 42 AND `ordername` = 'huran' LIMIT 1   [ RunTime:0.0010s ]
SQL: SELECT * FROM `wind87_bookmnum` WHERE `book_id` = 42 LIMIT 1   [ RunTime:0.0000s ]
SQL: SELECT * FROM `wind87_booklog` WHERE `book_id` = 42 AND `status` NOT IN ('4') ORDER BY log_id desc LIMIT 1   [ RunTime:0.0010s ]
SQL: SELECT * FROM `wind87_bookinfo` WHERE `isbn` = '9787213049422' LIMIT 1   [ RunTime:0.0000s ]
SQL: SELECT * FROM `wind87_bookattention` WHERE `book_id` = 41 AND `username` = 'huran' LIMIT 1   [ RunTime:0.0010s ]
SQL: SELECT * FROM `wind87_booksusers` WHERE `username` = 'huran' LIMIT 1   [ RunTime:0.0000s ]
SQL: SELECT * FROM `wind87_bookorder` WHERE `book_id` = 41 AND `ordername` = 'huran' LIMIT 1   [ RunTime:0.0010s ]
SQL: SELECT * FROM `wind87_bookmnum` WHERE `book_id` = 41 LIMIT 1   [ RunTime:0.0000s ]
SQL: SELECT * FROM `wind87_booklog` WHERE `book_id` = 41 AND `status` NOT IN ('4') ORDER BY log_id desc LIMIT 1   [ RunTime:0.0000s ]
NOTIC: [8] Use of undefined constant anytime - assumed 'anytime' D:\xampp\htdocs\passon\Application\Home\Controller\IndexController.class.php 第 728 行.
SQL: SELECT * FROM `wind87_bookinfo` WHERE `isbn` = '9787115334589' LIMIT 1   [ RunTime:0.0000s ]
SQL: SELECT * FROM `wind87_bookattention` WHERE `book_id` = 39 AND `username` = 'huran' LIMIT 1   [ RunTime:0.0010s ]
SQL: SELECT * FROM `wind87_booksusers` WHERE `username` = 'huran' LIMIT 1   [ RunTime:0.0000s ]
SQL: SELECT * FROM `wind87_bookorder` WHERE `book_id` = 39 AND `ordername` = 'huran' LIMIT 1   [ RunTime:0.0010s ]
SQL: SELECT * FROM `wind87_bookmnum` WHERE `book_id` = 39 LIMIT 1   [ RunTime:0.0000s ]
SQL: SELECT * FROM `wind87_booklog` WHERE `book_id` = 39 AND `status` NOT IN ('4') ORDER BY log_id desc LIMIT 1   [ RunTime:0.0010s ]
NOTIC: [8] Use of undefined constant anytime - assumed 'anytime' D:\xampp\htdocs\passon\Application\Home\Controller\IndexController.class.php 第 728 行.
NOTIC: [8] Use of undefined constant booknumbers - assumed 'booknumbers' D:\xampp\htdocs\passon\Application\Home\Controller\IndexController.class.php 第 773 行.
SQL: SHOW COLUMNS FROM `wind87_booknumbers` [ RunTime:0.0040s ]
SQL: SELECT * FROM `wind87_booknumbers` ORDER BY number desc LIMIT 6   [ RunTime:0.0010s ]
SQL: SELECT * FROM `wind87_bookinfo` ORDER BY isbn asc LIMIT 6   [ RunTime:0.0010s ]
INFO: [ view_parse ] --START--
INFO: [ template_filter ] --START--
INFO: Run Behavior\ContentReplaceBehavior [ RunTime:0.001000s ]
INFO: [ template_filter ] --END-- [ RunTime:0.001000s ]
NOTIC: [8] Use of undefined constant index - assumed 'index' D:\xampp\htdocs\passon\Application\Runtime\Cache\Home\b813aae94b2ddf4a4ed7e36f5c3a1a86.php 第 15 行.
NOTIC: [8] Use of undefined constant squre - assumed 'squre' D:\xampp\htdocs\passon\Application\Runtime\Cache\Home\b813aae94b2ddf4a4ed7e36f5c3a1a86.php 第 16 行.
NOTIC: [8] Use of undefined constant share - assumed 'share' D:\xampp\htdocs\passon\Application\Runtime\Cache\Home\b813aae94b2ddf4a4ed7e36f5c3a1a86.php 第 17 行.
NOTIC: [8] Use of undefined constant search - assumed 'search' D:\xampp\htdocs\passon\Application\Runtime\Cache\Home\b813aae94b2ddf4a4ed7e36f5c3a1a86.php 第 20 行.
NOTIC: [8] Use of undefined constant shareRegister - assumed 'shareRegister' D:\xampp\htdocs\passon\Application\Runtime\Cache\Home\b813aae94b2ddf4a4ed7e36f5c3a1a86.php 第 43 行.
NOTIC: [8] Use of undefined constant shareLogin - assumed 'shareLogin' D:\xampp\htdocs\passon\Application\Runtime\Cache\Home\b813aae94b2ddf4a4ed7e36f5c3a1a86.php 第 44 行.
NOTIC: [8] Use of undefined constant person - assumed 'person' D:\xampp\htdocs\passon\Application\Runtime\Cache\Home\b813aae94b2ddf4a4ed7e36f5c3a1a86.php 第 47 行.
NOTIC: [8] Use of undefined constant logout - assumed 'logout' D:\xampp\htdocs\passon\Application\Runtime\Cache\Home\b813aae94b2ddf4a4ed7e36f5c3a1a86.php 第 47 行.
NOTIC: [8] Use of undefined constant index - assumed 'index' D:\xampp\htdocs\passon\Application\Runtime\Cache\Home\b813aae94b2ddf4a4ed7e36f5c3a1a86.php 第 56 行.
NOTIC: [8] Use of undefined constant contribute - assumed 'contribute' D:\xampp\htdocs\passon\Application\Runtime\Cache\Home\b813aae94b2ddf4a4ed7e36f5c3a1a86.php 第 167 行.
NOTIC: [8] Use of undefined constant search - assumed 'search' D:\xampp\htdocs\passon\Application\Runtime\Cache\Home\b813aae94b2ddf4a4ed7e36f5c3a1a86.php 第 195 行.
NOTIC: [8] Use of undefined constant bookInfo - assumed 'bookInfo' D:\xampp\htdocs\passon\Application\Runtime\Cache\Home\b813aae94b2ddf4a4ed7e36f5c3a1a86.php 第 205 行.
NOTIC: [8] Use of undefined constant bookInfo - assumed 'bookInfo' D:\xampp\htdocs\passon\Application\Runtime\Cache\Home\b813aae94b2ddf4a4ed7e36f5c3a1a86.php 第 205 行.
NOTIC: [8] Use of undefined constant bookInfo - assumed 'bookInfo' D:\xampp\htdocs\passon\Application\Runtime\Cache\Home\b813aae94b2ddf4a4ed7e36f5c3a1a86.php 第 205 行.
NOTIC: [8] Undefined index: orderflag D:\xampp\htdocs\passon\Application\Runtime\Cache\Home\b813aae94b2ddf4a4ed7e36f5c3a1a86.php 第 229 行.
NOTIC: [8] Use of undefined constant bookInfo - assumed 'bookInfo' D:\xampp\htdocs\passon\Application\Runtime\Cache\Home\b813aae94b2ddf4a4ed7e36f5c3a1a86.php 第 205 行.
NOTIC: [8] Use of undefined constant bookInfo - assumed 'bookInfo' D:\xampp\htdocs\passon\Application\Runtime\Cache\Home\b813aae94b2ddf4a4ed7e36f5c3a1a86.php 第 205 行.
NOTIC: [8] Undefined index: orderflag D:\xampp\htdocs\passon\Application\Runtime\Cache\Home\b813aae94b2ddf4a4ed7e36f5c3a1a86.php 第 229 行.
NOTIC: [8] Use of undefined constant bookInfo - assumed 'bookInfo' D:\xampp\htdocs\passon\Application\Runtime\Cache\Home\b813aae94b2ddf4a4ed7e36f5c3a1a86.php 第 205 行.
NOTIC: [8] Use of undefined constant bookInfo - assumed 'bookInfo' D:\xampp\htdocs\passon\Application\Runtime\Cache\Home\b813aae94b2ddf4a4ed7e36f5c3a1a86.php 第 205 行.
NOTIC: [8] Undefined index: orderflag D:\xampp\htdocs\passon\Application\Runtime\Cache\Home\b813aae94b2ddf4a4ed7e36f5c3a1a86.php 第 229 行.
NOTIC: [8] Use of undefined constant bookInfo - assumed 'bookInfo' D:\xampp\htdocs\passon\Application\Runtime\Cache\Home\b813aae94b2ddf4a4ed7e36f5c3a1a86.php 第 205 行.
NOTIC: [8] Undefined index: orderflag D:\xampp\htdocs\passon\Application\Runtime\Cache\Home\b813aae94b2ddf4a4ed7e36f5c3a1a86.php 第 229 行.
NOTIC: [8] Undefined offset: 1 D:\xampp\htdocs\passon\Application\Runtime\Cache\Home\b813aae94b2ddf4a4ed7e36f5c3a1a86.php 第 263 行.
NOTIC: [8] Undefined offset: 1 D:\xampp\htdocs\passon\Application\Runtime\Cache\Home\b813aae94b2ddf4a4ed7e36f5c3a1a86.php 第 264 行.
NOTIC: [8] Undefined offset: 2 D:\xampp\htdocs\passon\Application\Runtime\Cache\Home\b813aae94b2ddf4a4ed7e36f5c3a1a86.php 第 267 行.
NOTIC: [8] Undefined offset: 2 D:\xampp\htdocs\passon\Application\Runtime\Cache\Home\b813aae94b2ddf4a4ed7e36f5c3a1a86.php 第 268 行.
NOTIC: [8] Undefined offset: 3 D:\xampp\htdocs\passon\Application\Runtime\Cache\Home\b813aae94b2ddf4a4ed7e36f5c3a1a86.php 第 271 行.
NOTIC: [8] Undefined offset: 3 D:\xampp\htdocs\passon\Application\Runtime\Cache\Home\b813aae94b2ddf4a4ed7e36f5c3a1a86.php 第 272 行.
NOTIC: [8] Undefined offset: 4 D:\xampp\htdocs\passon\Application\Runtime\Cache\Home\b813aae94b2ddf4a4ed7e36f5c3a1a86.php 第 275 行.
NOTIC: [8] Undefined offset: 4 D:\xampp\htdocs\passon\Application\Runtime\Cache\Home\b813aae94b2ddf4a4ed7e36f5c3a1a86.php 第 276 行.
NOTIC: [8] Undefined offset: 5 D:\xampp\htdocs\passon\Application\Runtime\Cache\Home\b813aae94b2ddf4a4ed7e36f5c3a1a86.php 第 279 行.
NOTIC: [8] Undefined offset: 5 D:\xampp\htdocs\passon\Application\Runtime\Cache\Home\b813aae94b2ddf4a4ed7e36f5c3a1a86.php 第 280 行.
INFO: Run Behavior\ParseTemplateBehavior [ RunTime:0.016001s ]
INFO: [ view_parse ] --END-- [ RunTime:0.016001s ]
INFO: [ view_filter ] --START--
INFO: Run Behavior\WriteHtmlCacheBehavior [ RunTime:0.000000s ]
INFO: [ view_filter ] --END-- [ RunTime:0.000000s ]
INFO: [ app_end ] --START--
INFO: Run Behavior\ShowPageTraceBehavior [ RunTime:0.004000s ]
INFO: [ app_end ] --END-- [ RunTime:0.004000s ]

[ 2016-01-21T10:31:08+08:00 ] ::1 /passon/index.php/Home/Index/person.html
INFO: [ app_init ] --START--
INFO: Run Behavior\BuildLiteBehavior [ RunTime:0.000000s ]
INFO: [ app_init ] --END-- [ RunTime:0.000000s ]
INFO: [ app_begin ] --START--
INFO: Run Behavior\ReadHtmlCacheBehavior [ RunTime:0.001000s ]
INFO: [ app_begin ] --END-- [ RunTime:0.001000s ]
SQL: SHOW COLUMNS FROM `wind87_passoncount` [ RunTime:0.0040s ]
SQL: SELECT * FROM `wind87_passoncount` WHERE `pagename` = 'person' AND `date` = '2016 01 21' LIMIT 1   [ RunTime:0.0010s ]
SQL: INSERT INTO `wind87_passoncount` (`pagename`,`count`,`date`,`des`) VALUES ('person','1','2016 01 21',NULL) [ RunTime:0.0330s ]
SQL: SHOW COLUMNS FROM `wind87_passonnums` [ RunTime:0.0050s ]
SQL: INSERT INTO `wind87_passonnums` (`username`,`ip`,`pagename`,`timeseconds`,`date`,`time`) VALUES ('huran','0.0.0.0','person','1453343468','2016-01-21','10:31:08 am') [ RunTime:0.0230s ]
SQL: SHOW COLUMNS FROM `wind87_booksusers` [ RunTime:0.0030s ]
SQL: SHOW COLUMNS FROM `wind87_book_bind` [ RunTime:0.0050s ]
SQL: SHOW COLUMNS FROM `wind87_book_wechat_userinfo` [ RunTime:0.0370s ]
SQL: SELECT * FROM `wind87_book_wechat_userinfo` WHERE `nickname` = 'huran' LIMIT 1   [ RunTime:0.0000s ]
SQL: SELECT * FROM `wind87_book_bind` WHERE `openid` = null LIMIT 1   [ RunTime:0.0010s ]
SQL: SHOW COLUMNS FROM `wind87_booklog` [ RunTime:0.0040s ]
SQL: SHOW COLUMNS FROM `wind87_book` [ RunTime:0.0040s ]
SQL: SHOW COLUMNS FROM `wind87_bookinfo` [ RunTime:0.0040s ]
SQL: SELECT * FROM `wind87_booksusers` WHERE `username` = 'huran' LIMIT 1   [ RunTime:0.0010s ]
SQL: SELECT * FROM `wind87_booklog` WHERE `keeper_name` = 'huran' ORDER BY log_id desc  [ RunTime:0.0000s ]
SQL: SELECT * FROM `wind87_book` WHERE `book_id` = 42 LIMIT 1   [ RunTime:0.0010s ]
SQL: SELECT * FROM `wind87_bookinfo` WHERE `isbn` = '9787115281609' LIMIT 1   [ RunTime:0.0000s ]
SQL: SELECT * FROM `wind87_book` WHERE `book_id` = 42 LIMIT 1   [ RunTime:0.0010s ]
SQL: SELECT * FROM `wind87_bookinfo` WHERE `isbn` = '9787115281609' LIMIT 1   [ RunTime:0.0010s ]
SQL: SELECT * FROM `wind87_book` WHERE `book_id` = 42 LIMIT 1   [ RunTime:0.0000s ]
SQL: SELECT * FROM `wind87_bookinfo` WHERE `isbn` = '9787115281609' LIMIT 1   [ RunTime:0.0010s ]
SQL: SELECT * FROM `wind87_book` WHERE `book_id` = 44 LIMIT 1   [ RunTime:0.0000s ]
SQL: SELECT * FROM `wind87_bookinfo` WHERE `isbn` = '9787111380931' LIMIT 1   [ RunTime:0.0010s ]
SQL: SELECT * FROM `wind87_book` WHERE `book_id` = 44 LIMIT 1   [ RunTime:0.0000s ]
SQL: SELECT * FROM `wind87_bookinfo` WHERE `isbn` = '9787111380931' LIMIT 1   [ RunTime:0.0010s ]
SQL: SELECT * FROM `wind87_book` WHERE `book_id` = 46 LIMIT 1   [ RunTime:0.0000s ]
SQL: SELECT * FROM `wind87_bookinfo` WHERE `isbn` = '9787213049422' LIMIT 1   [ RunTime:0.0010s ]
SQL: SELECT * FROM `wind87_book` WHERE `book_id` = 46 LIMIT 1   [ RunTime:0.0000s ]
SQL: SELECT * FROM `wind87_bookinfo` WHERE `isbn` = '9787213049422' LIMIT 1   [ RunTime:0.0010s ]
SQL: SELECT * FROM `wind87_book` WHERE `book_id` = 0 LIMIT 1   [ RunTime:0.0000s ]
SQL: SELECT * FROM `wind87_bookinfo` WHERE `isbn` = null LIMIT 1   [ RunTime:0.0000s ]
SQL: SELECT * FROM `wind87_book` WHERE `book_id` = 47 LIMIT 1   [ RunTime:0.0010s ]
SQL: SELECT * FROM `wind87_bookinfo` WHERE `isbn` = '9787115334589' LIMIT 1   [ RunTime:0.0000s ]
SQL: SELECT * FROM `wind87_book` WHERE `book_id` = 47 LIMIT 1   [ RunTime:0.0000s ]
SQL: SELECT * FROM `wind87_bookinfo` WHERE `isbn` = '9787115334589' LIMIT 1   [ RunTime:0.0000s ]
SQL: SELECT * FROM `wind87_book` WHERE `book_id` = 47 LIMIT 1   [ RunTime:0.0010s ]
SQL: SELECT * FROM `wind87_bookinfo` WHERE `isbn` = '9787115334589' LIMIT 1   [ RunTime:0.0000s ]
SQL: SHOW COLUMNS FROM `wind87_book_honer` [ RunTime:0.0810s ]
SQL: SELECT * FROM `wind87_book_honer` WHERE `username` = 'huran' LIMIT 1   [ RunTime:0.0010s ]
SQL: SELECT * FROM `wind87_book` WHERE `owner_name` = 'huran'  [ RunTime:0.0000s ]
INFO: [ view_parse ] --START--
INFO: [ template_filter ] --START--
INFO: Run Behavior\ContentReplaceBehavior [ RunTime:0.001000s ]
INFO: [ template_filter ] --END-- [ RunTime:0.001000s ]
NOTIC: [8] Use of undefined constant index - assumed 'index' D:\xampp\htdocs\passon\Application\Runtime\Cache\Home\8571270d6619e5b554873f4047466c88.php 第 15 行.
NOTIC: [8] Use of undefined constant squre - assumed 'squre' D:\xampp\htdocs\passon\Application\Runtime\Cache\Home\8571270d6619e5b554873f4047466c88.php 第 16 行.
NOTIC: [8] Use of undefined constant share - assumed 'share' D:\xampp\htdocs\passon\Application\Runtime\Cache\Home\8571270d6619e5b554873f4047466c88.php 第 17 行.
NOTIC: [8] Use of undefined constant search - assumed 'search' D:\xampp\htdocs\passon\Application\Runtime\Cache\Home\8571270d6619e5b554873f4047466c88.php 第 20 行.
NOTIC: [8] Use of undefined constant register - assumed 'register' D:\xampp\htdocs\passon\Application\Runtime\Cache\Home\8571270d6619e5b554873f4047466c88.php 第 43 行.
NOTIC: [8] Use of undefined constant login - assumed 'login' D:\xampp\htdocs\passon\Application\Runtime\Cache\Home\8571270d6619e5b554873f4047466c88.php 第 44 行.
NOTIC: [8] Use of undefined constant person - assumed 'person' D:\xampp\htdocs\passon\Application\Runtime\Cache\Home\8571270d6619e5b554873f4047466c88.php 第 47 行.
NOTIC: [8] Use of undefined constant index - assumed 'index' D:\xampp\htdocs\passon\Application\Runtime\Cache\Home\8571270d6619e5b554873f4047466c88.php 第 54 行.
NOTIC: [8] Use of undefined constant contribute - assumed 'contribute' D:\xampp\htdocs\passon\Application\Runtime\Cache\Home\8571270d6619e5b554873f4047466c88.php 第 68 行.
NOTIC: [8] Use of undefined constant message - assumed 'message' D:\xampp\htdocs\passon\Application\Runtime\Cache\Home\8571270d6619e5b554873f4047466c88.php 第 76 行.
NOTIC: [8] Use of undefined constant personshare - assumed 'personshare' D:\xampp\htdocs\passon\Application\Runtime\Cache\Home\8571270d6619e5b554873f4047466c88.php 第 77 行.
NOTIC: [8] Undefined variable: book D:\xampp\htdocs\passon\Application\Runtime\Cache\Home\8571270d6619e5b554873f4047466c88.php 第 164 行.
NOTIC: [8] Use of undefined constant usmessage - assumed 'usmessage' D:\xampp\htdocs\passon\Application\Runtime\Cache\Home\8571270d6619e5b554873f4047466c88.php 第 194 行.
NOTIC: [8] Use of undefined constant usemessage - assumed 'usemessage' D:\xampp\htdocs\passon\Application\Runtime\Cache\Home\8571270d6619e5b554873f4047466c88.php 第 204 行.
NOTIC: [8] Use of undefined constant myKeeps - assumed 'myKeeps' D:\xampp\htdocs\passon\Application\Runtime\Cache\Home\8571270d6619e5b554873f4047466c88.php 第 236 行.
NOTIC: [8] Undefined variable: mybooks D:\xampp\htdocs\passon\Application\Runtime\Cache\Home\8571270d6619e5b554873f4047466c88.php 第 242 行.
NOTIC: [8] Undefined variable: page D:\xampp\htdocs\passon\Application\Runtime\Cache\Home\8571270d6619e5b554873f4047466c88.php 第 254 行.
NOTIC: [8] Undefined index: bookinfo D:\xampp\htdocs\passon\Application\Runtime\Cache\Home\8571270d6619e5b554873f4047466c88.php 第 268 行.
NOTIC: [8] Use of undefined constant bookInfo - assumed 'bookInfo' D:\xampp\htdocs\passon\Application\Runtime\Cache\Home\8571270d6619e5b554873f4047466c88.php 第 272 行.
NOTIC: [8] Undefined index: bookinfo D:\xampp\htdocs\passon\Application\Runtime\Cache\Home\8571270d6619e5b554873f4047466c88.php 第 282 行.
NOTIC: [8] Use of undefined constant bookInfo - assumed 'bookInfo' D:\xampp\htdocs\passon\Application\Runtime\Cache\Home\8571270d6619e5b554873f4047466c88.php 第 286 行.
INFO: Run Behavior\ParseTemplateBehavior [ RunTime:0.046003s ]
INFO: [ view_parse ] --END-- [ RunTime:0.046003s ]
INFO: [ view_filter ] --START--
INFO: Run Behavior\WriteHtmlCacheBehavior [ RunTime:0.000000s ]
INFO: [ view_filter ] --END-- [ RunTime:0.000000s ]
INFO: [ app_end ] --START--
INFO: Run Behavior\ShowPageTraceBehavior [ RunTime:0.000000s ]
INFO: [ app_end ] --END-- [ RunTime:0.000000s ]

[ 2016-01-21T10:31:11+08:00 ] ::1 /passon/index.php/Home/Index/personshare.html
INFO: [ app_init ] --START--
INFO: Run Behavior\BuildLiteBehavior [ RunTime:0.000000s ]
INFO: [ app_init ] --END-- [ RunTime:0.000000s ]
INFO: [ app_begin ] --START--
INFO: Run Behavior\ReadHtmlCacheBehavior [ RunTime:0.001000s ]
INFO: [ app_begin ] --END-- [ RunTime:0.001000s ]
SQL: SHOW COLUMNS FROM `wind87_passoncount` [ RunTime:0.0190s ]
SQL: SELECT * FROM `wind87_passoncount` WHERE `pagename` = 'personshare' AND `date` = '2016 01 21' LIMIT 1   [ RunTime:0.0000s ]
SQL: INSERT INTO `wind87_passoncount` (`pagename`,`count`,`date`,`des`) VALUES ('personshare','1','2016 01 21',NULL) [ RunTime:0.0440s ]
SQL: SHOW COLUMNS FROM `wind87_passonnums` [ RunTime:0.0060s ]
SQL: INSERT INTO `wind87_passonnums` (`username`,`ip`,`pagename`,`timeseconds`,`date`,`time`) VALUES ('huran','0.0.0.0','personshare','1453343471','2016-01-21','10:31:11 am') [ RunTime:0.0520s ]
SQL: SHOW COLUMNS FROM `wind87_booksusers` [ RunTime:0.0060s ]
SQL: SHOW COLUMNS FROM `wind87_book_bind` [ RunTime:0.0050s ]
SQL: SHOW COLUMNS FROM `wind87_book_wechat_userinfo` [ RunTime:0.0060s ]
SQL: SELECT * FROM `wind87_book_wechat_userinfo` WHERE `nickname` = 'huran' LIMIT 1   [ RunTime:0.0010s ]
SQL: SELECT * FROM `wind87_book_bind` WHERE `openid` = null LIMIT 1   [ RunTime:0.0000s ]
SQL: SHOW COLUMNS FROM `wind87_book` [ RunTime:0.0060s ]
SQL: SHOW COLUMNS FROM `wind87_booklog` [ RunTime:0.0050s ]
SQL: SELECT * FROM `wind87_booksusers` WHERE `username` = 'huran' LIMIT 1   [ RunTime:0.0010s ]
SQL: SELECT COUNT(*) AS tp_count FROM `wind87_book` WHERE `owner_name` = 'huran' LIMIT 1   [ RunTime:0.0000s ]
SQL: SELECT * FROM `wind87_book` WHERE `owner_name` = 'huran' ORDER BY book_id DESC LIMIT 0,2   [ RunTime:0.0010s ]
SQL: SHOW COLUMNS FROM `wind87_bookinfo` [ RunTime:0.0040s ]
SQL: SELECT * FROM `wind87_bookinfo` WHERE `isbn` = '9787115334589' LIMIT 1   [ RunTime:0.0000s ]
SQL: SELECT * FROM `wind87_booksusers` WHERE `username` = 'huran' LIMIT 1   [ RunTime:0.0000s ]
SQL: SELECT * FROM `wind87_bookinfo` WHERE `isbn` = '9787213049422' LIMIT 1   [ RunTime:0.0010s ]
SQL: SELECT * FROM `wind87_booksusers` WHERE `username` = 'huran' LIMIT 1   [ RunTime:0.0010s ]
SQL: SELECT * FROM `wind87_booklog` WHERE `keeper_name` = 'huran' ORDER BY log_id desc  [ RunTime:0.0010s ]
SQL: SELECT * FROM `wind87_book` WHERE `book_id` = 42 LIMIT 1   [ RunTime:0.0000s ]
SQL: SELECT * FROM `wind87_bookinfo` WHERE `isbn` = '9787115281609' LIMIT 1   [ RunTime:0.0000s ]
SQL: SELECT * FROM `wind87_book` WHERE `book_id` = 42 LIMIT 1   [ RunTime:0.0010s ]
SQL: SELECT * FROM `wind87_bookinfo` WHERE `isbn` = '9787115281609' LIMIT 1   [ RunTime:0.0000s ]
SQL: SELECT * FROM `wind87_book` WHERE `book_id` = 42 LIMIT 1   [ RunTime:0.0000s ]
SQL: SELECT * FROM `wind87_bookinfo` WHERE `isbn` = '9787115281609' LIMIT 1   [ RunTime:0.0010s ]
SQL: SELECT * FROM `wind87_book` WHERE `book_id` = 44 LIMIT 1   [ RunTime:0.0000s ]
SQL: SELECT * FROM `wind87_bookinfo` WHERE `isbn` = '9787111380931' LIMIT 1   [ RunTime:0.0000s ]
SQL: SELECT * FROM `wind87_book` WHERE `book_id` = 44 LIMIT 1   [ RunTime:0.0000s ]
SQL: SELECT * FROM `wind87_bookinfo` WHERE `isbn` = '9787111380931' LIMIT 1   [ RunTime:0.0000s ]
SQL: SELECT * FROM `wind87_book` WHERE `book_id` = 46 LIMIT 1   [ RunTime:0.0000s ]
SQL: SELECT * FROM `wind87_bookinfo` WHERE `isbn` = '9787213049422' LIMIT 1   [ RunTime:0.0000s ]
SQL: SELECT * FROM `wind87_book` WHERE `book_id` = 46 LIMIT 1   [ RunTime:0.0000s ]
SQL: SELECT * FROM `wind87_bookinfo` WHERE `isbn` = '9787213049422' LIMIT 1   [ RunTime:0.0010s ]
SQL: SELECT * FROM `wind87_book` WHERE `book_id` = 0 LIMIT 1   [ RunTime:0.0000s ]
SQL: SELECT * FROM `wind87_bookinfo` WHERE `isbn` = null LIMIT 1   [ RunTime:0.0000s ]
SQL: SELECT * FROM `wind87_book` WHERE `book_id` = 47 LIMIT 1   [ RunTime:0.0010s ]
SQL: SELECT * FROM `wind87_bookinfo` WHERE `isbn` = '9787115334589' LIMIT 1   [ RunTime:0.0000s ]
SQL: SELECT * FROM `wind87_book` WHERE `book_id` = 47 LIMIT 1   [ RunTime:0.0000s ]
SQL: SELECT * FROM `wind87_bookinfo` WHERE `isbn` = '9787115334589' LIMIT 1   [ RunTime:0.0010s ]
SQL: SELECT * FROM `wind87_book` WHERE `book_id` = 47 LIMIT 1   [ RunTime:0.0000s ]
SQL: SELECT * FROM `wind87_bookinfo` WHERE `isbn` = '9787115334589' LIMIT 1   [ RunTime:0.0000s ]
SQL: SHOW COLUMNS FROM `wind87_book_honer` [ RunTime:0.0040s ]
SQL: SELECT * FROM `wind87_book_honer` WHERE `username` = 'huran' LIMIT 1   [ RunTime:0.0010s ]
SQL: SELECT * FROM `wind87_book` WHERE `owner_name` = 'huran'  [ RunTime:0.0000s ]
INFO: [ view_parse ] --START--
INFO: [ template_filter ] --START--
INFO: Run Behavior\ContentReplaceBehavior [ RunTime:0.000000s ]
INFO: [ template_filter ] --END-- [ RunTime:0.000000s ]
NOTIC: [8] Use of undefined constant index - assumed 'index' D:\xampp\htdocs\passon\Application\Runtime\Cache\Home\eb4a1c91188ecd6c8e9f4f8a334915d5.php 第 15 行.
NOTIC: [8] Use of undefined constant squre - assumed 'squre' D:\xampp\htdocs\passon\Application\Runtime\Cache\Home\eb4a1c91188ecd6c8e9f4f8a334915d5.php 第 16 行.
NOTIC: [8] Use of undefined constant share - assumed 'share' D:\xampp\htdocs\passon\Application\Runtime\Cache\Home\eb4a1c91188ecd6c8e9f4f8a334915d5.php 第 17 行.
NOTIC: [8] Use of undefined constant search - assumed 'search' D:\xampp\htdocs\passon\Application\Runtime\Cache\Home\eb4a1c91188ecd6c8e9f4f8a334915d5.php 第 20 行.
NOTIC: [8] Use of undefined constant register - assumed 'register' D:\xampp\htdocs\passon\Application\Runtime\Cache\Home\eb4a1c91188ecd6c8e9f4f8a334915d5.php 第 43 行.
NOTIC: [8] Use of undefined constant login - assumed 'login' D:\xampp\htdocs\passon\Application\Runtime\Cache\Home\eb4a1c91188ecd6c8e9f4f8a334915d5.php 第 44 行.
NOTIC: [8] Use of undefined constant person - assumed 'person' D:\xampp\htdocs\passon\Application\Runtime\Cache\Home\eb4a1c91188ecd6c8e9f4f8a334915d5.php 第 47 行.
NOTIC: [8] Use of undefined constant index - assumed 'index' D:\xampp\htdocs\passon\Application\Runtime\Cache\Home\eb4a1c91188ecd6c8e9f4f8a334915d5.php 第 54 行.
NOTIC: [8] Use of undefined constant contribute - assumed 'contribute' D:\xampp\htdocs\passon\Application\Runtime\Cache\Home\eb4a1c91188ecd6c8e9f4f8a334915d5.php 第 68 行.
NOTIC: [8] Use of undefined constant message - assumed 'message' D:\xampp\htdocs\passon\Application\Runtime\Cache\Home\eb4a1c91188ecd6c8e9f4f8a334915d5.php 第 76 行.
NOTIC: [8] Undefined variable: book D:\xampp\htdocs\passon\Application\Runtime\Cache\Home\eb4a1c91188ecd6c8e9f4f8a334915d5.php 第 164 行.
NOTIC: [8] Use of undefined constant usmessage - assumed 'usmessage' D:\xampp\htdocs\passon\Application\Runtime\Cache\Home\eb4a1c91188ecd6c8e9f4f8a334915d5.php 第 195 行.
NOTIC: [8] Use of undefined constant usemessage - assumed 'usemessage' D:\xampp\htdocs\passon\Application\Runtime\Cache\Home\eb4a1c91188ecd6c8e9f4f8a334915d5.php 第 205 行.
NOTIC: [8] Use of undefined constant myKeeps - assumed 'myKeeps' D:\xampp\htdocs\passon\Application\Runtime\Cache\Home\eb4a1c91188ecd6c8e9f4f8a334915d5.php 第 237 行.
NOTIC: [8] Use of undefined constant myattention - assumed 'myattention' D:\xampp\htdocs\passon\Application\Runtime\Cache\Home\eb4a1c91188ecd6c8e9f4f8a334915d5.php 第 238 行.
NOTIC: [8] Use of undefined constant bookInfo - assumed 'bookInfo' D:\xampp\htdocs\passon\Application\Runtime\Cache\Home\eb4a1c91188ecd6c8e9f4f8a334915d5.php 第 245 行.
NOTIC: [8] Use of undefined constant qr - assumed 'qr' D:\xampp\htdocs\passon\Application\Runtime\Cache\Home\eb4a1c91188ecd6c8e9f4f8a334915d5.php 第 253 行.
NOTIC: [8] Use of undefined constant deleteBook - assumed 'deleteBook' D:\xampp\htdocs\passon\Application\Runtime\Cache\Home\eb4a1c91188ecd6c8e9f4f8a334915d5.php 第 264 行.
NOTIC: [8] Use of undefined constant bookInfo - assumed 'bookInfo' D:\xampp\htdocs\passon\Application\Runtime\Cache\Home\eb4a1c91188ecd6c8e9f4f8a334915d5.php 第 245 行.
NOTIC: [8] Use of undefined constant qr - assumed 'qr' D:\xampp\htdocs\passon\Application\Runtime\Cache\Home\eb4a1c91188ecd6c8e9f4f8a334915d5.php 第 253 行.
NOTIC: [8] Use of undefined constant deleteBook - assumed 'deleteBook' D:\xampp\htdocs\passon\Application\Runtime\Cache\Home\eb4a1c91188ecd6c8e9f4f8a334915d5.php 第 264 行.
NOTIC: [8] Use of undefined constant mykeeps - assumed 'mykeeps' D:\xampp\htdocs\passon\Application\Runtime\Cache\Home\eb4a1c91188ecd6c8e9f4f8a334915d5.php 第 274 行.
NOTIC: [8] Use of undefined constant bookorder - assumed 'bookorder' D:\xampp\htdocs\passon\Application\Runtime\Cache\Home\eb4a1c91188ecd6c8e9f4f8a334915d5.php 第 275 行.
NOTIC: [8] Use of undefined constant bookkeeps - assumed 'bookkeeps' D:\xampp\htdocs\passon\Application\Runtime\Cache\Home\eb4a1c91188ecd6c8e9f4f8a334915d5.php 第 276 行.
NOTIC: [8] Use of undefined constant bookInfo - assumed 'bookInfo' D:\xampp\htdocs\passon\Application\Runtime\Cache\Home\eb4a1c91188ecd6c8e9f4f8a334915d5.php 第 288 行.
NOTIC: [8] Use of undefined constant bookInfo - assumed 'bookInfo' D:\xampp\htdocs\passon\Application\Runtime\Cache\Home\eb4a1c91188ecd6c8e9f4f8a334915d5.php 第 288 行.
NOTIC: [8] Use of undefined constant bookInfo - assumed 'bookInfo' D:\xampp\htdocs\passon\Application\Runtime\Cache\Home\eb4a1c91188ecd6c8e9f4f8a334915d5.php 第 303 行.
INFO: Run Behavior\ParseTemplateBehavior [ RunTime:0.074004s ]
INFO: [ view_parse ] --END-- [ RunTime:0.074004s ]
INFO: [ view_filter ] --START--
INFO: Run Behavior\WriteHtmlCacheBehavior [ RunTime:0.001000s ]
INFO: [ view_filter ] --END-- [ RunTime:0.001000s ]
INFO: [ app_end ] --START--
INFO: Run Behavior\ShowPageTraceBehavior [ RunTime:0.001000s ]
INFO: [ app_end ] --END-- [ RunTime:0.001000s ]

