[ 2016-03-23T20:29:05+08:00 ] ::1 /passon/index.php/Home/Index/person
INFO: [ app_init ] --START--
INFO: Run Behavior\BuildLiteBehavior [ RunTime:0.000000s ]
INFO: [ app_init ] --END-- [ RunTime:0.057004s ]
INFO: [ app_begin ] --START--
INFO: Run Behavior\ReadHtmlCacheBehavior [ RunTime:0.020001s ]
INFO: [ app_begin ] --END-- [ RunTime:0.020001s ]
SQL: SHOW COLUMNS FROM `wind87_passoncount` [ RunTime:1.1151s ]
SQL: SELECT * FROM `wind87_passoncount` WHERE `pagename` = 'person' AND `date` = '2016 03 23' LIMIT 1   [ RunTime:0.0170s ]
SQL: INSERT INTO `wind87_passoncount` (`pagename`,`count`,`date`,`des`) VALUES ('person','1','2016 03 23',NULL) [ RunTime:0.1440s ]
SQL: SHOW COLUMNS FROM `wind87_passonnums` [ RunTime:0.1340s ]
SQL: INSERT INTO `wind87_passonnums` (`username`,`ip`,`pagename`,`timeseconds`,`date`,`time`) VALUES ('visiter','0.0.0.0','person','1458736145','2016-03-23','08:29:05 pm') [ RunTime:0.0550s ]
SQL: SHOW COLUMNS FROM `wind87_booksusers` [ RunTime:0.1390s ]
SQL: SHOW COLUMNS FROM `wind87_book_bind` [ RunTime:0.0640s ]
SQL: SHOW COLUMNS FROM `wind87_book_wechat_userinfo` [ RunTime:0.0560s ]
SQL: SELECT * FROM `wind87_book_wechat_userinfo` WHERE `nickname` = null LIMIT 1   [ RunTime:0.0120s ]
SQL: SELECT * FROM `wind87_book_bind` WHERE `openid` = null LIMIT 1   [ RunTime:0.0000s ]
NOTIC: [8] Use of undefined constant index - assumed 'index' D:\xampp\htdocs\passon\Application\Home\Controller\IndexController.class.php 第 476 行.

[ 2016-03-23T20:29:07+08:00 ] ::1 /passon/index.php/Home/Index/index.html
INFO: [ app_init ] --START--
INFO: Run Behavior\BuildLiteBehavior [ RunTime:0.000000s ]
INFO: [ app_init ] --END-- [ RunTime:0.000000s ]
INFO: [ app_begin ] --START--
INFO: Run Behavior\ReadHtmlCacheBehavior [ RunTime:0.001000s ]
INFO: [ app_begin ] --END-- [ RunTime:0.001000s ]
SQL: SHOW COLUMNS FROM `wind87_passoncount` [ RunTime:0.0040s ]
SQL: SELECT * FROM `wind87_passoncount` WHERE `pagename` = 'index' AND `date` = '2016 03 23' LIMIT 1   [ RunTime:0.0230s ]
SQL: INSERT INTO `wind87_passoncount` (`pagename`,`count`,`date`,`des`) VALUES ('index','1','2016 03 23',NULL) [ RunTime:0.3530s ]
SQL: SHOW COLUMNS FROM `wind87_passonnums` [ RunTime:0.0060s ]
SQL: INSERT INTO `wind87_passonnums` (`username`,`ip`,`pagename`,`timeseconds`,`date`,`time`) VALUES ('visiter','0.0.0.0','index','1458736147','2016-03-23','08:29:07 pm') [ RunTime:0.0250s ]
INFO: [ view_parse ] --START--
INFO: [ template_filter ] --START--
INFO: Run Behavior\ContentReplaceBehavior [ RunTime:0.019001s ]
INFO: [ template_filter ] --END-- [ RunTime:0.019001s ]
NOTIC: [8] Use of undefined constant index - assumed 'index' D:\xampp\htdocs\passon\Application\Runtime\Cache\Home\2a94b8bda04ff446dcedd42276fc99ee.php 第 21 行.
NOTIC: [8] Use of undefined constant squre - assumed 'squre' D:\xampp\htdocs\passon\Application\Runtime\Cache\Home\2a94b8bda04ff446dcedd42276fc99ee.php 第 22 行.
NOTIC: [8] Use of undefined constant share - assumed 'share' D:\xampp\htdocs\passon\Application\Runtime\Cache\Home\2a94b8bda04ff446dcedd42276fc99ee.php 第 23 行.
NOTIC: [8] Use of undefined constant register - assumed 'register' D:\xampp\htdocs\passon\Application\Runtime\Cache\Home\2a94b8bda04ff446dcedd42276fc99ee.php 第 26 行.
NOTIC: [8] Use of undefined constant login - assumed 'login' D:\xampp\htdocs\passon\Application\Runtime\Cache\Home\2a94b8bda04ff446dcedd42276fc99ee.php 第 27 行.
NOTIC: [8] Use of undefined constant person - assumed 'person' D:\xampp\htdocs\passon\Application\Runtime\Cache\Home\2a94b8bda04ff446dcedd42276fc99ee.php 第 30 行.
NOTIC: [8] Undefined index: username D:\xampp\htdocs\passon\Application\Runtime\Cache\Home\2a94b8bda04ff446dcedd42276fc99ee.php 第 30 行.
NOTIC: [8] Use of undefined constant logout - assumed 'logout' D:\xampp\htdocs\passon\Application\Runtime\Cache\Home\2a94b8bda04ff446dcedd42276fc99ee.php 第 30 行.
NOTIC: [8] Use of undefined constant search - assumed 'search' D:\xampp\htdocs\passon\Application\Runtime\Cache\Home\2a94b8bda04ff446dcedd42276fc99ee.php 第 34 行.
NOTIC: [8] Use of undefined constant contribute - assumed 'contribute' D:\xampp\htdocs\passon\Application\Runtime\Cache\Home\2a94b8bda04ff446dcedd42276fc99ee.php 第 50 行.
NOTIC: [8] Use of undefined constant share - assumed 'share' D:\xampp\htdocs\passon\Application\Runtime\Cache\Home\2a94b8bda04ff446dcedd42276fc99ee.php 第 51 行.
NOTIC: [8] Use of undefined constant showLogs - assumed 'showLogs' D:\xampp\htdocs\passon\Application\Runtime\Cache\Home\2a94b8bda04ff446dcedd42276fc99ee.php 第 138 行.
INFO: Run Behavior\ParseTemplateBehavior [ RunTime:0.183011s ]
INFO: [ view_parse ] --END-- [ RunTime:0.183011s ]
INFO: [ view_filter ] --START--
INFO: Run Behavior\WriteHtmlCacheBehavior [ RunTime:0.012001s ]
INFO: [ view_filter ] --END-- [ RunTime:0.012001s ]
INFO: [ app_end ] --START--
INFO: Run Behavior\ShowPageTraceBehavior [ RunTime:0.002000s ]
INFO: [ app_end ] --END-- [ RunTime:0.002000s ]

[ 2016-03-23T20:29:10+08:00 ] ::1 /passon/index.php/Home/Index/showLogs.html
INFO: [ app_init ] --START--
INFO: Run Behavior\BuildLiteBehavior [ RunTime:0.000000s ]
INFO: [ app_init ] --END-- [ RunTime:0.000000s ]
INFO: [ app_begin ] --START--
INFO: Run Behavior\ReadHtmlCacheBehavior [ RunTime:0.001000s ]
INFO: [ app_begin ] --END-- [ RunTime:0.001000s ]
SQL: SHOW COLUMNS FROM `wind87_booklog` [ RunTime:0.2000s ]
SQL: SELECT * FROM `wind87_booklog` ORDER BY log_id  desc LIMIT 10   [ RunTime:0.0000s ]
SQL: SHOW COLUMNS FROM `wind87_book` [ RunTime:0.0870s ]
SQL: SHOW COLUMNS FROM `wind87_bookinfo` [ RunTime:0.1610s ]
SQL: SELECT * FROM `wind87_book` WHERE `book_id` = 42 LIMIT 1   [ RunTime:0.0490s ]
SQL: SELECT * FROM `wind87_bookinfo` WHERE `isbn` = '9787115281609' LIMIT 1   [ RunTime:0.2680s ]
SQL: SELECT * FROM `wind87_book` WHERE `book_id` = 42 LIMIT 1   [ RunTime:0.0010s ]
SQL: SELECT * FROM `wind87_bookinfo` WHERE `isbn` = '9787115281609' LIMIT 1   [ RunTime:0.0010s ]
SQL: SELECT * FROM `wind87_book` WHERE `book_id` = 42 LIMIT 1   [ RunTime:0.0010s ]
SQL: SELECT * FROM `wind87_bookinfo` WHERE `isbn` = '9787115281609' LIMIT 1   [ RunTime:0.0010s ]
SQL: SELECT * FROM `wind87_book` WHERE `book_id` = 44 LIMIT 1   [ RunTime:0.0010s ]
SQL: SELECT * FROM `wind87_bookinfo` WHERE `isbn` = '9787111380931' LIMIT 1   [ RunTime:0.0000s ]
SQL: SELECT * FROM `wind87_book` WHERE `book_id` = 44 LIMIT 1   [ RunTime:0.0010s ]
SQL: SELECT * FROM `wind87_bookinfo` WHERE `isbn` = '9787111380931' LIMIT 1   [ RunTime:0.0000s ]
SQL: SELECT * FROM `wind87_book` WHERE `book_id` = 46 LIMIT 1   [ RunTime:0.0010s ]
SQL: SELECT * FROM `wind87_bookinfo` WHERE `isbn` = '9787213049422' LIMIT 1   [ RunTime:0.0000s ]
SQL: SELECT * FROM `wind87_book` WHERE `book_id` = 46 LIMIT 1   [ RunTime:0.0000s ]
SQL: SELECT * FROM `wind87_bookinfo` WHERE `isbn` = '9787213049422' LIMIT 1   [ RunTime:0.0000s ]
SQL: SELECT * FROM `wind87_book` WHERE `book_id` = 0 LIMIT 1   [ RunTime:0.0000s ]
SQL: SELECT * FROM `wind87_bookinfo` WHERE `isbn` = null LIMIT 1   [ RunTime:0.0410s ]
SQL: SELECT * FROM `wind87_book` WHERE `book_id` = 47 LIMIT 1   [ RunTime:0.0000s ]
SQL: SELECT * FROM `wind87_bookinfo` WHERE `isbn` = '9787115334589' LIMIT 1   [ RunTime:0.0010s ]
SQL: SELECT * FROM `wind87_book` WHERE `book_id` = 47 LIMIT 1   [ RunTime:0.0000s ]
SQL: SELECT * FROM `wind87_bookinfo` WHERE `isbn` = '9787115334589' LIMIT 1   [ RunTime:0.0000s ]
INFO: [ app_end ] --START--
INFO: Run Behavior\ShowPageTraceBehavior [ RunTime:0.001000s ]
INFO: [ app_end ] --END-- [ RunTime:0.001000s ]

[ 2016-03-23T20:29:11+08:00 ] ::1 /passon/index.php/Home/Index/showLogs.html
INFO: [ app_init ] --START--
INFO: Run Behavior\BuildLiteBehavior [ RunTime:0.000000s ]
INFO: [ app_init ] --END-- [ RunTime:0.001001s ]
INFO: [ app_begin ] --START--
INFO: Run Behavior\ReadHtmlCacheBehavior [ RunTime:0.000000s ]
INFO: [ app_begin ] --END-- [ RunTime:0.000000s ]
SQL: SHOW COLUMNS FROM `wind87_booklog` [ RunTime:0.0250s ]
SQL: SELECT * FROM `wind87_booklog` ORDER BY log_id  desc LIMIT 10   [ RunTime:0.0000s ]
SQL: SHOW COLUMNS FROM `wind87_book` [ RunTime:0.0280s ]
SQL: SHOW COLUMNS FROM `wind87_bookinfo` [ RunTime:0.0180s ]
SQL: SELECT * FROM `wind87_book` WHERE `book_id` = 42 LIMIT 1   [ RunTime:0.0000s ]
SQL: SELECT * FROM `wind87_bookinfo` WHERE `isbn` = '9787115281609' LIMIT 1   [ RunTime:0.0000s ]
SQL: SELECT * FROM `wind87_book` WHERE `book_id` = 42 LIMIT 1   [ RunTime:0.0010s ]
SQL: SELECT * FROM `wind87_bookinfo` WHERE `isbn` = '9787115281609' LIMIT 1   [ RunTime:0.0000s ]
SQL: SELECT * FROM `wind87_book` WHERE `book_id` = 42 LIMIT 1   [ RunTime:0.0010s ]
SQL: SELECT * FROM `wind87_bookinfo` WHERE `isbn` = '9787115281609' LIMIT 1   [ RunTime:0.0000s ]
SQL: SELECT * FROM `wind87_book` WHERE `book_id` = 44 LIMIT 1   [ RunTime:0.0000s ]
SQL: SELECT * FROM `wind87_bookinfo` WHERE `isbn` = '9787111380931' LIMIT 1   [ RunTime:0.0010s ]
SQL: SELECT * FROM `wind87_book` WHERE `book_id` = 44 LIMIT 1   [ RunTime:0.0000s ]
SQL: SELECT * FROM `wind87_bookinfo` WHERE `isbn` = '9787111380931' LIMIT 1   [ RunTime:0.0010s ]
SQL: SELECT * FROM `wind87_book` WHERE `book_id` = 46 LIMIT 1   [ RunTime:0.0000s ]
SQL: SELECT * FROM `wind87_bookinfo` WHERE `isbn` = '9787213049422' LIMIT 1   [ RunTime:0.0040s ]
SQL: SELECT * FROM `wind87_book` WHERE `book_id` = 46 LIMIT 1   [ RunTime:0.0010s ]
SQL: SELECT * FROM `wind87_bookinfo` WHERE `isbn` = '9787213049422' LIMIT 1   [ RunTime:0.0010s ]
SQL: SELECT * FROM `wind87_book` WHERE `book_id` = 0 LIMIT 1   [ RunTime:0.0000s ]
SQL: SELECT * FROM `wind87_bookinfo` WHERE `isbn` = null LIMIT 1   [ RunTime:0.0010s ]
SQL: SELECT * FROM `wind87_book` WHERE `book_id` = 47 LIMIT 1   [ RunTime:0.0000s ]
SQL: SELECT * FROM `wind87_bookinfo` WHERE `isbn` = '9787115334589' LIMIT 1   [ RunTime:0.0010s ]
SQL: SELECT * FROM `wind87_book` WHERE `book_id` = 47 LIMIT 1   [ RunTime:0.0000s ]
SQL: SELECT * FROM `wind87_bookinfo` WHERE `isbn` = '9787115334589' LIMIT 1   [ RunTime:0.0000s ]
INFO: [ app_end ] --START--
INFO: Run Behavior\ShowPageTraceBehavior [ RunTime:0.001000s ]
INFO: [ app_end ] --END-- [ RunTime:0.001000s ]

[ 2016-03-23T20:29:12+08:00 ] ::1 /passon/index.php/Home/Index/showLogs.html
INFO: [ app_init ] --START--
INFO: Run Behavior\BuildLiteBehavior [ RunTime:0.000000s ]
INFO: [ app_init ] --END-- [ RunTime:0.001000s ]
INFO: [ app_begin ] --START--
INFO: Run Behavior\ReadHtmlCacheBehavior [ RunTime:0.001000s ]
INFO: [ app_begin ] --END-- [ RunTime:0.001000s ]
SQL: SHOW COLUMNS FROM `wind87_booklog` [ RunTime:0.0120s ]
SQL: SELECT * FROM `wind87_booklog` ORDER BY log_id  desc LIMIT 10   [ RunTime:0.0010s ]
SQL: SHOW COLUMNS FROM `wind87_book` [ RunTime:0.0180s ]
SQL: SHOW COLUMNS FROM `wind87_bookinfo` [ RunTime:0.0330s ]
SQL: SELECT * FROM `wind87_book` WHERE `book_id` = 42 LIMIT 1   [ RunTime:0.0000s ]
SQL: SELECT * FROM `wind87_bookinfo` WHERE `isbn` = '9787115281609' LIMIT 1   [ RunTime:0.0000s ]
SQL: SELECT * FROM `wind87_book` WHERE `book_id` = 42 LIMIT 1   [ RunTime:0.0010s ]
SQL: SELECT * FROM `wind87_bookinfo` WHERE `isbn` = '9787115281609' LIMIT 1   [ RunTime:0.0000s ]
SQL: SELECT * FROM `wind87_book` WHERE `book_id` = 42 LIMIT 1   [ RunTime:0.0010s ]
SQL: SELECT * FROM `wind87_bookinfo` WHERE `isbn` = '9787115281609' LIMIT 1   [ RunTime:0.0010s ]
SQL: SELECT * FROM `wind87_book` WHERE `book_id` = 44 LIMIT 1   [ RunTime:0.0000s ]
SQL: SELECT * FROM `wind87_bookinfo` WHERE `isbn` = '9787111380931' LIMIT 1   [ RunTime:0.0010s ]
SQL: SELECT * FROM `wind87_book` WHERE `book_id` = 44 LIMIT 1   [ RunTime:0.0010s ]
SQL: SELECT * FROM `wind87_bookinfo` WHERE `isbn` = '9787111380931' LIMIT 1   [ RunTime:0.0000s ]
SQL: SELECT * FROM `wind87_book` WHERE `book_id` = 46 LIMIT 1   [ RunTime:0.0000s ]
SQL: SELECT * FROM `wind87_bookinfo` WHERE `isbn` = '9787213049422' LIMIT 1   [ RunTime:0.0010s ]
SQL: SELECT * FROM `wind87_book` WHERE `book_id` = 46 LIMIT 1   [ RunTime:0.0010s ]
SQL: SELECT * FROM `wind87_bookinfo` WHERE `isbn` = '9787213049422' LIMIT 1   [ RunTime:0.0020s ]
SQL: SELECT * FROM `wind87_book` WHERE `book_id` = 0 LIMIT 1   [ RunTime:0.0000s ]
SQL: SELECT * FROM `wind87_bookinfo` WHERE `isbn` = null LIMIT 1   [ RunTime:0.0010s ]
SQL: SELECT * FROM `wind87_book` WHERE `book_id` = 47 LIMIT 1   [ RunTime:0.0010s ]
SQL: SELECT * FROM `wind87_bookinfo` WHERE `isbn` = '9787115334589' LIMIT 1   [ RunTime:0.0000s ]
SQL: SELECT * FROM `wind87_book` WHERE `book_id` = 47 LIMIT 1   [ RunTime:0.0000s ]
SQL: SELECT * FROM `wind87_bookinfo` WHERE `isbn` = '9787115334589' LIMIT 1   [ RunTime:0.0000s ]
INFO: [ app_end ] --START--
INFO: Run Behavior\ShowPageTraceBehavior [ RunTime:0.000000s ]
INFO: [ app_end ] --END-- [ RunTime:0.001000s ]

[ 2016-03-23T20:29:13+08:00 ] ::1 /passon/index.php/Home/Index/login.html
INFO: [ app_init ] --START--
INFO: Run Behavior\BuildLiteBehavior [ RunTime:0.000000s ]
INFO: [ app_init ] --END-- [ RunTime:0.001000s ]
INFO: [ app_begin ] --START--
INFO: Run Behavior\ReadHtmlCacheBehavior [ RunTime:0.001000s ]
INFO: [ app_begin ] --END-- [ RunTime:0.001000s ]
SQL: SHOW COLUMNS FROM `wind87_passoncount` [ RunTime:0.0030s ]
SQL: SELECT * FROM `wind87_passoncount` WHERE `pagename` = 'login' AND `date` = '2016 03 23' LIMIT 1   [ RunTime:0.0000s ]
SQL: INSERT INTO `wind87_passoncount` (`pagename`,`count`,`date`,`des`) VALUES ('login','1','2016 03 23',NULL) [ RunTime:0.0560s ]
SQL: SHOW COLUMNS FROM `wind87_passonnums` [ RunTime:0.0110s ]
SQL: INSERT INTO `wind87_passonnums` (`username`,`ip`,`pagename`,`timeseconds`,`date`,`time`) VALUES ('visiter','0.0.0.0','login','1458736153','2016-03-23','08:29:13 pm') [ RunTime:0.0360s ]
INFO: [ view_parse ] --START--
INFO: [ template_filter ] --START--
INFO: Run Behavior\ContentReplaceBehavior [ RunTime:0.000000s ]
INFO: [ template_filter ] --END-- [ RunTime:0.000000s ]
NOTIC: [8] Use of undefined constant login_user - assumed 'login_user' D:\xampp\htdocs\passon\Application\Runtime\Cache\Home\ccea6a400660ce54d68cab67b9f68781.php 第 17 行.
NOTIC: [8] Use of undefined constant forget - assumed 'forget' D:\xampp\htdocs\passon\Application\Runtime\Cache\Home\ccea6a400660ce54d68cab67b9f68781.php 第 21 行.
NOTIC: [8] Use of undefined constant register - assumed 'register' D:\xampp\htdocs\passon\Application\Runtime\Cache\Home\ccea6a400660ce54d68cab67b9f68781.php 第 25 行.
INFO: Run Behavior\ParseTemplateBehavior [ RunTime:0.055003s ]
INFO: [ view_parse ] --END-- [ RunTime:0.055003s ]
INFO: [ view_filter ] --START--
INFO: Run Behavior\WriteHtmlCacheBehavior [ RunTime:0.001000s ]
INFO: [ view_filter ] --END-- [ RunTime:0.001000s ]
INFO: [ app_end ] --START--
INFO: Run Behavior\ShowPageTraceBehavior [ RunTime:0.001000s ]
INFO: [ app_end ] --END-- [ RunTime:0.001000s ]

[ 2016-03-23T20:29:20+08:00 ] ::1 /passon/index.php/Home/Index/login_user.html
INFO: [ app_init ] --START--
INFO: Run Behavior\BuildLiteBehavior [ RunTime:0.000000s ]
INFO: [ app_init ] --END-- [ RunTime:0.001000s ]
INFO: [ app_begin ] --START--
INFO: Run Behavior\ReadHtmlCacheBehavior [ RunTime:0.001000s ]
INFO: [ app_begin ] --END-- [ RunTime:0.001000s ]
SQL: SHOW COLUMNS FROM `wind87_booksusers` [ RunTime:0.0030s ]
SQL: SELECT * FROM `wind87_booksusers` WHERE `username` = 'huran' AND `password` = '87ec11b4bb373c801f51bf11e65aafc3'  [ RunTime:0.0010s ]
SQL: SELECT * FROM `wind87_booksusers` WHERE (  `id` = '20' AND `username` = 'huran' AND `password` = '87ec11b4bb373c801f51bf11e65aafc3' AND `phone` = '18813079759' AND `addr` = '01' AND `email` = '' AND `flag` = '1' ) LIMIT 1   [ RunTime:0.0460s ]
NOTIC: [8] Use of undefined constant index - assumed 'index' D:\xampp\htdocs\passon\Application\Home\Controller\IndexController.class.php 第 2393 行.

[ 2016-03-23T20:29:21+08:00 ] ::1 /passon/index.php/Home/Index/index.html
INFO: [ app_init ] --START--
INFO: Run Behavior\BuildLiteBehavior [ RunTime:0.000000s ]
INFO: [ app_init ] --END-- [ RunTime:0.001000s ]
INFO: [ app_begin ] --START--
INFO: Run Behavior\ReadHtmlCacheBehavior [ RunTime:0.001000s ]
INFO: [ app_begin ] --END-- [ RunTime:0.001000s ]
SQL: SHOW COLUMNS FROM `wind87_passoncount` [ RunTime:0.0050s ]
SQL: SELECT * FROM `wind87_passoncount` WHERE `pagename` = 'index' AND `date` = '2016 03 23' LIMIT 1   [ RunTime:0.0030s ]
SQL: SELECT * FROM `wind87_passoncount` WHERE `pagename` = 'index' AND `date` = '2016 03 23' LIMIT 1   [ RunTime:0.0010s ]
SQL: UPDATE `wind87_passoncount` SET `pagename`='index',`count`='2',`date`='2016 03 23',`des`=NULL WHERE `id` = 279 [ RunTime:0.1930s ]
SQL: SHOW COLUMNS FROM `wind87_passonnums` [ RunTime:0.0030s ]
SQL: INSERT INTO `wind87_passonnums` (`username`,`ip`,`pagename`,`timeseconds`,`date`,`time`) VALUES ('huran','0.0.0.0','index','1458736161','2016-03-23','08:29:21 pm') [ RunTime:0.1160s ]
INFO: [ view_parse ] --START--
INFO: [ template_filter ] --START--
INFO: Run Behavior\ContentReplaceBehavior [ RunTime:0.000000s ]
INFO: [ template_filter ] --END-- [ RunTime:0.000000s ]
NOTIC: [8] Use of undefined constant index - assumed 'index' D:\xampp\htdocs\passon\Application\Runtime\Cache\Home\2a94b8bda04ff446dcedd42276fc99ee.php 第 21 行.
NOTIC: [8] Use of undefined constant squre - assumed 'squre' D:\xampp\htdocs\passon\Application\Runtime\Cache\Home\2a94b8bda04ff446dcedd42276fc99ee.php 第 22 行.
NOTIC: [8] Use of undefined constant share - assumed 'share' D:\xampp\htdocs\passon\Application\Runtime\Cache\Home\2a94b8bda04ff446dcedd42276fc99ee.php 第 23 行.
NOTIC: [8] Use of undefined constant register - assumed 'register' D:\xampp\htdocs\passon\Application\Runtime\Cache\Home\2a94b8bda04ff446dcedd42276fc99ee.php 第 26 行.
NOTIC: [8] Use of undefined constant login - assumed 'login' D:\xampp\htdocs\passon\Application\Runtime\Cache\Home\2a94b8bda04ff446dcedd42276fc99ee.php 第 27 行.
NOTIC: [8] Use of undefined constant person - assumed 'person' D:\xampp\htdocs\passon\Application\Runtime\Cache\Home\2a94b8bda04ff446dcedd42276fc99ee.php 第 30 行.
NOTIC: [8] Use of undefined constant logout - assumed 'logout' D:\xampp\htdocs\passon\Application\Runtime\Cache\Home\2a94b8bda04ff446dcedd42276fc99ee.php 第 30 行.
NOTIC: [8] Use of undefined constant search - assumed 'search' D:\xampp\htdocs\passon\Application\Runtime\Cache\Home\2a94b8bda04ff446dcedd42276fc99ee.php 第 34 行.
NOTIC: [8] Use of undefined constant contribute - assumed 'contribute' D:\xampp\htdocs\passon\Application\Runtime\Cache\Home\2a94b8bda04ff446dcedd42276fc99ee.php 第 50 行.
NOTIC: [8] Use of undefined constant share - assumed 'share' D:\xampp\htdocs\passon\Application\Runtime\Cache\Home\2a94b8bda04ff446dcedd42276fc99ee.php 第 51 行.
NOTIC: [8] Use of undefined constant showLogs - assumed 'showLogs' D:\xampp\htdocs\passon\Application\Runtime\Cache\Home\2a94b8bda04ff446dcedd42276fc99ee.php 第 138 行.
INFO: Run Behavior\ParseTemplateBehavior [ RunTime:0.009000s ]
INFO: [ view_parse ] --END-- [ RunTime:0.009000s ]
INFO: [ view_filter ] --START--
INFO: Run Behavior\WriteHtmlCacheBehavior [ RunTime:0.001000s ]
INFO: [ view_filter ] --END-- [ RunTime:0.001000s ]
INFO: [ app_end ] --START--
INFO: Run Behavior\ShowPageTraceBehavior [ RunTime:0.001000s ]
INFO: [ app_end ] --END-- [ RunTime:0.001000s ]

[ 2016-03-23T20:29:21+08:00 ] ::1 /passon/index.php/Home/Index/showLogs.html
INFO: [ app_init ] --START--
INFO: Run Behavior\BuildLiteBehavior [ RunTime:0.000000s ]
INFO: [ app_init ] --END-- [ RunTime:0.002000s ]
INFO: [ app_begin ] --START--
INFO: Run Behavior\ReadHtmlCacheBehavior [ RunTime:0.001000s ]
INFO: [ app_begin ] --END-- [ RunTime:0.001000s ]
SQL: SHOW COLUMNS FROM `wind87_booklog` [ RunTime:0.0030s ]
SQL: SELECT * FROM `wind87_booklog` ORDER BY log_id  desc LIMIT 10   [ RunTime:0.0000s ]
SQL: SHOW COLUMNS FROM `wind87_book` [ RunTime:0.0040s ]
SQL: SHOW COLUMNS FROM `wind87_bookinfo` [ RunTime:0.0040s ]
SQL: SELECT * FROM `wind87_book` WHERE `book_id` = 42 LIMIT 1   [ RunTime:0.0000s ]
SQL: SELECT * FROM `wind87_bookinfo` WHERE `isbn` = '9787115281609' LIMIT 1   [ RunTime:0.0000s ]
SQL: SELECT * FROM `wind87_book` WHERE `book_id` = 42 LIMIT 1   [ RunTime:0.0000s ]
SQL: SELECT * FROM `wind87_bookinfo` WHERE `isbn` = '9787115281609' LIMIT 1   [ RunTime:0.0000s ]
SQL: SELECT * FROM `wind87_book` WHERE `book_id` = 42 LIMIT 1   [ RunTime:0.0000s ]
SQL: SELECT * FROM `wind87_bookinfo` WHERE `isbn` = '9787115281609' LIMIT 1   [ RunTime:0.0000s ]
SQL: SELECT * FROM `wind87_book` WHERE `book_id` = 44 LIMIT 1   [ RunTime:0.0010s ]
SQL: SELECT * FROM `wind87_bookinfo` WHERE `isbn` = '9787111380931' LIMIT 1   [ RunTime:0.0000s ]
SQL: SELECT * FROM `wind87_book` WHERE `book_id` = 44 LIMIT 1   [ RunTime:0.0000s ]
SQL: SELECT * FROM `wind87_bookinfo` WHERE `isbn` = '9787111380931' LIMIT 1   [ RunTime:0.0000s ]
SQL: SELECT * FROM `wind87_book` WHERE `book_id` = 46 LIMIT 1   [ RunTime:0.0000s ]
SQL: SELECT * FROM `wind87_bookinfo` WHERE `isbn` = '9787213049422' LIMIT 1   [ RunTime:0.0000s ]
SQL: SELECT * FROM `wind87_book` WHERE `book_id` = 46 LIMIT 1   [ RunTime:0.0000s ]
SQL: SELECT * FROM `wind87_bookinfo` WHERE `isbn` = '9787213049422' LIMIT 1   [ RunTime:0.0000s ]
SQL: SELECT * FROM `wind87_book` WHERE `book_id` = 0 LIMIT 1   [ RunTime:0.0010s ]
SQL: SELECT * FROM `wind87_bookinfo` WHERE `isbn` = null LIMIT 1   [ RunTime:0.0000s ]
SQL: SELECT * FROM `wind87_book` WHERE `book_id` = 47 LIMIT 1   [ RunTime:0.0000s ]
SQL: SELECT * FROM `wind87_bookinfo` WHERE `isbn` = '9787115334589' LIMIT 1   [ RunTime:0.0000s ]
SQL: SELECT * FROM `wind87_book` WHERE `book_id` = 47 LIMIT 1   [ RunTime:0.0000s ]
SQL: SELECT * FROM `wind87_bookinfo` WHERE `isbn` = '9787115334589' LIMIT 1   [ RunTime:0.0000s ]
INFO: [ app_end ] --START--
INFO: Run Behavior\ShowPageTraceBehavior [ RunTime:0.000000s ]
INFO: [ app_end ] --END-- [ RunTime:0.000000s ]

[ 2016-03-23T20:29:22+08:00 ] ::1 /passon/index.php/Home/Index/showLogs.html
INFO: [ app_init ] --START--
INFO: Run Behavior\BuildLiteBehavior [ RunTime:0.000000s ]
INFO: [ app_init ] --END-- [ RunTime:0.000000s ]
INFO: [ app_begin ] --START--
INFO: Run Behavior\ReadHtmlCacheBehavior [ RunTime:0.001000s ]
INFO: [ app_begin ] --END-- [ RunTime:0.001000s ]
SQL: SHOW COLUMNS FROM `wind87_booklog` [ RunTime:0.0040s ]
SQL: SELECT * FROM `wind87_booklog` ORDER BY log_id  desc LIMIT 10   [ RunTime:0.0000s ]
SQL: SHOW COLUMNS FROM `wind87_book` [ RunTime:0.0040s ]
SQL: SHOW COLUMNS FROM `wind87_bookinfo` [ RunTime:0.0040s ]
SQL: SELECT * FROM `wind87_book` WHERE `book_id` = 42 LIMIT 1   [ RunTime:0.0010s ]
SQL: SELECT * FROM `wind87_bookinfo` WHERE `isbn` = '9787115281609' LIMIT 1   [ RunTime:0.0000s ]
SQL: SELECT * FROM `wind87_book` WHERE `book_id` = 42 LIMIT 1   [ RunTime:0.0000s ]
SQL: SELECT * FROM `wind87_bookinfo` WHERE `isbn` = '9787115281609' LIMIT 1   [ RunTime:0.0010s ]
SQL: SELECT * FROM `wind87_book` WHERE `book_id` = 42 LIMIT 1   [ RunTime:0.0000s ]
SQL: SELECT * FROM `wind87_bookinfo` WHERE `isbn` = '9787115281609' LIMIT 1   [ RunTime:0.0010s ]
SQL: SELECT * FROM `wind87_book` WHERE `book_id` = 44 LIMIT 1   [ RunTime:0.0000s ]
SQL: SELECT * FROM `wind87_bookinfo` WHERE `isbn` = '9787111380931' LIMIT 1   [ RunTime:0.0010s ]
SQL: SELECT * FROM `wind87_book` WHERE `book_id` = 44 LIMIT 1   [ RunTime:0.0000s ]
SQL: SELECT * FROM `wind87_bookinfo` WHERE `isbn` = '9787111380931' LIMIT 1   [ RunTime:0.0010s ]
SQL: SELECT * FROM `wind87_book` WHERE `book_id` = 46 LIMIT 1   [ RunTime:0.0000s ]
SQL: SELECT * FROM `wind87_bookinfo` WHERE `isbn` = '9787213049422' LIMIT 1   [ RunTime:0.0010s ]
SQL: SELECT * FROM `wind87_book` WHERE `book_id` = 46 LIMIT 1   [ RunTime:0.0000s ]
SQL: SELECT * FROM `wind87_bookinfo` WHERE `isbn` = '9787213049422' LIMIT 1   [ RunTime:0.0010s ]
SQL: SELECT * FROM `wind87_book` WHERE `book_id` = 0 LIMIT 1   [ RunTime:0.0000s ]
SQL: SELECT * FROM `wind87_bookinfo` WHERE `isbn` = null LIMIT 1   [ RunTime:0.0000s ]
SQL: SELECT * FROM `wind87_book` WHERE `book_id` = 47 LIMIT 1   [ RunTime:0.0000s ]
SQL: SELECT * FROM `wind87_bookinfo` WHERE `isbn` = '9787115334589' LIMIT 1   [ RunTime:0.0000s ]
SQL: SELECT * FROM `wind87_book` WHERE `book_id` = 47 LIMIT 1   [ RunTime:0.0010s ]
SQL: SELECT * FROM `wind87_bookinfo` WHERE `isbn` = '9787115334589' LIMIT 1   [ RunTime:0.0000s ]
INFO: [ app_end ] --START--
INFO: Run Behavior\ShowPageTraceBehavior [ RunTime:0.001000s ]
INFO: [ app_end ] --END-- [ RunTime:0.001000s ]

[ 2016-03-23T20:29:23+08:00 ] ::1 /passon/index.php/Home/Index/person.html
INFO: [ app_init ] --START--
INFO: Run Behavior\BuildLiteBehavior [ RunTime:0.000000s ]
INFO: [ app_init ] --END-- [ RunTime:0.001000s ]
INFO: [ app_begin ] --START--
INFO: Run Behavior\ReadHtmlCacheBehavior [ RunTime:0.001000s ]
INFO: [ app_begin ] --END-- [ RunTime:0.001000s ]
SQL: SHOW COLUMNS FROM `wind87_passoncount` [ RunTime:0.0040s ]
SQL: SELECT * FROM `wind87_passoncount` WHERE `pagename` = 'person' AND `date` = '2016 03 23' LIMIT 1   [ RunTime:0.0010s ]
SQL: SELECT * FROM `wind87_passoncount` WHERE `pagename` = 'person' AND `date` = '2016 03 23' LIMIT 1   [ RunTime:0.0000s ]
SQL: UPDATE `wind87_passoncount` SET `pagename`='person',`count`='2',`date`='2016 03 23',`des`=NULL WHERE `id` = 278 [ RunTime:0.0620s ]
SQL: SHOW COLUMNS FROM `wind87_passonnums` [ RunTime:0.0030s ]
SQL: INSERT INTO `wind87_passonnums` (`username`,`ip`,`pagename`,`timeseconds`,`date`,`time`) VALUES ('huran','0.0.0.0','person','1458736162','2016-03-23','08:29:22 pm') [ RunTime:0.0550s ]
SQL: SHOW COLUMNS FROM `wind87_booksusers` [ RunTime:0.0040s ]
SQL: SHOW COLUMNS FROM `wind87_book_bind` [ RunTime:0.0040s ]
SQL: SHOW COLUMNS FROM `wind87_book_wechat_userinfo` [ RunTime:0.0030s ]
SQL: SELECT * FROM `wind87_book_wechat_userinfo` WHERE `nickname` = 'huran' LIMIT 1   [ RunTime:0.0000s ]
SQL: SELECT * FROM `wind87_book_bind` WHERE `openid` = null LIMIT 1   [ RunTime:0.0000s ]
SQL: SHOW COLUMNS FROM `wind87_booklog` [ RunTime:0.0030s ]
SQL: SHOW COLUMNS FROM `wind87_book` [ RunTime:0.0030s ]
SQL: SHOW COLUMNS FROM `wind87_bookinfo` [ RunTime:0.0040s ]
SQL: SHOW COLUMNS FROM `wind87_book_handleresult` [ RunTime:0.0850s ]
SQL: SHOW COLUMNS FROM `wind87_book_groupinfo` [ RunTime:0.0990s ]
SQL: SELECT * FROM `wind87_booksusers` WHERE `username` = 'huran' LIMIT 1   [ RunTime:0.0010s ]
SQL: SELECT * FROM `wind87_booklog` WHERE `keeper_name` = 'huran' ORDER BY log_id desc  [ RunTime:0.0000s ]
SQL: SELECT * FROM `wind87_book` WHERE `book_id` = 42 LIMIT 1   [ RunTime:0.0010s ]
SQL: SELECT * FROM `wind87_bookinfo` WHERE `isbn` = '9787115281609' LIMIT 1   [ RunTime:0.0000s ]
SQL: SELECT * FROM `wind87_book` WHERE `book_id` = 42 LIMIT 1   [ RunTime:0.0000s ]
SQL: SELECT * FROM `wind87_bookinfo` WHERE `isbn` = '9787115281609' LIMIT 1   [ RunTime:0.0020s ]
SQL: SELECT * FROM `wind87_book` WHERE `book_id` = 42 LIMIT 1   [ RunTime:0.0010s ]
SQL: SELECT * FROM `wind87_bookinfo` WHERE `isbn` = '9787115281609' LIMIT 1   [ RunTime:0.0000s ]
SQL: SELECT * FROM `wind87_book` WHERE `book_id` = 44 LIMIT 1   [ RunTime:0.0010s ]
SQL: SELECT * FROM `wind87_bookinfo` WHERE `isbn` = '9787111380931' LIMIT 1   [ RunTime:0.0010s ]
SQL: SELECT * FROM `wind87_book` WHERE `book_id` = 44 LIMIT 1   [ RunTime:0.0000s ]
SQL: SELECT * FROM `wind87_bookinfo` WHERE `isbn` = '9787111380931' LIMIT 1   [ RunTime:0.0000s ]
SQL: SELECT * FROM `wind87_book` WHERE `book_id` = 46 LIMIT 1   [ RunTime:0.0000s ]
SQL: SELECT * FROM `wind87_bookinfo` WHERE `isbn` = '9787213049422' LIMIT 1   [ RunTime:0.0010s ]
SQL: SELECT * FROM `wind87_book` WHERE `book_id` = 46 LIMIT 1   [ RunTime:0.0000s ]
SQL: SELECT * FROM `wind87_bookinfo` WHERE `isbn` = '9787213049422' LIMIT 1   [ RunTime:0.0010s ]
SQL: SELECT * FROM `wind87_book` WHERE `book_id` = 0 LIMIT 1   [ RunTime:0.0000s ]
SQL: SELECT * FROM `wind87_bookinfo` WHERE `isbn` = null LIMIT 1   [ RunTime:0.0000s ]
SQL: SELECT * FROM `wind87_book` WHERE `book_id` = 47 LIMIT 1   [ RunTime:0.0000s ]
SQL: SELECT * FROM `wind87_bookinfo` WHERE `isbn` = '9787115334589' LIMIT 1   [ RunTime:0.0000s ]
SQL: SELECT * FROM `wind87_book` WHERE `book_id` = 47 LIMIT 1   [ RunTime:0.0020s ]
SQL: SELECT * FROM `wind87_bookinfo` WHERE `isbn` = '9787115334589' LIMIT 1   [ RunTime:0.0010s ]
SQL: SELECT * FROM `wind87_book` WHERE `book_id` = 47 LIMIT 1   [ RunTime:0.0000s ]
SQL: SELECT * FROM `wind87_bookinfo` WHERE `isbn` = '9787115334589' LIMIT 1   [ RunTime:0.0000s ]
SQL: SHOW COLUMNS FROM `wind87_book_honer` [ RunTime:0.0770s ]
SQL: SELECT * FROM `wind87_book_honer` WHERE `username` = 'huran' LIMIT 1   [ RunTime:0.0010s ]
SQL: SELECT * FROM `wind87_book` WHERE `owner_name` = 'huran'  [ RunTime:0.0010s ]
SQL: SELECT * FROM `wind87_book_handleresult` WHERE `username` = 'huran'  [ RunTime:0.0010s ]
SQL: SELECT * FROM `wind87_book_groupinfo` WHERE `id` = 6 LIMIT 1   [ RunTime:0.0000s ]
SQL: SHOW COLUMNS FROM `wind87_book_friend_handle` [ RunTime:0.0560s ]
SQL: SHOW COLUMNS FROM `wind87_book_friend` [ RunTime:0.0280s ]
SQL: SELECT * FROM `wind87_book_friend_handle` WHERE `username` = 'huran'  [ RunTime:0.0010s ]
SQL: SELECT * FROM `wind87_book_friend` WHERE `username` = 'huran'  [ RunTime:0.0000s ]
INFO: [ view_parse ] --START--
INFO: [ template_filter ] --START--
INFO: Run Behavior\ContentReplaceBehavior [ RunTime:0.001000s ]
INFO: [ template_filter ] --END-- [ RunTime:0.001000s ]
NOTIC: [8] Use of undefined constant index - assumed 'index' D:\xampp\htdocs\passon\Application\Runtime\Cache\Home\8571270d6619e5b554873f4047466c88.php 第 15 行.
NOTIC: [8] Use of undefined constant squre - assumed 'squre' D:\xampp\htdocs\passon\Application\Runtime\Cache\Home\8571270d6619e5b554873f4047466c88.php 第 16 行.
NOTIC: [8] Use of undefined constant share - assumed 'share' D:\xampp\htdocs\passon\Application\Runtime\Cache\Home\8571270d6619e5b554873f4047466c88.php 第 17 行.
NOTIC: [8] Use of undefined constant search - assumed 'search' D:\xampp\htdocs\passon\Application\Runtime\Cache\Home\8571270d6619e5b554873f4047466c88.php 第 20 行.
NOTIC: [8] Use of undefined constant register - assumed 'register' D:\xampp\htdocs\passon\Application\Runtime\Cache\Home\8571270d6619e5b554873f4047466c88.php 第 43 行.
NOTIC: [8] Use of undefined constant login - assumed 'login' D:\xampp\htdocs\passon\Application\Runtime\Cache\Home\8571270d6619e5b554873f4047466c88.php 第 44 行.
NOTIC: [8] Use of undefined constant person - assumed 'person' D:\xampp\htdocs\passon\Application\Runtime\Cache\Home\8571270d6619e5b554873f4047466c88.php 第 47 行.
NOTIC: [8] Use of undefined constant index - assumed 'index' D:\xampp\htdocs\passon\Application\Runtime\Cache\Home\8571270d6619e5b554873f4047466c88.php 第 54 行.
NOTIC: [8] Use of undefined constant contribute - assumed 'contribute' D:\xampp\htdocs\passon\Application\Runtime\Cache\Home\8571270d6619e5b554873f4047466c88.php 第 68 行.
NOTIC: [8] Use of undefined constant message - assumed 'message' D:\xampp\htdocs\passon\Application\Runtime\Cache\Home\8571270d6619e5b554873f4047466c88.php 第 76 行.
NOTIC: [8] Use of undefined constant personshare - assumed 'personshare' D:\xampp\htdocs\passon\Application\Runtime\Cache\Home\8571270d6619e5b554873f4047466c88.php 第 77 行.
NOTIC: [8] Use of undefined constant mygroup - assumed 'mygroup' D:\xampp\htdocs\passon\Application\Runtime\Cache\Home\8571270d6619e5b554873f4047466c88.php 第 79 行.
NOTIC: [8] Undefined variable: book D:\xampp\htdocs\passon\Application\Runtime\Cache\Home\8571270d6619e5b554873f4047466c88.php 第 164 行.
NOTIC: [8] Use of undefined constant usmessage - assumed 'usmessage' D:\xampp\htdocs\passon\Application\Runtime\Cache\Home\8571270d6619e5b554873f4047466c88.php 第 194 行.
NOTIC: [8] Use of undefined constant usemessage - assumed 'usemessage' D:\xampp\htdocs\passon\Application\Runtime\Cache\Home\8571270d6619e5b554873f4047466c88.php 第 204 行.
NOTIC: [8] Use of undefined constant myKeeps - assumed 'myKeeps' D:\xampp\htdocs\passon\Application\Runtime\Cache\Home\8571270d6619e5b554873f4047466c88.php 第 236 行.
NOTIC: [8] Undefined variable: mybooks D:\xampp\htdocs\passon\Application\Runtime\Cache\Home\8571270d6619e5b554873f4047466c88.php 第 242 行.
NOTIC: [8] Undefined variable: page D:\xampp\htdocs\passon\Application\Runtime\Cache\Home\8571270d6619e5b554873f4047466c88.php 第 254 行.
NOTIC: [8] Undefined index: bookinfo D:\xampp\htdocs\passon\Application\Runtime\Cache\Home\8571270d6619e5b554873f4047466c88.php 第 268 行.
NOTIC: [8] Use of undefined constant bookInfo - assumed 'bookInfo' D:\xampp\htdocs\passon\Application\Runtime\Cache\Home\8571270d6619e5b554873f4047466c88.php 第 272 行.
NOTIC: [8] Undefined index: bookinfo D:\xampp\htdocs\passon\Application\Runtime\Cache\Home\8571270d6619e5b554873f4047466c88.php 第 282 行.
NOTIC: [8] Use of undefined constant bookInfo - assumed 'bookInfo' D:\xampp\htdocs\passon\Application\Runtime\Cache\Home\8571270d6619e5b554873f4047466c88.php 第 286 行.
INFO: Run Behavior\ParseTemplateBehavior [ RunTime:0.132008s ]
INFO: [ view_parse ] --END-- [ RunTime:0.132008s ]
INFO: [ view_filter ] --START--
INFO: Run Behavior\WriteHtmlCacheBehavior [ RunTime:0.001000s ]
INFO: [ view_filter ] --END-- [ RunTime:0.001000s ]
INFO: [ app_end ] --START--
INFO: Run Behavior\ShowPageTraceBehavior [ RunTime:0.001000s ]
INFO: [ app_end ] --END-- [ RunTime:0.001000s ]

