[ 2016-01-08T14:39:52+08:00 ] ::1 /passon/index.php/Home/Index/phoneshare
INFO: [ app_init ] --START--
INFO: Run Behavior\BuildLiteBehavior [ RunTime:0.000000s ]
INFO: [ app_init ] --END-- [ RunTime:0.001000s ]
INFO: [ app_begin ] --START--
INFO: Run Behavior\ReadHtmlCacheBehavior [ RunTime:0.001000s ]
INFO: [ app_begin ] --END-- [ RunTime:0.004000s ]
INFO: [ view_parse ] --START--
INFO: [ template_filter ] --START--
INFO: Run Behavior\ContentReplaceBehavior [ RunTime:0.001000s ]
INFO: [ template_filter ] --END-- [ RunTime:0.001000s ]
INFO: Run Behavior\ParseTemplateBehavior [ RunTime:0.059003s ]
INFO: [ view_parse ] --END-- [ RunTime:0.059003s ]
INFO: [ view_filter ] --START--
INFO: Run Behavior\WriteHtmlCacheBehavior [ RunTime:0.001000s ]
INFO: [ view_filter ] --END-- [ RunTime:0.001000s ]
INFO: [ app_end ] --START--
INFO: Run Behavior\ShowPageTraceBehavior [ RunTime:0.000000s ]
INFO: [ app_end ] --END-- [ RunTime:0.000000s ]

[ 2016-01-08T14:39:52+08:00 ] ::1 /passon/index.php/Home/Index/1.jpg
INFO: [ app_init ] --START--
INFO: Run Behavior\BuildLiteBehavior [ RunTime:0.001000s ]
INFO: [ app_init ] --END-- [ RunTime:0.002000s ]

[ 2016-01-08T14:40:14+08:00 ] ::1 /passon/index.php/Home/Index/phoneshare
INFO: [ app_init ] --START--
INFO: Run Behavior\BuildLiteBehavior [ RunTime:0.000000s ]
INFO: [ app_init ] --END-- [ RunTime:0.001000s ]
INFO: [ app_begin ] --START--
INFO: Run Behavior\ReadHtmlCacheBehavior [ RunTime:0.001000s ]
INFO: [ app_begin ] --END-- [ RunTime:0.001000s ]
INFO: [ view_parse ] --START--
INFO: [ template_filter ] --START--
INFO: Run Behavior\ContentReplaceBehavior [ RunTime:0.000000s ]
INFO: [ template_filter ] --END-- [ RunTime:0.000000s ]
INFO: Run Behavior\ParseTemplateBehavior [ RunTime:0.015001s ]
INFO: [ view_parse ] --END-- [ RunTime:0.015001s ]
INFO: [ view_filter ] --START--
INFO: Run Behavior\WriteHtmlCacheBehavior [ RunTime:0.001000s ]
INFO: [ view_filter ] --END-- [ RunTime:0.001000s ]
INFO: [ app_end ] --START--
INFO: Run Behavior\ShowPageTraceBehavior [ RunTime:0.001000s ]
INFO: [ app_end ] --END-- [ RunTime:0.001000s ]

[ 2016-01-08T14:40:14+08:00 ] ::1 /passon/index.php/Home/Index/1.jpg
INFO: [ app_init ] --START--
INFO: Run Behavior\BuildLiteBehavior [ RunTime:0.000000s ]
INFO: [ app_init ] --END-- [ RunTime:0.001000s ]

[ 2016-01-08T14:41:33+08:00 ] ::1 /passon/index.php/Home/Index/phoneshare
INFO: [ app_init ] --START--
INFO: Run Behavior\BuildLiteBehavior [ RunTime:0.000000s ]
INFO: [ app_init ] --END-- [ RunTime:0.008000s ]
INFO: [ app_begin ] --START--
INFO: Run Behavior\ReadHtmlCacheBehavior [ RunTime:0.001000s ]
INFO: [ app_begin ] --END-- [ RunTime:0.001000s ]
INFO: [ view_parse ] --START--
INFO: [ template_filter ] --START--
INFO: Run Behavior\ContentReplaceBehavior [ RunTime:0.001000s ]
INFO: [ template_filter ] --END-- [ RunTime:0.001000s ]
INFO: Run Behavior\ParseTemplateBehavior [ RunTime:0.010001s ]
INFO: [ view_parse ] --END-- [ RunTime:0.010001s ]
INFO: [ view_filter ] --START--
INFO: Run Behavior\WriteHtmlCacheBehavior [ RunTime:0.000000s ]
INFO: [ view_filter ] --END-- [ RunTime:0.000000s ]
INFO: [ app_end ] --START--
INFO: Run Behavior\ShowPageTraceBehavior [ RunTime:0.001000s ]
INFO: [ app_end ] --END-- [ RunTime:0.001000s ]

[ 2016-01-08T14:41:51+08:00 ] ::1 /passon/index.php/Home/Index/phoneshare
INFO: [ app_init ] --START--
INFO: Run Behavior\BuildLiteBehavior [ RunTime:0.000000s ]
INFO: [ app_init ] --END-- [ RunTime:0.000000s ]
INFO: [ app_begin ] --START--
INFO: Run Behavior\ReadHtmlCacheBehavior [ RunTime:0.001000s ]
INFO: [ app_begin ] --END-- [ RunTime:0.001000s ]
INFO: [ view_parse ] --START--
INFO: [ template_filter ] --START--
INFO: Run Behavior\ContentReplaceBehavior [ RunTime:0.000000s ]
INFO: [ template_filter ] --END-- [ RunTime:0.000000s ]
INFO: Run Behavior\ParseTemplateBehavior [ RunTime:0.009000s ]
INFO: [ view_parse ] --END-- [ RunTime:0.009000s ]
INFO: [ view_filter ] --START--
INFO: Run Behavior\WriteHtmlCacheBehavior [ RunTime:0.001000s ]
INFO: [ view_filter ] --END-- [ RunTime:0.001000s ]
INFO: [ app_end ] --START--
INFO: Run Behavior\ShowPageTraceBehavior [ RunTime:0.000000s ]
INFO: [ app_end ] --END-- [ RunTime:0.001000s ]

[ 2016-01-08T14:42:01+08:00 ] ::1 /passon/index.php/Home/Index/phoneshare
INFO: [ app_init ] --START--
INFO: Run Behavior\BuildLiteBehavior [ RunTime:0.000000s ]
INFO: [ app_init ] --END-- [ RunTime:0.000000s ]
INFO: [ app_begin ] --START--
INFO: Run Behavior\ReadHtmlCacheBehavior [ RunTime:0.001000s ]
INFO: [ app_begin ] --END-- [ RunTime:0.002000s ]
INFO: [ view_parse ] --START--
INFO: [ template_filter ] --START--
INFO: Run Behavior\ContentReplaceBehavior [ RunTime:0.000000s ]
INFO: [ template_filter ] --END-- [ RunTime:0.000000s ]
INFO: Run Behavior\ParseTemplateBehavior [ RunTime:0.011000s ]
INFO: [ view_parse ] --END-- [ RunTime:0.011000s ]
INFO: [ view_filter ] --START--
INFO: Run Behavior\WriteHtmlCacheBehavior [ RunTime:0.001000s ]
INFO: [ view_filter ] --END-- [ RunTime:0.002001s ]
INFO: [ app_end ] --START--
INFO: Run Behavior\ShowPageTraceBehavior [ RunTime:0.002000s ]
INFO: [ app_end ] --END-- [ RunTime:0.002000s ]

[ 2016-01-08T15:23:06+08:00 ] ::1 /passon/index.php/Home/Index/personshare.html
INFO: [ app_init ] --START--
INFO: Run Behavior\BuildLiteBehavior [ RunTime:0.000000s ]
INFO: [ app_init ] --END-- [ RunTime:0.002000s ]
INFO: [ app_begin ] --START--
INFO: Run Behavior\ReadHtmlCacheBehavior [ RunTime:0.004000s ]
INFO: [ app_begin ] --END-- [ RunTime:0.004000s ]
SQL: SHOW COLUMNS FROM `wind87_passoncount` [ RunTime:0.7360s ]
SQL: SELECT * FROM `wind87_passoncount` WHERE `pagename` = 'personshare' AND `date` = '2016 01 08' LIMIT 1   [ RunTime:0.0370s ]
SQL: INSERT INTO `wind87_passoncount` (`pagename`,`count`,`date`,`des`) VALUES ('personshare','1','2016 01 08',NULL) [ RunTime:0.2070s ]
SQL: SHOW COLUMNS FROM `wind87_passonnums` [ RunTime:0.0980s ]
SQL: INSERT INTO `wind87_passonnums` (`username`,`ip`,`pagename`,`timeseconds`,`date`,`time`) VALUES ('visiter','0.0.0.0','personshare','1452237785','2016-01-08','03:23:05 pm') [ RunTime:0.0470s ]
NOTIC: [8] Use of undefined constant index - assumed 'index' D:\xampp\htdocs\passon\Application\Home\Controller\IndexController.class.php 第 587 行.

[ 2016-01-08T15:23:06+08:00 ] ::1 /passon/index.php/Home/Index/index.html
INFO: [ app_init ] --START--
INFO: Run Behavior\BuildLiteBehavior [ RunTime:0.000000s ]
INFO: [ app_init ] --END-- [ RunTime:0.000000s ]
INFO: [ app_begin ] --START--
INFO: Run Behavior\ReadHtmlCacheBehavior [ RunTime:0.001000s ]
INFO: [ app_begin ] --END-- [ RunTime:0.001000s ]
SQL: SHOW COLUMNS FROM `wind87_passoncount` [ RunTime:0.0030s ]
SQL: SELECT * FROM `wind87_passoncount` WHERE `pagename` = 'index' AND `date` = '2016 01 08' LIMIT 1   [ RunTime:0.0050s ]
SQL: INSERT INTO `wind87_passoncount` (`pagename`,`count`,`date`,`des`) VALUES ('index','1','2016 01 08',NULL) [ RunTime:0.0470s ]
SQL: SHOW COLUMNS FROM `wind87_passonnums` [ RunTime:0.0040s ]
SQL: INSERT INTO `wind87_passonnums` (`username`,`ip`,`pagename`,`timeseconds`,`date`,`time`) VALUES ('visiter','0.0.0.0','index','1452237786','2016-01-08','03:23:06 pm') [ RunTime:0.0520s ]
INFO: [ view_parse ] --START--
INFO: [ template_filter ] --START--
INFO: Run Behavior\ContentReplaceBehavior [ RunTime:0.000000s ]
INFO: [ template_filter ] --END-- [ RunTime:0.000000s ]
NOTIC: [8] Use of undefined constant index - assumed 'index' D:\xampp\htdocs\passon\Application\Runtime\Cache\Home\2a94b8bda04ff446dcedd42276fc99ee.php 第 21 行.
NOTIC: [8] Use of undefined constant squre - assumed 'squre' D:\xampp\htdocs\passon\Application\Runtime\Cache\Home\2a94b8bda04ff446dcedd42276fc99ee.php 第 22 行.
NOTIC: [8] Use of undefined constant share - assumed 'share' D:\xampp\htdocs\passon\Application\Runtime\Cache\Home\2a94b8bda04ff446dcedd42276fc99ee.php 第 23 行.
NOTIC: [8] Use of undefined constant register - assumed 'register' D:\xampp\htdocs\passon\Application\Runtime\Cache\Home\2a94b8bda04ff446dcedd42276fc99ee.php 第 26 行.
NOTIC: [8] Use of undefined constant login - assumed 'login' D:\xampp\htdocs\passon\Application\Runtime\Cache\Home\2a94b8bda04ff446dcedd42276fc99ee.php 第 27 行.
NOTIC: [8] Use of undefined constant person - assumed 'person' D:\xampp\htdocs\passon\Application\Runtime\Cache\Home\2a94b8bda04ff446dcedd42276fc99ee.php 第 30 行.
NOTIC: [8] Undefined index: username D:\xampp\htdocs\passon\Application\Runtime\Cache\Home\2a94b8bda04ff446dcedd42276fc99ee.php 第 30 行.
NOTIC: [8] Use of undefined constant logout - assumed 'logout' D:\xampp\htdocs\passon\Application\Runtime\Cache\Home\2a94b8bda04ff446dcedd42276fc99ee.php 第 30 行.
NOTIC: [8] Use of undefined constant search - assumed 'search' D:\xampp\htdocs\passon\Application\Runtime\Cache\Home\2a94b8bda04ff446dcedd42276fc99ee.php 第 34 行.
NOTIC: [8] Use of undefined constant contribute - assumed 'contribute' D:\xampp\htdocs\passon\Application\Runtime\Cache\Home\2a94b8bda04ff446dcedd42276fc99ee.php 第 49 行.
NOTIC: [8] Use of undefined constant share - assumed 'share' D:\xampp\htdocs\passon\Application\Runtime\Cache\Home\2a94b8bda04ff446dcedd42276fc99ee.php 第 50 行.
NOTIC: [8] Use of undefined constant showLogs - assumed 'showLogs' D:\xampp\htdocs\passon\Application\Runtime\Cache\Home\2a94b8bda04ff446dcedd42276fc99ee.php 第 126 行.
INFO: Run Behavior\ParseTemplateBehavior [ RunTime:0.078004s ]
INFO: [ view_parse ] --END-- [ RunTime:0.079004s ]
INFO: [ view_filter ] --START--
INFO: Run Behavior\WriteHtmlCacheBehavior [ RunTime:0.006001s ]
INFO: [ view_filter ] --END-- [ RunTime:0.007001s ]
INFO: [ app_end ] --START--
INFO: Run Behavior\ShowPageTraceBehavior [ RunTime:0.010000s ]
INFO: [ app_end ] --END-- [ RunTime:0.010000s ]

[ 2016-01-08T15:23:08+08:00 ] ::1 /passon/index.php/Home/Index/showLogs.html
INFO: [ app_init ] --START--
INFO: Run Behavior\BuildLiteBehavior [ RunTime:0.000000s ]
INFO: [ app_init ] --END-- [ RunTime:0.000000s ]
INFO: [ app_begin ] --START--
INFO: Run Behavior\ReadHtmlCacheBehavior [ RunTime:0.001000s ]
INFO: [ app_begin ] --END-- [ RunTime:0.001000s ]
SQL: SHOW COLUMNS FROM `wind87_booklog` [ RunTime:0.4710s ]
SQL: SELECT * FROM `wind87_booklog` ORDER BY log_id  desc LIMIT 10   [ RunTime:0.0010s ]
SQL: SHOW COLUMNS FROM `wind87_book` [ RunTime:0.0920s ]
SQL: SHOW COLUMNS FROM `wind87_bookinfo` [ RunTime:0.0490s ]
SQL: SELECT * FROM `wind87_book` WHERE `book_id` = 42 LIMIT 1   [ RunTime:0.0010s ]
SQL: SELECT * FROM `wind87_bookinfo` WHERE `isbn` = '9787115281609' LIMIT 1   [ RunTime:0.1850s ]
SQL: SELECT * FROM `wind87_book` WHERE `book_id` = 42 LIMIT 1   [ RunTime:0.0020s ]
SQL: SELECT * FROM `wind87_bookinfo` WHERE `isbn` = '9787115281609' LIMIT 1   [ RunTime:0.0030s ]
SQL: SELECT * FROM `wind87_book` WHERE `book_id` = 44 LIMIT 1   [ RunTime:0.0000s ]
SQL: SELECT * FROM `wind87_bookinfo` WHERE `isbn` = '9787111380931' LIMIT 1   [ RunTime:0.0000s ]
SQL: SELECT * FROM `wind87_book` WHERE `book_id` = 44 LIMIT 1   [ RunTime:0.0010s ]
SQL: SELECT * FROM `wind87_bookinfo` WHERE `isbn` = '9787111380931' LIMIT 1   [ RunTime:0.0000s ]
SQL: SELECT * FROM `wind87_book` WHERE `book_id` = 46 LIMIT 1   [ RunTime:0.0010s ]
SQL: SELECT * FROM `wind87_bookinfo` WHERE `isbn` = '9787213049422' LIMIT 1   [ RunTime:0.0010s ]
SQL: SELECT * FROM `wind87_book` WHERE `book_id` = 46 LIMIT 1   [ RunTime:0.0000s ]
SQL: SELECT * FROM `wind87_bookinfo` WHERE `isbn` = '9787213049422' LIMIT 1   [ RunTime:0.0010s ]
SQL: SELECT * FROM `wind87_book` WHERE `book_id` = 0 LIMIT 1   [ RunTime:0.0000s ]
SQL: SELECT * FROM `wind87_bookinfo` WHERE `isbn` = null LIMIT 1   [ RunTime:0.0320s ]
SQL: SELECT * FROM `wind87_book` WHERE `book_id` = 47 LIMIT 1   [ RunTime:0.0010s ]
SQL: SELECT * FROM `wind87_bookinfo` WHERE `isbn` = '9787115334589' LIMIT 1   [ RunTime:0.0000s ]
SQL: SELECT * FROM `wind87_book` WHERE `book_id` = 47 LIMIT 1   [ RunTime:0.0000s ]
SQL: SELECT * FROM `wind87_bookinfo` WHERE `isbn` = '9787115334589' LIMIT 1   [ RunTime:0.0000s ]
SQL: SELECT * FROM `wind87_book` WHERE `book_id` = 47 LIMIT 1   [ RunTime:0.0000s ]
SQL: SELECT * FROM `wind87_bookinfo` WHERE `isbn` = '9787115334589' LIMIT 1   [ RunTime:0.0020s ]
INFO: [ app_end ] --START--
INFO: Run Behavior\ShowPageTraceBehavior [ RunTime:0.001000s ]
INFO: [ app_end ] --END-- [ RunTime:0.001000s ]

[ 2016-01-08T15:23:09+08:00 ] ::1 /passon/index.php/Home/Index/showLogs.html
INFO: [ app_init ] --START--
INFO: Run Behavior\BuildLiteBehavior [ RunTime:0.000000s ]
INFO: [ app_init ] --END-- [ RunTime:0.001000s ]
INFO: [ app_begin ] --START--
INFO: Run Behavior\ReadHtmlCacheBehavior [ RunTime:0.001000s ]
INFO: [ app_begin ] --END-- [ RunTime:0.001000s ]
SQL: SHOW COLUMNS FROM `wind87_booklog` [ RunTime:0.0040s ]
SQL: SELECT * FROM `wind87_booklog` ORDER BY log_id  desc LIMIT 10   [ RunTime:0.0010s ]
SQL: SHOW COLUMNS FROM `wind87_book` [ RunTime:0.0040s ]
SQL: SHOW COLUMNS FROM `wind87_bookinfo` [ RunTime:0.0060s ]
SQL: SELECT * FROM `wind87_book` WHERE `book_id` = 42 LIMIT 1   [ RunTime:0.0010s ]
SQL: SELECT * FROM `wind87_bookinfo` WHERE `isbn` = '9787115281609' LIMIT 1   [ RunTime:0.0020s ]
SQL: SELECT * FROM `wind87_book` WHERE `book_id` = 42 LIMIT 1   [ RunTime:0.0010s ]
SQL: SELECT * FROM `wind87_bookinfo` WHERE `isbn` = '9787115281609' LIMIT 1   [ RunTime:0.0010s ]
SQL: SELECT * FROM `wind87_book` WHERE `book_id` = 44 LIMIT 1   [ RunTime:0.0000s ]
SQL: SELECT * FROM `wind87_bookinfo` WHERE `isbn` = '9787111380931' LIMIT 1   [ RunTime:0.0000s ]
SQL: SELECT * FROM `wind87_book` WHERE `book_id` = 44 LIMIT 1   [ RunTime:0.0010s ]
SQL: SELECT * FROM `wind87_bookinfo` WHERE `isbn` = '9787111380931' LIMIT 1   [ RunTime:0.0000s ]
SQL: SELECT * FROM `wind87_book` WHERE `book_id` = 46 LIMIT 1   [ RunTime:0.0010s ]
SQL: SELECT * FROM `wind87_bookinfo` WHERE `isbn` = '9787213049422' LIMIT 1   [ RunTime:0.0000s ]
SQL: SELECT * FROM `wind87_book` WHERE `book_id` = 46 LIMIT 1   [ RunTime:0.0000s ]
SQL: SELECT * FROM `wind87_bookinfo` WHERE `isbn` = '9787213049422' LIMIT 1   [ RunTime:0.0000s ]
SQL: SELECT * FROM `wind87_book` WHERE `book_id` = 0 LIMIT 1   [ RunTime:0.0000s ]
SQL: SELECT * FROM `wind87_bookinfo` WHERE `isbn` = null LIMIT 1   [ RunTime:0.0000s ]
SQL: SELECT * FROM `wind87_book` WHERE `book_id` = 47 LIMIT 1   [ RunTime:0.0010s ]
SQL: SELECT * FROM `wind87_bookinfo` WHERE `isbn` = '9787115334589' LIMIT 1   [ RunTime:0.0010s ]
SQL: SELECT * FROM `wind87_book` WHERE `book_id` = 47 LIMIT 1   [ RunTime:0.0010s ]
SQL: SELECT * FROM `wind87_bookinfo` WHERE `isbn` = '9787115334589' LIMIT 1   [ RunTime:0.0000s ]
SQL: SELECT * FROM `wind87_book` WHERE `book_id` = 47 LIMIT 1   [ RunTime:0.0010s ]
SQL: SELECT * FROM `wind87_bookinfo` WHERE `isbn` = '9787115334589' LIMIT 1   [ RunTime:0.0000s ]
INFO: [ app_end ] --START--
INFO: Run Behavior\ShowPageTraceBehavior [ RunTime:0.001000s ]
INFO: [ app_end ] --END-- [ RunTime:0.001000s ]

[ 2016-01-08T15:23:10+08:00 ] ::1 /passon/index.php/Home/Index/showLogs.html
INFO: [ app_init ] --START--
INFO: Run Behavior\BuildLiteBehavior [ RunTime:0.000000s ]
INFO: [ app_init ] --END-- [ RunTime:0.001000s ]
INFO: [ app_begin ] --START--
INFO: Run Behavior\ReadHtmlCacheBehavior [ RunTime:0.001000s ]
INFO: [ app_begin ] --END-- [ RunTime:0.001000s ]
SQL: SHOW COLUMNS FROM `wind87_booklog` [ RunTime:0.0050s ]
SQL: SELECT * FROM `wind87_booklog` ORDER BY log_id  desc LIMIT 10   [ RunTime:0.0040s ]
SQL: SHOW COLUMNS FROM `wind87_book` [ RunTime:0.0060s ]
SQL: SHOW COLUMNS FROM `wind87_bookinfo` [ RunTime:0.0040s ]
SQL: SELECT * FROM `wind87_book` WHERE `book_id` = 42 LIMIT 1   [ RunTime:0.0010s ]
SQL: SELECT * FROM `wind87_bookinfo` WHERE `isbn` = '9787115281609' LIMIT 1   [ RunTime:0.0010s ]
SQL: SELECT * FROM `wind87_book` WHERE `book_id` = 42 LIMIT 1   [ RunTime:0.0020s ]
SQL: SELECT * FROM `wind87_bookinfo` WHERE `isbn` = '9787115281609' LIMIT 1   [ RunTime:0.0000s ]
SQL: SELECT * FROM `wind87_book` WHERE `book_id` = 44 LIMIT 1   [ RunTime:0.0010s ]
SQL: SELECT * FROM `wind87_bookinfo` WHERE `isbn` = '9787111380931' LIMIT 1   [ RunTime:0.0000s ]
SQL: SELECT * FROM `wind87_book` WHERE `book_id` = 44 LIMIT 1   [ RunTime:0.0030s ]
SQL: SELECT * FROM `wind87_bookinfo` WHERE `isbn` = '9787111380931' LIMIT 1   [ RunTime:0.0010s ]
SQL: SELECT * FROM `wind87_book` WHERE `book_id` = 46 LIMIT 1   [ RunTime:0.0000s ]
SQL: SELECT * FROM `wind87_bookinfo` WHERE `isbn` = '9787213049422' LIMIT 1   [ RunTime:0.0000s ]
SQL: SELECT * FROM `wind87_book` WHERE `book_id` = 46 LIMIT 1   [ RunTime:0.0010s ]
SQL: SELECT * FROM `wind87_bookinfo` WHERE `isbn` = '9787213049422' LIMIT 1   [ RunTime:0.0000s ]
SQL: SELECT * FROM `wind87_book` WHERE `book_id` = 0 LIMIT 1   [ RunTime:0.0010s ]
SQL: SELECT * FROM `wind87_bookinfo` WHERE `isbn` = null LIMIT 1   [ RunTime:0.0000s ]
SQL: SELECT * FROM `wind87_book` WHERE `book_id` = 47 LIMIT 1   [ RunTime:0.0000s ]
SQL: SELECT * FROM `wind87_bookinfo` WHERE `isbn` = '9787115334589' LIMIT 1   [ RunTime:0.0000s ]
SQL: SELECT * FROM `wind87_book` WHERE `book_id` = 47 LIMIT 1   [ RunTime:0.0010s ]
SQL: SELECT * FROM `wind87_bookinfo` WHERE `isbn` = '9787115334589' LIMIT 1   [ RunTime:0.0010s ]
SQL: SELECT * FROM `wind87_book` WHERE `book_id` = 47 LIMIT 1   [ RunTime:0.0010s ]
SQL: SELECT * FROM `wind87_bookinfo` WHERE `isbn` = '9787115334589' LIMIT 1   [ RunTime:0.0030s ]
INFO: [ app_end ] --START--
INFO: Run Behavior\ShowPageTraceBehavior [ RunTime:0.001000s ]
INFO: [ app_end ] --END-- [ RunTime:0.001000s ]

[ 2016-01-08T15:23:11+08:00 ] ::1 /passon/index.php/Home/Index/showLogs.html
INFO: [ app_init ] --START--
INFO: Run Behavior\BuildLiteBehavior [ RunTime:0.000000s ]
INFO: [ app_init ] --END-- [ RunTime:0.000000s ]
INFO: [ app_begin ] --START--
INFO: Run Behavior\ReadHtmlCacheBehavior [ RunTime:0.000000s ]
INFO: [ app_begin ] --END-- [ RunTime:0.000000s ]
SQL: SHOW COLUMNS FROM `wind87_booklog` [ RunTime:0.0040s ]
SQL: SELECT * FROM `wind87_booklog` ORDER BY log_id  desc LIMIT 10   [ RunTime:0.0060s ]
SQL: SHOW COLUMNS FROM `wind87_book` [ RunTime:0.0040s ]
SQL: SHOW COLUMNS FROM `wind87_bookinfo` [ RunTime:0.0050s ]
SQL: SELECT * FROM `wind87_book` WHERE `book_id` = 42 LIMIT 1   [ RunTime:0.0010s ]
SQL: SELECT * FROM `wind87_bookinfo` WHERE `isbn` = '9787115281609' LIMIT 1   [ RunTime:0.0010s ]
SQL: SELECT * FROM `wind87_book` WHERE `book_id` = 42 LIMIT 1   [ RunTime:0.0010s ]
SQL: SELECT * FROM `wind87_bookinfo` WHERE `isbn` = '9787115281609' LIMIT 1   [ RunTime:0.0000s ]
SQL: SELECT * FROM `wind87_book` WHERE `book_id` = 44 LIMIT 1   [ RunTime:0.0010s ]
SQL: SELECT * FROM `wind87_bookinfo` WHERE `isbn` = '9787111380931' LIMIT 1   [ RunTime:0.0000s ]
SQL: SELECT * FROM `wind87_book` WHERE `book_id` = 44 LIMIT 1   [ RunTime:0.0000s ]
SQL: SELECT * FROM `wind87_bookinfo` WHERE `isbn` = '9787111380931' LIMIT 1   [ RunTime:0.0010s ]
SQL: SELECT * FROM `wind87_book` WHERE `book_id` = 46 LIMIT 1   [ RunTime:0.0010s ]
SQL: SELECT * FROM `wind87_bookinfo` WHERE `isbn` = '9787213049422' LIMIT 1   [ RunTime:0.0010s ]
SQL: SELECT * FROM `wind87_book` WHERE `book_id` = 46 LIMIT 1   [ RunTime:0.0000s ]
SQL: SELECT * FROM `wind87_bookinfo` WHERE `isbn` = '9787213049422' LIMIT 1   [ RunTime:0.0000s ]
SQL: SELECT * FROM `wind87_book` WHERE `book_id` = 0 LIMIT 1   [ RunTime:0.0000s ]
SQL: SELECT * FROM `wind87_bookinfo` WHERE `isbn` = null LIMIT 1   [ RunTime:0.0010s ]
SQL: SELECT * FROM `wind87_book` WHERE `book_id` = 47 LIMIT 1   [ RunTime:0.0000s ]
SQL: SELECT * FROM `wind87_bookinfo` WHERE `isbn` = '9787115334589' LIMIT 1   [ RunTime:0.0010s ]
SQL: SELECT * FROM `wind87_book` WHERE `book_id` = 47 LIMIT 1   [ RunTime:0.0010s ]
SQL: SELECT * FROM `wind87_bookinfo` WHERE `isbn` = '9787115334589' LIMIT 1   [ RunTime:0.0000s ]
SQL: SELECT * FROM `wind87_book` WHERE `book_id` = 47 LIMIT 1   [ RunTime:0.0000s ]
SQL: SELECT * FROM `wind87_bookinfo` WHERE `isbn` = '9787115334589' LIMIT 1   [ RunTime:0.0010s ]
INFO: [ app_end ] --START--
INFO: Run Behavior\ShowPageTraceBehavior [ RunTime:0.001000s ]
INFO: [ app_end ] --END-- [ RunTime:0.001000s ]

[ 2016-01-08T15:23:12+08:00 ] ::1 /passon/index.php/Home/Index/showLogs.html
INFO: [ app_init ] --START--
INFO: Run Behavior\BuildLiteBehavior [ RunTime:0.000000s ]
INFO: [ app_init ] --END-- [ RunTime:0.001000s ]
INFO: [ app_begin ] --START--
INFO: Run Behavior\ReadHtmlCacheBehavior [ RunTime:0.000000s ]
INFO: [ app_begin ] --END-- [ RunTime:0.000000s ]
SQL: SHOW COLUMNS FROM `wind87_booklog` [ RunTime:0.0040s ]
SQL: SELECT * FROM `wind87_booklog` ORDER BY log_id  desc LIMIT 10   [ RunTime:0.0010s ]
SQL: SHOW COLUMNS FROM `wind87_book` [ RunTime:0.0040s ]
SQL: SHOW COLUMNS FROM `wind87_bookinfo` [ RunTime:0.0040s ]
SQL: SELECT * FROM `wind87_book` WHERE `book_id` = 42 LIMIT 1   [ RunTime:0.0000s ]
SQL: SELECT * FROM `wind87_bookinfo` WHERE `isbn` = '9787115281609' LIMIT 1   [ RunTime:0.0000s ]
SQL: SELECT * FROM `wind87_book` WHERE `book_id` = 42 LIMIT 1   [ RunTime:0.0000s ]
SQL: SELECT * FROM `wind87_bookinfo` WHERE `isbn` = '9787115281609' LIMIT 1   [ RunTime:0.0010s ]
SQL: SELECT * FROM `wind87_book` WHERE `book_id` = 44 LIMIT 1   [ RunTime:0.0000s ]
SQL: SELECT * FROM `wind87_bookinfo` WHERE `isbn` = '9787111380931' LIMIT 1   [ RunTime:0.0010s ]
SQL: SELECT * FROM `wind87_book` WHERE `book_id` = 44 LIMIT 1   [ RunTime:0.0000s ]
SQL: SELECT * FROM `wind87_bookinfo` WHERE `isbn` = '9787111380931' LIMIT 1   [ RunTime:0.0010s ]
SQL: SELECT * FROM `wind87_book` WHERE `book_id` = 46 LIMIT 1   [ RunTime:0.0000s ]
SQL: SELECT * FROM `wind87_bookinfo` WHERE `isbn` = '9787213049422' LIMIT 1   [ RunTime:0.0010s ]
SQL: SELECT * FROM `wind87_book` WHERE `book_id` = 46 LIMIT 1   [ RunTime:0.0010s ]
SQL: SELECT * FROM `wind87_bookinfo` WHERE `isbn` = '9787213049422' LIMIT 1   [ RunTime:0.0010s ]
SQL: SELECT * FROM `wind87_book` WHERE `book_id` = 0 LIMIT 1   [ RunTime:0.0000s ]
SQL: SELECT * FROM `wind87_bookinfo` WHERE `isbn` = null LIMIT 1   [ RunTime:0.0000s ]
SQL: SELECT * FROM `wind87_book` WHERE `book_id` = 47 LIMIT 1   [ RunTime:0.0010s ]
SQL: SELECT * FROM `wind87_bookinfo` WHERE `isbn` = '9787115334589' LIMIT 1   [ RunTime:0.0010s ]
SQL: SELECT * FROM `wind87_book` WHERE `book_id` = 47 LIMIT 1   [ RunTime:0.0010s ]
SQL: SELECT * FROM `wind87_bookinfo` WHERE `isbn` = '9787115334589' LIMIT 1   [ RunTime:0.0010s ]
SQL: SELECT * FROM `wind87_book` WHERE `book_id` = 47 LIMIT 1   [ RunTime:0.0010s ]
SQL: SELECT * FROM `wind87_bookinfo` WHERE `isbn` = '9787115334589' LIMIT 1   [ RunTime:0.0010s ]
INFO: [ app_end ] --START--
INFO: Run Behavior\ShowPageTraceBehavior [ RunTime:0.000000s ]
INFO: [ app_end ] --END-- [ RunTime:0.001000s ]

[ 2016-01-08T15:23:13+08:00 ] ::1 /passon/index.php/Home/Index/showLogs.html
INFO: [ app_init ] --START--
INFO: Run Behavior\BuildLiteBehavior [ RunTime:0.000000s ]
INFO: [ app_init ] --END-- [ RunTime:0.001000s ]
INFO: [ app_begin ] --START--
INFO: Run Behavior\ReadHtmlCacheBehavior [ RunTime:0.001000s ]
INFO: [ app_begin ] --END-- [ RunTime:0.001000s ]
SQL: SHOW COLUMNS FROM `wind87_booklog` [ RunTime:0.0030s ]
SQL: SELECT * FROM `wind87_booklog` ORDER BY log_id  desc LIMIT 10   [ RunTime:0.0000s ]
SQL: SHOW COLUMNS FROM `wind87_book` [ RunTime:0.0070s ]
SQL: SHOW COLUMNS FROM `wind87_bookinfo` [ RunTime:0.0050s ]
SQL: SELECT * FROM `wind87_book` WHERE `book_id` = 42 LIMIT 1   [ RunTime:0.0000s ]
SQL: SELECT * FROM `wind87_bookinfo` WHERE `isbn` = '9787115281609' LIMIT 1   [ RunTime:0.0000s ]
SQL: SELECT * FROM `wind87_book` WHERE `book_id` = 42 LIMIT 1   [ RunTime:0.0010s ]
SQL: SELECT * FROM `wind87_bookinfo` WHERE `isbn` = '9787115281609' LIMIT 1   [ RunTime:0.0010s ]
SQL: SELECT * FROM `wind87_book` WHERE `book_id` = 44 LIMIT 1   [ RunTime:0.0000s ]
SQL: SELECT * FROM `wind87_bookinfo` WHERE `isbn` = '9787111380931' LIMIT 1   [ RunTime:0.0010s ]
SQL: SELECT * FROM `wind87_book` WHERE `book_id` = 44 LIMIT 1   [ RunTime:0.0000s ]
SQL: SELECT * FROM `wind87_bookinfo` WHERE `isbn` = '9787111380931' LIMIT 1   [ RunTime:0.0010s ]
SQL: SELECT * FROM `wind87_book` WHERE `book_id` = 46 LIMIT 1   [ RunTime:0.0000s ]
SQL: SELECT * FROM `wind87_bookinfo` WHERE `isbn` = '9787213049422' LIMIT 1   [ RunTime:0.0010s ]
SQL: SELECT * FROM `wind87_book` WHERE `book_id` = 46 LIMIT 1   [ RunTime:0.0000s ]
SQL: SELECT * FROM `wind87_bookinfo` WHERE `isbn` = '9787213049422' LIMIT 1   [ RunTime:0.0010s ]
SQL: SELECT * FROM `wind87_book` WHERE `book_id` = 0 LIMIT 1   [ RunTime:0.0000s ]
SQL: SELECT * FROM `wind87_bookinfo` WHERE `isbn` = null LIMIT 1   [ RunTime:0.0010s ]
SQL: SELECT * FROM `wind87_book` WHERE `book_id` = 47 LIMIT 1   [ RunTime:0.0000s ]
SQL: SELECT * FROM `wind87_bookinfo` WHERE `isbn` = '9787115334589' LIMIT 1   [ RunTime:0.0010s ]
SQL: SELECT * FROM `wind87_book` WHERE `book_id` = 47 LIMIT 1   [ RunTime:0.0000s ]
SQL: SELECT * FROM `wind87_bookinfo` WHERE `isbn` = '9787115334589' LIMIT 1   [ RunTime:0.0010s ]
SQL: SELECT * FROM `wind87_book` WHERE `book_id` = 47 LIMIT 1   [ RunTime:0.0010s ]
SQL: SELECT * FROM `wind87_bookinfo` WHERE `isbn` = '9787115334589' LIMIT 1   [ RunTime:0.0000s ]
INFO: [ app_end ] --START--
INFO: Run Behavior\ShowPageTraceBehavior [ RunTime:0.000000s ]
INFO: [ app_end ] --END-- [ RunTime:0.000000s ]

[ 2016-01-08T15:23:14+08:00 ] ::1 /passon/index.php/Home/Index/showLogs.html
INFO: [ app_init ] --START--
INFO: Run Behavior\BuildLiteBehavior [ RunTime:0.000000s ]
INFO: [ app_init ] --END-- [ RunTime:0.000000s ]
INFO: [ app_begin ] --START--
INFO: Run Behavior\ReadHtmlCacheBehavior [ RunTime:0.001000s ]
INFO: [ app_begin ] --END-- [ RunTime:0.001000s ]
SQL: SHOW COLUMNS FROM `wind87_booklog` [ RunTime:0.0040s ]
SQL: SELECT * FROM `wind87_booklog` ORDER BY log_id  desc LIMIT 10   [ RunTime:0.0000s ]
SQL: SHOW COLUMNS FROM `wind87_book` [ RunTime:0.0050s ]
SQL: SHOW COLUMNS FROM `wind87_bookinfo` [ RunTime:0.0040s ]
SQL: SELECT * FROM `wind87_book` WHERE `book_id` = 42 LIMIT 1   [ RunTime:0.0000s ]
SQL: SELECT * FROM `wind87_bookinfo` WHERE `isbn` = '9787115281609' LIMIT 1   [ RunTime:0.0000s ]
SQL: SELECT * FROM `wind87_book` WHERE `book_id` = 42 LIMIT 1   [ RunTime:0.0010s ]
SQL: SELECT * FROM `wind87_bookinfo` WHERE `isbn` = '9787115281609' LIMIT 1   [ RunTime:0.0000s ]
SQL: SELECT * FROM `wind87_book` WHERE `book_id` = 44 LIMIT 1   [ RunTime:0.0010s ]
SQL: SELECT * FROM `wind87_bookinfo` WHERE `isbn` = '9787111380931' LIMIT 1   [ RunTime:0.0010s ]
SQL: SELECT * FROM `wind87_book` WHERE `book_id` = 44 LIMIT 1   [ RunTime:0.0000s ]
SQL: SELECT * FROM `wind87_bookinfo` WHERE `isbn` = '9787111380931' LIMIT 1   [ RunTime:0.0010s ]
SQL: SELECT * FROM `wind87_book` WHERE `book_id` = 46 LIMIT 1   [ RunTime:0.0000s ]
SQL: SELECT * FROM `wind87_bookinfo` WHERE `isbn` = '9787213049422' LIMIT 1   [ RunTime:0.0000s ]
SQL: SELECT * FROM `wind87_book` WHERE `book_id` = 46 LIMIT 1   [ RunTime:0.0010s ]
SQL: SELECT * FROM `wind87_bookinfo` WHERE `isbn` = '9787213049422' LIMIT 1   [ RunTime:0.0000s ]
SQL: SELECT * FROM `wind87_book` WHERE `book_id` = 0 LIMIT 1   [ RunTime:0.0000s ]
SQL: SELECT * FROM `wind87_bookinfo` WHERE `isbn` = null LIMIT 1   [ RunTime:0.0010s ]
SQL: SELECT * FROM `wind87_book` WHERE `book_id` = 47 LIMIT 1   [ RunTime:0.0020s ]
SQL: SELECT * FROM `wind87_bookinfo` WHERE `isbn` = '9787115334589' LIMIT 1   [ RunTime:0.0040s ]
SQL: SELECT * FROM `wind87_book` WHERE `book_id` = 47 LIMIT 1   [ RunTime:0.0010s ]
SQL: SELECT * FROM `wind87_bookinfo` WHERE `isbn` = '9787115334589' LIMIT 1   [ RunTime:0.0020s ]
SQL: SELECT * FROM `wind87_book` WHERE `book_id` = 47 LIMIT 1   [ RunTime:0.0010s ]
SQL: SELECT * FROM `wind87_bookinfo` WHERE `isbn` = '9787115334589' LIMIT 1   [ RunTime:0.0000s ]
INFO: [ app_end ] --START--
INFO: Run Behavior\ShowPageTraceBehavior [ RunTime:0.002000s ]
INFO: [ app_end ] --END-- [ RunTime:0.002000s ]

[ 2016-01-08T15:23:15+08:00 ] ::1 /passon/index.php/Home/Index/showLogs.html
INFO: [ app_init ] --START--
INFO: Run Behavior\BuildLiteBehavior [ RunTime:0.000000s ]
INFO: [ app_init ] --END-- [ RunTime:0.002000s ]
INFO: [ app_begin ] --START--
INFO: Run Behavior\ReadHtmlCacheBehavior [ RunTime:0.000000s ]
INFO: [ app_begin ] --END-- [ RunTime:0.000000s ]
SQL: SHOW COLUMNS FROM `wind87_booklog` [ RunTime:0.0040s ]
SQL: SELECT * FROM `wind87_booklog` ORDER BY log_id  desc LIMIT 10   [ RunTime:0.0010s ]
SQL: SHOW COLUMNS FROM `wind87_book` [ RunTime:0.0060s ]
SQL: SHOW COLUMNS FROM `wind87_bookinfo` [ RunTime:0.0030s ]
SQL: SELECT * FROM `wind87_book` WHERE `book_id` = 42 LIMIT 1   [ RunTime:0.0000s ]
SQL: SELECT * FROM `wind87_bookinfo` WHERE `isbn` = '9787115281609' LIMIT 1   [ RunTime:0.0010s ]
SQL: SELECT * FROM `wind87_book` WHERE `book_id` = 42 LIMIT 1   [ RunTime:0.0010s ]
SQL: SELECT * FROM `wind87_bookinfo` WHERE `isbn` = '9787115281609' LIMIT 1   [ RunTime:0.0000s ]
SQL: SELECT * FROM `wind87_book` WHERE `book_id` = 44 LIMIT 1   [ RunTime:0.0020s ]
SQL: SELECT * FROM `wind87_bookinfo` WHERE `isbn` = '9787111380931' LIMIT 1   [ RunTime:0.0070s ]
SQL: SELECT * FROM `wind87_book` WHERE `book_id` = 44 LIMIT 1   [ RunTime:0.0000s ]
SQL: SELECT * FROM `wind87_bookinfo` WHERE `isbn` = '9787111380931' LIMIT 1   [ RunTime:0.0040s ]
SQL: SELECT * FROM `wind87_book` WHERE `book_id` = 46 LIMIT 1   [ RunTime:0.0000s ]
SQL: SELECT * FROM `wind87_bookinfo` WHERE `isbn` = '9787213049422' LIMIT 1   [ RunTime:0.0030s ]
SQL: SELECT * FROM `wind87_book` WHERE `book_id` = 46 LIMIT 1   [ RunTime:0.0010s ]
SQL: SELECT * FROM `wind87_bookinfo` WHERE `isbn` = '9787213049422' LIMIT 1   [ RunTime:0.0000s ]
SQL: SELECT * FROM `wind87_book` WHERE `book_id` = 0 LIMIT 1   [ RunTime:0.0000s ]
SQL: SELECT * FROM `wind87_bookinfo` WHERE `isbn` = null LIMIT 1   [ RunTime:0.0000s ]
SQL: SELECT * FROM `wind87_book` WHERE `book_id` = 47 LIMIT 1   [ RunTime:0.0030s ]
SQL: SELECT * FROM `wind87_bookinfo` WHERE `isbn` = '9787115334589' LIMIT 1   [ RunTime:0.0000s ]
SQL: SELECT * FROM `wind87_book` WHERE `book_id` = 47 LIMIT 1   [ RunTime:0.0010s ]
SQL: SELECT * FROM `wind87_bookinfo` WHERE `isbn` = '9787115334589' LIMIT 1   [ RunTime:0.0000s ]
SQL: SELECT * FROM `wind87_book` WHERE `book_id` = 47 LIMIT 1   [ RunTime:0.0000s ]
SQL: SELECT * FROM `wind87_bookinfo` WHERE `isbn` = '9787115334589' LIMIT 1   [ RunTime:0.0000s ]
INFO: [ app_end ] --START--
INFO: Run Behavior\ShowPageTraceBehavior [ RunTime:0.002000s ]
INFO: [ app_end ] --END-- [ RunTime:0.002000s ]

[ 2016-01-08T15:23:16+08:00 ] ::1 /passon/index.php/Home/Index/showLogs.html
INFO: [ app_init ] --START--
INFO: Run Behavior\BuildLiteBehavior [ RunTime:0.000000s ]
INFO: [ app_init ] --END-- [ RunTime:0.000000s ]
INFO: [ app_begin ] --START--
INFO: Run Behavior\ReadHtmlCacheBehavior [ RunTime:0.000000s ]
INFO: [ app_begin ] --END-- [ RunTime:0.000000s ]
SQL: SHOW COLUMNS FROM `wind87_booklog` [ RunTime:0.0040s ]
SQL: SELECT * FROM `wind87_booklog` ORDER BY log_id  desc LIMIT 10   [ RunTime:0.0040s ]
SQL: SHOW COLUMNS FROM `wind87_book` [ RunTime:0.0050s ]
SQL: SHOW COLUMNS FROM `wind87_bookinfo` [ RunTime:0.0030s ]
SQL: SELECT * FROM `wind87_book` WHERE `book_id` = 42 LIMIT 1   [ RunTime:0.0010s ]
SQL: SELECT * FROM `wind87_bookinfo` WHERE `isbn` = '9787115281609' LIMIT 1   [ RunTime:0.0000s ]
SQL: SELECT * FROM `wind87_book` WHERE `book_id` = 42 LIMIT 1   [ RunTime:0.0000s ]
SQL: SELECT * FROM `wind87_bookinfo` WHERE `isbn` = '9787115281609' LIMIT 1   [ RunTime:0.0010s ]
SQL: SELECT * FROM `wind87_book` WHERE `book_id` = 44 LIMIT 1   [ RunTime:0.0000s ]
SQL: SELECT * FROM `wind87_bookinfo` WHERE `isbn` = '9787111380931' LIMIT 1   [ RunTime:0.0000s ]
SQL: SELECT * FROM `wind87_book` WHERE `book_id` = 44 LIMIT 1   [ RunTime:0.0000s ]
SQL: SELECT * FROM `wind87_bookinfo` WHERE `isbn` = '9787111380931' LIMIT 1   [ RunTime:0.0000s ]
SQL: SELECT * FROM `wind87_book` WHERE `book_id` = 46 LIMIT 1   [ RunTime:0.0010s ]
SQL: SELECT * FROM `wind87_bookinfo` WHERE `isbn` = '9787213049422' LIMIT 1   [ RunTime:0.0000s ]
SQL: SELECT * FROM `wind87_book` WHERE `book_id` = 46 LIMIT 1   [ RunTime:0.0000s ]
SQL: SELECT * FROM `wind87_bookinfo` WHERE `isbn` = '9787213049422' LIMIT 1   [ RunTime:0.0000s ]
SQL: SELECT * FROM `wind87_book` WHERE `book_id` = 0 LIMIT 1   [ RunTime:0.0010s ]
SQL: SELECT * FROM `wind87_bookinfo` WHERE `isbn` = null LIMIT 1   [ RunTime:0.0000s ]
SQL: SELECT * FROM `wind87_book` WHERE `book_id` = 47 LIMIT 1   [ RunTime:0.0000s ]
SQL: SELECT * FROM `wind87_bookinfo` WHERE `isbn` = '9787115334589' LIMIT 1   [ RunTime:0.0010s ]
SQL: SELECT * FROM `wind87_book` WHERE `book_id` = 47 LIMIT 1   [ RunTime:0.0000s ]
SQL: SELECT * FROM `wind87_bookinfo` WHERE `isbn` = '9787115334589' LIMIT 1   [ RunTime:0.0000s ]
SQL: SELECT * FROM `wind87_book` WHERE `book_id` = 47 LIMIT 1   [ RunTime:0.0010s ]
SQL: SELECT * FROM `wind87_bookinfo` WHERE `isbn` = '9787115334589' LIMIT 1   [ RunTime:0.0000s ]
INFO: [ app_end ] --START--
INFO: Run Behavior\ShowPageTraceBehavior [ RunTime:0.001000s ]
INFO: [ app_end ] --END-- [ RunTime:0.001000s ]

[ 2016-01-08T15:23:17+08:00 ] ::1 /passon/index.php/Home/Index/showLogs.html
INFO: [ app_init ] --START--
INFO: Run Behavior\BuildLiteBehavior [ RunTime:0.000000s ]
INFO: [ app_init ] --END-- [ RunTime:0.000000s ]
INFO: [ app_begin ] --START--
INFO: Run Behavior\ReadHtmlCacheBehavior [ RunTime:0.000000s ]
INFO: [ app_begin ] --END-- [ RunTime:0.001000s ]
SQL: SHOW COLUMNS FROM `wind87_booklog` [ RunTime:0.0030s ]
SQL: SELECT * FROM `wind87_booklog` ORDER BY log_id  desc LIMIT 10   [ RunTime:0.0000s ]
SQL: SHOW COLUMNS FROM `wind87_book` [ RunTime:0.0040s ]
SQL: SHOW COLUMNS FROM `wind87_bookinfo` [ RunTime:0.0040s ]
SQL: SELECT * FROM `wind87_book` WHERE `book_id` = 42 LIMIT 1   [ RunTime:0.0000s ]
SQL: SELECT * FROM `wind87_bookinfo` WHERE `isbn` = '9787115281609' LIMIT 1   [ RunTime:0.0020s ]
SQL: SELECT * FROM `wind87_book` WHERE `book_id` = 42 LIMIT 1   [ RunTime:0.0040s ]
SQL: SELECT * FROM `wind87_bookinfo` WHERE `isbn` = '9787115281609' LIMIT 1   [ RunTime:0.0020s ]
SQL: SELECT * FROM `wind87_book` WHERE `book_id` = 44 LIMIT 1   [ RunTime:0.0000s ]
SQL: SELECT * FROM `wind87_bookinfo` WHERE `isbn` = '9787111380931' LIMIT 1   [ RunTime:0.0010s ]
SQL: SELECT * FROM `wind87_book` WHERE `book_id` = 44 LIMIT 1   [ RunTime:0.0000s ]
SQL: SELECT * FROM `wind87_bookinfo` WHERE `isbn` = '9787111380931' LIMIT 1   [ RunTime:0.0010s ]
SQL: SELECT * FROM `wind87_book` WHERE `book_id` = 46 LIMIT 1   [ RunTime:0.0000s ]
SQL: SELECT * FROM `wind87_bookinfo` WHERE `isbn` = '9787213049422' LIMIT 1   [ RunTime:0.0000s ]
SQL: SELECT * FROM `wind87_book` WHERE `book_id` = 46 LIMIT 1   [ RunTime:0.0000s ]
SQL: SELECT * FROM `wind87_bookinfo` WHERE `isbn` = '9787213049422' LIMIT 1   [ RunTime:0.0020s ]
SQL: SELECT * FROM `wind87_book` WHERE `book_id` = 0 LIMIT 1   [ RunTime:0.0010s ]
SQL: SELECT * FROM `wind87_bookinfo` WHERE `isbn` = null LIMIT 1   [ RunTime:0.0000s ]
SQL: SELECT * FROM `wind87_book` WHERE `book_id` = 47 LIMIT 1   [ RunTime:0.0010s ]
SQL: SELECT * FROM `wind87_bookinfo` WHERE `isbn` = '9787115334589' LIMIT 1   [ RunTime:0.0010s ]
SQL: SELECT * FROM `wind87_book` WHERE `book_id` = 47 LIMIT 1   [ RunTime:0.0010s ]
SQL: SELECT * FROM `wind87_bookinfo` WHERE `isbn` = '9787115334589' LIMIT 1   [ RunTime:0.0000s ]
SQL: SELECT * FROM `wind87_book` WHERE `book_id` = 47 LIMIT 1   [ RunTime:0.0020s ]
SQL: SELECT * FROM `wind87_bookinfo` WHERE `isbn` = '9787115334589' LIMIT 1   [ RunTime:0.0010s ]
INFO: [ app_end ] --START--
INFO: Run Behavior\ShowPageTraceBehavior [ RunTime:0.001000s ]
INFO: [ app_end ] --END-- [ RunTime:0.001000s ]

[ 2016-01-08T15:23:18+08:00 ] ::1 /passon/index.php/Home/Index/showLogs.html
INFO: [ app_init ] --START--
INFO: Run Behavior\BuildLiteBehavior [ RunTime:0.000000s ]
INFO: [ app_init ] --END-- [ RunTime:0.000000s ]
INFO: [ app_begin ] --START--
INFO: Run Behavior\ReadHtmlCacheBehavior [ RunTime:0.001000s ]
INFO: [ app_begin ] --END-- [ RunTime:0.001000s ]
SQL: SHOW COLUMNS FROM `wind87_booklog` [ RunTime:0.0030s ]
SQL: SELECT * FROM `wind87_booklog` ORDER BY log_id  desc LIMIT 10   [ RunTime:0.0000s ]
SQL: SHOW COLUMNS FROM `wind87_book` [ RunTime:0.0030s ]
SQL: SHOW COLUMNS FROM `wind87_bookinfo` [ RunTime:0.0050s ]
SQL: SELECT * FROM `wind87_book` WHERE `book_id` = 42 LIMIT 1   [ RunTime:0.0030s ]
SQL: SELECT * FROM `wind87_bookinfo` WHERE `isbn` = '9787115281609' LIMIT 1   [ RunTime:0.0010s ]
SQL: SELECT * FROM `wind87_book` WHERE `book_id` = 42 LIMIT 1   [ RunTime:0.0000s ]
SQL: SELECT * FROM `wind87_bookinfo` WHERE `isbn` = '9787115281609' LIMIT 1   [ RunTime:0.0010s ]
SQL: SELECT * FROM `wind87_book` WHERE `book_id` = 44 LIMIT 1   [ RunTime:0.0000s ]
SQL: SELECT * FROM `wind87_bookinfo` WHERE `isbn` = '9787111380931' LIMIT 1   [ RunTime:0.0010s ]
SQL: SELECT * FROM `wind87_book` WHERE `book_id` = 44 LIMIT 1   [ RunTime:0.0000s ]
SQL: SELECT * FROM `wind87_bookinfo` WHERE `isbn` = '9787111380931' LIMIT 1   [ RunTime:0.0010s ]
SQL: SELECT * FROM `wind87_book` WHERE `book_id` = 46 LIMIT 1   [ RunTime:0.0020s ]
SQL: SELECT * FROM `wind87_bookinfo` WHERE `isbn` = '9787213049422' LIMIT 1   [ RunTime:0.0000s ]
SQL: SELECT * FROM `wind87_book` WHERE `book_id` = 46 LIMIT 1   [ RunTime:0.0000s ]
SQL: SELECT * FROM `wind87_bookinfo` WHERE `isbn` = '9787213049422' LIMIT 1   [ RunTime:0.0000s ]
SQL: SELECT * FROM `wind87_book` WHERE `book_id` = 0 LIMIT 1   [ RunTime:0.0000s ]
SQL: SELECT * FROM `wind87_bookinfo` WHERE `isbn` = null LIMIT 1   [ RunTime:0.0000s ]
SQL: SELECT * FROM `wind87_book` WHERE `book_id` = 47 LIMIT 1   [ RunTime:0.0010s ]
SQL: SELECT * FROM `wind87_bookinfo` WHERE `isbn` = '9787115334589' LIMIT 1   [ RunTime:0.0000s ]
SQL: SELECT * FROM `wind87_book` WHERE `book_id` = 47 LIMIT 1   [ RunTime:0.0000s ]
SQL: SELECT * FROM `wind87_bookinfo` WHERE `isbn` = '9787115334589' LIMIT 1   [ RunTime:0.0000s ]
SQL: SELECT * FROM `wind87_book` WHERE `book_id` = 47 LIMIT 1   [ RunTime:0.0010s ]
SQL: SELECT * FROM `wind87_bookinfo` WHERE `isbn` = '9787115334589' LIMIT 1   [ RunTime:0.0000s ]
INFO: [ app_end ] --START--
INFO: Run Behavior\ShowPageTraceBehavior [ RunTime:0.000000s ]
INFO: [ app_end ] --END-- [ RunTime:0.000000s ]

[ 2016-01-08T15:23:19+08:00 ] ::1 /passon/index.php/Home/Index/showLogs.html
INFO: [ app_init ] --START--
INFO: Run Behavior\BuildLiteBehavior [ RunTime:0.000000s ]
INFO: [ app_init ] --END-- [ RunTime:0.001000s ]
INFO: [ app_begin ] --START--
INFO: Run Behavior\ReadHtmlCacheBehavior [ RunTime:0.001000s ]
INFO: [ app_begin ] --END-- [ RunTime:0.001000s ]
SQL: SHOW COLUMNS FROM `wind87_booklog` [ RunTime:0.0040s ]
SQL: SELECT * FROM `wind87_booklog` ORDER BY log_id  desc LIMIT 10   [ RunTime:0.0010s ]
SQL: SHOW COLUMNS FROM `wind87_book` [ RunTime:0.0040s ]
SQL: SHOW COLUMNS FROM `wind87_bookinfo` [ RunTime:0.0080s ]
SQL: SELECT * FROM `wind87_book` WHERE `book_id` = 42 LIMIT 1   [ RunTime:0.0010s ]
SQL: SELECT * FROM `wind87_bookinfo` WHERE `isbn` = '9787115281609' LIMIT 1   [ RunTime:0.0000s ]
SQL: SELECT * FROM `wind87_book` WHERE `book_id` = 42 LIMIT 1   [ RunTime:0.0000s ]
SQL: SELECT * FROM `wind87_bookinfo` WHERE `isbn` = '9787115281609' LIMIT 1   [ RunTime:0.0000s ]
SQL: SELECT * FROM `wind87_book` WHERE `book_id` = 44 LIMIT 1   [ RunTime:0.0000s ]
SQL: SELECT * FROM `wind87_bookinfo` WHERE `isbn` = '9787111380931' LIMIT 1   [ RunTime:0.0010s ]
SQL: SELECT * FROM `wind87_book` WHERE `book_id` = 44 LIMIT 1   [ RunTime:0.0000s ]
SQL: SELECT * FROM `wind87_bookinfo` WHERE `isbn` = '9787111380931' LIMIT 1   [ RunTime:0.0010s ]
SQL: SELECT * FROM `wind87_book` WHERE `book_id` = 46 LIMIT 1   [ RunTime:0.0000s ]
SQL: SELECT * FROM `wind87_bookinfo` WHERE `isbn` = '9787213049422' LIMIT 1   [ RunTime:0.0010s ]
SQL: SELECT * FROM `wind87_book` WHERE `book_id` = 46 LIMIT 1   [ RunTime:0.0000s ]
SQL: SELECT * FROM `wind87_bookinfo` WHERE `isbn` = '9787213049422' LIMIT 1   [ RunTime:0.0010s ]
SQL: SELECT * FROM `wind87_book` WHERE `book_id` = 0 LIMIT 1   [ RunTime:0.0000s ]
SQL: SELECT * FROM `wind87_bookinfo` WHERE `isbn` = null LIMIT 1   [ RunTime:0.0000s ]
SQL: SELECT * FROM `wind87_book` WHERE `book_id` = 47 LIMIT 1   [ RunTime:0.0000s ]
SQL: SELECT * FROM `wind87_bookinfo` WHERE `isbn` = '9787115334589' LIMIT 1   [ RunTime:0.0000s ]
SQL: SELECT * FROM `wind87_book` WHERE `book_id` = 47 LIMIT 1   [ RunTime:0.0000s ]
SQL: SELECT * FROM `wind87_bookinfo` WHERE `isbn` = '9787115334589' LIMIT 1   [ RunTime:0.0010s ]
SQL: SELECT * FROM `wind87_book` WHERE `book_id` = 47 LIMIT 1   [ RunTime:0.0000s ]
SQL: SELECT * FROM `wind87_bookinfo` WHERE `isbn` = '9787115334589' LIMIT 1   [ RunTime:0.0000s ]
INFO: [ app_end ] --START--
INFO: Run Behavior\ShowPageTraceBehavior [ RunTime:0.001000s ]
INFO: [ app_end ] --END-- [ RunTime:0.001000s ]

[ 2016-01-08T15:23:20+08:00 ] ::1 /passon/index.php/Home/Index/showLogs.html
INFO: [ app_init ] --START--
INFO: Run Behavior\BuildLiteBehavior [ RunTime:0.000000s ]
INFO: [ app_init ] --END-- [ RunTime:0.000000s ]
INFO: [ app_begin ] --START--
INFO: Run Behavior\ReadHtmlCacheBehavior [ RunTime:0.001000s ]
INFO: [ app_begin ] --END-- [ RunTime:0.001000s ]
SQL: SHOW COLUMNS FROM `wind87_booklog` [ RunTime:0.0040s ]
SQL: SELECT * FROM `wind87_booklog` ORDER BY log_id  desc LIMIT 10   [ RunTime:0.0010s ]
SQL: SHOW COLUMNS FROM `wind87_book` [ RunTime:0.0130s ]
SQL: SHOW COLUMNS FROM `wind87_bookinfo` [ RunTime:0.0050s ]
SQL: SELECT * FROM `wind87_book` WHERE `book_id` = 42 LIMIT 1   [ RunTime:0.0010s ]
SQL: SELECT * FROM `wind87_bookinfo` WHERE `isbn` = '9787115281609' LIMIT 1   [ RunTime:0.0000s ]
SQL: SELECT * FROM `wind87_book` WHERE `book_id` = 42 LIMIT 1   [ RunTime:0.0030s ]
SQL: SELECT * FROM `wind87_bookinfo` WHERE `isbn` = '9787115281609' LIMIT 1   [ RunTime:0.0010s ]
SQL: SELECT * FROM `wind87_book` WHERE `book_id` = 44 LIMIT 1   [ RunTime:0.0000s ]
SQL: SELECT * FROM `wind87_bookinfo` WHERE `isbn` = '9787111380931' LIMIT 1   [ RunTime:0.0010s ]
SQL: SELECT * FROM `wind87_book` WHERE `book_id` = 44 LIMIT 1   [ RunTime:0.0000s ]
SQL: SELECT * FROM `wind87_bookinfo` WHERE `isbn` = '9787111380931' LIMIT 1   [ RunTime:0.0020s ]
SQL: SELECT * FROM `wind87_book` WHERE `book_id` = 46 LIMIT 1   [ RunTime:0.0000s ]
SQL: SELECT * FROM `wind87_bookinfo` WHERE `isbn` = '9787213049422' LIMIT 1   [ RunTime:0.0010s ]
SQL: SELECT * FROM `wind87_book` WHERE `book_id` = 46 LIMIT 1   [ RunTime:0.0000s ]
SQL: SELECT * FROM `wind87_bookinfo` WHERE `isbn` = '9787213049422' LIMIT 1   [ RunTime:0.0000s ]
SQL: SELECT * FROM `wind87_book` WHERE `book_id` = 0 LIMIT 1   [ RunTime:0.0000s ]
SQL: SELECT * FROM `wind87_bookinfo` WHERE `isbn` = null LIMIT 1   [ RunTime:0.0040s ]
SQL: SELECT * FROM `wind87_book` WHERE `book_id` = 47 LIMIT 1   [ RunTime:0.0000s ]
SQL: SELECT * FROM `wind87_bookinfo` WHERE `isbn` = '9787115334589' LIMIT 1   [ RunTime:0.0020s ]
SQL: SELECT * FROM `wind87_book` WHERE `book_id` = 47 LIMIT 1   [ RunTime:0.0010s ]
SQL: SELECT * FROM `wind87_bookinfo` WHERE `isbn` = '9787115334589' LIMIT 1   [ RunTime:0.0010s ]
SQL: SELECT * FROM `wind87_book` WHERE `book_id` = 47 LIMIT 1   [ RunTime:0.0010s ]
SQL: SELECT * FROM `wind87_bookinfo` WHERE `isbn` = '9787115334589' LIMIT 1   [ RunTime:0.0010s ]
INFO: [ app_end ] --START--
INFO: Run Behavior\ShowPageTraceBehavior [ RunTime:0.001000s ]
INFO: [ app_end ] --END-- [ RunTime:0.001000s ]

[ 2016-01-08T15:23:20+08:00 ] ::1 /passon/index.php/Home/Index/phoneshare
INFO: [ app_init ] --START--
INFO: Run Behavior\BuildLiteBehavior [ RunTime:0.000000s ]
INFO: [ app_init ] --END-- [ RunTime:0.001000s ]
INFO: [ app_begin ] --START--
INFO: Run Behavior\ReadHtmlCacheBehavior [ RunTime:0.001000s ]
INFO: [ app_begin ] --END-- [ RunTime:0.001000s ]
INFO: [ view_parse ] --START--
INFO: [ template_filter ] --START--
INFO: Run Behavior\ContentReplaceBehavior [ RunTime:0.000000s ]
INFO: [ template_filter ] --END-- [ RunTime:0.000000s ]
INFO: Run Behavior\ParseTemplateBehavior [ RunTime:0.009000s ]
INFO: [ view_parse ] --END-- [ RunTime:0.009000s ]
INFO: [ view_filter ] --START--
INFO: Run Behavior\WriteHtmlCacheBehavior [ RunTime:0.000000s ]
INFO: [ view_filter ] --END-- [ RunTime:0.000000s ]
INFO: [ app_end ] --START--
INFO: Run Behavior\ShowPageTraceBehavior [ RunTime:0.001000s ]
INFO: [ app_end ] --END-- [ RunTime:0.001000s ]

[ 2016-01-08T15:23:20+08:00 ] ::1 /passon/index.php/Home/Index/img/1.png
INFO: [ app_init ] --START--
INFO: Run Behavior\BuildLiteBehavior [ RunTime:0.000000s ]
INFO: [ app_init ] --END-- [ RunTime:0.001000s ]

[ 2016-01-08T15:23:20+08:00 ] ::1 /passon/index.php/Home/Index/img/2.png
INFO: [ app_init ] --START--
INFO: Run Behavior\BuildLiteBehavior [ RunTime:0.000000s ]
INFO: [ app_init ] --END-- [ RunTime:0.000000s ]

[ 2016-01-08T15:23:35+08:00 ] ::1 /passon/index.php/Home/Index/phoneshare
INFO: [ app_init ] --START--
INFO: Run Behavior\BuildLiteBehavior [ RunTime:0.000000s ]
INFO: [ app_init ] --END-- [ RunTime:0.000000s ]
INFO: [ app_begin ] --START--
INFO: Run Behavior\ReadHtmlCacheBehavior [ RunTime:0.001000s ]
INFO: [ app_begin ] --END-- [ RunTime:0.001000s ]
INFO: [ view_parse ] --START--
INFO: [ template_filter ] --START--
INFO: Run Behavior\ContentReplaceBehavior [ RunTime:0.000000s ]
INFO: [ template_filter ] --END-- [ RunTime:0.000000s ]
INFO: Run Behavior\ParseTemplateBehavior [ RunTime:0.015001s ]
INFO: [ view_parse ] --END-- [ RunTime:0.015001s ]
INFO: [ view_filter ] --START--
INFO: Run Behavior\WriteHtmlCacheBehavior [ RunTime:0.000000s ]
INFO: [ view_filter ] --END-- [ RunTime:0.000000s ]
INFO: [ app_end ] --START--
INFO: Run Behavior\ShowPageTraceBehavior [ RunTime:0.001000s ]
INFO: [ app_end ] --END-- [ RunTime:0.001000s ]

[ 2016-01-08T15:23:35+08:00 ] ::1 /passon/index.php/Home/Index/img/1.png
INFO: [ app_init ] --START--
INFO: Run Behavior\BuildLiteBehavior [ RunTime:0.000000s ]
INFO: [ app_init ] --END-- [ RunTime:0.001001s ]

[ 2016-01-08T15:23:35+08:00 ] ::1 /passon/index.php/Home/Index/img/2.png
INFO: [ app_init ] --START--
INFO: Run Behavior\BuildLiteBehavior [ RunTime:0.000000s ]
INFO: [ app_init ] --END-- [ RunTime:0.001000s ]

[ 2016-01-08T15:24:19+08:00 ] ::1 /passon/index.php/Home/Index/phoneshare
INFO: [ app_init ] --START--
INFO: Run Behavior\BuildLiteBehavior [ RunTime:0.000000s ]
INFO: [ app_init ] --END-- [ RunTime:0.000000s ]
INFO: [ app_begin ] --START--
INFO: Run Behavior\ReadHtmlCacheBehavior [ RunTime:0.004001s ]
INFO: [ app_begin ] --END-- [ RunTime:0.004001s ]
INFO: [ view_parse ] --START--
INFO: [ template_filter ] --START--
INFO: Run Behavior\ContentReplaceBehavior [ RunTime:0.000000s ]
INFO: [ template_filter ] --END-- [ RunTime:0.000000s ]
INFO: Run Behavior\ParseTemplateBehavior [ RunTime:0.012001s ]
INFO: [ view_parse ] --END-- [ RunTime:0.012001s ]
INFO: [ view_filter ] --START--
INFO: Run Behavior\WriteHtmlCacheBehavior [ RunTime:0.001000s ]
INFO: [ view_filter ] --END-- [ RunTime:0.001000s ]
INFO: [ app_end ] --START--
INFO: Run Behavior\ShowPageTraceBehavior [ RunTime:0.000000s ]
INFO: [ app_end ] --END-- [ RunTime:0.001000s ]

[ 2016-01-08T15:24:20+08:00 ] ::1 /passon/index.php/Home/Index/_PUBLIC__/images/1.jpg
INFO: [ app_init ] --START--
INFO: Run Behavior\BuildLiteBehavior [ RunTime:0.000000s ]
INFO: [ app_init ] --END-- [ RunTime:0.001000s ]

[ 2016-01-08T15:24:21+08:00 ] ::1 /passon/index.php/Home/Index/phoneshare
INFO: [ app_init ] --START--
INFO: Run Behavior\BuildLiteBehavior [ RunTime:0.000000s ]
INFO: [ app_init ] --END-- [ RunTime:0.001000s ]
INFO: [ app_begin ] --START--
INFO: Run Behavior\ReadHtmlCacheBehavior [ RunTime:0.001000s ]
INFO: [ app_begin ] --END-- [ RunTime:0.001000s ]
INFO: [ view_parse ] --START--
INFO: [ template_filter ] --START--
INFO: Run Behavior\ContentReplaceBehavior [ RunTime:0.000000s ]
INFO: [ template_filter ] --END-- [ RunTime:0.000000s ]
INFO: Run Behavior\ParseTemplateBehavior [ RunTime:0.018001s ]
INFO: [ view_parse ] --END-- [ RunTime:0.018001s ]
INFO: [ view_filter ] --START--
INFO: Run Behavior\WriteHtmlCacheBehavior [ RunTime:0.016000s ]
INFO: [ view_filter ] --END-- [ RunTime:0.016000s ]
INFO: [ app_end ] --START--
INFO: Run Behavior\ShowPageTraceBehavior [ RunTime:0.001001s ]
INFO: [ app_end ] --END-- [ RunTime:0.001001s ]

[ 2016-01-08T15:24:21+08:00 ] ::1 /passon/index.php/Home/Index/_PUBLIC__/images/1.jpg
INFO: [ app_init ] --START--
INFO: Run Behavior\BuildLiteBehavior [ RunTime:0.000000s ]
INFO: [ app_init ] --END-- [ RunTime:0.001000s ]

[ 2016-01-08T15:24:35+08:00 ] ::1 /passon/index.php/Home/Index/phoneshare
INFO: [ app_init ] --START--
INFO: Run Behavior\BuildLiteBehavior [ RunTime:0.000000s ]
INFO: [ app_init ] --END-- [ RunTime:0.000000s ]
INFO: [ app_begin ] --START--
INFO: Run Behavior\ReadHtmlCacheBehavior [ RunTime:0.001000s ]
INFO: [ app_begin ] --END-- [ RunTime:0.001000s ]
INFO: [ view_parse ] --START--
INFO: [ template_filter ] --START--
INFO: Run Behavior\ContentReplaceBehavior [ RunTime:0.000000s ]
INFO: [ template_filter ] --END-- [ RunTime:0.000000s ]
INFO: Run Behavior\ParseTemplateBehavior [ RunTime:0.011001s ]
INFO: [ view_parse ] --END-- [ RunTime:0.011001s ]
INFO: [ view_filter ] --START--
INFO: Run Behavior\WriteHtmlCacheBehavior [ RunTime:0.001000s ]
INFO: [ view_filter ] --END-- [ RunTime:0.001000s ]
INFO: [ app_end ] --START--
INFO: Run Behavior\ShowPageTraceBehavior [ RunTime:0.001000s ]
INFO: [ app_end ] --END-- [ RunTime:0.001000s ]

[ 2016-01-08T15:24:44+08:00 ] ::1 /passon/index.php/Home/Index/phoneshare
INFO: [ app_init ] --START--
INFO: Run Behavior\BuildLiteBehavior [ RunTime:0.000000s ]
INFO: [ app_init ] --END-- [ RunTime:0.000000s ]
INFO: [ app_begin ] --START--
INFO: Run Behavior\ReadHtmlCacheBehavior [ RunTime:0.001000s ]
INFO: [ app_begin ] --END-- [ RunTime:0.001000s ]
INFO: [ view_parse ] --START--
INFO: [ template_filter ] --START--
INFO: Run Behavior\ContentReplaceBehavior [ RunTime:0.000000s ]
INFO: [ template_filter ] --END-- [ RunTime:0.000000s ]
INFO: Run Behavior\ParseTemplateBehavior [ RunTime:0.011001s ]
INFO: [ view_parse ] --END-- [ RunTime:0.011001s ]
INFO: [ view_filter ] --START--
INFO: Run Behavior\WriteHtmlCacheBehavior [ RunTime:0.001000s ]
INFO: [ view_filter ] --END-- [ RunTime:0.001000s ]
INFO: [ app_end ] --START--
INFO: Run Behavior\ShowPageTraceBehavior [ RunTime:0.001000s ]
INFO: [ app_end ] --END-- [ RunTime:0.001000s ]

[ 2016-01-08T15:27:09+08:00 ] ::1 /passon/index.php/Home/Index/phoneshare
INFO: [ app_init ] --START--
INFO: Run Behavior\BuildLiteBehavior [ RunTime:0.000000s ]
INFO: [ app_init ] --END-- [ RunTime:0.000000s ]
INFO: [ app_begin ] --START--
INFO: Run Behavior\ReadHtmlCacheBehavior [ RunTime:0.000000s ]
INFO: [ app_begin ] --END-- [ RunTime:0.000000s ]
INFO: [ view_parse ] --START--
INFO: [ template_filter ] --START--
INFO: Run Behavior\ContentReplaceBehavior [ RunTime:0.000000s ]
INFO: [ template_filter ] --END-- [ RunTime:0.000000s ]
INFO: Run Behavior\ParseTemplateBehavior [ RunTime:0.038002s ]
INFO: [ view_parse ] --END-- [ RunTime:0.038002s ]
INFO: [ view_filter ] --START--
INFO: Run Behavior\WriteHtmlCacheBehavior [ RunTime:0.000000s ]
INFO: [ view_filter ] --END-- [ RunTime:0.000000s ]
INFO: [ app_end ] --START--
INFO: Run Behavior\ShowPageTraceBehavior [ RunTime:0.001000s ]
INFO: [ app_end ] --END-- [ RunTime:0.001000s ]

[ 2016-01-08T15:27:09+08:00 ] ::1 /passon/index.php/Home/Index/__PUBLIC/css/phoneshare.css
INFO: [ app_init ] --START--
INFO: Run Behavior\BuildLiteBehavior [ RunTime:0.000000s ]
INFO: [ app_init ] --END-- [ RunTime:0.001000s ]
INFO: [ app_begin ] --START--
INFO: Run Behavior\ReadHtmlCacheBehavior [ RunTime:0.001000s ]
INFO: [ app_begin ] --END-- [ RunTime:0.001000s ]
ERR: 非法操作:__PUBLIC

[ 2016-01-08T15:27:31+08:00 ] ::1 /passon/index.php/Home/Index/phoneshare
INFO: [ app_init ] --START--
INFO: Run Behavior\BuildLiteBehavior [ RunTime:0.000000s ]
INFO: [ app_init ] --END-- [ RunTime:0.001000s ]
INFO: [ app_begin ] --START--
INFO: Run Behavior\ReadHtmlCacheBehavior [ RunTime:0.001000s ]
INFO: [ app_begin ] --END-- [ RunTime:0.001000s ]
INFO: [ view_parse ] --START--
INFO: [ template_filter ] --START--
INFO: Run Behavior\ContentReplaceBehavior [ RunTime:0.000000s ]
INFO: [ template_filter ] --END-- [ RunTime:0.000000s ]
INFO: Run Behavior\ParseTemplateBehavior [ RunTime:0.015001s ]
INFO: [ view_parse ] --END-- [ RunTime:0.015001s ]
INFO: [ view_filter ] --START--
INFO: Run Behavior\WriteHtmlCacheBehavior [ RunTime:0.001000s ]
INFO: [ view_filter ] --END-- [ RunTime:0.001000s ]
INFO: [ app_end ] --START--
INFO: Run Behavior\ShowPageTraceBehavior [ RunTime:0.001000s ]
INFO: [ app_end ] --END-- [ RunTime:0.001000s ]

[ 2016-01-08T15:28:46+08:00 ] ::1 /passon/index.php/Home/Index/phoneshare
INFO: [ app_init ] --START--
INFO: Run Behavior\BuildLiteBehavior [ RunTime:0.000000s ]
INFO: [ app_init ] --END-- [ RunTime:0.001000s ]
INFO: [ app_begin ] --START--
INFO: Run Behavior\ReadHtmlCacheBehavior [ RunTime:0.001000s ]
INFO: [ app_begin ] --END-- [ RunTime:0.001000s ]
INFO: [ view_parse ] --START--
INFO: [ template_filter ] --START--
INFO: Run Behavior\ContentReplaceBehavior [ RunTime:0.000000s ]
INFO: [ template_filter ] --END-- [ RunTime:0.000000s ]
INFO: Run Behavior\ParseTemplateBehavior [ RunTime:0.012001s ]
INFO: [ view_parse ] --END-- [ RunTime:0.012001s ]
INFO: [ view_filter ] --START--
INFO: Run Behavior\WriteHtmlCacheBehavior [ RunTime:0.000000s ]
INFO: [ view_filter ] --END-- [ RunTime:0.000000s ]
INFO: [ app_end ] --START--
INFO: Run Behavior\ShowPageTraceBehavior [ RunTime:0.000000s ]
INFO: [ app_end ] --END-- [ RunTime:0.000000s ]

[ 2016-01-08T15:33:04+08:00 ] ::1 /passon/index.php/Home/Index/phoneshare
INFO: [ app_init ] --START--
INFO: Run Behavior\BuildLiteBehavior [ RunTime:0.000000s ]
INFO: [ app_init ] --END-- [ RunTime:0.001000s ]
INFO: [ app_begin ] --START--
INFO: Run Behavior\ReadHtmlCacheBehavior [ RunTime:0.001000s ]
INFO: [ app_begin ] --END-- [ RunTime:0.005000s ]
INFO: [ view_parse ] --START--
INFO: [ template_filter ] --START--
INFO: Run Behavior\ContentReplaceBehavior [ RunTime:0.001000s ]
INFO: [ template_filter ] --END-- [ RunTime:0.001000s ]
INFO: Run Behavior\ParseTemplateBehavior [ RunTime:0.060004s ]
INFO: [ view_parse ] --END-- [ RunTime:0.060004s ]
INFO: [ view_filter ] --START--
INFO: Run Behavior\WriteHtmlCacheBehavior [ RunTime:0.003000s ]
INFO: [ view_filter ] --END-- [ RunTime:0.003000s ]
INFO: [ app_end ] --START--
INFO: Run Behavior\ShowPageTraceBehavior [ RunTime:0.001000s ]
INFO: [ app_end ] --END-- [ RunTime:0.001000s ]

[ 2016-01-08T15:35:24+08:00 ] ::1 /passon/index.php/Home/Index/phoneshare
INFO: [ app_init ] --START--
INFO: Run Behavior\BuildLiteBehavior [ RunTime:0.000000s ]
INFO: [ app_init ] --END-- [ RunTime:0.001000s ]
INFO: [ app_begin ] --START--
INFO: Run Behavior\ReadHtmlCacheBehavior [ RunTime:0.002000s ]
INFO: [ app_begin ] --END-- [ RunTime:0.002000s ]
INFO: [ view_parse ] --START--
INFO: [ template_filter ] --START--
INFO: Run Behavior\ContentReplaceBehavior [ RunTime:0.000000s ]
INFO: [ template_filter ] --END-- [ RunTime:0.000000s ]
INFO: Run Behavior\ParseTemplateBehavior [ RunTime:0.015001s ]
INFO: [ view_parse ] --END-- [ RunTime:0.016001s ]
INFO: [ view_filter ] --START--
INFO: Run Behavior\WriteHtmlCacheBehavior [ RunTime:0.000000s ]
INFO: [ view_filter ] --END-- [ RunTime:0.000000s ]
INFO: [ app_end ] --START--
INFO: Run Behavior\ShowPageTraceBehavior [ RunTime:0.001000s ]
INFO: [ app_end ] --END-- [ RunTime:0.001000s ]

[ 2016-01-08T15:56:26+08:00 ] ::1 /passon/index.php/Home/Index/phoneshare
INFO: [ app_init ] --START--
INFO: Run Behavior\BuildLiteBehavior [ RunTime:0.000000s ]
INFO: [ app_init ] --END-- [ RunTime:0.000000s ]
INFO: [ app_begin ] --START--
INFO: Run Behavior\ReadHtmlCacheBehavior [ RunTime:0.001000s ]
INFO: [ app_begin ] --END-- [ RunTime:0.001000s ]
INFO: [ view_parse ] --START--
INFO: [ template_filter ] --START--
INFO: Run Behavior\ContentReplaceBehavior [ RunTime:0.000000s ]
INFO: [ template_filter ] --END-- [ RunTime:0.001000s ]
INFO: Run Behavior\ParseTemplateBehavior [ RunTime:0.015001s ]
INFO: [ view_parse ] --END-- [ RunTime:0.015001s ]
INFO: [ view_filter ] --START--
INFO: Run Behavior\WriteHtmlCacheBehavior [ RunTime:0.001000s ]
INFO: [ view_filter ] --END-- [ RunTime:0.001000s ]
INFO: [ app_end ] --START--
INFO: Run Behavior\ShowPageTraceBehavior [ RunTime:0.001000s ]
INFO: [ app_end ] --END-- [ RunTime:0.001000s ]

[ 2016-01-08T15:57:36+08:00 ] ::1 /passon/index.php/Home/Index/phoneshare
INFO: [ app_init ] --START--
INFO: Run Behavior\BuildLiteBehavior [ RunTime:0.000000s ]
INFO: [ app_init ] --END-- [ RunTime:0.001000s ]
INFO: [ app_begin ] --START--
INFO: Run Behavior\ReadHtmlCacheBehavior [ RunTime:0.002000s ]
INFO: [ app_begin ] --END-- [ RunTime:0.002000s ]
INFO: [ view_parse ] --START--
INFO: [ template_filter ] --START--
INFO: Run Behavior\ContentReplaceBehavior [ RunTime:0.000000s ]
INFO: [ template_filter ] --END-- [ RunTime:0.000000s ]
INFO: Run Behavior\ParseTemplateBehavior [ RunTime:0.010001s ]
INFO: [ view_parse ] --END-- [ RunTime:0.011001s ]
INFO: [ view_filter ] --START--
INFO: Run Behavior\WriteHtmlCacheBehavior [ RunTime:0.011000s ]
INFO: [ view_filter ] --END-- [ RunTime:0.011000s ]
INFO: [ app_end ] --START--
INFO: Run Behavior\ShowPageTraceBehavior [ RunTime:0.001000s ]
INFO: [ app_end ] --END-- [ RunTime:0.001000s ]

[ 2016-01-08T16:26:35+08:00 ] ::1 /passon/index.php/Home/Index/phoneshare
INFO: [ app_init ] --START--
INFO: Run Behavior\BuildLiteBehavior [ RunTime:0.001000s ]
INFO: [ app_init ] --END-- [ RunTime:0.002000s ]
INFO: [ app_begin ] --START--
INFO: Run Behavior\ReadHtmlCacheBehavior [ RunTime:0.001000s ]
INFO: [ app_begin ] --END-- [ RunTime:0.001000s ]
INFO: [ view_parse ] --START--
INFO: [ template_filter ] --START--
INFO: Run Behavior\ContentReplaceBehavior [ RunTime:0.000000s ]
INFO: [ template_filter ] --END-- [ RunTime:0.000000s ]
INFO: Run Behavior\ParseTemplateBehavior [ RunTime:0.022001s ]
INFO: [ view_parse ] --END-- [ RunTime:0.022001s ]
INFO: [ view_filter ] --START--
INFO: Run Behavior\WriteHtmlCacheBehavior [ RunTime:0.000000s ]
INFO: [ view_filter ] --END-- [ RunTime:0.000000s ]
INFO: [ app_end ] --START--
INFO: Run Behavior\ShowPageTraceBehavior [ RunTime:0.001000s ]
INFO: [ app_end ] --END-- [ RunTime:0.001000s ]

[ 2016-01-08T16:26:44+08:00 ] ::1 /passon/index.php/Home/Index/phoneshare
INFO: [ app_init ] --START--
INFO: Run Behavior\BuildLiteBehavior [ RunTime:0.000000s ]
INFO: [ app_init ] --END-- [ RunTime:0.000000s ]
INFO: [ app_begin ] --START--
INFO: Run Behavior\ReadHtmlCacheBehavior [ RunTime:0.001000s ]
INFO: [ app_begin ] --END-- [ RunTime:0.001000s ]
INFO: [ view_parse ] --START--
INFO: [ template_filter ] --START--
INFO: Run Behavior\ContentReplaceBehavior [ RunTime:0.000000s ]
INFO: [ template_filter ] --END-- [ RunTime:0.000000s ]
INFO: Run Behavior\ParseTemplateBehavior [ RunTime:0.012001s ]
INFO: [ view_parse ] --END-- [ RunTime:0.012001s ]
INFO: [ view_filter ] --START--
INFO: Run Behavior\WriteHtmlCacheBehavior [ RunTime:0.001000s ]
INFO: [ view_filter ] --END-- [ RunTime:0.001000s ]
INFO: [ app_end ] --START--
INFO: Run Behavior\ShowPageTraceBehavior [ RunTime:0.001000s ]
INFO: [ app_end ] --END-- [ RunTime:0.001000s ]

[ 2016-01-08T16:26:52+08:00 ] ::1 /passon/index.php/Home/Index/phoneshare
INFO: [ app_init ] --START--
INFO: Run Behavior\BuildLiteBehavior [ RunTime:0.000000s ]
INFO: [ app_init ] --END-- [ RunTime:0.001000s ]
INFO: [ app_begin ] --START--
INFO: Run Behavior\ReadHtmlCacheBehavior [ RunTime:0.001000s ]
INFO: [ app_begin ] --END-- [ RunTime:0.001000s ]
INFO: [ view_parse ] --START--
INFO: [ template_filter ] --START--
INFO: Run Behavior\ContentReplaceBehavior [ RunTime:0.000000s ]
INFO: [ template_filter ] --END-- [ RunTime:0.000000s ]
INFO: Run Behavior\ParseTemplateBehavior [ RunTime:0.008001s ]
INFO: [ view_parse ] --END-- [ RunTime:0.008001s ]
INFO: [ view_filter ] --START--
INFO: Run Behavior\WriteHtmlCacheBehavior [ RunTime:0.001000s ]
INFO: [ view_filter ] --END-- [ RunTime:0.001000s ]
INFO: [ app_end ] --START--
INFO: Run Behavior\ShowPageTraceBehavior [ RunTime:0.001000s ]
INFO: [ app_end ] --END-- [ RunTime:0.001000s ]

[ 2016-01-08T16:40:29+08:00 ] ::1 /passon/index.php/Home/Index/phoneshare
INFO: [ app_init ] --START--
INFO: Run Behavior\BuildLiteBehavior [ RunTime:0.000000s ]
INFO: [ app_init ] --END-- [ RunTime:0.001000s ]
INFO: [ app_begin ] --START--
INFO: Run Behavior\ReadHtmlCacheBehavior [ RunTime:0.001000s ]
INFO: [ app_begin ] --END-- [ RunTime:0.001000s ]
INFO: [ view_parse ] --START--
INFO: [ template_filter ] --START--
INFO: Run Behavior\ContentReplaceBehavior [ RunTime:0.000000s ]
INFO: [ template_filter ] --END-- [ RunTime:0.001000s ]
INFO: Run Behavior\ParseTemplateBehavior [ RunTime:0.016001s ]
INFO: [ view_parse ] --END-- [ RunTime:0.016001s ]
INFO: [ view_filter ] --START--
INFO: Run Behavior\WriteHtmlCacheBehavior [ RunTime:0.001000s ]
INFO: [ view_filter ] --END-- [ RunTime:0.001000s ]
INFO: [ app_end ] --START--
INFO: Run Behavior\ShowPageTraceBehavior [ RunTime:0.001000s ]
INFO: [ app_end ] --END-- [ RunTime:0.002000s ]

[ 2016-01-08T16:41:41+08:00 ] ::1 /passon/index.php/Home/Index/phoneshare
INFO: [ app_init ] --START--
INFO: Run Behavior\BuildLiteBehavior [ RunTime:0.000000s ]
INFO: [ app_init ] --END-- [ RunTime:0.000000s ]
INFO: [ app_begin ] --START--
INFO: Run Behavior\ReadHtmlCacheBehavior [ RunTime:0.001000s ]
INFO: [ app_begin ] --END-- [ RunTime:0.001000s ]
INFO: [ view_parse ] --START--
INFO: [ template_filter ] --START--
INFO: Run Behavior\ContentReplaceBehavior [ RunTime:0.000000s ]
INFO: [ template_filter ] --END-- [ RunTime:0.001000s ]
INFO: Run Behavior\ParseTemplateBehavior [ RunTime:0.013000s ]
INFO: [ view_parse ] --END-- [ RunTime:0.013000s ]
INFO: [ view_filter ] --START--
INFO: Run Behavior\WriteHtmlCacheBehavior [ RunTime:0.001000s ]
INFO: [ view_filter ] --END-- [ RunTime:0.001000s ]
INFO: [ app_end ] --START--
INFO: Run Behavior\ShowPageTraceBehavior [ RunTime:0.001000s ]
INFO: [ app_end ] --END-- [ RunTime:0.001000s ]

[ 2016-01-08T16:42:16+08:00 ] ::1 /passon/index.php/Home/Index/phoneshare
INFO: [ app_init ] --START--
INFO: Run Behavior\BuildLiteBehavior [ RunTime:0.000000s ]
INFO: [ app_init ] --END-- [ RunTime:0.000000s ]
INFO: [ app_begin ] --START--
INFO: Run Behavior\ReadHtmlCacheBehavior [ RunTime:0.001000s ]
INFO: [ app_begin ] --END-- [ RunTime:0.001000s ]
INFO: [ view_parse ] --START--
INFO: [ template_filter ] --START--
INFO: Run Behavior\ContentReplaceBehavior [ RunTime:0.000000s ]
INFO: [ template_filter ] --END-- [ RunTime:0.000000s ]
INFO: Run Behavior\ParseTemplateBehavior [ RunTime:0.011001s ]
INFO: [ view_parse ] --END-- [ RunTime:0.011001s ]
INFO: [ view_filter ] --START--
INFO: Run Behavior\WriteHtmlCacheBehavior [ RunTime:0.001000s ]
INFO: [ view_filter ] --END-- [ RunTime:0.001000s ]
INFO: [ app_end ] --START--
INFO: Run Behavior\ShowPageTraceBehavior [ RunTime:0.001000s ]
INFO: [ app_end ] --END-- [ RunTime:0.001000s ]

[ 2016-01-08T16:45:07+08:00 ] ::1 /passon/index.php/Home/Index/phoneshare
INFO: [ app_init ] --START--
INFO: Run Behavior\BuildLiteBehavior [ RunTime:0.000000s ]
INFO: [ app_init ] --END-- [ RunTime:0.001000s ]
INFO: [ app_begin ] --START--
INFO: Run Behavior\ReadHtmlCacheBehavior [ RunTime:0.000000s ]
INFO: [ app_begin ] --END-- [ RunTime:0.002000s ]
INFO: [ view_parse ] --START--
INFO: [ template_filter ] --START--
INFO: Run Behavior\ContentReplaceBehavior [ RunTime:0.000000s ]
INFO: [ template_filter ] --END-- [ RunTime:0.000000s ]
INFO: Run Behavior\ParseTemplateBehavior [ RunTime:0.008001s ]
INFO: [ view_parse ] --END-- [ RunTime:0.008001s ]
INFO: [ view_filter ] --START--
INFO: Run Behavior\WriteHtmlCacheBehavior [ RunTime:0.001000s ]
INFO: [ view_filter ] --END-- [ RunTime:0.001000s ]
INFO: [ app_end ] --START--
INFO: Run Behavior\ShowPageTraceBehavior [ RunTime:0.001000s ]
INFO: [ app_end ] --END-- [ RunTime:0.001000s ]

[ 2016-01-08T16:46:34+08:00 ] ::1 /passon/index.php/Home/Index/phoneshare
INFO: [ app_init ] --START--
INFO: Run Behavior\BuildLiteBehavior [ RunTime:0.000000s ]
INFO: [ app_init ] --END-- [ RunTime:0.001000s ]
INFO: [ app_begin ] --START--
INFO: Run Behavior\ReadHtmlCacheBehavior [ RunTime:0.001000s ]
INFO: [ app_begin ] --END-- [ RunTime:0.001000s ]
INFO: [ view_parse ] --START--
INFO: [ template_filter ] --START--
INFO: Run Behavior\ContentReplaceBehavior [ RunTime:0.000000s ]
INFO: [ template_filter ] --END-- [ RunTime:0.000000s ]
INFO: Run Behavior\ParseTemplateBehavior [ RunTime:0.018001s ]
INFO: [ view_parse ] --END-- [ RunTime:0.018001s ]
INFO: [ view_filter ] --START--
INFO: Run Behavior\WriteHtmlCacheBehavior [ RunTime:0.001000s ]
INFO: [ view_filter ] --END-- [ RunTime:0.001000s ]
INFO: [ app_end ] --START--
INFO: Run Behavior\ShowPageTraceBehavior [ RunTime:0.001000s ]
INFO: [ app_end ] --END-- [ RunTime:0.001000s ]

[ 2016-01-08T16:46:45+08:00 ] ::1 /passon/index.php/Home/Index/phoneshare
INFO: [ app_init ] --START--
INFO: Run Behavior\BuildLiteBehavior [ RunTime:0.000000s ]
INFO: [ app_init ] --END-- [ RunTime:0.001000s ]
INFO: [ app_begin ] --START--
INFO: Run Behavior\ReadHtmlCacheBehavior [ RunTime:0.000000s ]
INFO: [ app_begin ] --END-- [ RunTime:0.000000s ]
INFO: [ view_parse ] --START--
INFO: [ template_filter ] --START--
INFO: Run Behavior\ContentReplaceBehavior [ RunTime:0.000000s ]
INFO: [ template_filter ] --END-- [ RunTime:0.000000s ]
INFO: Run Behavior\ParseTemplateBehavior [ RunTime:0.010000s ]
INFO: [ view_parse ] --END-- [ RunTime:0.011000s ]
INFO: [ view_filter ] --START--
INFO: Run Behavior\WriteHtmlCacheBehavior [ RunTime:0.000000s ]
INFO: [ view_filter ] --END-- [ RunTime:0.000000s ]
INFO: [ app_end ] --START--
INFO: Run Behavior\ShowPageTraceBehavior [ RunTime:0.001001s ]
INFO: [ app_end ] --END-- [ RunTime:0.001001s ]

[ 2016-01-08T16:46:48+08:00 ] ::1 /passon/index.php/Home/Index/phoneshare
INFO: [ app_init ] --START--
INFO: Run Behavior\BuildLiteBehavior [ RunTime:0.001000s ]
INFO: [ app_init ] --END-- [ RunTime:0.001000s ]
INFO: [ app_begin ] --START--
INFO: Run Behavior\ReadHtmlCacheBehavior [ RunTime:0.000000s ]
INFO: [ app_begin ] --END-- [ RunTime:0.000000s ]
INFO: [ view_parse ] --START--
INFO: [ template_filter ] --START--
INFO: Run Behavior\ContentReplaceBehavior [ RunTime:0.001000s ]
INFO: [ template_filter ] --END-- [ RunTime:0.001000s ]
INFO: Run Behavior\ParseTemplateBehavior [ RunTime:0.009000s ]
INFO: [ view_parse ] --END-- [ RunTime:0.009000s ]
INFO: [ view_filter ] --START--
INFO: Run Behavior\WriteHtmlCacheBehavior [ RunTime:0.001000s ]
INFO: [ view_filter ] --END-- [ RunTime:0.001000s ]
INFO: [ app_end ] --START--
INFO: Run Behavior\ShowPageTraceBehavior [ RunTime:0.001000s ]
INFO: [ app_end ] --END-- [ RunTime:0.001000s ]

[ 2016-01-08T16:47:10+08:00 ] ::1 /passon/index.php/Home/Index/phoneshare
INFO: [ app_init ] --START--
INFO: Run Behavior\BuildLiteBehavior [ RunTime:0.000000s ]
INFO: [ app_init ] --END-- [ RunTime:0.001000s ]
INFO: [ app_begin ] --START--
INFO: Run Behavior\ReadHtmlCacheBehavior [ RunTime:0.001000s ]
INFO: [ app_begin ] --END-- [ RunTime:0.001000s ]
INFO: [ view_parse ] --START--
INFO: [ template_filter ] --START--
INFO: Run Behavior\ContentReplaceBehavior [ RunTime:0.001000s ]
INFO: [ template_filter ] --END-- [ RunTime:0.001000s ]
INFO: Run Behavior\ParseTemplateBehavior [ RunTime:0.009000s ]
INFO: [ view_parse ] --END-- [ RunTime:0.009000s ]
INFO: [ view_filter ] --START--
INFO: Run Behavior\WriteHtmlCacheBehavior [ RunTime:0.001000s ]
INFO: [ view_filter ] --END-- [ RunTime:0.001000s ]
INFO: [ app_end ] --START--
INFO: Run Behavior\ShowPageTraceBehavior [ RunTime:0.001000s ]
INFO: [ app_end ] --END-- [ RunTime:0.001000s ]

[ 2016-01-08T16:47:12+08:00 ] ::1 /passon/index.php/Home/Index/phoneshare
INFO: [ app_init ] --START--
INFO: Run Behavior\BuildLiteBehavior [ RunTime:0.000000s ]
INFO: [ app_init ] --END-- [ RunTime:0.001000s ]
INFO: [ app_begin ] --START--
INFO: Run Behavior\ReadHtmlCacheBehavior [ RunTime:0.001000s ]
INFO: [ app_begin ] --END-- [ RunTime:0.001000s ]
INFO: [ view_parse ] --START--
INFO: [ template_filter ] --START--
INFO: Run Behavior\ContentReplaceBehavior [ RunTime:0.000000s ]
INFO: [ template_filter ] --END-- [ RunTime:0.000000s ]
INFO: Run Behavior\ParseTemplateBehavior [ RunTime:0.013000s ]
INFO: [ view_parse ] --END-- [ RunTime:0.013000s ]
INFO: [ view_filter ] --START--
INFO: Run Behavior\WriteHtmlCacheBehavior [ RunTime:0.001000s ]
INFO: [ view_filter ] --END-- [ RunTime:0.001000s ]
INFO: [ app_end ] --START--
INFO: Run Behavior\ShowPageTraceBehavior [ RunTime:0.001000s ]
INFO: [ app_end ] --END-- [ RunTime:0.001000s ]

[ 2016-01-08T16:47:35+08:00 ] ::1 /passon/index.php/Home/Index/phoneshare
INFO: [ app_init ] --START--
INFO: Run Behavior\BuildLiteBehavior [ RunTime:0.000000s ]
INFO: [ app_init ] --END-- [ RunTime:0.000000s ]
INFO: [ app_begin ] --START--
INFO: Run Behavior\ReadHtmlCacheBehavior [ RunTime:0.000000s ]
INFO: [ app_begin ] --END-- [ RunTime:0.000000s ]
INFO: [ view_parse ] --START--
INFO: [ template_filter ] --START--
INFO: Run Behavior\ContentReplaceBehavior [ RunTime:0.000000s ]
INFO: [ template_filter ] --END-- [ RunTime:0.000000s ]
INFO: Run Behavior\ParseTemplateBehavior [ RunTime:0.015001s ]
INFO: [ view_parse ] --END-- [ RunTime:0.015001s ]
INFO: [ view_filter ] --START--
INFO: Run Behavior\WriteHtmlCacheBehavior [ RunTime:0.001000s ]
INFO: [ view_filter ] --END-- [ RunTime:0.001000s ]
INFO: [ app_end ] --START--
INFO: Run Behavior\ShowPageTraceBehavior [ RunTime:0.001000s ]
INFO: [ app_end ] --END-- [ RunTime:0.001000s ]

[ 2016-01-08T16:49:47+08:00 ] ::1 /passon/index.php/Home/Index/phoneshare
INFO: [ app_init ] --START--
INFO: Run Behavior\BuildLiteBehavior [ RunTime:0.000000s ]
INFO: [ app_init ] --END-- [ RunTime:0.002000s ]
INFO: [ app_begin ] --START--
INFO: Run Behavior\ReadHtmlCacheBehavior [ RunTime:0.001000s ]
INFO: [ app_begin ] --END-- [ RunTime:0.001000s ]
INFO: [ view_parse ] --START--
INFO: [ template_filter ] --START--
INFO: Run Behavior\ContentReplaceBehavior [ RunTime:0.000000s ]
INFO: [ template_filter ] --END-- [ RunTime:0.006000s ]
INFO: Run Behavior\ParseTemplateBehavior [ RunTime:0.022001s ]
INFO: [ view_parse ] --END-- [ RunTime:0.022001s ]
INFO: [ view_filter ] --START--
INFO: Run Behavior\WriteHtmlCacheBehavior [ RunTime:0.000000s ]
INFO: [ view_filter ] --END-- [ RunTime:0.000000s ]
INFO: [ app_end ] --START--
INFO: Run Behavior\ShowPageTraceBehavior [ RunTime:0.009001s ]
INFO: [ app_end ] --END-- [ RunTime:0.009001s ]

[ 2016-01-08T16:56:46+08:00 ] ::1 /passon/index.php/Home/Index/phoneshare
INFO: [ app_init ] --START--
INFO: Run Behavior\BuildLiteBehavior [ RunTime:0.000000s ]
INFO: [ app_init ] --END-- [ RunTime:0.000000s ]
INFO: [ app_begin ] --START--
INFO: Run Behavior\ReadHtmlCacheBehavior [ RunTime:0.001000s ]
INFO: [ app_begin ] --END-- [ RunTime:0.001000s ]
INFO: [ view_parse ] --START--
INFO: [ template_filter ] --START--
INFO: Run Behavior\ContentReplaceBehavior [ RunTime:0.000000s ]
INFO: [ template_filter ] --END-- [ RunTime:0.000000s ]
INFO: Run Behavior\ParseTemplateBehavior [ RunTime:0.034002s ]
INFO: [ view_parse ] --END-- [ RunTime:0.034002s ]
INFO: [ view_filter ] --START--
INFO: Run Behavior\WriteHtmlCacheBehavior [ RunTime:0.001000s ]
INFO: [ view_filter ] --END-- [ RunTime:0.001000s ]
INFO: [ app_end ] --START--
INFO: Run Behavior\ShowPageTraceBehavior [ RunTime:0.001000s ]
INFO: [ app_end ] --END-- [ RunTime:0.001000s ]

[ 2016-01-08T16:57:03+08:00 ] ::1 /passon/index.php/Home/Index/phoneshare
INFO: [ app_init ] --START--
INFO: Run Behavior\BuildLiteBehavior [ RunTime:0.000000s ]
INFO: [ app_init ] --END-- [ RunTime:0.000000s ]
INFO: [ app_begin ] --START--
INFO: Run Behavior\ReadHtmlCacheBehavior [ RunTime:0.001000s ]
INFO: [ app_begin ] --END-- [ RunTime:0.001000s ]
INFO: [ view_parse ] --START--
INFO: [ template_filter ] --START--
INFO: Run Behavior\ContentReplaceBehavior [ RunTime:0.000000s ]
INFO: [ template_filter ] --END-- [ RunTime:0.000000s ]
INFO: Run Behavior\ParseTemplateBehavior [ RunTime:0.010001s ]
INFO: [ view_parse ] --END-- [ RunTime:0.010001s ]
INFO: [ view_filter ] --START--
INFO: Run Behavior\WriteHtmlCacheBehavior [ RunTime:0.002000s ]
INFO: [ view_filter ] --END-- [ RunTime:0.002000s ]
INFO: [ app_end ] --START--
INFO: Run Behavior\ShowPageTraceBehavior [ RunTime:0.001000s ]
INFO: [ app_end ] --END-- [ RunTime:0.001000s ]

[ 2016-01-08T17:05:00+08:00 ] ::1 /passon/index.php/Home/Index/phoneshare
INFO: [ app_init ] --START--
INFO: Run Behavior\BuildLiteBehavior [ RunTime:0.001000s ]
INFO: [ app_init ] --END-- [ RunTime:0.002000s ]
INFO: [ app_begin ] --START--
INFO: Run Behavior\ReadHtmlCacheBehavior [ RunTime:0.001000s ]
INFO: [ app_begin ] --END-- [ RunTime:0.002000s ]
INFO: [ view_parse ] --START--
INFO: [ template_filter ] --START--
INFO: Run Behavior\ContentReplaceBehavior [ RunTime:0.000000s ]
INFO: [ template_filter ] --END-- [ RunTime:0.000000s ]
INFO: Run Behavior\ParseTemplateBehavior [ RunTime:0.020001s ]
INFO: [ view_parse ] --END-- [ RunTime:0.020001s ]
INFO: [ view_filter ] --START--
INFO: Run Behavior\WriteHtmlCacheBehavior [ RunTime:0.001000s ]
INFO: [ view_filter ] --END-- [ RunTime:0.001000s ]
INFO: [ app_end ] --START--
INFO: Run Behavior\ShowPageTraceBehavior [ RunTime:0.001000s ]
INFO: [ app_end ] --END-- [ RunTime:0.001000s ]

[ 2016-01-08T17:05:46+08:00 ] ::1 /passon/index.php/Home/Index/phoneshare
INFO: [ app_init ] --START--
INFO: Run Behavior\BuildLiteBehavior [ RunTime:0.000000s ]
INFO: [ app_init ] --END-- [ RunTime:0.001000s ]
INFO: [ app_begin ] --START--
INFO: Run Behavior\ReadHtmlCacheBehavior [ RunTime:0.001000s ]
INFO: [ app_begin ] --END-- [ RunTime:0.001000s ]
INFO: [ view_parse ] --START--
INFO: [ template_filter ] --START--
INFO: Run Behavior\ContentReplaceBehavior [ RunTime:0.000000s ]
INFO: [ template_filter ] --END-- [ RunTime:0.001001s ]
INFO: Run Behavior\ParseTemplateBehavior [ RunTime:0.013001s ]
INFO: [ view_parse ] --END-- [ RunTime:0.013001s ]
INFO: [ view_filter ] --START--
INFO: Run Behavior\WriteHtmlCacheBehavior [ RunTime:0.001000s ]
INFO: [ view_filter ] --END-- [ RunTime:0.001000s ]
INFO: [ app_end ] --START--
INFO: Run Behavior\ShowPageTraceBehavior [ RunTime:0.003000s ]
INFO: [ app_end ] --END-- [ RunTime:0.003000s ]

[ 2016-01-08T17:07:44+08:00 ] ::1 /passon/index.php/Home/Index/phoneshare
INFO: [ app_init ] --START--
INFO: Run Behavior\BuildLiteBehavior [ RunTime:0.000000s ]
INFO: [ app_init ] --END-- [ RunTime:0.003000s ]
INFO: [ app_begin ] --START--
INFO: Run Behavior\ReadHtmlCacheBehavior [ RunTime:0.001000s ]
INFO: [ app_begin ] --END-- [ RunTime:0.001000s ]
INFO: [ view_parse ] --START--
INFO: [ template_filter ] --START--
INFO: Run Behavior\ContentReplaceBehavior [ RunTime:0.000000s ]
INFO: [ template_filter ] --END-- [ RunTime:0.000000s ]
INFO: Run Behavior\ParseTemplateBehavior [ RunTime:0.012000s ]
INFO: [ view_parse ] --END-- [ RunTime:0.012000s ]
INFO: [ view_filter ] --START--
INFO: Run Behavior\WriteHtmlCacheBehavior [ RunTime:0.000000s ]
INFO: [ view_filter ] --END-- [ RunTime:0.000000s ]
INFO: [ app_end ] --START--
INFO: Run Behavior\ShowPageTraceBehavior [ RunTime:0.001000s ]
INFO: [ app_end ] --END-- [ RunTime:0.001000s ]

[ 2016-01-08T17:08:14+08:00 ] ::1 /passon/index.php/Home/Index/phoneshare
INFO: [ app_init ] --START--
INFO: Run Behavior\BuildLiteBehavior [ RunTime:0.000000s ]
INFO: [ app_init ] --END-- [ RunTime:0.001000s ]
INFO: [ app_begin ] --START--
INFO: Run Behavior\ReadHtmlCacheBehavior [ RunTime:0.003000s ]
INFO: [ app_begin ] --END-- [ RunTime:0.003000s ]
INFO: [ view_parse ] --START--
INFO: [ template_filter ] --START--
INFO: Run Behavior\ContentReplaceBehavior [ RunTime:0.000000s ]
INFO: [ template_filter ] --END-- [ RunTime:0.000000s ]
INFO: Run Behavior\ParseTemplateBehavior [ RunTime:0.019001s ]
INFO: [ view_parse ] --END-- [ RunTime:0.019001s ]
INFO: [ view_filter ] --START--
INFO: Run Behavior\WriteHtmlCacheBehavior [ RunTime:0.001000s ]
INFO: [ view_filter ] --END-- [ RunTime:0.001000s ]
INFO: [ app_end ] --START--
INFO: Run Behavior\ShowPageTraceBehavior [ RunTime:0.001000s ]
INFO: [ app_end ] --END-- [ RunTime:0.001000s ]

[ 2016-01-08T17:09:18+08:00 ] ::1 /passon/index.php/Home/Index/phoneshare
INFO: [ app_init ] --START--
INFO: Run Behavior\BuildLiteBehavior [ RunTime:0.000000s ]
INFO: [ app_init ] --END-- [ RunTime:0.000000s ]
INFO: [ app_begin ] --START--
INFO: Run Behavior\ReadHtmlCacheBehavior [ RunTime:0.001000s ]
INFO: [ app_begin ] --END-- [ RunTime:0.001000s ]
INFO: [ view_parse ] --START--
INFO: [ template_filter ] --START--
INFO: Run Behavior\ContentReplaceBehavior [ RunTime:0.000000s ]
INFO: [ template_filter ] --END-- [ RunTime:0.000000s ]
INFO: Run Behavior\ParseTemplateBehavior [ RunTime:0.005001s ]
INFO: [ view_parse ] --END-- [ RunTime:0.006001s ]
INFO: [ view_filter ] --START--
INFO: Run Behavior\WriteHtmlCacheBehavior [ RunTime:0.000000s ]
INFO: [ view_filter ] --END-- [ RunTime:0.000000s ]
INFO: [ app_end ] --START--
INFO: Run Behavior\ShowPageTraceBehavior [ RunTime:0.005000s ]
INFO: [ app_end ] --END-- [ RunTime:0.005000s ]

[ 2016-01-08T17:13:42+08:00 ] ::1 /passon/index.php/Home/Index/phoneshare
INFO: [ app_init ] --START--
INFO: Run Behavior\BuildLiteBehavior [ RunTime:0.000000s ]
INFO: [ app_init ] --END-- [ RunTime:0.001000s ]
INFO: [ app_begin ] --START--
INFO: Run Behavior\ReadHtmlCacheBehavior [ RunTime:0.002000s ]
INFO: [ app_begin ] --END-- [ RunTime:0.002000s ]
INFO: [ view_parse ] --START--
INFO: [ template_filter ] --START--
INFO: Run Behavior\ContentReplaceBehavior [ RunTime:0.000000s ]
INFO: [ template_filter ] --END-- [ RunTime:0.000000s ]
INFO: Run Behavior\ParseTemplateBehavior [ RunTime:0.012001s ]
INFO: [ view_parse ] --END-- [ RunTime:0.012001s ]
INFO: [ view_filter ] --START--
INFO: Run Behavior\WriteHtmlCacheBehavior [ RunTime:0.001000s ]
INFO: [ view_filter ] --END-- [ RunTime:0.001000s ]
INFO: [ app_end ] --START--
INFO: Run Behavior\ShowPageTraceBehavior [ RunTime:0.001000s ]
INFO: [ app_end ] --END-- [ RunTime:0.001000s ]

[ 2016-01-08T17:18:01+08:00 ] ::1 /passon/index.php/Home/Index/phoneshare
INFO: [ app_init ] --START--
INFO: Run Behavior\BuildLiteBehavior [ RunTime:0.000000s ]
INFO: [ app_init ] --END-- [ RunTime:0.000000s ]
INFO: [ app_begin ] --START--
INFO: Run Behavior\ReadHtmlCacheBehavior [ RunTime:0.002000s ]
INFO: [ app_begin ] --END-- [ RunTime:0.002000s ]
INFO: [ view_parse ] --START--
INFO: [ template_filter ] --START--
INFO: Run Behavior\ContentReplaceBehavior [ RunTime:0.000000s ]
INFO: [ template_filter ] --END-- [ RunTime:0.000000s ]
INFO: Run Behavior\ParseTemplateBehavior [ RunTime:0.010000s ]
INFO: [ view_parse ] --END-- [ RunTime:0.010000s ]
INFO: [ view_filter ] --START--
INFO: Run Behavior\WriteHtmlCacheBehavior [ RunTime:0.001000s ]
INFO: [ view_filter ] --END-- [ RunTime:0.001000s ]
INFO: [ app_end ] --START--
INFO: Run Behavior\ShowPageTraceBehavior [ RunTime:0.001001s ]
INFO: [ app_end ] --END-- [ RunTime:0.001001s ]

[ 2016-01-08T17:18:34+08:00 ] ::1 /passon/index.php/Home/Index/phoneshare
INFO: [ app_init ] --START--
INFO: Run Behavior\BuildLiteBehavior [ RunTime:0.000000s ]
INFO: [ app_init ] --END-- [ RunTime:0.002000s ]
INFO: [ app_begin ] --START--
INFO: Run Behavior\ReadHtmlCacheBehavior [ RunTime:0.001000s ]
INFO: [ app_begin ] --END-- [ RunTime:0.001000s ]
INFO: [ view_parse ] --START--
INFO: [ template_filter ] --START--
INFO: Run Behavior\ContentReplaceBehavior [ RunTime:0.000000s ]
INFO: [ template_filter ] --END-- [ RunTime:0.000000s ]
INFO: Run Behavior\ParseTemplateBehavior [ RunTime:0.010001s ]
INFO: [ view_parse ] --END-- [ RunTime:0.010001s ]
INFO: [ view_filter ] --START--
INFO: Run Behavior\WriteHtmlCacheBehavior [ RunTime:0.001000s ]
INFO: [ view_filter ] --END-- [ RunTime:0.001000s ]
INFO: [ app_end ] --START--
INFO: Run Behavior\ShowPageTraceBehavior [ RunTime:0.001000s ]
INFO: [ app_end ] --END-- [ RunTime:0.001000s ]

[ 2016-01-08T17:30:05+08:00 ] ::1 /passon/index.php/Home/Index/phoneshare
INFO: [ app_init ] --START--
INFO: Run Behavior\BuildLiteBehavior [ RunTime:0.000000s ]
INFO: [ app_init ] --END-- [ RunTime:0.001000s ]
INFO: [ app_begin ] --START--
INFO: Run Behavior\ReadHtmlCacheBehavior [ RunTime:0.001000s ]
INFO: [ app_begin ] --END-- [ RunTime:0.001000s ]
INFO: [ view_parse ] --START--
INFO: [ template_filter ] --START--
INFO: Run Behavior\ContentReplaceBehavior [ RunTime:0.000000s ]
INFO: [ template_filter ] --END-- [ RunTime:0.000000s ]
INFO: Run Behavior\ParseTemplateBehavior [ RunTime:0.008001s ]
INFO: [ view_parse ] --END-- [ RunTime:0.008001s ]
INFO: [ view_filter ] --START--
INFO: Run Behavior\WriteHtmlCacheBehavior [ RunTime:0.001000s ]
INFO: [ view_filter ] --END-- [ RunTime:0.001000s ]
INFO: [ app_end ] --START--
INFO: Run Behavior\ShowPageTraceBehavior [ RunTime:0.000000s ]
INFO: [ app_end ] --END-- [ RunTime:0.000000s ]

[ 2016-01-08T17:30:43+08:00 ] ::1 /passon/index.php/Home/Index/phoneshare
INFO: [ app_init ] --START--
INFO: Run Behavior\BuildLiteBehavior [ RunTime:0.000000s ]
INFO: [ app_init ] --END-- [ RunTime:0.001000s ]
INFO: [ app_begin ] --START--
INFO: Run Behavior\ReadHtmlCacheBehavior [ RunTime:0.001000s ]
INFO: [ app_begin ] --END-- [ RunTime:0.001000s ]
INFO: [ view_parse ] --START--
INFO: [ template_filter ] --START--
INFO: Run Behavior\ContentReplaceBehavior [ RunTime:0.001000s ]
INFO: [ template_filter ] --END-- [ RunTime:0.001000s ]
INFO: Run Behavior\ParseTemplateBehavior [ RunTime:0.008000s ]
INFO: [ view_parse ] --END-- [ RunTime:0.008000s ]
INFO: [ view_filter ] --START--
INFO: Run Behavior\WriteHtmlCacheBehavior [ RunTime:0.002001s ]
INFO: [ view_filter ] --END-- [ RunTime:0.002001s ]
INFO: [ app_end ] --START--
INFO: Run Behavior\ShowPageTraceBehavior [ RunTime:0.001000s ]
INFO: [ app_end ] --END-- [ RunTime:0.001000s ]

[ 2016-01-08T17:31:21+08:00 ] ::1 /passon/index.php/Home/Index/phoneshare
INFO: [ app_init ] --START--
INFO: Run Behavior\BuildLiteBehavior [ RunTime:0.000000s ]
INFO: [ app_init ] --END-- [ RunTime:0.002000s ]
INFO: [ app_begin ] --START--
INFO: Run Behavior\ReadHtmlCacheBehavior [ RunTime:0.001000s ]
INFO: [ app_begin ] --END-- [ RunTime:0.001000s ]
INFO: [ view_parse ] --START--
INFO: [ template_filter ] --START--
INFO: Run Behavior\ContentReplaceBehavior [ RunTime:0.001000s ]
INFO: [ template_filter ] --END-- [ RunTime:0.001000s ]
INFO: Run Behavior\ParseTemplateBehavior [ RunTime:0.007001s ]
INFO: [ view_parse ] --END-- [ RunTime:0.007001s ]
INFO: [ view_filter ] --START--
INFO: Run Behavior\WriteHtmlCacheBehavior [ RunTime:0.001000s ]
INFO: [ view_filter ] --END-- [ RunTime:0.001000s ]
INFO: [ app_end ] --START--
INFO: Run Behavior\ShowPageTraceBehavior [ RunTime:0.001000s ]
INFO: [ app_end ] --END-- [ RunTime:0.001000s ]

[ 2016-01-08T17:31:30+08:00 ] ::1 /passon/index.php/Home/Index/phoneshare
INFO: [ app_init ] --START--
INFO: Run Behavior\BuildLiteBehavior [ RunTime:0.000000s ]
INFO: [ app_init ] --END-- [ RunTime:0.001000s ]
INFO: [ app_begin ] --START--
INFO: Run Behavior\ReadHtmlCacheBehavior [ RunTime:0.000000s ]
INFO: [ app_begin ] --END-- [ RunTime:0.000000s ]
INFO: [ view_parse ] --START--
INFO: [ template_filter ] --START--
INFO: Run Behavior\ContentReplaceBehavior [ RunTime:0.000000s ]
INFO: [ template_filter ] --END-- [ RunTime:0.001000s ]
INFO: Run Behavior\ParseTemplateBehavior [ RunTime:0.012001s ]
INFO: [ view_parse ] --END-- [ RunTime:0.012001s ]
INFO: [ view_filter ] --START--
INFO: Run Behavior\WriteHtmlCacheBehavior [ RunTime:0.001000s ]
INFO: [ view_filter ] --END-- [ RunTime:0.001000s ]
INFO: [ app_end ] --START--
INFO: Run Behavior\ShowPageTraceBehavior [ RunTime:0.001000s ]
INFO: [ app_end ] --END-- [ RunTime:0.001000s ]

[ 2016-01-08T17:31:34+08:00 ] ::1 /passon/index.php/Home/Index/phoneshare
INFO: [ app_init ] --START--
INFO: Run Behavior\BuildLiteBehavior [ RunTime:0.000000s ]
INFO: [ app_init ] --END-- [ RunTime:0.003000s ]
INFO: [ app_begin ] --START--
INFO: Run Behavior\ReadHtmlCacheBehavior [ RunTime:0.001000s ]
INFO: [ app_begin ] --END-- [ RunTime:0.001000s ]
INFO: [ view_parse ] --START--
INFO: [ template_filter ] --START--
INFO: Run Behavior\ContentReplaceBehavior [ RunTime:0.000000s ]
INFO: [ template_filter ] --END-- [ RunTime:0.000000s ]
INFO: Run Behavior\ParseTemplateBehavior [ RunTime:0.014001s ]
INFO: [ view_parse ] --END-- [ RunTime:0.014001s ]
INFO: [ view_filter ] --START--
INFO: Run Behavior\WriteHtmlCacheBehavior [ RunTime:0.001000s ]
INFO: [ view_filter ] --END-- [ RunTime:0.001000s ]
INFO: [ app_end ] --START--
INFO: Run Behavior\ShowPageTraceBehavior [ RunTime:0.001000s ]
INFO: [ app_end ] --END-- [ RunTime:0.001000s ]

[ 2016-01-08T17:32:09+08:00 ] ::1 /passon/index.php/Home/Index/phoneshare
INFO: [ app_init ] --START--
INFO: Run Behavior\BuildLiteBehavior [ RunTime:0.000000s ]
INFO: [ app_init ] --END-- [ RunTime:0.001000s ]
INFO: [ app_begin ] --START--
INFO: Run Behavior\ReadHtmlCacheBehavior [ RunTime:0.001000s ]
INFO: [ app_begin ] --END-- [ RunTime:0.001000s ]
INFO: [ view_parse ] --START--
INFO: [ template_filter ] --START--
INFO: Run Behavior\ContentReplaceBehavior [ RunTime:0.001000s ]
INFO: [ template_filter ] --END-- [ RunTime:0.001000s ]
INFO: Run Behavior\ParseTemplateBehavior [ RunTime:0.014001s ]
INFO: [ view_parse ] --END-- [ RunTime:0.014001s ]
INFO: [ view_filter ] --START--
INFO: Run Behavior\WriteHtmlCacheBehavior [ RunTime:0.001000s ]
INFO: [ view_filter ] --END-- [ RunTime:0.001000s ]
INFO: [ app_end ] --START--
INFO: Run Behavior\ShowPageTraceBehavior [ RunTime:0.001000s ]
INFO: [ app_end ] --END-- [ RunTime:0.001000s ]

[ 2016-01-08T17:32:38+08:00 ] ::1 /passon/index.php/Home/Index/phoneshare
INFO: [ app_init ] --START--
INFO: Run Behavior\BuildLiteBehavior [ RunTime:0.000000s ]
INFO: [ app_init ] --END-- [ RunTime:0.001000s ]
INFO: [ app_begin ] --START--
INFO: Run Behavior\ReadHtmlCacheBehavior [ RunTime:0.002000s ]
INFO: [ app_begin ] --END-- [ RunTime:0.002000s ]
INFO: [ view_parse ] --START--
INFO: [ template_filter ] --START--
INFO: Run Behavior\ContentReplaceBehavior [ RunTime:0.000000s ]
INFO: [ template_filter ] --END-- [ RunTime:0.000000s ]
INFO: Run Behavior\ParseTemplateBehavior [ RunTime:0.008000s ]
INFO: [ view_parse ] --END-- [ RunTime:0.008000s ]
INFO: [ view_filter ] --START--
INFO: Run Behavior\WriteHtmlCacheBehavior [ RunTime:0.001000s ]
INFO: [ view_filter ] --END-- [ RunTime:0.001000s ]
INFO: [ app_end ] --START--
INFO: Run Behavior\ShowPageTraceBehavior [ RunTime:0.002000s ]
INFO: [ app_end ] --END-- [ RunTime:0.002000s ]

[ 2016-01-08T17:32:52+08:00 ] ::1 /passon/index.php/Home/Index/phoneshare
INFO: [ app_init ] --START--
INFO: Run Behavior\BuildLiteBehavior [ RunTime:0.000000s ]
INFO: [ app_init ] --END-- [ RunTime:0.000000s ]
INFO: [ app_begin ] --START--
INFO: Run Behavior\ReadHtmlCacheBehavior [ RunTime:0.001000s ]
INFO: [ app_begin ] --END-- [ RunTime:0.001000s ]
INFO: [ view_parse ] --START--
INFO: [ template_filter ] --START--
INFO: Run Behavior\ContentReplaceBehavior [ RunTime:0.000000s ]
INFO: [ template_filter ] --END-- [ RunTime:0.000000s ]
INFO: Run Behavior\ParseTemplateBehavior [ RunTime:0.009000s ]
INFO: [ view_parse ] --END-- [ RunTime:0.009000s ]
INFO: [ view_filter ] --START--
INFO: Run Behavior\WriteHtmlCacheBehavior [ RunTime:0.001000s ]
INFO: [ view_filter ] --END-- [ RunTime:0.001000s ]
INFO: [ app_end ] --START--
INFO: Run Behavior\ShowPageTraceBehavior [ RunTime:0.001001s ]
INFO: [ app_end ] --END-- [ RunTime:0.001001s ]

