[ 2017-03-05T00:02:06+08:00 ] 106.108.33.75 /library/Home/Index/share.html
INFO: [ app_init ] --START--
INFO: Run Behavior\BuildLiteBehavior [ RunTime:0.000025s ]
INFO: [ app_init ] --END-- [ RunTime:0.002767s ]
INFO: [ app_begin ] --START--
INFO: Run Behavior\ReadHtmlCacheBehavior [ RunTime:0.002541s ]
INFO: [ app_begin ] --END-- [ RunTime:0.002611s ]
SQL: SHOW COLUMNS FROM `lib_userinfo` [ RunTime:0.0302s ]
SQL: SHOW COLUMNS FROM `lib_component` [ RunTime:0.0011s ]
SQL: SHOW COLUMNS FROM `lib_admin` [ RunTime:0.0005s ]
SQL: SELECT * FROM `lib_admin` WHERE `username` = null LIMIT 1   [ RunTime:0.0004s ]
SQL: SELECT * FROM `lib_userinfo` WHERE `username` = null LIMIT 1   [ RunTime:0.0004s ]
SQL: SELECT COUNT(*) AS tp_count FROM `lib_component` WHERE `tag` = '材料' LIMIT 1   [ RunTime:0.0002s ]
SQL: SELECT * FROM `lib_component` WHERE `tag` = '材料' LIMIT 0,12   [ RunTime:0.0005s ]
INFO: [ view_parse ] --START--
INFO: [ template_filter ] --START--
INFO: Run Behavior\ContentReplaceBehavior [ RunTime:0.000089s ]
INFO: [ template_filter ] --END-- [ RunTime:0.000166s ]
NOTIC: [8] Use of undefined constant share - assumed 'share' /var/www/html/library/Application/Runtime/Cache/Home/b813aae94b2ddf4a4ed7e36f5c3a1a86.php 第 16 行.
NOTIC: [8] Use of undefined constant mywait - assumed 'mywait' /var/www/html/library/Application/Runtime/Cache/Home/b813aae94b2ddf4a4ed7e36f5c3a1a86.php 第 17 行.
NOTIC: [8] Use of undefined constant share - assumed 'share' /var/www/html/library/Application/Runtime/Cache/Home/b813aae94b2ddf4a4ed7e36f5c3a1a86.php 第 18 行.
NOTIC: [8] Use of undefined constant contribute - assumed 'contribute' /var/www/html/library/Application/Runtime/Cache/Home/b813aae94b2ddf4a4ed7e36f5c3a1a86.php 第 20 行.
NOTIC: [8] Use of undefined constant search - assumed 'search' /var/www/html/library/Application/Runtime/Cache/Home/b813aae94b2ddf4a4ed7e36f5c3a1a86.php 第 24 行.
NOTIC: [8] Use of undefined constant register - assumed 'register' /var/www/html/library/Application/Runtime/Cache/Home/b813aae94b2ddf4a4ed7e36f5c3a1a86.php 第 40 行.
NOTIC: [8] Use of undefined constant login - assumed 'login' /var/www/html/library/Application/Runtime/Cache/Home/b813aae94b2ddf4a4ed7e36f5c3a1a86.php 第 41 行.
NOTIC: [8] Use of undefined constant share - assumed 'share' /var/www/html/library/Application/Runtime/Cache/Home/b813aae94b2ddf4a4ed7e36f5c3a1a86.php 第 67 行.
NOTIC: [8] Undefined variable: flag /var/www/html/library/Application/Runtime/Cache/Home/b813aae94b2ddf4a4ed7e36f5c3a1a86.php 第 88 行.
NOTIC: [8] Undefined variable: flag /var/www/html/library/Application/Runtime/Cache/Home/b813aae94b2ddf4a4ed7e36f5c3a1a86.php 第 90 行.
NOTIC: [8] Use of undefined constant search - assumed 'search' /var/www/html/library/Application/Runtime/Cache/Home/b813aae94b2ddf4a4ed7e36f5c3a1a86.php 第 95 行.
NOTIC: [8] Use of undefined constant componentInfo - assumed 'componentInfo' /var/www/html/library/Application/Runtime/Cache/Home/b813aae94b2ddf4a4ed7e36f5c3a1a86.php 第 108 行.
NOTIC: [8] Use of undefined constant componentInfo - assumed 'componentInfo' /var/www/html/library/Application/Runtime/Cache/Home/b813aae94b2ddf4a4ed7e36f5c3a1a86.php 第 108 行.
NOTIC: [8] Use of undefined constant componentInfo - assumed 'componentInfo' /var/www/html/library/Application/Runtime/Cache/Home/b813aae94b2ddf4a4ed7e36f5c3a1a86.php 第 108 行.
NOTIC: [8] Use of undefined constant componentInfo - assumed 'componentInfo' /var/www/html/library/Application/Runtime/Cache/Home/b813aae94b2ddf4a4ed7e36f5c3a1a86.php 第 108 行.
NOTIC: [8] Use of undefined constant componentInfo - assumed 'componentInfo' /var/www/html/library/Application/Runtime/Cache/Home/b813aae94b2ddf4a4ed7e36f5c3a1a86.php 第 108 行.
NOTIC: [8] Use of undefined constant componentInfo - assumed 'componentInfo' /var/www/html/library/Application/Runtime/Cache/Home/b813aae94b2ddf4a4ed7e36f5c3a1a86.php 第 108 行.
NOTIC: [8] Use of undefined constant componentInfo - assumed 'componentInfo' /var/www/html/library/Application/Runtime/Cache/Home/b813aae94b2ddf4a4ed7e36f5c3a1a86.php 第 108 行.
NOTIC: [8] Use of undefined constant componentInfo - assumed 'componentInfo' /var/www/html/library/Application/Runtime/Cache/Home/b813aae94b2ddf4a4ed7e36f5c3a1a86.php 第 108 行.
NOTIC: [8] Use of undefined constant componentInfo - assumed 'componentInfo' /var/www/html/library/Application/Runtime/Cache/Home/b813aae94b2ddf4a4ed7e36f5c3a1a86.php 第 108 行.
NOTIC: [8] Use of undefined constant componentInfo - assumed 'componentInfo' /var/www/html/library/Application/Runtime/Cache/Home/b813aae94b2ddf4a4ed7e36f5c3a1a86.php 第 108 行.
NOTIC: [8] Use of undefined constant componentInfo - assumed 'componentInfo' /var/www/html/library/Application/Runtime/Cache/Home/b813aae94b2ddf4a4ed7e36f5c3a1a86.php 第 108 行.
NOTIC: [8] Use of undefined constant componentInfo - assumed 'componentInfo' /var/www/html/library/Application/Runtime/Cache/Home/b813aae94b2ddf4a4ed7e36f5c3a1a86.php 第 108 行.
INFO: Run Behavior\ParseTemplateBehavior [ RunTime:0.120458s ]
INFO: [ view_parse ] --END-- [ RunTime:0.120513s ]
INFO: [ view_filter ] --START--
INFO: Run Behavior\WriteHtmlCacheBehavior [ RunTime:0.003841s ]
INFO: [ view_filter ] --END-- [ RunTime:0.003920s ]
INFO: [ app_end ] --START--
INFO: Run Behavior\ShowPageTraceBehavior [ RunTime:0.002854s ]
INFO: [ app_end ] --END-- [ RunTime:0.002960s ]

[ 2017-03-05T00:02:06+08:00 ] 106.108.33.75 /library/Home/Index/
INFO: [ app_init ] --START--
INFO: Run Behavior\BuildLiteBehavior [ RunTime:0.000016s ]
INFO: [ app_init ] --END-- [ RunTime:0.000315s ]
INFO: [ app_begin ] --START--
INFO: Run Behavior\ReadHtmlCacheBehavior [ RunTime:0.000409s ]
INFO: [ app_begin ] --END-- [ RunTime:0.000463s ]
ERR: 非法操作:index

[ 2017-03-05T11:50:21+08:00 ] 124.127.68.129 /library/Home/Index/mywait.html
INFO: [ app_init ] --START--
INFO: Run Behavior\BuildLiteBehavior [ RunTime:0.000024s ]
INFO: [ app_init ] --END-- [ RunTime:0.002369s ]
INFO: [ app_begin ] --START--
INFO: Run Behavior\ReadHtmlCacheBehavior [ RunTime:0.002242s ]
INFO: [ app_begin ] --END-- [ RunTime:0.002306s ]
SQL: SHOW COLUMNS FROM `lib_userinfo` [ RunTime:0.0079s ]
SQL: SHOW COLUMNS FROM `lib_admin` [ RunTime:0.0007s ]
SQL: SELECT * FROM `lib_admin` WHERE `username` = '吴永健' LIMIT 1   [ RunTime:0.0005s ]
SQL: SHOW COLUMNS FROM `lib_component_shop` [ RunTime:0.0008s ]
SQL: SHOW COLUMNS FROM `lib_component` [ RunTime:0.0009s ]
SQL: SELECT * FROM `lib_userinfo` WHERE `username` = '吴永健' LIMIT 1   [ RunTime:0.0004s ]
SQL: SHOW COLUMNS FROM `lib_component_status` [ RunTime:0.0010s ]
SQL: SELECT COUNT(*) AS tp_count FROM `lib_component_shop` WHERE ( username='吴永健' ) LIMIT 1   [ RunTime:0.0010s ]
SQL: SELECT a.name,a.number,b.nownumber,b.username,c.address,c.phone,d.img FROM lib_component_shop a INNER JOIN lib_component_status b ON a.name=b.name and a.number<b.nownumber and a.username!=b.username INNER JOIN lib_userinfo c ON b.username=c.username INNER JOIN lib_component d ON a.name=d.name  WHERE ( a.username='吴永健' AND status=3 ) ORDER BY a.id desc LIMIT 0,6   [ RunTime:0.0014s ]
SQL: SELECT a.name,a.number,b.img,b.number_left FROM lib_component_shop a INNER JOIN lib_component b ON a.name=b.name and a.number<b.number_left  WHERE ( username='吴永健' ) ORDER BY a.id desc LIMIT 0,6   [ RunTime:0.0012s ]
NOTIC: [8] Undefined variable: list2 /var/www/html/library/Application/Home/Controller/IndexController.class.php 第 903 行.
INFO: [ view_parse ] --START--
INFO: [ template_filter ] --START--
INFO: Run Behavior\ContentReplaceBehavior [ RunTime:0.000232s ]
INFO: [ template_filter ] --END-- [ RunTime:0.000321s ]
NOTIC: [8] Use of undefined constant share - assumed 'share' /var/www/html/library/Application/Runtime/Cache/Home/5291477d99465f153482b489eff818ce.php 第 17 行.
NOTIC: [8] Use of undefined constant mywait - assumed 'mywait' /var/www/html/library/Application/Runtime/Cache/Home/5291477d99465f153482b489eff818ce.php 第 18 行.
NOTIC: [8] Use of undefined constant share - assumed 'share' /var/www/html/library/Application/Runtime/Cache/Home/5291477d99465f153482b489eff818ce.php 第 19 行.
NOTIC: [8] Use of undefined constant search - assumed 'search' /var/www/html/library/Application/Runtime/Cache/Home/5291477d99465f153482b489eff818ce.php 第 25 行.
NOTIC: [8] Use of undefined constant person - assumed 'person' /var/www/html/library/Application/Runtime/Cache/Home/5291477d99465f153482b489eff818ce.php 第 56 行.
NOTIC: [8] Use of undefined constant message - assumed 'message' /var/www/html/library/Application/Runtime/Cache/Home/5291477d99465f153482b489eff818ce.php 第 57 行.
NOTIC: [8] Use of undefined constant logout - assumed 'logout' /var/www/html/library/Application/Runtime/Cache/Home/5291477d99465f153482b489eff818ce.php 第 58 行.
NOTIC: [8] Use of undefined constant share - assumed 'share' /var/www/html/library/Application/Runtime/Cache/Home/5291477d99465f153482b489eff818ce.php 第 68 行.
NOTIC: [8] Use of undefined constant myborrow - assumed 'myborrow' /var/www/html/library/Application/Runtime/Cache/Home/5291477d99465f153482b489eff818ce.php 第 91 行.
NOTIC: [8] Use of undefined constant myrepair - assumed 'myrepair' /var/www/html/library/Application/Runtime/Cache/Home/5291477d99465f153482b489eff818ce.php 第 92 行.
NOTIC: [8] Use of undefined constant mykeep - assumed 'mykeep' /var/www/html/library/Application/Runtime/Cache/Home/5291477d99465f153482b489eff818ce.php 第 93 行.
INFO: Run Behavior\ParseTemplateBehavior [ RunTime:0.060788s ]
INFO: [ view_parse ] --END-- [ RunTime:0.060876s ]
INFO: [ view_filter ] --START--
INFO: Run Behavior\WriteHtmlCacheBehavior [ RunTime:0.002576s ]
INFO: [ view_filter ] --END-- [ RunTime:0.002625s ]
INFO: [ app_end ] --START--
INFO: Run Behavior\ShowPageTraceBehavior [ RunTime:0.001819s ]
INFO: [ app_end ] --END-- [ RunTime:0.001870s ]

[ 2017-03-05T11:50:23+08:00 ] 124.127.68.129 /library/Home/Index/mywait.html
INFO: [ app_init ] --START--
INFO: Run Behavior\BuildLiteBehavior [ RunTime:0.000017s ]
INFO: [ app_init ] --END-- [ RunTime:0.000320s ]
INFO: [ app_begin ] --START--
INFO: Run Behavior\ReadHtmlCacheBehavior [ RunTime:0.000399s ]
INFO: [ app_begin ] --END-- [ RunTime:0.000453s ]
SQL: SHOW COLUMNS FROM `lib_userinfo` [ RunTime:0.0009s ]
SQL: SHOW COLUMNS FROM `lib_admin` [ RunTime:0.0008s ]
SQL: SELECT * FROM `lib_admin` WHERE `username` = '吴永健' LIMIT 1   [ RunTime:0.0001s ]
SQL: SHOW COLUMNS FROM `lib_component_shop` [ RunTime:0.0006s ]
SQL: SHOW COLUMNS FROM `lib_component` [ RunTime:0.0006s ]
SQL: SELECT * FROM `lib_userinfo` WHERE `username` = '吴永健' LIMIT 1   [ RunTime:0.0001s ]
SQL: SHOW COLUMNS FROM `lib_component_status` [ RunTime:0.0006s ]
SQL: SELECT COUNT(*) AS tp_count FROM `lib_component_shop` WHERE ( username='吴永健' ) LIMIT 1   [ RunTime:0.0001s ]
SQL: SELECT a.name,a.number,b.nownumber,b.username,c.address,c.phone,d.img FROM lib_component_shop a INNER JOIN lib_component_status b ON a.name=b.name and a.number<b.nownumber and a.username!=b.username INNER JOIN lib_userinfo c ON b.username=c.username INNER JOIN lib_component d ON a.name=d.name  WHERE ( a.username='吴永健' AND status=3 ) ORDER BY a.id desc LIMIT 0,6   [ RunTime:0.0001s ]
SQL: SELECT a.name,a.number,b.img,b.number_left FROM lib_component_shop a INNER JOIN lib_component b ON a.name=b.name and a.number<b.number_left  WHERE ( username='吴永健' ) ORDER BY a.id desc LIMIT 0,6   [ RunTime:0.0001s ]
NOTIC: [8] Undefined variable: list2 /var/www/html/library/Application/Home/Controller/IndexController.class.php 第 903 行.
INFO: [ view_parse ] --START--
INFO: [ template_filter ] --START--
INFO: Run Behavior\ContentReplaceBehavior [ RunTime:0.000087s ]
INFO: [ template_filter ] --END-- [ RunTime:0.000149s ]
NOTIC: [8] Use of undefined constant share - assumed 'share' /var/www/html/library/Application/Runtime/Cache/Home/5291477d99465f153482b489eff818ce.php 第 17 行.
NOTIC: [8] Use of undefined constant mywait - assumed 'mywait' /var/www/html/library/Application/Runtime/Cache/Home/5291477d99465f153482b489eff818ce.php 第 18 行.
NOTIC: [8] Use of undefined constant share - assumed 'share' /var/www/html/library/Application/Runtime/Cache/Home/5291477d99465f153482b489eff818ce.php 第 19 行.
NOTIC: [8] Use of undefined constant search - assumed 'search' /var/www/html/library/Application/Runtime/Cache/Home/5291477d99465f153482b489eff818ce.php 第 25 行.
NOTIC: [8] Use of undefined constant person - assumed 'person' /var/www/html/library/Application/Runtime/Cache/Home/5291477d99465f153482b489eff818ce.php 第 56 行.
NOTIC: [8] Use of undefined constant message - assumed 'message' /var/www/html/library/Application/Runtime/Cache/Home/5291477d99465f153482b489eff818ce.php 第 57 行.
NOTIC: [8] Use of undefined constant logout - assumed 'logout' /var/www/html/library/Application/Runtime/Cache/Home/5291477d99465f153482b489eff818ce.php 第 58 行.
NOTIC: [8] Use of undefined constant share - assumed 'share' /var/www/html/library/Application/Runtime/Cache/Home/5291477d99465f153482b489eff818ce.php 第 68 行.
NOTIC: [8] Use of undefined constant myborrow - assumed 'myborrow' /var/www/html/library/Application/Runtime/Cache/Home/5291477d99465f153482b489eff818ce.php 第 91 行.
NOTIC: [8] Use of undefined constant myrepair - assumed 'myrepair' /var/www/html/library/Application/Runtime/Cache/Home/5291477d99465f153482b489eff818ce.php 第 92 行.
NOTIC: [8] Use of undefined constant mykeep - assumed 'mykeep' /var/www/html/library/Application/Runtime/Cache/Home/5291477d99465f153482b489eff818ce.php 第 93 行.
INFO: Run Behavior\ParseTemplateBehavior [ RunTime:0.013830s ]
INFO: [ view_parse ] --END-- [ RunTime:0.013907s ]
INFO: [ view_filter ] --START--
INFO: Run Behavior\WriteHtmlCacheBehavior [ RunTime:0.000150s ]
INFO: [ view_filter ] --END-- [ RunTime:0.000194s ]
INFO: [ app_end ] --START--
INFO: Run Behavior\ShowPageTraceBehavior [ RunTime:0.000448s ]
INFO: [ app_end ] --END-- [ RunTime:0.000498s ]

[ 2017-03-05T17:33:43+08:00 ] 111.194.47.223 /library/Home/Index/mywait/p/1.html
INFO: [ app_init ] --START--
INFO: Run Behavior\BuildLiteBehavior [ RunTime:0.000103s ]
INFO: [ app_init ] --END-- [ RunTime:0.000416s ]
INFO: [ app_begin ] --START--
INFO: Run Behavior\ReadHtmlCacheBehavior [ RunTime:0.000411s ]
INFO: [ app_begin ] --END-- [ RunTime:0.000469s ]
SQL: SHOW COLUMNS FROM `lib_userinfo` [ RunTime:0.0009s ]
SQL: SHOW COLUMNS FROM `lib_admin` [ RunTime:0.0005s ]
SQL: SELECT * FROM `lib_admin` WHERE `username` = '杜烨' LIMIT 1   [ RunTime:0.0005s ]
SQL: SHOW COLUMNS FROM `lib_component_shop` [ RunTime:0.0006s ]
SQL: SHOW COLUMNS FROM `lib_component` [ RunTime:0.0007s ]
SQL: SELECT * FROM `lib_userinfo` WHERE `username` = '杜烨' LIMIT 1   [ RunTime:0.0004s ]
SQL: SHOW COLUMNS FROM `lib_component_status` [ RunTime:0.0006s ]
SQL: SELECT COUNT(*) AS tp_count FROM `lib_component_shop` WHERE ( username='杜烨' ) LIMIT 1   [ RunTime:0.0005s ]
SQL: SELECT a.name,a.number,b.nownumber,b.username,c.address,c.phone,d.img FROM lib_component_shop a INNER JOIN lib_component_status b ON a.name=b.name and a.number<b.nownumber and a.username!=b.username INNER JOIN lib_userinfo c ON b.username=c.username INNER JOIN lib_component d ON a.name=d.name  WHERE ( a.username='杜烨' AND status=3 ) ORDER BY a.id desc LIMIT 0,6   [ RunTime:0.0009s ]
SQL: SELECT a.name,a.number,b.img,b.number_left FROM lib_component_shop a INNER JOIN lib_component b ON a.name=b.name and a.number<b.number_left  WHERE ( username='杜烨' ) ORDER BY a.id desc LIMIT 0,6   [ RunTime:0.0008s ]
NOTIC: [8] Undefined variable: list2 /var/www/html/library/Application/Home/Controller/IndexController.class.php 第 903 行.
INFO: [ view_parse ] --START--
INFO: [ template_filter ] --START--
INFO: Run Behavior\ContentReplaceBehavior [ RunTime:0.000102s ]
INFO: [ template_filter ] --END-- [ RunTime:0.000187s ]
NOTIC: [8] Use of undefined constant share - assumed 'share' /var/www/html/library/Application/Runtime/Cache/Home/5291477d99465f153482b489eff818ce.php 第 17 行.
NOTIC: [8] Use of undefined constant mywait - assumed 'mywait' /var/www/html/library/Application/Runtime/Cache/Home/5291477d99465f153482b489eff818ce.php 第 18 行.
NOTIC: [8] Use of undefined constant share - assumed 'share' /var/www/html/library/Application/Runtime/Cache/Home/5291477d99465f153482b489eff818ce.php 第 19 行.
NOTIC: [8] Use of undefined constant search - assumed 'search' /var/www/html/library/Application/Runtime/Cache/Home/5291477d99465f153482b489eff818ce.php 第 25 行.
NOTIC: [8] Use of undefined constant person - assumed 'person' /var/www/html/library/Application/Runtime/Cache/Home/5291477d99465f153482b489eff818ce.php 第 56 行.
NOTIC: [8] Use of undefined constant message - assumed 'message' /var/www/html/library/Application/Runtime/Cache/Home/5291477d99465f153482b489eff818ce.php 第 57 行.
NOTIC: [8] Use of undefined constant logout - assumed 'logout' /var/www/html/library/Application/Runtime/Cache/Home/5291477d99465f153482b489eff818ce.php 第 58 行.
NOTIC: [8] Use of undefined constant share - assumed 'share' /var/www/html/library/Application/Runtime/Cache/Home/5291477d99465f153482b489eff818ce.php 第 68 行.
NOTIC: [8] Use of undefined constant myborrow - assumed 'myborrow' /var/www/html/library/Application/Runtime/Cache/Home/5291477d99465f153482b489eff818ce.php 第 91 行.
NOTIC: [8] Use of undefined constant myrepair - assumed 'myrepair' /var/www/html/library/Application/Runtime/Cache/Home/5291477d99465f153482b489eff818ce.php 第 92 行.
NOTIC: [8] Use of undefined constant mykeep - assumed 'mykeep' /var/www/html/library/Application/Runtime/Cache/Home/5291477d99465f153482b489eff818ce.php 第 93 行.
INFO: Run Behavior\ParseTemplateBehavior [ RunTime:0.041589s ]
INFO: [ view_parse ] --END-- [ RunTime:0.041654s ]
INFO: [ view_filter ] --START--
INFO: Run Behavior\WriteHtmlCacheBehavior [ RunTime:0.000178s ]
INFO: [ view_filter ] --END-- [ RunTime:0.000227s ]
INFO: [ app_end ] --START--
INFO: Run Behavior\ShowPageTraceBehavior [ RunTime:0.000419s ]
INFO: [ app_end ] --END-- [ RunTime:0.000470s ]

[ 2017-03-05T17:33:45+08:00 ] 111.194.47.223 /library/Home/Index/mywait/p/1.html
INFO: [ app_init ] --START--
INFO: Run Behavior\BuildLiteBehavior [ RunTime:0.000017s ]
INFO: [ app_init ] --END-- [ RunTime:0.000330s ]
INFO: [ app_begin ] --START--
INFO: Run Behavior\ReadHtmlCacheBehavior [ RunTime:0.000410s ]
INFO: [ app_begin ] --END-- [ RunTime:0.000467s ]
SQL: SHOW COLUMNS FROM `lib_userinfo` [ RunTime:0.0010s ]
SQL: SHOW COLUMNS FROM `lib_admin` [ RunTime:0.0006s ]
SQL: SELECT * FROM `lib_admin` WHERE `username` = '杜烨' LIMIT 1   [ RunTime:0.0001s ]
SQL: SHOW COLUMNS FROM `lib_component_shop` [ RunTime:0.0005s ]
SQL: SHOW COLUMNS FROM `lib_component` [ RunTime:0.0006s ]
SQL: SELECT * FROM `lib_userinfo` WHERE `username` = '杜烨' LIMIT 1   [ RunTime:0.0001s ]
SQL: SHOW COLUMNS FROM `lib_component_status` [ RunTime:0.0007s ]
SQL: SELECT COUNT(*) AS tp_count FROM `lib_component_shop` WHERE ( username='杜烨' ) LIMIT 1   [ RunTime:0.0001s ]
SQL: SELECT a.name,a.number,b.nownumber,b.username,c.address,c.phone,d.img FROM lib_component_shop a INNER JOIN lib_component_status b ON a.name=b.name and a.number<b.nownumber and a.username!=b.username INNER JOIN lib_userinfo c ON b.username=c.username INNER JOIN lib_component d ON a.name=d.name  WHERE ( a.username='杜烨' AND status=3 ) ORDER BY a.id desc LIMIT 0,6   [ RunTime:0.0001s ]
SQL: SELECT a.name,a.number,b.img,b.number_left FROM lib_component_shop a INNER JOIN lib_component b ON a.name=b.name and a.number<b.number_left  WHERE ( username='杜烨' ) ORDER BY a.id desc LIMIT 0,6   [ RunTime:0.0001s ]
NOTIC: [8] Undefined variable: list2 /var/www/html/library/Application/Home/Controller/IndexController.class.php 第 903 行.
INFO: [ view_parse ] --START--
INFO: [ template_filter ] --START--
INFO: Run Behavior\ContentReplaceBehavior [ RunTime:0.000098s ]
INFO: [ template_filter ] --END-- [ RunTime:0.000180s ]
NOTIC: [8] Use of undefined constant share - assumed 'share' /var/www/html/library/Application/Runtime/Cache/Home/5291477d99465f153482b489eff818ce.php 第 17 行.
NOTIC: [8] Use of undefined constant mywait - assumed 'mywait' /var/www/html/library/Application/Runtime/Cache/Home/5291477d99465f153482b489eff818ce.php 第 18 行.
NOTIC: [8] Use of undefined constant share - assumed 'share' /var/www/html/library/Application/Runtime/Cache/Home/5291477d99465f153482b489eff818ce.php 第 19 行.
NOTIC: [8] Use of undefined constant search - assumed 'search' /var/www/html/library/Application/Runtime/Cache/Home/5291477d99465f153482b489eff818ce.php 第 25 行.
NOTIC: [8] Use of undefined constant person - assumed 'person' /var/www/html/library/Application/Runtime/Cache/Home/5291477d99465f153482b489eff818ce.php 第 56 行.
NOTIC: [8] Use of undefined constant message - assumed 'message' /var/www/html/library/Application/Runtime/Cache/Home/5291477d99465f153482b489eff818ce.php 第 57 行.
NOTIC: [8] Use of undefined constant logout - assumed 'logout' /var/www/html/library/Application/Runtime/Cache/Home/5291477d99465f153482b489eff818ce.php 第 58 行.
NOTIC: [8] Use of undefined constant share - assumed 'share' /var/www/html/library/Application/Runtime/Cache/Home/5291477d99465f153482b489eff818ce.php 第 68 行.
NOTIC: [8] Use of undefined constant myborrow - assumed 'myborrow' /var/www/html/library/Application/Runtime/Cache/Home/5291477d99465f153482b489eff818ce.php 第 91 行.
NOTIC: [8] Use of undefined constant myrepair - assumed 'myrepair' /var/www/html/library/Application/Runtime/Cache/Home/5291477d99465f153482b489eff818ce.php 第 92 行.
NOTIC: [8] Use of undefined constant mykeep - assumed 'mykeep' /var/www/html/library/Application/Runtime/Cache/Home/5291477d99465f153482b489eff818ce.php 第 93 行.
INFO: Run Behavior\ParseTemplateBehavior [ RunTime:0.014018s ]
INFO: [ view_parse ] --END-- [ RunTime:0.014091s ]
INFO: [ view_filter ] --START--
INFO: Run Behavior\WriteHtmlCacheBehavior [ RunTime:0.000218s ]
INFO: [ view_filter ] --END-- [ RunTime:0.000290s ]
INFO: [ app_end ] --START--
INFO: Run Behavior\ShowPageTraceBehavior [ RunTime:0.000431s ]
INFO: [ app_end ] --END-- [ RunTime:0.000482s ]

