[ 2017-05-03T16:37:08+08:00 ] ::1 /library/
INFO: [ app_init ] --START--
INFO: Run Behavior\BuildLiteBehavior [ RunTime:0.000019s ]
INFO: [ app_init ] --END-- [ RunTime:0.003082s ]
INFO: [ app_begin ] --START--
INFO: Run Behavior\ReadHtmlCacheBehavior [ RunTime:0.002513s ]
INFO: [ app_begin ] --END-- [ RunTime:0.002630s ]
ERR: 非法操作:index

[ 2017-05-03T19:13:16+08:00 ] ::1 /library/Home/Index/share.html
INFO: [ app_init ] --START--
INFO: Run Behavior\BuildLiteBehavior [ RunTime:0.000034s ]
INFO: [ app_init ] --END-- [ RunTime:0.018978s ]
INFO: [ app_begin ] --START--
INFO: Run Behavior\ReadHtmlCacheBehavior [ RunTime:0.004900s ]
INFO: [ app_begin ] --END-- [ RunTime:0.005056s ]
SQL: SHOW COLUMNS FROM `lib_userinfo` [ RunTime:0.0560s ]
SQL: SHOW COLUMNS FROM `lib_component` [ RunTime:0.0299s ]
SQL: SHOW COLUMNS FROM `lib_admin` [ RunTime:0.0310s ]
SQL: SELECT * FROM `lib_admin` WHERE `username` = null LIMIT 1   [ RunTime:0.0012s ]
SQL: SELECT * FROM `lib_userinfo` WHERE `username` = null LIMIT 1   [ RunTime:0.0017s ]
SQL: SELECT COUNT(*) AS tp_count FROM `lib_component` WHERE `tag` = '材料' LIMIT 1   [ RunTime:0.0308s ]
SQL: SELECT * FROM `lib_component` WHERE `tag` = '材料' LIMIT 0,12   [ RunTime:0.0007s ]
INFO: [ view_parse ] --START--
INFO: [ template_filter ] --START--
INFO: Run Behavior\ContentReplaceBehavior [ RunTime:0.014482s ]
INFO: [ template_filter ] --END-- [ RunTime:0.014586s ]
NOTIC: [8] Use of undefined constant share - assumed 'share' D:\xampp\htdocs\library\Application\Runtime\Cache\Home\b813aae94b2ddf4a4ed7e36f5c3a1a86.php 第 16 行.
NOTIC: [8] Use of undefined constant mywait - assumed 'mywait' D:\xampp\htdocs\library\Application\Runtime\Cache\Home\b813aae94b2ddf4a4ed7e36f5c3a1a86.php 第 17 行.
NOTIC: [8] Use of undefined constant share - assumed 'share' D:\xampp\htdocs\library\Application\Runtime\Cache\Home\b813aae94b2ddf4a4ed7e36f5c3a1a86.php 第 18 行.
NOTIC: [8] Use of undefined constant contribute - assumed 'contribute' D:\xampp\htdocs\library\Application\Runtime\Cache\Home\b813aae94b2ddf4a4ed7e36f5c3a1a86.php 第 20 行.
NOTIC: [8] Use of undefined constant search - assumed 'search' D:\xampp\htdocs\library\Application\Runtime\Cache\Home\b813aae94b2ddf4a4ed7e36f5c3a1a86.php 第 24 行.
NOTIC: [8] Use of undefined constant register - assumed 'register' D:\xampp\htdocs\library\Application\Runtime\Cache\Home\b813aae94b2ddf4a4ed7e36f5c3a1a86.php 第 40 行.
NOTIC: [8] Use of undefined constant login - assumed 'login' D:\xampp\htdocs\library\Application\Runtime\Cache\Home\b813aae94b2ddf4a4ed7e36f5c3a1a86.php 第 41 行.
NOTIC: [8] Use of undefined constant share - assumed 'share' D:\xampp\htdocs\library\Application\Runtime\Cache\Home\b813aae94b2ddf4a4ed7e36f5c3a1a86.php 第 67 行.
NOTIC: [8] Undefined variable: flag D:\xampp\htdocs\library\Application\Runtime\Cache\Home\b813aae94b2ddf4a4ed7e36f5c3a1a86.php 第 88 行.
NOTIC: [8] Undefined variable: flag D:\xampp\htdocs\library\Application\Runtime\Cache\Home\b813aae94b2ddf4a4ed7e36f5c3a1a86.php 第 90 行.
NOTIC: [8] Use of undefined constant search - assumed 'search' D:\xampp\htdocs\library\Application\Runtime\Cache\Home\b813aae94b2ddf4a4ed7e36f5c3a1a86.php 第 95 行.
NOTIC: [8] Use of undefined constant componentInfo - assumed 'componentInfo' D:\xampp\htdocs\library\Application\Runtime\Cache\Home\b813aae94b2ddf4a4ed7e36f5c3a1a86.php 第 108 行.
NOTIC: [8] Use of undefined constant componentInfo - assumed 'componentInfo' D:\xampp\htdocs\library\Application\Runtime\Cache\Home\b813aae94b2ddf4a4ed7e36f5c3a1a86.php 第 108 行.
NOTIC: [8] Use of undefined constant componentInfo - assumed 'componentInfo' D:\xampp\htdocs\library\Application\Runtime\Cache\Home\b813aae94b2ddf4a4ed7e36f5c3a1a86.php 第 108 行.
NOTIC: [8] Use of undefined constant componentInfo - assumed 'componentInfo' D:\xampp\htdocs\library\Application\Runtime\Cache\Home\b813aae94b2ddf4a4ed7e36f5c3a1a86.php 第 108 行.
NOTIC: [8] Use of undefined constant componentInfo - assumed 'componentInfo' D:\xampp\htdocs\library\Application\Runtime\Cache\Home\b813aae94b2ddf4a4ed7e36f5c3a1a86.php 第 108 行.
NOTIC: [8] Use of undefined constant componentInfo - assumed 'componentInfo' D:\xampp\htdocs\library\Application\Runtime\Cache\Home\b813aae94b2ddf4a4ed7e36f5c3a1a86.php 第 108 行.
NOTIC: [8] Use of undefined constant componentInfo - assumed 'componentInfo' D:\xampp\htdocs\library\Application\Runtime\Cache\Home\b813aae94b2ddf4a4ed7e36f5c3a1a86.php 第 108 行.
NOTIC: [8] Use of undefined constant componentInfo - assumed 'componentInfo' D:\xampp\htdocs\library\Application\Runtime\Cache\Home\b813aae94b2ddf4a4ed7e36f5c3a1a86.php 第 108 行.
NOTIC: [8] Use of undefined constant componentInfo - assumed 'componentInfo' D:\xampp\htdocs\library\Application\Runtime\Cache\Home\b813aae94b2ddf4a4ed7e36f5c3a1a86.php 第 108 行.
NOTIC: [8] Use of undefined constant componentInfo - assumed 'componentInfo' D:\xampp\htdocs\library\Application\Runtime\Cache\Home\b813aae94b2ddf4a4ed7e36f5c3a1a86.php 第 108 行.
NOTIC: [8] Use of undefined constant componentInfo - assumed 'componentInfo' D:\xampp\htdocs\library\Application\Runtime\Cache\Home\b813aae94b2ddf4a4ed7e36f5c3a1a86.php 第 108 行.
NOTIC: [8] Use of undefined constant componentInfo - assumed 'componentInfo' D:\xampp\htdocs\library\Application\Runtime\Cache\Home\b813aae94b2ddf4a4ed7e36f5c3a1a86.php 第 108 行.
INFO: Run Behavior\ParseTemplateBehavior [ RunTime:0.127434s ]
INFO: [ view_parse ] --END-- [ RunTime:0.127529s ]
INFO: [ view_filter ] --START--
INFO: Run Behavior\WriteHtmlCacheBehavior [ RunTime:0.002993s ]
INFO: [ view_filter ] --END-- [ RunTime:0.003081s ]
INFO: [ app_end ] --START--
INFO: Run Behavior\ShowPageTraceBehavior [ RunTime:0.067109s ]
INFO: [ app_end ] --END-- [ RunTime:0.067216s ]

[ 2017-05-03T19:13:30+08:00 ] ::1 /library/Home/Index/login.html
INFO: [ app_init ] --START--
INFO: Run Behavior\BuildLiteBehavior [ RunTime:0.000014s ]
INFO: [ app_init ] --END-- [ RunTime:0.000747s ]
INFO: [ app_begin ] --START--
INFO: Run Behavior\ReadHtmlCacheBehavior [ RunTime:0.002075s ]
INFO: [ app_begin ] --END-- [ RunTime:0.002247s ]
INFO: [ view_parse ] --START--
INFO: [ template_filter ] --START--
INFO: Run Behavior\ContentReplaceBehavior [ RunTime:0.000055s ]
INFO: [ template_filter ] --END-- [ RunTime:0.000118s ]
NOTIC: [8] Use of undefined constant login_handle - assumed 'login_handle' D:\xampp\htdocs\library\Application\Runtime\Cache\Home\ccea6a400660ce54d68cab67b9f68781.php 第 17 行.
NOTIC: [8] Use of undefined constant register - assumed 'register' D:\xampp\htdocs\library\Application\Runtime\Cache\Home\ccea6a400660ce54d68cab67b9f68781.php 第 22 行.
NOTIC: [8] Use of undefined constant forget - assumed 'forget' D:\xampp\htdocs\library\Application\Runtime\Cache\Home\ccea6a400660ce54d68cab67b9f68781.php 第 23 行.
INFO: Run Behavior\ParseTemplateBehavior [ RunTime:0.058138s ]
INFO: [ view_parse ] --END-- [ RunTime:0.058201s ]
INFO: [ view_filter ] --START--
INFO: Run Behavior\WriteHtmlCacheBehavior [ RunTime:0.001438s ]
INFO: [ view_filter ] --END-- [ RunTime:0.001485s ]
INFO: [ app_end ] --START--
INFO: Run Behavior\ShowPageTraceBehavior [ RunTime:0.001834s ]
INFO: [ app_end ] --END-- [ RunTime:0.001891s ]

[ 2017-05-03T20:34:30+08:00 ] ::1 /spark_wpv2/friends/library/Home/Index/share.html
INFO: [ app_init ] --START--
INFO: Run Behavior\BuildLiteBehavior [ RunTime:0.000018s ]
INFO: [ app_init ] --END-- [ RunTime:0.000947s ]
INFO: [ app_begin ] --START--
INFO: Run Behavior\ReadHtmlCacheBehavior [ RunTime:0.001944s ]
INFO: [ app_begin ] --END-- [ RunTime:0.002016s ]
SQL: SHOW COLUMNS FROM `lib_userinfo` [ RunTime:0.0038s ]
SQL: SHOW COLUMNS FROM `lib_component` [ RunTime:0.0049s ]
SQL: SHOW COLUMNS FROM `lib_admin` [ RunTime:0.0041s ]
SQL: SELECT * FROM `lib_admin` WHERE `username` = null LIMIT 1   [ RunTime:0.0003s ]
SQL: SELECT * FROM `lib_userinfo` WHERE `username` = null LIMIT 1   [ RunTime:0.0005s ]
SQL: SELECT COUNT(*) AS tp_count FROM `lib_component` WHERE `tag` = '材料' LIMIT 1   [ RunTime:0.0003s ]
SQL: SELECT * FROM `lib_component` WHERE `tag` = '材料' LIMIT 0,12   [ RunTime:0.0005s ]
INFO: [ view_parse ] --START--
INFO: [ template_filter ] --START--
INFO: Run Behavior\ContentReplaceBehavior [ RunTime:0.000111s ]
INFO: [ template_filter ] --END-- [ RunTime:0.000180s ]
NOTIC: [8] Use of undefined constant share - assumed 'share' D:\xampp\htdocs\spark_wpv2\friends\library\Application\Runtime\Cache\Home\b813aae94b2ddf4a4ed7e36f5c3a1a86.php 第 16 行.
NOTIC: [8] Use of undefined constant mywait - assumed 'mywait' D:\xampp\htdocs\spark_wpv2\friends\library\Application\Runtime\Cache\Home\b813aae94b2ddf4a4ed7e36f5c3a1a86.php 第 17 行.
NOTIC: [8] Use of undefined constant share - assumed 'share' D:\xampp\htdocs\spark_wpv2\friends\library\Application\Runtime\Cache\Home\b813aae94b2ddf4a4ed7e36f5c3a1a86.php 第 18 行.
NOTIC: [8] Use of undefined constant contribute - assumed 'contribute' D:\xampp\htdocs\spark_wpv2\friends\library\Application\Runtime\Cache\Home\b813aae94b2ddf4a4ed7e36f5c3a1a86.php 第 20 行.
NOTIC: [8] Use of undefined constant search - assumed 'search' D:\xampp\htdocs\spark_wpv2\friends\library\Application\Runtime\Cache\Home\b813aae94b2ddf4a4ed7e36f5c3a1a86.php 第 24 行.
NOTIC: [8] Use of undefined constant register - assumed 'register' D:\xampp\htdocs\spark_wpv2\friends\library\Application\Runtime\Cache\Home\b813aae94b2ddf4a4ed7e36f5c3a1a86.php 第 40 行.
NOTIC: [8] Use of undefined constant login - assumed 'login' D:\xampp\htdocs\spark_wpv2\friends\library\Application\Runtime\Cache\Home\b813aae94b2ddf4a4ed7e36f5c3a1a86.php 第 41 行.
NOTIC: [8] Use of undefined constant share - assumed 'share' D:\xampp\htdocs\spark_wpv2\friends\library\Application\Runtime\Cache\Home\b813aae94b2ddf4a4ed7e36f5c3a1a86.php 第 67 行.
NOTIC: [8] Undefined variable: flag D:\xampp\htdocs\spark_wpv2\friends\library\Application\Runtime\Cache\Home\b813aae94b2ddf4a4ed7e36f5c3a1a86.php 第 88 行.
NOTIC: [8] Undefined variable: flag D:\xampp\htdocs\spark_wpv2\friends\library\Application\Runtime\Cache\Home\b813aae94b2ddf4a4ed7e36f5c3a1a86.php 第 90 行.
NOTIC: [8] Use of undefined constant search - assumed 'search' D:\xampp\htdocs\spark_wpv2\friends\library\Application\Runtime\Cache\Home\b813aae94b2ddf4a4ed7e36f5c3a1a86.php 第 95 行.
NOTIC: [8] Use of undefined constant componentInfo - assumed 'componentInfo' D:\xampp\htdocs\spark_wpv2\friends\library\Application\Runtime\Cache\Home\b813aae94b2ddf4a4ed7e36f5c3a1a86.php 第 108 行.
NOTIC: [8] Use of undefined constant componentInfo - assumed 'componentInfo' D:\xampp\htdocs\spark_wpv2\friends\library\Application\Runtime\Cache\Home\b813aae94b2ddf4a4ed7e36f5c3a1a86.php 第 108 行.
NOTIC: [8] Use of undefined constant componentInfo - assumed 'componentInfo' D:\xampp\htdocs\spark_wpv2\friends\library\Application\Runtime\Cache\Home\b813aae94b2ddf4a4ed7e36f5c3a1a86.php 第 108 行.
NOTIC: [8] Use of undefined constant componentInfo - assumed 'componentInfo' D:\xampp\htdocs\spark_wpv2\friends\library\Application\Runtime\Cache\Home\b813aae94b2ddf4a4ed7e36f5c3a1a86.php 第 108 行.
NOTIC: [8] Use of undefined constant componentInfo - assumed 'componentInfo' D:\xampp\htdocs\spark_wpv2\friends\library\Application\Runtime\Cache\Home\b813aae94b2ddf4a4ed7e36f5c3a1a86.php 第 108 行.
NOTIC: [8] Use of undefined constant componentInfo - assumed 'componentInfo' D:\xampp\htdocs\spark_wpv2\friends\library\Application\Runtime\Cache\Home\b813aae94b2ddf4a4ed7e36f5c3a1a86.php 第 108 行.
NOTIC: [8] Use of undefined constant componentInfo - assumed 'componentInfo' D:\xampp\htdocs\spark_wpv2\friends\library\Application\Runtime\Cache\Home\b813aae94b2ddf4a4ed7e36f5c3a1a86.php 第 108 行.
NOTIC: [8] Use of undefined constant componentInfo - assumed 'componentInfo' D:\xampp\htdocs\spark_wpv2\friends\library\Application\Runtime\Cache\Home\b813aae94b2ddf4a4ed7e36f5c3a1a86.php 第 108 行.
NOTIC: [8] Use of undefined constant componentInfo - assumed 'componentInfo' D:\xampp\htdocs\spark_wpv2\friends\library\Application\Runtime\Cache\Home\b813aae94b2ddf4a4ed7e36f5c3a1a86.php 第 108 行.
NOTIC: [8] Use of undefined constant componentInfo - assumed 'componentInfo' D:\xampp\htdocs\spark_wpv2\friends\library\Application\Runtime\Cache\Home\b813aae94b2ddf4a4ed7e36f5c3a1a86.php 第 108 行.
NOTIC: [8] Use of undefined constant componentInfo - assumed 'componentInfo' D:\xampp\htdocs\spark_wpv2\friends\library\Application\Runtime\Cache\Home\b813aae94b2ddf4a4ed7e36f5c3a1a86.php 第 108 行.
NOTIC: [8] Use of undefined constant componentInfo - assumed 'componentInfo' D:\xampp\htdocs\spark_wpv2\friends\library\Application\Runtime\Cache\Home\b813aae94b2ddf4a4ed7e36f5c3a1a86.php 第 108 行.
INFO: Run Behavior\ParseTemplateBehavior [ RunTime:0.076853s ]
INFO: [ view_parse ] --END-- [ RunTime:0.076927s ]
INFO: [ view_filter ] --START--
INFO: Run Behavior\WriteHtmlCacheBehavior [ RunTime:0.001946s ]
INFO: [ view_filter ] --END-- [ RunTime:0.001998s ]
INFO: [ app_end ] --START--
INFO: Run Behavior\ShowPageTraceBehavior [ RunTime:0.023691s ]
INFO: [ app_end ] --END-- [ RunTime:0.023809s ]

[ 2017-05-03T20:36:04+08:00 ] ::1 /spark_wpv2/friends/library/
INFO: [ app_init ] --START--
INFO: Run Behavior\BuildLiteBehavior [ RunTime:0.000036s ]
INFO: [ app_init ] --END-- [ RunTime:0.002140s ]
INFO: [ app_begin ] --START--
INFO: Run Behavior\ReadHtmlCacheBehavior [ RunTime:0.002982s ]
INFO: [ app_begin ] --END-- [ RunTime:0.003229s ]
ERR: 非法操作:index

