[ 2017-03-16T00:09:24+08:00 ] 111.194.50.202 /library/Home/Index/share.html
INFO: [ app_init ] --START--
INFO: Run Behavior\BuildLiteBehavior [ RunTime:0.000025s ]
INFO: [ app_init ] --END-- [ RunTime:0.000148s ]
INFO: [ app_begin ] --START--
INFO: Run Behavior\ReadHtmlCacheBehavior [ RunTime:0.000074s ]
INFO: [ app_begin ] --END-- [ RunTime:0.000123s ]
SQL: SHOW COLUMNS FROM `lib_userinfo` [ RunTime:0.0009s ]
SQL: SHOW COLUMNS FROM `lib_component` [ RunTime:0.0006s ]
SQL: SHOW COLUMNS FROM `lib_admin` [ RunTime:0.0005s ]
SQL: SELECT * FROM `lib_admin` WHERE `username` = null LIMIT 1   [ RunTime:0.0005s ]
SQL: SELECT * FROM `lib_userinfo` WHERE `username` = null LIMIT 1   [ RunTime:0.0004s ]
SQL: SELECT COUNT(*) AS tp_count FROM `lib_component` WHERE `tag` = '材料' LIMIT 1   [ RunTime:0.0003s ]
SQL: SELECT * FROM `lib_component` WHERE `tag` = '材料' LIMIT 0,12   [ RunTime:0.0002s ]
INFO: [ view_parse ] --START--
INFO: [ template_filter ] --START--
INFO: Run Behavior\ContentReplaceBehavior [ RunTime:0.000093s ]
INFO: [ template_filter ] --END-- [ RunTime:0.000177s ]
NOTIC: [8] Use of undefined constant share - assumed 'share' /var/www/html/library/Application/Runtime/Cache/Home/b813aae94b2ddf4a4ed7e36f5c3a1a86.php 第 16 行.
NOTIC: [8] Use of undefined constant mywait - assumed 'mywait' /var/www/html/library/Application/Runtime/Cache/Home/b813aae94b2ddf4a4ed7e36f5c3a1a86.php 第 17 行.
NOTIC: [8] Use of undefined constant share - assumed 'share' /var/www/html/library/Application/Runtime/Cache/Home/b813aae94b2ddf4a4ed7e36f5c3a1a86.php 第 18 行.
NOTIC: [8] Use of undefined constant contribute - assumed 'contribute' /var/www/html/library/Application/Runtime/Cache/Home/b813aae94b2ddf4a4ed7e36f5c3a1a86.php 第 20 行.
NOTIC: [8] Use of undefined constant search - assumed 'search' /var/www/html/library/Application/Runtime/Cache/Home/b813aae94b2ddf4a4ed7e36f5c3a1a86.php 第 24 行.
NOTIC: [8] Use of undefined constant register - assumed 'register' /var/www/html/library/Application/Runtime/Cache/Home/b813aae94b2ddf4a4ed7e36f5c3a1a86.php 第 40 行.
NOTIC: [8] Use of undefined constant login - assumed 'login' /var/www/html/library/Application/Runtime/Cache/Home/b813aae94b2ddf4a4ed7e36f5c3a1a86.php 第 41 行.
NOTIC: [8] Use of undefined constant share - assumed 'share' /var/www/html/library/Application/Runtime/Cache/Home/b813aae94b2ddf4a4ed7e36f5c3a1a86.php 第 67 行.
NOTIC: [8] Undefined variable: flag /var/www/html/library/Application/Runtime/Cache/Home/b813aae94b2ddf4a4ed7e36f5c3a1a86.php 第 88 行.
NOTIC: [8] Undefined variable: flag /var/www/html/library/Application/Runtime/Cache/Home/b813aae94b2ddf4a4ed7e36f5c3a1a86.php 第 90 行.
NOTIC: [8] Use of undefined constant search - assumed 'search' /var/www/html/library/Application/Runtime/Cache/Home/b813aae94b2ddf4a4ed7e36f5c3a1a86.php 第 95 行.
NOTIC: [8] Use of undefined constant componentInfo - assumed 'componentInfo' /var/www/html/library/Application/Runtime/Cache/Home/b813aae94b2ddf4a4ed7e36f5c3a1a86.php 第 108 行.
NOTIC: [8] Use of undefined constant componentInfo - assumed 'componentInfo' /var/www/html/library/Application/Runtime/Cache/Home/b813aae94b2ddf4a4ed7e36f5c3a1a86.php 第 108 行.
NOTIC: [8] Use of undefined constant componentInfo - assumed 'componentInfo' /var/www/html/library/Application/Runtime/Cache/Home/b813aae94b2ddf4a4ed7e36f5c3a1a86.php 第 108 行.
NOTIC: [8] Use of undefined constant componentInfo - assumed 'componentInfo' /var/www/html/library/Application/Runtime/Cache/Home/b813aae94b2ddf4a4ed7e36f5c3a1a86.php 第 108 行.
NOTIC: [8] Use of undefined constant componentInfo - assumed 'componentInfo' /var/www/html/library/Application/Runtime/Cache/Home/b813aae94b2ddf4a4ed7e36f5c3a1a86.php 第 108 行.
NOTIC: [8] Use of undefined constant componentInfo - assumed 'componentInfo' /var/www/html/library/Application/Runtime/Cache/Home/b813aae94b2ddf4a4ed7e36f5c3a1a86.php 第 108 行.
NOTIC: [8] Use of undefined constant componentInfo - assumed 'componentInfo' /var/www/html/library/Application/Runtime/Cache/Home/b813aae94b2ddf4a4ed7e36f5c3a1a86.php 第 108 行.
NOTIC: [8] Use of undefined constant componentInfo - assumed 'componentInfo' /var/www/html/library/Application/Runtime/Cache/Home/b813aae94b2ddf4a4ed7e36f5c3a1a86.php 第 108 行.
NOTIC: [8] Use of undefined constant componentInfo - assumed 'componentInfo' /var/www/html/library/Application/Runtime/Cache/Home/b813aae94b2ddf4a4ed7e36f5c3a1a86.php 第 108 行.
NOTIC: [8] Use of undefined constant componentInfo - assumed 'componentInfo' /var/www/html/library/Application/Runtime/Cache/Home/b813aae94b2ddf4a4ed7e36f5c3a1a86.php 第 108 行.
NOTIC: [8] Use of undefined constant componentInfo - assumed 'componentInfo' /var/www/html/library/Application/Runtime/Cache/Home/b813aae94b2ddf4a4ed7e36f5c3a1a86.php 第 108 行.
NOTIC: [8] Use of undefined constant componentInfo - assumed 'componentInfo' /var/www/html/library/Application/Runtime/Cache/Home/b813aae94b2ddf4a4ed7e36f5c3a1a86.php 第 108 行.
INFO: Run Behavior\ParseTemplateBehavior [ RunTime:0.053771s ]
INFO: [ view_parse ] --END-- [ RunTime:0.053824s ]
INFO: [ view_filter ] --START--
INFO: Run Behavior\WriteHtmlCacheBehavior [ RunTime:0.000068s ]
INFO: [ view_filter ] --END-- [ RunTime:0.000121s ]
INFO: [ app_end ] --START--
INFO: Run Behavior\ShowPageTraceBehavior [ RunTime:0.000071s ]
INFO: [ app_end ] --END-- [ RunTime:0.000120s ]

[ 2017-03-16T00:09:24+08:00 ] 111.194.50.202 /library/Home/Index/
INFO: [ app_init ] --START--
INFO: Run Behavior\BuildLiteBehavior [ RunTime:0.000017s ]
INFO: [ app_init ] --END-- [ RunTime:0.000145s ]
INFO: [ app_begin ] --START--
INFO: Run Behavior\ReadHtmlCacheBehavior [ RunTime:0.000045s ]
INFO: [ app_begin ] --END-- [ RunTime:0.000096s ]
ERR: 非法操作:index

