[ 2017-02-28T00:28:19+08:00 ] 111.194.46.184 /library/Home/Index/share.html
INFO: [ app_init ] --START--
INFO: Run Behavior\BuildLiteBehavior [ RunTime:0.000022s ]
INFO: [ app_init ] --END-- [ RunTime:0.000351s ]
INFO: [ app_begin ] --START--
INFO: Run Behavior\ReadHtmlCacheBehavior [ RunTime:0.000412s ]
INFO: [ app_begin ] --END-- [ RunTime:0.000468s ]
SQL: SHOW COLUMNS FROM `lib_userinfo` [ RunTime:0.0009s ]
SQL: SHOW COLUMNS FROM `lib_component` [ RunTime:0.0006s ]
SQL: SHOW COLUMNS FROM `lib_admin` [ RunTime:0.0005s ]
SQL: SELECT * FROM `lib_admin` WHERE `username` = null LIMIT 1   [ RunTime:0.0001s ]
SQL: SELECT * FROM `lib_userinfo` WHERE `username` = null LIMIT 1   [ RunTime:0.0001s ]
SQL: SELECT COUNT(*) AS tp_count FROM `lib_component` WHERE `tag` = '材料' LIMIT 1   [ RunTime:0.0001s ]
SQL: SELECT * FROM `lib_component` WHERE `tag` = '材料' LIMIT 0,12   [ RunTime:0.0001s ]
INFO: [ view_parse ] --START--
INFO: [ template_filter ] --START--
INFO: Run Behavior\ContentReplaceBehavior [ RunTime:0.000089s ]
INFO: [ template_filter ] --END-- [ RunTime:0.000167s ]
NOTIC: [8] Use of undefined constant share - assumed 'share' /var/www/html/library/Application/Runtime/Cache/Home/b813aae94b2ddf4a4ed7e36f5c3a1a86.php 第 16 行.
NOTIC: [8] Use of undefined constant mywait - assumed 'mywait' /var/www/html/library/Application/Runtime/Cache/Home/b813aae94b2ddf4a4ed7e36f5c3a1a86.php 第 17 行.
NOTIC: [8] Use of undefined constant share - assumed 'share' /var/www/html/library/Application/Runtime/Cache/Home/b813aae94b2ddf4a4ed7e36f5c3a1a86.php 第 18 行.
NOTIC: [8] Use of undefined constant contribute - assumed 'contribute' /var/www/html/library/Application/Runtime/Cache/Home/b813aae94b2ddf4a4ed7e36f5c3a1a86.php 第 20 行.
NOTIC: [8] Use of undefined constant search - assumed 'search' /var/www/html/library/Application/Runtime/Cache/Home/b813aae94b2ddf4a4ed7e36f5c3a1a86.php 第 24 行.
NOTIC: [8] Use of undefined constant register - assumed 'register' /var/www/html/library/Application/Runtime/Cache/Home/b813aae94b2ddf4a4ed7e36f5c3a1a86.php 第 40 行.
NOTIC: [8] Use of undefined constant login - assumed 'login' /var/www/html/library/Application/Runtime/Cache/Home/b813aae94b2ddf4a4ed7e36f5c3a1a86.php 第 41 行.
NOTIC: [8] Use of undefined constant share - assumed 'share' /var/www/html/library/Application/Runtime/Cache/Home/b813aae94b2ddf4a4ed7e36f5c3a1a86.php 第 67 行.
NOTIC: [8] Undefined variable: flag /var/www/html/library/Application/Runtime/Cache/Home/b813aae94b2ddf4a4ed7e36f5c3a1a86.php 第 88 行.
NOTIC: [8] Undefined variable: flag /var/www/html/library/Application/Runtime/Cache/Home/b813aae94b2ddf4a4ed7e36f5c3a1a86.php 第 90 行.
NOTIC: [8] Use of undefined constant search - assumed 'search' /var/www/html/library/Application/Runtime/Cache/Home/b813aae94b2ddf4a4ed7e36f5c3a1a86.php 第 95 行.
NOTIC: [8] Use of undefined constant componentInfo - assumed 'componentInfo' /var/www/html/library/Application/Runtime/Cache/Home/b813aae94b2ddf4a4ed7e36f5c3a1a86.php 第 108 行.
NOTIC: [8] Use of undefined constant componentInfo - assumed 'componentInfo' /var/www/html/library/Application/Runtime/Cache/Home/b813aae94b2ddf4a4ed7e36f5c3a1a86.php 第 108 行.
NOTIC: [8] Use of undefined constant componentInfo - assumed 'componentInfo' /var/www/html/library/Application/Runtime/Cache/Home/b813aae94b2ddf4a4ed7e36f5c3a1a86.php 第 108 行.
NOTIC: [8] Use of undefined constant componentInfo - assumed 'componentInfo' /var/www/html/library/Application/Runtime/Cache/Home/b813aae94b2ddf4a4ed7e36f5c3a1a86.php 第 108 行.
NOTIC: [8] Use of undefined constant componentInfo - assumed 'componentInfo' /var/www/html/library/Application/Runtime/Cache/Home/b813aae94b2ddf4a4ed7e36f5c3a1a86.php 第 108 行.
NOTIC: [8] Use of undefined constant componentInfo - assumed 'componentInfo' /var/www/html/library/Application/Runtime/Cache/Home/b813aae94b2ddf4a4ed7e36f5c3a1a86.php 第 108 行.
NOTIC: [8] Use of undefined constant componentInfo - assumed 'componentInfo' /var/www/html/library/Application/Runtime/Cache/Home/b813aae94b2ddf4a4ed7e36f5c3a1a86.php 第 108 行.
NOTIC: [8] Use of undefined constant componentInfo - assumed 'componentInfo' /var/www/html/library/Application/Runtime/Cache/Home/b813aae94b2ddf4a4ed7e36f5c3a1a86.php 第 108 行.
NOTIC: [8] Use of undefined constant componentInfo - assumed 'componentInfo' /var/www/html/library/Application/Runtime/Cache/Home/b813aae94b2ddf4a4ed7e36f5c3a1a86.php 第 108 行.
NOTIC: [8] Use of undefined constant componentInfo - assumed 'componentInfo' /var/www/html/library/Application/Runtime/Cache/Home/b813aae94b2ddf4a4ed7e36f5c3a1a86.php 第 108 行.
NOTIC: [8] Use of undefined constant componentInfo - assumed 'componentInfo' /var/www/html/library/Application/Runtime/Cache/Home/b813aae94b2ddf4a4ed7e36f5c3a1a86.php 第 108 行.
NOTIC: [8] Use of undefined constant componentInfo - assumed 'componentInfo' /var/www/html/library/Application/Runtime/Cache/Home/b813aae94b2ddf4a4ed7e36f5c3a1a86.php 第 108 行.
INFO: Run Behavior\ParseTemplateBehavior [ RunTime:0.042364s ]
INFO: [ view_parse ] --END-- [ RunTime:0.042427s ]
INFO: [ view_filter ] --START--
INFO: Run Behavior\WriteHtmlCacheBehavior [ RunTime:0.000156s ]
INFO: [ view_filter ] --END-- [ RunTime:0.000204s ]
INFO: [ app_end ] --START--
INFO: Run Behavior\ShowPageTraceBehavior [ RunTime:0.000486s ]
INFO: [ app_end ] --END-- [ RunTime:0.000538s ]

[ 2017-02-28T00:28:19+08:00 ] 111.194.46.184 /library/Home/Index/
INFO: [ app_init ] --START--
INFO: Run Behavior\BuildLiteBehavior [ RunTime:0.000017s ]
INFO: [ app_init ] --END-- [ RunTime:0.000323s ]
INFO: [ app_begin ] --START--
INFO: Run Behavior\ReadHtmlCacheBehavior [ RunTime:0.000404s ]
INFO: [ app_begin ] --END-- [ RunTime:0.000459s ]
ERR: 非法操作:index

[ 2017-02-28T20:25:56+08:00 ] 223.104.3.146 /library/Home/Index/mywait.html
INFO: [ app_init ] --START--
INFO: Run Behavior\BuildLiteBehavior [ RunTime:0.000024s ]
INFO: [ app_init ] --END-- [ RunTime:0.001976s ]
INFO: [ app_begin ] --START--
INFO: Run Behavior\ReadHtmlCacheBehavior [ RunTime:0.001979s ]
INFO: [ app_begin ] --END-- [ RunTime:0.002038s ]
SQL: SHOW COLUMNS FROM `lib_userinfo` [ RunTime:0.0154s ]
SQL: SHOW COLUMNS FROM `lib_admin` [ RunTime:0.0010s ]
SQL: SELECT * FROM `lib_admin` WHERE `username` = null LIMIT 1   [ RunTime:0.0003s ]
SQL: SHOW COLUMNS FROM `lib_component_shop` [ RunTime:0.0005s ]
SQL: SHOW COLUMNS FROM `lib_component` [ RunTime:0.0006s ]
SQL: SELECT * FROM `lib_userinfo` WHERE `username` = null LIMIT 1   [ RunTime:0.0004s ]
SQL: SHOW COLUMNS FROM `lib_component_status` [ RunTime:0.0006s ]
SQL: SELECT COUNT(*) AS tp_count FROM `lib_component_shop` WHERE ( username='' ) LIMIT 1   [ RunTime:0.0006s ]
SQL: SELECT a.name,a.number,b.nownumber,b.username,c.address,c.phone,d.img FROM lib_component_shop a INNER JOIN lib_component_status b ON a.name=b.name and a.number<b.nownumber and a.username!=b.username INNER JOIN lib_userinfo c ON b.username=c.username INNER JOIN lib_component d ON a.name=d.name  WHERE ( a.username='' AND status=3 ) ORDER BY a.id desc LIMIT 0,6   [ RunTime:0.0010s ]
SQL: SELECT a.name,a.number,b.img,b.number_left FROM lib_component_shop a INNER JOIN lib_component b ON a.name=b.name and a.number<b.number_left  WHERE ( username='' ) ORDER BY a.id desc LIMIT 0,6   [ RunTime:0.0010s ]
NOTIC: [8] Undefined variable: list2 /var/www/html/library/Application/Home/Controller/IndexController.class.php 第 903 行.
INFO: [ view_parse ] --START--
INFO: [ template_filter ] --START--
INFO: Run Behavior\ContentReplaceBehavior [ RunTime:0.000085s ]
INFO: [ template_filter ] --END-- [ RunTime:0.000157s ]
NOTIC: [8] Use of undefined constant share - assumed 'share' /var/www/html/library/Application/Runtime/Cache/Home/5291477d99465f153482b489eff818ce.php 第 17 行.
NOTIC: [8] Use of undefined constant mywait - assumed 'mywait' /var/www/html/library/Application/Runtime/Cache/Home/5291477d99465f153482b489eff818ce.php 第 18 行.
NOTIC: [8] Use of undefined constant share - assumed 'share' /var/www/html/library/Application/Runtime/Cache/Home/5291477d99465f153482b489eff818ce.php 第 19 行.
NOTIC: [8] Use of undefined constant contribute - assumed 'contribute' /var/www/html/library/Application/Runtime/Cache/Home/5291477d99465f153482b489eff818ce.php 第 21 行.
NOTIC: [8] Use of undefined constant search - assumed 'search' /var/www/html/library/Application/Runtime/Cache/Home/5291477d99465f153482b489eff818ce.php 第 25 行.
NOTIC: [8] Use of undefined constant register - assumed 'register' /var/www/html/library/Application/Runtime/Cache/Home/5291477d99465f153482b489eff818ce.php 第 41 行.
NOTIC: [8] Use of undefined constant login - assumed 'login' /var/www/html/library/Application/Runtime/Cache/Home/5291477d99465f153482b489eff818ce.php 第 42 行.
NOTIC: [8] Use of undefined constant share - assumed 'share' /var/www/html/library/Application/Runtime/Cache/Home/5291477d99465f153482b489eff818ce.php 第 68 行.
NOTIC: [8] Use of undefined constant myborrow - assumed 'myborrow' /var/www/html/library/Application/Runtime/Cache/Home/5291477d99465f153482b489eff818ce.php 第 91 行.
NOTIC: [8] Use of undefined constant myrepair - assumed 'myrepair' /var/www/html/library/Application/Runtime/Cache/Home/5291477d99465f153482b489eff818ce.php 第 92 行.
NOTIC: [8] Use of undefined constant mykeep - assumed 'mykeep' /var/www/html/library/Application/Runtime/Cache/Home/5291477d99465f153482b489eff818ce.php 第 93 行.
INFO: Run Behavior\ParseTemplateBehavior [ RunTime:0.057570s ]
INFO: [ view_parse ] --END-- [ RunTime:0.057630s ]
INFO: [ view_filter ] --START--
INFO: Run Behavior\WriteHtmlCacheBehavior [ RunTime:0.019108s ]
INFO: [ view_filter ] --END-- [ RunTime:0.019170s ]
INFO: [ app_end ] --START--
INFO: Run Behavior\ShowPageTraceBehavior [ RunTime:0.003206s ]
INFO: [ app_end ] --END-- [ RunTime:0.003286s ]

[ 2017-02-28T20:26:01+08:00 ] 61.151.226.16 /library/Home/Index/mywait.html
INFO: [ app_init ] --START--
INFO: Run Behavior\BuildLiteBehavior [ RunTime:0.000019s ]
INFO: [ app_init ] --END-- [ RunTime:0.000422s ]
INFO: [ app_begin ] --START--
INFO: Run Behavior\ReadHtmlCacheBehavior [ RunTime:0.000417s ]
INFO: [ app_begin ] --END-- [ RunTime:0.000478s ]
SQL: SHOW COLUMNS FROM `lib_userinfo` [ RunTime:0.0010s ]
SQL: SHOW COLUMNS FROM `lib_admin` [ RunTime:0.0005s ]
SQL: SELECT * FROM `lib_admin` WHERE `username` = null LIMIT 1   [ RunTime:0.0001s ]
SQL: SHOW COLUMNS FROM `lib_component_shop` [ RunTime:0.0005s ]
SQL: SHOW COLUMNS FROM `lib_component` [ RunTime:0.0007s ]
SQL: SELECT * FROM `lib_userinfo` WHERE `username` = null LIMIT 1   [ RunTime:0.0001s ]
SQL: SHOW COLUMNS FROM `lib_component_status` [ RunTime:0.0007s ]
SQL: SELECT COUNT(*) AS tp_count FROM `lib_component_shop` WHERE ( username='' ) LIMIT 1   [ RunTime:0.0001s ]
SQL: SELECT a.name,a.number,b.nownumber,b.username,c.address,c.phone,d.img FROM lib_component_shop a INNER JOIN lib_component_status b ON a.name=b.name and a.number<b.nownumber and a.username!=b.username INNER JOIN lib_userinfo c ON b.username=c.username INNER JOIN lib_component d ON a.name=d.name  WHERE ( a.username='' AND status=3 ) ORDER BY a.id desc LIMIT 0,6   [ RunTime:0.0001s ]
SQL: SELECT a.name,a.number,b.img,b.number_left FROM lib_component_shop a INNER JOIN lib_component b ON a.name=b.name and a.number<b.number_left  WHERE ( username='' ) ORDER BY a.id desc LIMIT 0,6   [ RunTime:0.0001s ]
NOTIC: [8] Undefined variable: list2 /var/www/html/library/Application/Home/Controller/IndexController.class.php 第 903 行.
INFO: [ view_parse ] --START--
INFO: [ template_filter ] --START--
INFO: Run Behavior\ContentReplaceBehavior [ RunTime:0.000080s ]
INFO: [ template_filter ] --END-- [ RunTime:0.000140s ]
NOTIC: [8] Use of undefined constant share - assumed 'share' /var/www/html/library/Application/Runtime/Cache/Home/5291477d99465f153482b489eff818ce.php 第 17 行.
NOTIC: [8] Use of undefined constant mywait - assumed 'mywait' /var/www/html/library/Application/Runtime/Cache/Home/5291477d99465f153482b489eff818ce.php 第 18 行.
NOTIC: [8] Use of undefined constant share - assumed 'share' /var/www/html/library/Application/Runtime/Cache/Home/5291477d99465f153482b489eff818ce.php 第 19 行.
NOTIC: [8] Use of undefined constant contribute - assumed 'contribute' /var/www/html/library/Application/Runtime/Cache/Home/5291477d99465f153482b489eff818ce.php 第 21 行.
NOTIC: [8] Use of undefined constant search - assumed 'search' /var/www/html/library/Application/Runtime/Cache/Home/5291477d99465f153482b489eff818ce.php 第 25 行.
NOTIC: [8] Use of undefined constant register - assumed 'register' /var/www/html/library/Application/Runtime/Cache/Home/5291477d99465f153482b489eff818ce.php 第 41 行.
NOTIC: [8] Use of undefined constant login - assumed 'login' /var/www/html/library/Application/Runtime/Cache/Home/5291477d99465f153482b489eff818ce.php 第 42 行.
NOTIC: [8] Use of undefined constant share - assumed 'share' /var/www/html/library/Application/Runtime/Cache/Home/5291477d99465f153482b489eff818ce.php 第 68 行.
NOTIC: [8] Use of undefined constant myborrow - assumed 'myborrow' /var/www/html/library/Application/Runtime/Cache/Home/5291477d99465f153482b489eff818ce.php 第 91 行.
NOTIC: [8] Use of undefined constant myrepair - assumed 'myrepair' /var/www/html/library/Application/Runtime/Cache/Home/5291477d99465f153482b489eff818ce.php 第 92 行.
NOTIC: [8] Use of undefined constant mykeep - assumed 'mykeep' /var/www/html/library/Application/Runtime/Cache/Home/5291477d99465f153482b489eff818ce.php 第 93 行.
INFO: Run Behavior\ParseTemplateBehavior [ RunTime:0.013291s ]
INFO: [ view_parse ] --END-- [ RunTime:0.013345s ]
INFO: [ view_filter ] --START--
INFO: Run Behavior\WriteHtmlCacheBehavior [ RunTime:0.000160s ]
INFO: [ view_filter ] --END-- [ RunTime:0.000207s ]
INFO: [ app_end ] --START--
INFO: Run Behavior\ShowPageTraceBehavior [ RunTime:0.000400s ]
INFO: [ app_end ] --END-- [ RunTime:0.000449s ]

[ 2017-02-28T20:46:38+08:00 ] 106.108.9.33 /library/Home/Index/share.html
INFO: [ app_init ] --START--
INFO: Run Behavior\BuildLiteBehavior [ RunTime:0.000017s ]
INFO: [ app_init ] --END-- [ RunTime:0.000398s ]
INFO: [ app_begin ] --START--
INFO: Run Behavior\ReadHtmlCacheBehavior [ RunTime:0.000420s ]
INFO: [ app_begin ] --END-- [ RunTime:0.000590s ]
SQL: SHOW COLUMNS FROM `lib_userinfo` [ RunTime:0.0010s ]
SQL: SHOW COLUMNS FROM `lib_component` [ RunTime:0.0006s ]
SQL: SHOW COLUMNS FROM `lib_admin` [ RunTime:0.0005s ]
SQL: SELECT * FROM `lib_admin` WHERE `username` = null LIMIT 1   [ RunTime:0.0001s ]
SQL: SELECT * FROM `lib_userinfo` WHERE `username` = null LIMIT 1   [ RunTime:0.0001s ]
SQL: SELECT COUNT(*) AS tp_count FROM `lib_component` WHERE `tag` = '材料' LIMIT 1   [ RunTime:0.0004s ]
SQL: SELECT * FROM `lib_component` WHERE `tag` = '材料' LIMIT 0,12   [ RunTime:0.0002s ]
INFO: [ view_parse ] --START--
INFO: [ template_filter ] --START--
INFO: Run Behavior\ContentReplaceBehavior [ RunTime:0.000079s ]
INFO: [ template_filter ] --END-- [ RunTime:0.000154s ]
NOTIC: [8] Use of undefined constant share - assumed 'share' /var/www/html/library/Application/Runtime/Cache/Home/b813aae94b2ddf4a4ed7e36f5c3a1a86.php 第 16 行.
NOTIC: [8] Use of undefined constant mywait - assumed 'mywait' /var/www/html/library/Application/Runtime/Cache/Home/b813aae94b2ddf4a4ed7e36f5c3a1a86.php 第 17 行.
NOTIC: [8] Use of undefined constant share - assumed 'share' /var/www/html/library/Application/Runtime/Cache/Home/b813aae94b2ddf4a4ed7e36f5c3a1a86.php 第 18 行.
NOTIC: [8] Use of undefined constant contribute - assumed 'contribute' /var/www/html/library/Application/Runtime/Cache/Home/b813aae94b2ddf4a4ed7e36f5c3a1a86.php 第 20 行.
NOTIC: [8] Use of undefined constant search - assumed 'search' /var/www/html/library/Application/Runtime/Cache/Home/b813aae94b2ddf4a4ed7e36f5c3a1a86.php 第 24 行.
NOTIC: [8] Use of undefined constant register - assumed 'register' /var/www/html/library/Application/Runtime/Cache/Home/b813aae94b2ddf4a4ed7e36f5c3a1a86.php 第 40 行.
NOTIC: [8] Use of undefined constant login - assumed 'login' /var/www/html/library/Application/Runtime/Cache/Home/b813aae94b2ddf4a4ed7e36f5c3a1a86.php 第 41 行.
NOTIC: [8] Use of undefined constant share - assumed 'share' /var/www/html/library/Application/Runtime/Cache/Home/b813aae94b2ddf4a4ed7e36f5c3a1a86.php 第 67 行.
NOTIC: [8] Undefined variable: flag /var/www/html/library/Application/Runtime/Cache/Home/b813aae94b2ddf4a4ed7e36f5c3a1a86.php 第 88 行.
NOTIC: [8] Undefined variable: flag /var/www/html/library/Application/Runtime/Cache/Home/b813aae94b2ddf4a4ed7e36f5c3a1a86.php 第 90 行.
NOTIC: [8] Use of undefined constant search - assumed 'search' /var/www/html/library/Application/Runtime/Cache/Home/b813aae94b2ddf4a4ed7e36f5c3a1a86.php 第 95 行.
NOTIC: [8] Use of undefined constant componentInfo - assumed 'componentInfo' /var/www/html/library/Application/Runtime/Cache/Home/b813aae94b2ddf4a4ed7e36f5c3a1a86.php 第 108 行.
NOTIC: [8] Use of undefined constant componentInfo - assumed 'componentInfo' /var/www/html/library/Application/Runtime/Cache/Home/b813aae94b2ddf4a4ed7e36f5c3a1a86.php 第 108 行.
NOTIC: [8] Use of undefined constant componentInfo - assumed 'componentInfo' /var/www/html/library/Application/Runtime/Cache/Home/b813aae94b2ddf4a4ed7e36f5c3a1a86.php 第 108 行.
NOTIC: [8] Use of undefined constant componentInfo - assumed 'componentInfo' /var/www/html/library/Application/Runtime/Cache/Home/b813aae94b2ddf4a4ed7e36f5c3a1a86.php 第 108 行.
NOTIC: [8] Use of undefined constant componentInfo - assumed 'componentInfo' /var/www/html/library/Application/Runtime/Cache/Home/b813aae94b2ddf4a4ed7e36f5c3a1a86.php 第 108 行.
NOTIC: [8] Use of undefined constant componentInfo - assumed 'componentInfo' /var/www/html/library/Application/Runtime/Cache/Home/b813aae94b2ddf4a4ed7e36f5c3a1a86.php 第 108 行.
NOTIC: [8] Use of undefined constant componentInfo - assumed 'componentInfo' /var/www/html/library/Application/Runtime/Cache/Home/b813aae94b2ddf4a4ed7e36f5c3a1a86.php 第 108 行.
NOTIC: [8] Use of undefined constant componentInfo - assumed 'componentInfo' /var/www/html/library/Application/Runtime/Cache/Home/b813aae94b2ddf4a4ed7e36f5c3a1a86.php 第 108 行.
NOTIC: [8] Use of undefined constant componentInfo - assumed 'componentInfo' /var/www/html/library/Application/Runtime/Cache/Home/b813aae94b2ddf4a4ed7e36f5c3a1a86.php 第 108 行.
NOTIC: [8] Use of undefined constant componentInfo - assumed 'componentInfo' /var/www/html/library/Application/Runtime/Cache/Home/b813aae94b2ddf4a4ed7e36f5c3a1a86.php 第 108 行.
NOTIC: [8] Use of undefined constant componentInfo - assumed 'componentInfo' /var/www/html/library/Application/Runtime/Cache/Home/b813aae94b2ddf4a4ed7e36f5c3a1a86.php 第 108 行.
NOTIC: [8] Use of undefined constant componentInfo - assumed 'componentInfo' /var/www/html/library/Application/Runtime/Cache/Home/b813aae94b2ddf4a4ed7e36f5c3a1a86.php 第 108 行.
INFO: Run Behavior\ParseTemplateBehavior [ RunTime:0.059531s ]
INFO: [ view_parse ] --END-- [ RunTime:0.059720s ]
INFO: [ view_filter ] --START--
INFO: Run Behavior\WriteHtmlCacheBehavior [ RunTime:0.000205s ]
INFO: [ view_filter ] --END-- [ RunTime:0.000254s ]
INFO: [ app_end ] --START--
INFO: Run Behavior\ShowPageTraceBehavior [ RunTime:0.000456s ]
INFO: [ app_end ] --END-- [ RunTime:0.000512s ]

[ 2017-02-28T20:46:39+08:00 ] 106.108.9.33 /library/Home/Index/
INFO: [ app_init ] --START--
INFO: Run Behavior\BuildLiteBehavior [ RunTime:0.000016s ]
INFO: [ app_init ] --END-- [ RunTime:0.000317s ]
INFO: [ app_begin ] --START--
INFO: Run Behavior\ReadHtmlCacheBehavior [ RunTime:0.000398s ]
INFO: [ app_begin ] --END-- [ RunTime:0.000452s ]
ERR: 非法操作:index

[ 2017-02-28T21:50:56+08:00 ] 124.65.200.223 /library/Home/Index/mywait/p/1.html
INFO: [ app_init ] --START--
INFO: Run Behavior\BuildLiteBehavior [ RunTime:0.000017s ]
INFO: [ app_init ] --END-- [ RunTime:0.000324s ]
INFO: [ app_begin ] --START--
INFO: Run Behavior\ReadHtmlCacheBehavior [ RunTime:0.000526s ]
INFO: [ app_begin ] --END-- [ RunTime:0.000595s ]
SQL: SHOW COLUMNS FROM `lib_userinfo` [ RunTime:0.0009s ]
SQL: SHOW COLUMNS FROM `lib_admin` [ RunTime:0.0005s ]
SQL: SELECT * FROM `lib_admin` WHERE `username` = '杜烨' LIMIT 1   [ RunTime:0.0003s ]
SQL: SHOW COLUMNS FROM `lib_component_shop` [ RunTime:0.0005s ]
SQL: SHOW COLUMNS FROM `lib_component` [ RunTime:0.0006s ]
SQL: SELECT * FROM `lib_userinfo` WHERE `username` = '杜烨' LIMIT 1   [ RunTime:0.0004s ]
SQL: SHOW COLUMNS FROM `lib_component_status` [ RunTime:0.0006s ]
SQL: SELECT COUNT(*) AS tp_count FROM `lib_component_shop` WHERE ( username='杜烨' ) LIMIT 1   [ RunTime:0.0006s ]
SQL: SELECT a.name,a.number,b.nownumber,b.username,c.address,c.phone,d.img FROM lib_component_shop a INNER JOIN lib_component_status b ON a.name=b.name and a.number<b.nownumber and a.username!=b.username INNER JOIN lib_userinfo c ON b.username=c.username INNER JOIN lib_component d ON a.name=d.name  WHERE ( a.username='杜烨' AND status=3 ) ORDER BY a.id desc LIMIT 0,6   [ RunTime:0.0010s ]
SQL: SELECT a.name,a.number,b.img,b.number_left FROM lib_component_shop a INNER JOIN lib_component b ON a.name=b.name and a.number<b.number_left  WHERE ( username='杜烨' ) ORDER BY a.id desc LIMIT 0,6   [ RunTime:0.0008s ]
NOTIC: [8] Undefined variable: list2 /var/www/html/library/Application/Home/Controller/IndexController.class.php 第 903 行.
INFO: [ view_parse ] --START--
INFO: [ template_filter ] --START--
INFO: Run Behavior\ContentReplaceBehavior [ RunTime:0.000082s ]
INFO: [ template_filter ] --END-- [ RunTime:0.000353s ]
NOTIC: [8] Use of undefined constant share - assumed 'share' /var/www/html/library/Application/Runtime/Cache/Home/5291477d99465f153482b489eff818ce.php 第 17 行.
NOTIC: [8] Use of undefined constant mywait - assumed 'mywait' /var/www/html/library/Application/Runtime/Cache/Home/5291477d99465f153482b489eff818ce.php 第 18 行.
NOTIC: [8] Use of undefined constant share - assumed 'share' /var/www/html/library/Application/Runtime/Cache/Home/5291477d99465f153482b489eff818ce.php 第 19 行.
NOTIC: [8] Use of undefined constant search - assumed 'search' /var/www/html/library/Application/Runtime/Cache/Home/5291477d99465f153482b489eff818ce.php 第 25 行.
NOTIC: [8] Use of undefined constant person - assumed 'person' /var/www/html/library/Application/Runtime/Cache/Home/5291477d99465f153482b489eff818ce.php 第 56 行.
NOTIC: [8] Use of undefined constant message - assumed 'message' /var/www/html/library/Application/Runtime/Cache/Home/5291477d99465f153482b489eff818ce.php 第 57 行.
NOTIC: [8] Use of undefined constant logout - assumed 'logout' /var/www/html/library/Application/Runtime/Cache/Home/5291477d99465f153482b489eff818ce.php 第 58 行.
NOTIC: [8] Use of undefined constant share - assumed 'share' /var/www/html/library/Application/Runtime/Cache/Home/5291477d99465f153482b489eff818ce.php 第 68 行.
NOTIC: [8] Use of undefined constant myborrow - assumed 'myborrow' /var/www/html/library/Application/Runtime/Cache/Home/5291477d99465f153482b489eff818ce.php 第 91 行.
NOTIC: [8] Use of undefined constant myrepair - assumed 'myrepair' /var/www/html/library/Application/Runtime/Cache/Home/5291477d99465f153482b489eff818ce.php 第 92 行.
NOTIC: [8] Use of undefined constant mykeep - assumed 'mykeep' /var/www/html/library/Application/Runtime/Cache/Home/5291477d99465f153482b489eff818ce.php 第 93 行.
INFO: Run Behavior\ParseTemplateBehavior [ RunTime:0.013758s ]
INFO: [ view_parse ] --END-- [ RunTime:0.013818s ]
INFO: [ view_filter ] --START--
INFO: Run Behavior\WriteHtmlCacheBehavior [ RunTime:0.000151s ]
INFO: [ view_filter ] --END-- [ RunTime:0.000195s ]
INFO: [ app_end ] --START--
INFO: Run Behavior\ShowPageTraceBehavior [ RunTime:0.000474s ]
INFO: [ app_end ] --END-- [ RunTime:0.000524s ]

[ 2017-02-28T21:50:58+08:00 ] 124.65.200.223 /library/Home/Index/mywait/p/1.html
INFO: [ app_init ] --START--
INFO: Run Behavior\BuildLiteBehavior [ RunTime:0.000019s ]
INFO: [ app_init ] --END-- [ RunTime:0.000347s ]
INFO: [ app_begin ] --START--
INFO: Run Behavior\ReadHtmlCacheBehavior [ RunTime:0.000444s ]
INFO: [ app_begin ] --END-- [ RunTime:0.000500s ]
SQL: SHOW COLUMNS FROM `lib_userinfo` [ RunTime:0.0009s ]
SQL: SHOW COLUMNS FROM `lib_admin` [ RunTime:0.0005s ]
SQL: SELECT * FROM `lib_admin` WHERE `username` = '杜烨' LIMIT 1   [ RunTime:0.0001s ]
SQL: SHOW COLUMNS FROM `lib_component_shop` [ RunTime:0.0006s ]
SQL: SHOW COLUMNS FROM `lib_component` [ RunTime:0.0006s ]
SQL: SELECT * FROM `lib_userinfo` WHERE `username` = '杜烨' LIMIT 1   [ RunTime:0.0001s ]
SQL: SHOW COLUMNS FROM `lib_component_status` [ RunTime:0.0008s ]
SQL: SELECT COUNT(*) AS tp_count FROM `lib_component_shop` WHERE ( username='杜烨' ) LIMIT 1   [ RunTime:0.0001s ]
SQL: SELECT a.name,a.number,b.nownumber,b.username,c.address,c.phone,d.img FROM lib_component_shop a INNER JOIN lib_component_status b ON a.name=b.name and a.number<b.nownumber and a.username!=b.username INNER JOIN lib_userinfo c ON b.username=c.username INNER JOIN lib_component d ON a.name=d.name  WHERE ( a.username='杜烨' AND status=3 ) ORDER BY a.id desc LIMIT 0,6   [ RunTime:0.0001s ]
SQL: SELECT a.name,a.number,b.img,b.number_left FROM lib_component_shop a INNER JOIN lib_component b ON a.name=b.name and a.number<b.number_left  WHERE ( username='杜烨' ) ORDER BY a.id desc LIMIT 0,6   [ RunTime:0.0001s ]
NOTIC: [8] Undefined variable: list2 /var/www/html/library/Application/Home/Controller/IndexController.class.php 第 903 行.
INFO: [ view_parse ] --START--
INFO: [ template_filter ] --START--
INFO: Run Behavior\ContentReplaceBehavior [ RunTime:0.000086s ]
INFO: [ template_filter ] --END-- [ RunTime:0.000162s ]
NOTIC: [8] Use of undefined constant share - assumed 'share' /var/www/html/library/Application/Runtime/Cache/Home/5291477d99465f153482b489eff818ce.php 第 17 行.
NOTIC: [8] Use of undefined constant mywait - assumed 'mywait' /var/www/html/library/Application/Runtime/Cache/Home/5291477d99465f153482b489eff818ce.php 第 18 行.
NOTIC: [8] Use of undefined constant share - assumed 'share' /var/www/html/library/Application/Runtime/Cache/Home/5291477d99465f153482b489eff818ce.php 第 19 行.
NOTIC: [8] Use of undefined constant search - assumed 'search' /var/www/html/library/Application/Runtime/Cache/Home/5291477d99465f153482b489eff818ce.php 第 25 行.
NOTIC: [8] Use of undefined constant person - assumed 'person' /var/www/html/library/Application/Runtime/Cache/Home/5291477d99465f153482b489eff818ce.php 第 56 行.
NOTIC: [8] Use of undefined constant message - assumed 'message' /var/www/html/library/Application/Runtime/Cache/Home/5291477d99465f153482b489eff818ce.php 第 57 行.
NOTIC: [8] Use of undefined constant logout - assumed 'logout' /var/www/html/library/Application/Runtime/Cache/Home/5291477d99465f153482b489eff818ce.php 第 58 行.
NOTIC: [8] Use of undefined constant share - assumed 'share' /var/www/html/library/Application/Runtime/Cache/Home/5291477d99465f153482b489eff818ce.php 第 68 行.
NOTIC: [8] Use of undefined constant myborrow - assumed 'myborrow' /var/www/html/library/Application/Runtime/Cache/Home/5291477d99465f153482b489eff818ce.php 第 91 行.
NOTIC: [8] Use of undefined constant myrepair - assumed 'myrepair' /var/www/html/library/Application/Runtime/Cache/Home/5291477d99465f153482b489eff818ce.php 第 92 行.
NOTIC: [8] Use of undefined constant mykeep - assumed 'mykeep' /var/www/html/library/Application/Runtime/Cache/Home/5291477d99465f153482b489eff818ce.php 第 93 行.
INFO: Run Behavior\ParseTemplateBehavior [ RunTime:0.014216s ]
INFO: [ view_parse ] --END-- [ RunTime:0.014282s ]
INFO: [ view_filter ] --START--
INFO: Run Behavior\WriteHtmlCacheBehavior [ RunTime:0.000166s ]
INFO: [ view_filter ] --END-- [ RunTime:0.000211s ]
INFO: [ app_end ] --START--
INFO: Run Behavior\ShowPageTraceBehavior [ RunTime:0.000405s ]
INFO: [ app_end ] --END-- [ RunTime:0.000454s ]

