[ 2017-02-20T22:40:22+08:00 ] 101.226.66.191 /library/Home/Index/share/p/5.html
INFO: [ app_init ] --START--
INFO: Run Behavior\BuildLiteBehavior [ RunTime:0.000024s ]
INFO: [ app_init ] --END-- [ RunTime:0.001968s ]
INFO: [ app_begin ] --START--
INFO: Run Behavior\ReadHtmlCacheBehavior [ RunTime:0.001939s ]
INFO: [ app_begin ] --END-- [ RunTime:0.001997s ]
SQL: SHOW COLUMNS FROM `lib_userinfo` [ RunTime:0.0011s ]
SQL: SHOW COLUMNS FROM `lib_component` [ RunTime:0.0006s ]
SQL: SHOW COLUMNS FROM `lib_admin` [ RunTime:0.0005s ]
SQL: SELECT * FROM `lib_admin` WHERE `username` = null LIMIT 1   [ RunTime:0.0004s ]
SQL: SELECT * FROM `lib_userinfo` WHERE `username` = null LIMIT 1   [ RunTime:0.0209s ]
SQL: SELECT COUNT(*) AS tp_count FROM `lib_component` WHERE `tag` = '材料' LIMIT 1   [ RunTime:0.0157s ]
SQL: SELECT * FROM `lib_component` WHERE `tag` = '材料' LIMIT 48,12   [ RunTime:0.0003s ]
INFO: [ view_parse ] --START--
INFO: [ template_filter ] --START--
INFO: Run Behavior\ContentReplaceBehavior [ RunTime:0.000078s ]
INFO: [ template_filter ] --END-- [ RunTime:0.000138s ]
NOTIC: [8] Use of undefined constant share - assumed 'share' /var/www/html/library/Application/Runtime/Cache/Home/b813aae94b2ddf4a4ed7e36f5c3a1a86.php 第 16 行.
NOTIC: [8] Use of undefined constant mywait - assumed 'mywait' /var/www/html/library/Application/Runtime/Cache/Home/b813aae94b2ddf4a4ed7e36f5c3a1a86.php 第 17 行.
NOTIC: [8] Use of undefined constant share - assumed 'share' /var/www/html/library/Application/Runtime/Cache/Home/b813aae94b2ddf4a4ed7e36f5c3a1a86.php 第 18 行.
NOTIC: [8] Use of undefined constant contribute - assumed 'contribute' /var/www/html/library/Application/Runtime/Cache/Home/b813aae94b2ddf4a4ed7e36f5c3a1a86.php 第 20 行.
NOTIC: [8] Use of undefined constant search - assumed 'search' /var/www/html/library/Application/Runtime/Cache/Home/b813aae94b2ddf4a4ed7e36f5c3a1a86.php 第 24 行.
NOTIC: [8] Use of undefined constant register - assumed 'register' /var/www/html/library/Application/Runtime/Cache/Home/b813aae94b2ddf4a4ed7e36f5c3a1a86.php 第 40 行.
NOTIC: [8] Use of undefined constant login - assumed 'login' /var/www/html/library/Application/Runtime/Cache/Home/b813aae94b2ddf4a4ed7e36f5c3a1a86.php 第 41 行.
NOTIC: [8] Use of undefined constant share - assumed 'share' /var/www/html/library/Application/Runtime/Cache/Home/b813aae94b2ddf4a4ed7e36f5c3a1a86.php 第 67 行.
NOTIC: [8] Undefined variable: flag /var/www/html/library/Application/Runtime/Cache/Home/b813aae94b2ddf4a4ed7e36f5c3a1a86.php 第 88 行.
NOTIC: [8] Undefined variable: flag /var/www/html/library/Application/Runtime/Cache/Home/b813aae94b2ddf4a4ed7e36f5c3a1a86.php 第 90 行.
NOTIC: [8] Use of undefined constant search - assumed 'search' /var/www/html/library/Application/Runtime/Cache/Home/b813aae94b2ddf4a4ed7e36f5c3a1a86.php 第 95 行.
NOTIC: [8] Use of undefined constant componentInfo - assumed 'componentInfo' /var/www/html/library/Application/Runtime/Cache/Home/b813aae94b2ddf4a4ed7e36f5c3a1a86.php 第 108 行.
NOTIC: [8] Use of undefined constant componentInfo - assumed 'componentInfo' /var/www/html/library/Application/Runtime/Cache/Home/b813aae94b2ddf4a4ed7e36f5c3a1a86.php 第 108 行.
NOTIC: [8] Use of undefined constant componentInfo - assumed 'componentInfo' /var/www/html/library/Application/Runtime/Cache/Home/b813aae94b2ddf4a4ed7e36f5c3a1a86.php 第 108 行.
NOTIC: [8] Use of undefined constant componentInfo - assumed 'componentInfo' /var/www/html/library/Application/Runtime/Cache/Home/b813aae94b2ddf4a4ed7e36f5c3a1a86.php 第 108 行.
NOTIC: [8] Use of undefined constant componentInfo - assumed 'componentInfo' /var/www/html/library/Application/Runtime/Cache/Home/b813aae94b2ddf4a4ed7e36f5c3a1a86.php 第 108 行.
INFO: Run Behavior\ParseTemplateBehavior [ RunTime:0.125159s ]
INFO: [ view_parse ] --END-- [ RunTime:0.125229s ]
INFO: [ view_filter ] --START--
INFO: Run Behavior\WriteHtmlCacheBehavior [ RunTime:0.019337s ]
INFO: [ view_filter ] --END-- [ RunTime:0.019388s ]
INFO: [ app_end ] --START--
INFO: Run Behavior\ShowPageTraceBehavior [ RunTime:0.029597s ]
INFO: [ app_end ] --END-- [ RunTime:0.029675s ]

