[ 2017-02-13T11:40:20+08:00 ] 101.226.65.108 /library/Home/Index/share.html
INFO: [ app_init ] --START--
INFO: Run Behavior\BuildLiteBehavior [ RunTime:0.000023s ]
INFO: [ app_init ] --END-- [ RunTime:0.002109s ]
INFO: [ app_begin ] --START--
INFO: Run Behavior\ReadHtmlCacheBehavior [ RunTime:0.003114s ]
INFO: [ app_begin ] --END-- [ RunTime:0.003173s ]
SQL: SHOW COLUMNS FROM `lib_userinfo` [ RunTime:0.0009s ]
SQL: SHOW COLUMNS FROM `lib_component` [ RunTime:0.0006s ]
SQL: SHOW COLUMNS FROM `lib_admin` [ RunTime:0.0005s ]
SQL: SELECT * FROM `lib_admin` WHERE `username` = null LIMIT 1   [ RunTime:0.0001s ]
SQL: SELECT * FROM `lib_userinfo` WHERE `username` = null LIMIT 1   [ RunTime:0.0001s ]
SQL: SELECT COUNT(*) AS tp_count FROM `lib_component` WHERE `tag` = '材料' LIMIT 1   [ RunTime:0.0005s ]
SQL: SELECT * FROM `lib_component` WHERE `tag` = '材料' LIMIT 0,12   [ RunTime:0.0003s ]
INFO: [ view_parse ] --START--
INFO: [ template_filter ] --START--
INFO: Run Behavior\ContentReplaceBehavior [ RunTime:0.000087s ]
INFO: [ template_filter ] --END-- [ RunTime:0.000160s ]
NOTIC: [8] Use of undefined constant share - assumed 'share' /var/www/html/library/Application/Runtime/Cache/Home/b813aae94b2ddf4a4ed7e36f5c3a1a86.php 第 16 行.
NOTIC: [8] Use of undefined constant mywait - assumed 'mywait' /var/www/html/library/Application/Runtime/Cache/Home/b813aae94b2ddf4a4ed7e36f5c3a1a86.php 第 17 行.
NOTIC: [8] Use of undefined constant share - assumed 'share' /var/www/html/library/Application/Runtime/Cache/Home/b813aae94b2ddf4a4ed7e36f5c3a1a86.php 第 18 行.
NOTIC: [8] Use of undefined constant contribute - assumed 'contribute' /var/www/html/library/Application/Runtime/Cache/Home/b813aae94b2ddf4a4ed7e36f5c3a1a86.php 第 20 行.
NOTIC: [8] Use of undefined constant search - assumed 'search' /var/www/html/library/Application/Runtime/Cache/Home/b813aae94b2ddf4a4ed7e36f5c3a1a86.php 第 24 行.
NOTIC: [8] Use of undefined constant register - assumed 'register' /var/www/html/library/Application/Runtime/Cache/Home/b813aae94b2ddf4a4ed7e36f5c3a1a86.php 第 40 行.
NOTIC: [8] Use of undefined constant login - assumed 'login' /var/www/html/library/Application/Runtime/Cache/Home/b813aae94b2ddf4a4ed7e36f5c3a1a86.php 第 41 行.
NOTIC: [8] Use of undefined constant share - assumed 'share' /var/www/html/library/Application/Runtime/Cache/Home/b813aae94b2ddf4a4ed7e36f5c3a1a86.php 第 67 行.
NOTIC: [8] Undefined variable: flag /var/www/html/library/Application/Runtime/Cache/Home/b813aae94b2ddf4a4ed7e36f5c3a1a86.php 第 88 行.
NOTIC: [8] Undefined variable: flag /var/www/html/library/Application/Runtime/Cache/Home/b813aae94b2ddf4a4ed7e36f5c3a1a86.php 第 90 行.
NOTIC: [8] Use of undefined constant search - assumed 'search' /var/www/html/library/Application/Runtime/Cache/Home/b813aae94b2ddf4a4ed7e36f5c3a1a86.php 第 95 行.
NOTIC: [8] Use of undefined constant componentInfo - assumed 'componentInfo' /var/www/html/library/Application/Runtime/Cache/Home/b813aae94b2ddf4a4ed7e36f5c3a1a86.php 第 108 行.
NOTIC: [8] Use of undefined constant componentInfo - assumed 'componentInfo' /var/www/html/library/Application/Runtime/Cache/Home/b813aae94b2ddf4a4ed7e36f5c3a1a86.php 第 108 行.
NOTIC: [8] Use of undefined constant componentInfo - assumed 'componentInfo' /var/www/html/library/Application/Runtime/Cache/Home/b813aae94b2ddf4a4ed7e36f5c3a1a86.php 第 108 行.
NOTIC: [8] Use of undefined constant componentInfo - assumed 'componentInfo' /var/www/html/library/Application/Runtime/Cache/Home/b813aae94b2ddf4a4ed7e36f5c3a1a86.php 第 108 行.
NOTIC: [8] Use of undefined constant componentInfo - assumed 'componentInfo' /var/www/html/library/Application/Runtime/Cache/Home/b813aae94b2ddf4a4ed7e36f5c3a1a86.php 第 108 行.
NOTIC: [8] Use of undefined constant componentInfo - assumed 'componentInfo' /var/www/html/library/Application/Runtime/Cache/Home/b813aae94b2ddf4a4ed7e36f5c3a1a86.php 第 108 行.
NOTIC: [8] Use of undefined constant componentInfo - assumed 'componentInfo' /var/www/html/library/Application/Runtime/Cache/Home/b813aae94b2ddf4a4ed7e36f5c3a1a86.php 第 108 行.
NOTIC: [8] Use of undefined constant componentInfo - assumed 'componentInfo' /var/www/html/library/Application/Runtime/Cache/Home/b813aae94b2ddf4a4ed7e36f5c3a1a86.php 第 108 行.
NOTIC: [8] Use of undefined constant componentInfo - assumed 'componentInfo' /var/www/html/library/Application/Runtime/Cache/Home/b813aae94b2ddf4a4ed7e36f5c3a1a86.php 第 108 行.
NOTIC: [8] Use of undefined constant componentInfo - assumed 'componentInfo' /var/www/html/library/Application/Runtime/Cache/Home/b813aae94b2ddf4a4ed7e36f5c3a1a86.php 第 108 行.
NOTIC: [8] Use of undefined constant componentInfo - assumed 'componentInfo' /var/www/html/library/Application/Runtime/Cache/Home/b813aae94b2ddf4a4ed7e36f5c3a1a86.php 第 108 行.
NOTIC: [8] Use of undefined constant componentInfo - assumed 'componentInfo' /var/www/html/library/Application/Runtime/Cache/Home/b813aae94b2ddf4a4ed7e36f5c3a1a86.php 第 108 行.
INFO: Run Behavior\ParseTemplateBehavior [ RunTime:0.063636s ]
INFO: [ view_parse ] --END-- [ RunTime:0.063689s ]
INFO: [ view_filter ] --START--
INFO: Run Behavior\WriteHtmlCacheBehavior [ RunTime:0.091749s ]
INFO: [ view_filter ] --END-- [ RunTime:0.091834s ]
INFO: [ app_end ] --START--
INFO: Run Behavior\ShowPageTraceBehavior [ RunTime:0.002122s ]
INFO: [ app_end ] --END-- [ RunTime:0.002179s ]

[ 2017-02-13T21:22:44+08:00 ] 220.115.235.150 /library/Home/Index/mywait.html
INFO: [ app_init ] --START--
INFO: Run Behavior\BuildLiteBehavior [ RunTime:0.000024s ]
INFO: [ app_init ] --END-- [ RunTime:0.002157s ]
INFO: [ app_begin ] --START--
INFO: Run Behavior\ReadHtmlCacheBehavior [ RunTime:0.001920s ]
INFO: [ app_begin ] --END-- [ RunTime:0.001979s ]
SQL: SHOW COLUMNS FROM `lib_userinfo` [ RunTime:0.0010s ]
SQL: SHOW COLUMNS FROM `lib_admin` [ RunTime:0.0005s ]
SQL: SELECT * FROM `lib_admin` WHERE `username` = '吴永健' LIMIT 1   [ RunTime:0.0004s ]
SQL: SHOW COLUMNS FROM `lib_component_shop` [ RunTime:0.0008s ]
SQL: SHOW COLUMNS FROM `lib_component` [ RunTime:0.0009s ]
SQL: SELECT * FROM `lib_userinfo` WHERE `username` = '吴永健' LIMIT 1   [ RunTime:0.0003s ]
SQL: SHOW COLUMNS FROM `lib_component_status` [ RunTime:0.0006s ]
SQL: SELECT COUNT(*) AS tp_count FROM `lib_component_shop` WHERE ( username='吴永健' ) LIMIT 1   [ RunTime:0.0005s ]
SQL: SELECT a.name,a.number,b.nownumber,b.username,c.address,c.phone,d.img FROM lib_component_shop a INNER JOIN lib_component_status b ON a.name=b.name and a.number<b.nownumber and a.username!=b.username INNER JOIN lib_userinfo c ON b.username=c.username INNER JOIN lib_component d ON a.name=d.name  WHERE ( a.username='吴永健' AND status=3 ) ORDER BY a.id desc LIMIT 0,6   [ RunTime:0.0009s ]
SQL: SELECT a.name,a.number,b.img,b.number_left FROM lib_component_shop a INNER JOIN lib_component b ON a.name=b.name and a.number<b.number_left  WHERE ( username='吴永健' ) ORDER BY a.id desc LIMIT 0,6   [ RunTime:0.0008s ]
NOTIC: [8] Undefined variable: list2 /var/www/html/library/Application/Home/Controller/IndexController.class.php 第 903 行.
INFO: [ view_parse ] --START--
INFO: [ template_filter ] --START--
INFO: Run Behavior\ContentReplaceBehavior [ RunTime:0.000089s ]
INFO: [ template_filter ] --END-- [ RunTime:0.000156s ]
NOTIC: [8] Use of undefined constant share - assumed 'share' /var/www/html/library/Application/Runtime/Cache/Home/5291477d99465f153482b489eff818ce.php 第 17 行.
NOTIC: [8] Use of undefined constant mywait - assumed 'mywait' /var/www/html/library/Application/Runtime/Cache/Home/5291477d99465f153482b489eff818ce.php 第 18 行.
NOTIC: [8] Use of undefined constant share - assumed 'share' /var/www/html/library/Application/Runtime/Cache/Home/5291477d99465f153482b489eff818ce.php 第 19 行.
NOTIC: [8] Use of undefined constant search - assumed 'search' /var/www/html/library/Application/Runtime/Cache/Home/5291477d99465f153482b489eff818ce.php 第 25 行.
NOTIC: [8] Use of undefined constant person - assumed 'person' /var/www/html/library/Application/Runtime/Cache/Home/5291477d99465f153482b489eff818ce.php 第 56 行.
NOTIC: [8] Use of undefined constant message - assumed 'message' /var/www/html/library/Application/Runtime/Cache/Home/5291477d99465f153482b489eff818ce.php 第 57 行.
NOTIC: [8] Use of undefined constant logout - assumed 'logout' /var/www/html/library/Application/Runtime/Cache/Home/5291477d99465f153482b489eff818ce.php 第 58 行.
NOTIC: [8] Use of undefined constant share - assumed 'share' /var/www/html/library/Application/Runtime/Cache/Home/5291477d99465f153482b489eff818ce.php 第 68 行.
NOTIC: [8] Use of undefined constant myborrow - assumed 'myborrow' /var/www/html/library/Application/Runtime/Cache/Home/5291477d99465f153482b489eff818ce.php 第 91 行.
NOTIC: [8] Use of undefined constant myrepair - assumed 'myrepair' /var/www/html/library/Application/Runtime/Cache/Home/5291477d99465f153482b489eff818ce.php 第 92 行.
NOTIC: [8] Use of undefined constant mykeep - assumed 'mykeep' /var/www/html/library/Application/Runtime/Cache/Home/5291477d99465f153482b489eff818ce.php 第 93 行.
INFO: Run Behavior\ParseTemplateBehavior [ RunTime:0.040337s ]
INFO: [ view_parse ] --END-- [ RunTime:0.040394s ]
INFO: [ view_filter ] --START--
INFO: Run Behavior\WriteHtmlCacheBehavior [ RunTime:0.003433s ]
INFO: [ view_filter ] --END-- [ RunTime:0.003482s ]
INFO: [ app_end ] --START--
INFO: Run Behavior\ShowPageTraceBehavior [ RunTime:0.002151s ]
INFO: [ app_end ] --END-- [ RunTime:0.002202s ]

[ 2017-02-13T21:22:49+08:00 ] 220.115.235.150 /library/Home/Index/mywait.html
INFO: [ app_init ] --START--
INFO: Run Behavior\BuildLiteBehavior [ RunTime:0.000016s ]
INFO: [ app_init ] --END-- [ RunTime:0.000321s ]
INFO: [ app_begin ] --START--
INFO: Run Behavior\ReadHtmlCacheBehavior [ RunTime:0.000404s ]
INFO: [ app_begin ] --END-- [ RunTime:0.000460s ]
SQL: SHOW COLUMNS FROM `lib_userinfo` [ RunTime:0.0009s ]
SQL: SHOW COLUMNS FROM `lib_admin` [ RunTime:0.0006s ]
SQL: SELECT * FROM `lib_admin` WHERE `username` = '吴永健' LIMIT 1   [ RunTime:0.0001s ]
SQL: SHOW COLUMNS FROM `lib_component_shop` [ RunTime:0.0005s ]
SQL: SHOW COLUMNS FROM `lib_component` [ RunTime:0.0006s ]
SQL: SELECT * FROM `lib_userinfo` WHERE `username` = '吴永健' LIMIT 1   [ RunTime:0.0001s ]
SQL: SHOW COLUMNS FROM `lib_component_status` [ RunTime:0.0006s ]
SQL: SELECT COUNT(*) AS tp_count FROM `lib_component_shop` WHERE ( username='吴永健' ) LIMIT 1   [ RunTime:0.0001s ]
SQL: SELECT a.name,a.number,b.nownumber,b.username,c.address,c.phone,d.img FROM lib_component_shop a INNER JOIN lib_component_status b ON a.name=b.name and a.number<b.nownumber and a.username!=b.username INNER JOIN lib_userinfo c ON b.username=c.username INNER JOIN lib_component d ON a.name=d.name  WHERE ( a.username='吴永健' AND status=3 ) ORDER BY a.id desc LIMIT 0,6   [ RunTime:0.0002s ]
SQL: SELECT a.name,a.number,b.img,b.number_left FROM lib_component_shop a INNER JOIN lib_component b ON a.name=b.name and a.number<b.number_left  WHERE ( username='吴永健' ) ORDER BY a.id desc LIMIT 0,6   [ RunTime:0.0002s ]
NOTIC: [8] Undefined variable: list2 /var/www/html/library/Application/Home/Controller/IndexController.class.php 第 903 行.
INFO: [ view_parse ] --START--
INFO: [ template_filter ] --START--
INFO: Run Behavior\ContentReplaceBehavior [ RunTime:0.000143s ]
INFO: [ template_filter ] --END-- [ RunTime:0.000213s ]
NOTIC: [8] Use of undefined constant share - assumed 'share' /var/www/html/library/Application/Runtime/Cache/Home/5291477d99465f153482b489eff818ce.php 第 17 行.
NOTIC: [8] Use of undefined constant mywait - assumed 'mywait' /var/www/html/library/Application/Runtime/Cache/Home/5291477d99465f153482b489eff818ce.php 第 18 行.
NOTIC: [8] Use of undefined constant share - assumed 'share' /var/www/html/library/Application/Runtime/Cache/Home/5291477d99465f153482b489eff818ce.php 第 19 行.
NOTIC: [8] Use of undefined constant search - assumed 'search' /var/www/html/library/Application/Runtime/Cache/Home/5291477d99465f153482b489eff818ce.php 第 25 行.
NOTIC: [8] Use of undefined constant person - assumed 'person' /var/www/html/library/Application/Runtime/Cache/Home/5291477d99465f153482b489eff818ce.php 第 56 行.
NOTIC: [8] Use of undefined constant message - assumed 'message' /var/www/html/library/Application/Runtime/Cache/Home/5291477d99465f153482b489eff818ce.php 第 57 行.
NOTIC: [8] Use of undefined constant logout - assumed 'logout' /var/www/html/library/Application/Runtime/Cache/Home/5291477d99465f153482b489eff818ce.php 第 58 行.
NOTIC: [8] Use of undefined constant share - assumed 'share' /var/www/html/library/Application/Runtime/Cache/Home/5291477d99465f153482b489eff818ce.php 第 68 行.
NOTIC: [8] Use of undefined constant myborrow - assumed 'myborrow' /var/www/html/library/Application/Runtime/Cache/Home/5291477d99465f153482b489eff818ce.php 第 91 行.
NOTIC: [8] Use of undefined constant myrepair - assumed 'myrepair' /var/www/html/library/Application/Runtime/Cache/Home/5291477d99465f153482b489eff818ce.php 第 92 行.
NOTIC: [8] Use of undefined constant mykeep - assumed 'mykeep' /var/www/html/library/Application/Runtime/Cache/Home/5291477d99465f153482b489eff818ce.php 第 93 行.
INFO: Run Behavior\ParseTemplateBehavior [ RunTime:0.014930s ]
INFO: [ view_parse ] --END-- [ RunTime:0.014988s ]
INFO: [ view_filter ] --START--
INFO: Run Behavior\WriteHtmlCacheBehavior [ RunTime:0.000160s ]
INFO: [ view_filter ] --END-- [ RunTime:0.000205s ]
INFO: [ app_end ] --START--
INFO: Run Behavior\ShowPageTraceBehavior [ RunTime:0.000398s ]
INFO: [ app_end ] --END-- [ RunTime:0.000448s ]

