[ 2017-01-09T09:35:23+08:00 ] 114.255.40.35 /library/Public/Uploads/2017-01-04/586c8cae43a5d.jpg
INFO: [ app_init ] --START--
INFO: Run Behavior\BuildLiteBehavior [ RunTime:0.000031s ]
INFO: [ app_init ] --END-- [ RunTime:0.000222s ]
ERR: 无法加载模块:Public

[ 2017-01-09T09:35:23+08:00 ] 211.68.71.202 /library/Public/Uploads/2017-01-04/586c8cae43a5d.jpg
INFO: [ app_init ] --START--
INFO: Run Behavior\BuildLiteBehavior [ RunTime:0.000019s ]
INFO: [ app_init ] --END-- [ RunTime:0.000162s ]
ERR: 无法加载模块:Public

[ 2017-01-09T09:41:37+08:00 ] 114.255.40.35 /library/Public/Uploads/2017-01-04/586c8cae43a5d.jpg
INFO: [ app_init ] --START--
INFO: Run Behavior\BuildLiteBehavior [ RunTime:0.000016s ]
INFO: [ app_init ] --END-- [ RunTime:0.000105s ]
ERR: 无法加载模块:Public

[ 2017-01-09T09:41:39+08:00 ] 114.255.40.35 /library/Public/Uploads/2017-01-04/586c8cae43a5d.jpg
INFO: [ app_init ] --START--
INFO: Run Behavior\BuildLiteBehavior [ RunTime:0.000021s ]
INFO: [ app_init ] --END-- [ RunTime:0.000125s ]
ERR: 无法加载模块:Public

[ 2017-01-09T12:53:50+08:00 ] 124.127.78.245 /library/Public/images/Book/show.png
INFO: [ app_init ] --START--
INFO: Run Behavior\BuildLiteBehavior [ RunTime:0.000021s ]
INFO: [ app_init ] --END-- [ RunTime:0.000130s ]
ERR: 无法加载模块:Public

[ 2017-01-09T12:54:16+08:00 ] 124.127.78.245 /library/Public/images/Book/show.png
INFO: [ app_init ] --START--
INFO: Run Behavior\BuildLiteBehavior [ RunTime:0.000015s ]
INFO: [ app_init ] --END-- [ RunTime:0.000109s ]
ERR: 无法加载模块:Public

[ 2017-01-09T13:53:25+08:00 ] 221.217.43.174 /library/Public/images/Book/show.png
INFO: [ app_init ] --START--
INFO: Run Behavior\BuildLiteBehavior [ RunTime:0.000016s ]
INFO: [ app_init ] --END-- [ RunTime:0.000107s ]
ERR: 无法加载模块:Public

[ 2017-01-09T16:45:35+08:00 ] 1.202.123.205 /library/Public/images/Book/show.png
INFO: [ app_init ] --START--
INFO: Run Behavior\BuildLiteBehavior [ RunTime:0.000016s ]
INFO: [ app_init ] --END-- [ RunTime:0.000109s ]
ERR: 无法加载模块:Public

[ 2017-01-09T16:46:28+08:00 ] 1.202.123.205 /library/Public/images/Book/show.png
INFO: [ app_init ] --START--
INFO: Run Behavior\BuildLiteBehavior [ RunTime:0.000015s ]
INFO: [ app_init ] --END-- [ RunTime:0.000100s ]
ERR: 无法加载模块:Public

[ 2017-01-09T16:47:46+08:00 ] 1.202.123.205 /library/Public/images/Book/show.png
INFO: [ app_init ] --START--
INFO: Run Behavior\BuildLiteBehavior [ RunTime:0.000016s ]
INFO: [ app_init ] --END-- [ RunTime:0.000105s ]
ERR: 无法加载模块:Public

[ 2017-01-09T16:48:00+08:00 ] 1.202.123.205 /library/Public/images/Book/show.png
INFO: [ app_init ] --START--
INFO: Run Behavior\BuildLiteBehavior [ RunTime:0.000015s ]
INFO: [ app_init ] --END-- [ RunTime:0.000098s ]
ERR: 无法加载模块:Public

[ 2017-01-09T17:50:36+08:00 ] 221.217.30.116 /library/Public/Uploads/2017-01-04/586c7c082d5f4.jpg
INFO: [ app_init ] --START--
INFO: Run Behavior\BuildLiteBehavior [ RunTime:0.000027s ]
INFO: [ app_init ] --END-- [ RunTime:0.000190s ]
ERR: 无法加载模块:Public

[ 2017-01-09T17:50:41+08:00 ] 221.217.30.116 /library/Public/Uploads/2017-01-04/586c7c082d5f4.jpg
INFO: [ app_init ] --START--
INFO: Run Behavior\BuildLiteBehavior [ RunTime:0.000017s ]
INFO: [ app_init ] --END-- [ RunTime:0.000123s ]
ERR: 无法加载模块:Public

[ 2017-01-09T17:50:41+08:00 ] 221.217.30.116 /library/Public/Uploads/2017-01-04/586c7c082d5f4.jpg
INFO: [ app_init ] --START--
INFO: Run Behavior\BuildLiteBehavior [ RunTime:0.000016s ]
INFO: [ app_init ] --END-- [ RunTime:0.000105s ]
ERR: 无法加载模块:Public

[ 2017-01-09T17:50:44+08:00 ] 221.217.30.116 /library/Public/Uploads/2017-01-04/586c7c082d5f4.jpg
INFO: [ app_init ] --START--
INFO: Run Behavior\BuildLiteBehavior [ RunTime:0.000017s ]
INFO: [ app_init ] --END-- [ RunTime:0.000108s ]
ERR: 无法加载模块:Public

[ 2017-01-09T17:51:08+08:00 ] 221.217.30.116 /library/Public/Uploads/2017-01-04/586c7c082d5f4.jpg
INFO: [ app_init ] --START--
INFO: Run Behavior\BuildLiteBehavior [ RunTime:0.000016s ]
INFO: [ app_init ] --END-- [ RunTime:0.000119s ]
ERR: 无法加载模块:Public

[ 2017-01-09T17:51:17+08:00 ] 221.217.30.116 /library/Public/Uploads/2017-01-04/586c7c082d5f4.jpg
INFO: [ app_init ] --START--
INFO: Run Behavior\BuildLiteBehavior [ RunTime:0.000016s ]
INFO: [ app_init ] --END-- [ RunTime:0.000103s ]
ERR: 无法加载模块:Public

[ 2017-01-09T17:51:20+08:00 ] 221.217.30.116 /library/Public/Uploads/2017-01-04/586c7c082d5f4.jpg
INFO: [ app_init ] --START--
INFO: Run Behavior\BuildLiteBehavior [ RunTime:0.000023s ]
INFO: [ app_init ] --END-- [ RunTime:0.000162s ]
ERR: 无法加载模块:Public

[ 2017-01-09T17:52:13+08:00 ] 221.217.30.116 /library/Public/Uploads/2017-01-04/586c7c082d5f4.jpg
INFO: [ app_init ] --START--
INFO: Run Behavior\BuildLiteBehavior [ RunTime:0.000016s ]
INFO: [ app_init ] --END-- [ RunTime:0.000111s ]
ERR: 无法加载模块:Public

[ 2017-01-09T17:52:19+08:00 ] 221.217.30.116 /library/Public/Uploads/2017-01-04/586c7c082d5f4.jpg
INFO: [ app_init ] --START--
INFO: Run Behavior\BuildLiteBehavior [ RunTime:0.000028s ]
INFO: [ app_init ] --END-- [ RunTime:0.000198s ]
ERR: 无法加载模块:Public

[ 2017-01-09T17:52:25+08:00 ] 221.217.30.116 /library/Public/Uploads/2017-01-04/586c7c082d5f4.jpg
INFO: [ app_init ] --START--
INFO: Run Behavior\BuildLiteBehavior [ RunTime:0.000018s ]
INFO: [ app_init ] --END-- [ RunTime:0.000118s ]
ERR: 无法加载模块:Public

[ 2017-01-09T17:52:31+08:00 ] 221.217.30.116 /library/Public/Uploads/2017-01-04/586c7c082d5f4.jpg
INFO: [ app_init ] --START--
INFO: Run Behavior\BuildLiteBehavior [ RunTime:0.000023s ]
INFO: [ app_init ] --END-- [ RunTime:0.000168s ]
ERR: 无法加载模块:Public

[ 2017-01-09T17:52:37+08:00 ] 221.217.30.116 /library/Public/Uploads/2017-01-04/586c7c082d5f4.jpg
INFO: [ app_init ] --START--
INFO: Run Behavior\BuildLiteBehavior [ RunTime:0.000018s ]
INFO: [ app_init ] --END-- [ RunTime:0.000110s ]
ERR: 无法加载模块:Public

[ 2017-01-09T17:52:41+08:00 ] 221.217.30.116 /library/Public/Uploads/2017-01-04/586c7c082d5f4.jpg
INFO: [ app_init ] --START--
INFO: Run Behavior\BuildLiteBehavior [ RunTime:0.000018s ]
INFO: [ app_init ] --END-- [ RunTime:0.000111s ]
ERR: 无法加载模块:Public

[ 2017-01-09T17:52:45+08:00 ] 221.217.30.116 /library/Public/Uploads/2017-01-04/586c7c082d5f4.jpg
INFO: [ app_init ] --START--
INFO: Run Behavior\BuildLiteBehavior [ RunTime:0.000016s ]
INFO: [ app_init ] --END-- [ RunTime:0.000103s ]
ERR: 无法加载模块:Public

[ 2017-01-09T17:52:48+08:00 ] 221.217.30.116 /library/Public/Uploads/2017-01-04/586c7c082d5f4.jpg
INFO: [ app_init ] --START--
INFO: Run Behavior\BuildLiteBehavior [ RunTime:0.000017s ]
INFO: [ app_init ] --END-- [ RunTime:0.000107s ]
ERR: 无法加载模块:Public

[ 2017-01-09T17:53:13+08:00 ] 221.217.30.116 /library/Public/Uploads/2017-01-04/586c7c082d5f4.jpg
INFO: [ app_init ] --START--
INFO: Run Behavior\BuildLiteBehavior [ RunTime:0.000029s ]
INFO: [ app_init ] --END-- [ RunTime:0.000236s ]
ERR: 无法加载模块:Public

[ 2017-01-09T17:53:17+08:00 ] 221.217.30.116 /library/Public/Uploads/2017-01-04/586c7c082d5f4.jpg
INFO: [ app_init ] --START--
INFO: Run Behavior\BuildLiteBehavior [ RunTime:0.000024s ]
INFO: [ app_init ] --END-- [ RunTime:0.000199s ]
ERR: 无法加载模块:Public

[ 2017-01-09T17:53:21+08:00 ] 221.217.30.116 /library/Public/Uploads/2017-01-04/586c7c082d5f4.jpg
INFO: [ app_init ] --START--
INFO: Run Behavior\BuildLiteBehavior [ RunTime:0.000023s ]
INFO: [ app_init ] --END-- [ RunTime:0.000183s ]
ERR: 无法加载模块:Public

[ 2017-01-09T17:53:24+08:00 ] 221.217.30.116 /library/Public/Uploads/2017-01-04/586c7c082d5f4.jpg
INFO: [ app_init ] --START--
INFO: Run Behavior\BuildLiteBehavior [ RunTime:0.000016s ]
INFO: [ app_init ] --END-- [ RunTime:0.000110s ]
ERR: 无法加载模块:Public

[ 2017-01-09T17:53:28+08:00 ] 221.217.30.116 /library/Public/Uploads/2017-01-04/586c7c082d5f4.jpg
INFO: [ app_init ] --START--
INFO: Run Behavior\BuildLiteBehavior [ RunTime:0.000036s ]
INFO: [ app_init ] --END-- [ RunTime:0.000217s ]
ERR: 无法加载模块:Public

[ 2017-01-09T17:53:31+08:00 ] 221.217.30.116 /library/Public/Uploads/2017-01-04/586c7c082d5f4.jpg
INFO: [ app_init ] --START--
INFO: Run Behavior\BuildLiteBehavior [ RunTime:0.000016s ]
INFO: [ app_init ] --END-- [ RunTime:0.000104s ]
ERR: 无法加载模块:Public

[ 2017-01-09T17:53:34+08:00 ] 221.217.30.116 /library/Public/Uploads/2017-01-04/586c7c082d5f4.jpg
INFO: [ app_init ] --START--
INFO: Run Behavior\BuildLiteBehavior [ RunTime:0.000023s ]
INFO: [ app_init ] --END-- [ RunTime:0.000153s ]
ERR: 无法加载模块:Public

[ 2017-01-09T17:54:01+08:00 ] 221.217.30.116 /library/Public/Uploads/2017-01-04/586c7c082d5f4.jpg
INFO: [ app_init ] --START--
INFO: Run Behavior\BuildLiteBehavior [ RunTime:0.000026s ]
INFO: [ app_init ] --END-- [ RunTime:0.000170s ]
ERR: 无法加载模块:Public

[ 2017-01-09T17:54:04+08:00 ] 221.217.30.116 /library/Public/Uploads/2017-01-04/586c7c082d5f4.jpg
INFO: [ app_init ] --START--
INFO: Run Behavior\BuildLiteBehavior [ RunTime:0.000017s ]
INFO: [ app_init ] --END-- [ RunTime:0.000108s ]
ERR: 无法加载模块:Public

[ 2017-01-09T17:54:07+08:00 ] 221.217.30.116 /library/Public/Uploads/2017-01-04/586c7c082d5f4.jpg
INFO: [ app_init ] --START--
INFO: Run Behavior\BuildLiteBehavior [ RunTime:0.000016s ]
INFO: [ app_init ] --END-- [ RunTime:0.000111s ]
ERR: 无法加载模块:Public

[ 2017-01-09T17:54:10+08:00 ] 221.217.30.116 /library/Public/Uploads/2017-01-04/586c7c082d5f4.jpg
INFO: [ app_init ] --START--
INFO: Run Behavior\BuildLiteBehavior [ RunTime:0.000016s ]
INFO: [ app_init ] --END-- [ RunTime:0.000105s ]
ERR: 无法加载模块:Public

[ 2017-01-09T17:54:13+08:00 ] 221.217.30.116 /library/Public/Uploads/2017-01-04/586c7c082d5f4.jpg
INFO: [ app_init ] --START--
INFO: Run Behavior\BuildLiteBehavior [ RunTime:0.000016s ]
INFO: [ app_init ] --END-- [ RunTime:0.000106s ]
ERR: 无法加载模块:Public

[ 2017-01-09T17:54:17+08:00 ] 221.217.30.116 /library/Public/Uploads/2017-01-04/586c7c082d5f4.jpg
INFO: [ app_init ] --START--
INFO: Run Behavior\BuildLiteBehavior [ RunTime:0.000017s ]
INFO: [ app_init ] --END-- [ RunTime:0.000105s ]
ERR: 无法加载模块:Public

[ 2017-01-09T17:54:20+08:00 ] 221.217.30.116 /library/Public/Uploads/2017-01-04/586c7c082d5f4.jpg
INFO: [ app_init ] --START--
INFO: Run Behavior\BuildLiteBehavior [ RunTime:0.000016s ]
INFO: [ app_init ] --END-- [ RunTime:0.000105s ]
ERR: 无法加载模块:Public

[ 2017-01-09T17:54:23+08:00 ] 221.217.30.116 /library/Public/Uploads/2017-01-04/586c7c082d5f4.jpg
INFO: [ app_init ] --START--
INFO: Run Behavior\BuildLiteBehavior [ RunTime:0.000016s ]
INFO: [ app_init ] --END-- [ RunTime:0.000106s ]
ERR: 无法加载模块:Public

[ 2017-01-09T17:54:26+08:00 ] 221.217.30.116 /library/Public/Uploads/2017-01-04/586c7c082d5f4.jpg
INFO: [ app_init ] --START--
INFO: Run Behavior\BuildLiteBehavior [ RunTime:0.000017s ]
INFO: [ app_init ] --END-- [ RunTime:0.000108s ]
ERR: 无法加载模块:Public

[ 2017-01-09T17:54:29+08:00 ] 221.217.30.116 /library/Public/Uploads/2017-01-04/586c7c082d5f4.jpg
INFO: [ app_init ] --START--
INFO: Run Behavior\BuildLiteBehavior [ RunTime:0.000017s ]
INFO: [ app_init ] --END-- [ RunTime:0.000128s ]
ERR: 无法加载模块:Public

[ 2017-01-09T17:54:32+08:00 ] 221.217.30.116 /library/Public/Uploads/2017-01-04/586c7c082d5f4.jpg
INFO: [ app_init ] --START--
INFO: Run Behavior\BuildLiteBehavior [ RunTime:0.000016s ]
INFO: [ app_init ] --END-- [ RunTime:0.000114s ]
ERR: 无法加载模块:Public

[ 2017-01-09T17:54:35+08:00 ] 221.217.30.116 /library/Public/Uploads/2017-01-04/586c7c082d5f4.jpg
INFO: [ app_init ] --START--
INFO: Run Behavior\BuildLiteBehavior [ RunTime:0.000017s ]
INFO: [ app_init ] --END-- [ RunTime:0.000107s ]
ERR: 无法加载模块:Public

[ 2017-01-09T17:54:37+08:00 ] 221.217.30.116 /library/Public/Uploads/2017-01-04/586c7c082d5f4.jpg
INFO: [ app_init ] --START--
INFO: Run Behavior\BuildLiteBehavior [ RunTime:0.000017s ]
INFO: [ app_init ] --END-- [ RunTime:0.000114s ]
ERR: 无法加载模块:Public

[ 2017-01-09T17:55:14+08:00 ] 221.217.30.116 /library/Public/Uploads/2017-01-04/586c7c082d5f4.jpg
INFO: [ app_init ] --START--
INFO: Run Behavior\BuildLiteBehavior [ RunTime:0.000019s ]
INFO: [ app_init ] --END-- [ RunTime:0.000130s ]
ERR: 无法加载模块:Public

[ 2017-01-09T17:55:17+08:00 ] 221.217.30.116 /library/Public/Uploads/2017-01-04/586c7c082d5f4.jpg
INFO: [ app_init ] --START--
INFO: Run Behavior\BuildLiteBehavior [ RunTime:0.000015s ]
INFO: [ app_init ] --END-- [ RunTime:0.000104s ]
ERR: 无法加载模块:Public

[ 2017-01-09T17:55:19+08:00 ] 221.217.30.116 /library/Public/Uploads/2017-01-04/586c7c082d5f4.jpg
INFO: [ app_init ] --START--
INFO: Run Behavior\BuildLiteBehavior [ RunTime:0.000016s ]
INFO: [ app_init ] --END-- [ RunTime:0.000187s ]
ERR: 无法加载模块:Public

[ 2017-01-09T17:55:22+08:00 ] 221.217.30.116 /library/Public/Uploads/2017-01-04/586c7c082d5f4.jpg
INFO: [ app_init ] --START--
INFO: Run Behavior\BuildLiteBehavior [ RunTime:0.000023s ]
INFO: [ app_init ] --END-- [ RunTime:0.000191s ]
ERR: 无法加载模块:Public

[ 2017-01-09T17:55:24+08:00 ] 221.217.30.116 /library/Public/Uploads/2017-01-04/586c7c082d5f4.jpg
INFO: [ app_init ] --START--
INFO: Run Behavior\BuildLiteBehavior [ RunTime:0.000016s ]
INFO: [ app_init ] --END-- [ RunTime:0.000107s ]
ERR: 无法加载模块:Public

[ 2017-01-09T17:55:27+08:00 ] 221.217.30.116 /library/Public/Uploads/2017-01-04/586c7c082d5f4.jpg
INFO: [ app_init ] --START--
INFO: Run Behavior\BuildLiteBehavior [ RunTime:0.000017s ]
INFO: [ app_init ] --END-- [ RunTime:0.000104s ]
ERR: 无法加载模块:Public

[ 2017-01-09T17:55:29+08:00 ] 221.217.30.116 /library/Public/Uploads/2017-01-04/586c7c082d5f4.jpg
INFO: [ app_init ] --START--
INFO: Run Behavior\BuildLiteBehavior [ RunTime:0.000020s ]
INFO: [ app_init ] --END-- [ RunTime:0.000172s ]
ERR: 无法加载模块:Public

[ 2017-01-09T17:55:31+08:00 ] 221.217.30.116 /library/Public/Uploads/2017-01-04/586c7c082d5f4.jpg
INFO: [ app_init ] --START--
INFO: Run Behavior\BuildLiteBehavior [ RunTime:0.000016s ]
INFO: [ app_init ] --END-- [ RunTime:0.000113s ]
ERR: 无法加载模块:Public

[ 2017-01-09T17:55:33+08:00 ] 221.217.30.116 /library/Public/Uploads/2017-01-04/586c7c082d5f4.jpg
INFO: [ app_init ] --START--
INFO: Run Behavior\BuildLiteBehavior [ RunTime:0.000016s ]
INFO: [ app_init ] --END-- [ RunTime:0.000107s ]
ERR: 无法加载模块:Public

[ 2017-01-09T17:55:35+08:00 ] 221.217.30.116 /library/Public/Uploads/2017-01-04/586c7c082d5f4.jpg
INFO: [ app_init ] --START--
INFO: Run Behavior\BuildLiteBehavior [ RunTime:0.000016s ]
INFO: [ app_init ] --END-- [ RunTime:0.000113s ]
ERR: 无法加载模块:Public

[ 2017-01-09T17:55:38+08:00 ] 221.217.30.116 /library/Public/Uploads/2017-01-04/586c7c082d5f4.jpg
INFO: [ app_init ] --START--
INFO: Run Behavior\BuildLiteBehavior [ RunTime:0.000016s ]
INFO: [ app_init ] --END-- [ RunTime:0.000113s ]
ERR: 无法加载模块:Public

[ 2017-01-09T17:55:39+08:00 ] 221.217.30.116 /library/Public/Uploads/2017-01-04/586c7c082d5f4.jpg
INFO: [ app_init ] --START--
INFO: Run Behavior\BuildLiteBehavior [ RunTime:0.000016s ]
INFO: [ app_init ] --END-- [ RunTime:0.000105s ]
ERR: 无法加载模块:Public

[ 2017-01-09T17:55:42+08:00 ] 221.217.30.116 /library/Public/Uploads/2017-01-04/586c7c082d5f4.jpg
INFO: [ app_init ] --START--
INFO: Run Behavior\BuildLiteBehavior [ RunTime:0.000017s ]
INFO: [ app_init ] --END-- [ RunTime:0.000109s ]
ERR: 无法加载模块:Public

[ 2017-01-09T17:55:43+08:00 ] 221.217.30.116 /library/Public/Uploads/2017-01-04/586c7c082d5f4.jpg
INFO: [ app_init ] --START--
INFO: Run Behavior\BuildLiteBehavior [ RunTime:0.000015s ]
INFO: [ app_init ] --END-- [ RunTime:0.000105s ]
ERR: 无法加载模块:Public

[ 2017-01-09T17:55:45+08:00 ] 221.217.30.116 /library/Public/Uploads/2017-01-04/586c7c082d5f4.jpg
INFO: [ app_init ] --START--
INFO: Run Behavior\BuildLiteBehavior [ RunTime:0.000016s ]
INFO: [ app_init ] --END-- [ RunTime:0.000107s ]
ERR: 无法加载模块:Public

[ 2017-01-09T17:55:48+08:00 ] 221.217.30.116 /library/Public/Uploads/2017-01-04/586c7c082d5f4.jpg
INFO: [ app_init ] --START--
INFO: Run Behavior\BuildLiteBehavior [ RunTime:0.000025s ]
INFO: [ app_init ] --END-- [ RunTime:0.000165s ]
ERR: 无法加载模块:Public

[ 2017-01-09T17:55:50+08:00 ] 221.217.30.116 /library/Public/Uploads/2017-01-04/586c7c082d5f4.jpg
INFO: [ app_init ] --START--
INFO: Run Behavior\BuildLiteBehavior [ RunTime:0.000017s ]
INFO: [ app_init ] --END-- [ RunTime:0.000108s ]
ERR: 无法加载模块:Public

[ 2017-01-09T17:55:52+08:00 ] 221.217.30.116 /library/Public/Uploads/2017-01-04/586c7c082d5f4.jpg
INFO: [ app_init ] --START--
INFO: Run Behavior\BuildLiteBehavior [ RunTime:0.000026s ]
INFO: [ app_init ] --END-- [ RunTime:0.000170s ]
ERR: 无法加载模块:Public

[ 2017-01-09T17:55:54+08:00 ] 221.217.30.116 /library/Public/Uploads/2017-01-04/586c7c082d5f4.jpg
INFO: [ app_init ] --START--
INFO: Run Behavior\BuildLiteBehavior [ RunTime:0.000025s ]
INFO: [ app_init ] --END-- [ RunTime:0.000247s ]
ERR: 无法加载模块:Public

[ 2017-01-09T17:55:56+08:00 ] 221.217.30.116 /library/Public/Uploads/2017-01-04/586c7c082d5f4.jpg
INFO: [ app_init ] --START--
INFO: Run Behavior\BuildLiteBehavior [ RunTime:0.000015s ]
INFO: [ app_init ] --END-- [ RunTime:0.000176s ]
ERR: 无法加载模块:Public

[ 2017-01-09T17:55:57+08:00 ] 221.217.30.116 /library/Public/Uploads/2017-01-04/586c7c082d5f4.jpg
INFO: [ app_init ] --START--
INFO: Run Behavior\BuildLiteBehavior [ RunTime:0.000015s ]
INFO: [ app_init ] --END-- [ RunTime:0.000104s ]
ERR: 无法加载模块:Public

[ 2017-01-09T17:55:58+08:00 ] 221.217.30.116 /library/Public/Uploads/2017-01-04/586c7c082d5f4.jpg
INFO: [ app_init ] --START--
INFO: Run Behavior\BuildLiteBehavior [ RunTime:0.000015s ]
INFO: [ app_init ] --END-- [ RunTime:0.000103s ]
ERR: 无法加载模块:Public

[ 2017-01-09T17:55:59+08:00 ] 221.217.30.116 /library/Public/Uploads/2017-01-04/586c7c082d5f4.jpg
INFO: [ app_init ] --START--
INFO: Run Behavior\BuildLiteBehavior [ RunTime:0.000016s ]
INFO: [ app_init ] --END-- [ RunTime:0.000104s ]
ERR: 无法加载模块:Public

