[ 2017-01-13T16:49:47+08:00 ] 101.226.61.207 /library/public/uploads/2017-01-08/58720badd96f0.jpeg
INFO: [ app_init ] --START--
INFO: Run Behavior\BuildLiteBehavior [ RunTime:0.000016s ]
INFO: [ app_init ] --END-- [ RunTime:0.000114s ]
ERR: 无法加载模块:Public

[ 2017-01-13T16:50:26+08:00 ] 101.226.66.192 /library/public/uploads/2017-01-08/58720b79994b7.png
INFO: [ app_init ] --START--
INFO: Run Behavior\BuildLiteBehavior [ RunTime:0.000022s ]
INFO: [ app_init ] --END-- [ RunTime:0.000140s ]
ERR: 无法加载模块:Public

[ 2017-01-13T16:55:37+08:00 ] 101.226.68.213 /library/public/uploads/2017-01-08/58720ce3583d9.png
INFO: [ app_init ] --START--
INFO: Run Behavior\BuildLiteBehavior [ RunTime:0.000021s ]
INFO: [ app_init ] --END-- [ RunTime:0.000122s ]
ERR: 无法加载模块:Public

[ 2017-01-13T17:04:27+08:00 ] 101.226.51.229 /library/public/uploads/2017-01-08/58720c102c682.jpeg
INFO: [ app_init ] --START--
INFO: Run Behavior\BuildLiteBehavior [ RunTime:0.000017s ]
INFO: [ app_init ] --END-- [ RunTime:0.000126s ]
ERR: 无法加载模块:Public

[ 2017-01-13T21:05:57+08:00 ] 111.197.234.174 /library/Public/Uploads/2017-01-05/586db1072b64f.jpg
INFO: [ app_init ] --START--
INFO: Run Behavior\BuildLiteBehavior [ RunTime:0.000021s ]
INFO: [ app_init ] --END-- [ RunTime:0.000125s ]
ERR: 无法加载模块:Public

